2025-09-03 09:21:28,751 - INFO - [uat] - [2025-09-03 09:21] 初始化环境会话: uat | Base URL: https://uat.atcp.top/api
2025-09-03 09:21:28,751 - INFO - [uat] - [2025-09-03 09:21] 切换到Base URL: https://uat.atcp.top/api
2025-09-03 09:21:28,751 - INFO - [uat] - [2025-09-03 09:21] 构建相对URL: https://uat.atcp.top/api + /sys/auth/login -> https://uat.atcp.top/api/sys/auth/login
2025-09-03 09:21:28,751 - INFO - [uat] - [2025-09-03 09:21:28.751] POST 请求开始: https://uat.atcp.top/api/sys/auth/login
2025-09-03 09:21:28,751 - INFO - [uat] - [2025-09-03 09:21:28.751] 请求参数: args=(), kwargs_keys=['data', 'json']
2025-09-03 09:21:28,751 - INFO - [uat] - [2025-09-03 09:21:28.751] JSON请求体: {'username': 'xujunhao', 'password': '0413057acd9179ca85144779ba7a4e85b89f641f47a9f9ea1914e5a0f05d3ed4de4821f5ff0a59bbac226d75e06443bc77038a80cfb305645befbd12931fa8079730822f3be9c9a796b644dad8f3dd5e5917c4ef406666fd095b9d4eca02bb0e389411138e1420', 'captcha': '', 'key': '', 'secretKey': '', 'code': 268789, 'isMfaVerified': 1, 'isStartMfaVerify': 1}
2025-09-03 09:21:28,759 - INFO - [uat] - [2025-09-03 09:21] 初始化环境会话: uat | Base URL: https://uat.atcp.top/api
2025-09-03 09:21:28,759 - INFO - [uat] - [2025-09-03 09:21] 切换到Base URL: https://uat.atcp.top/api
2025-09-03 09:21:28,759 - INFO - [uat] - [2025-09-03 09:21] 构建相对URL: https://uat.atcp.top/api + /sys/auth/login -> https://uat.atcp.top/api/sys/auth/login
2025-09-03 09:21:28,759 - INFO - [uat] - [2025-09-03 09:21:28.759] POST 请求开始: https://uat.atcp.top/api/sys/auth/login
2025-09-03 09:21:28,759 - INFO - [uat] - [2025-09-03 09:21:28.759] 请求参数: args=(), kwargs_keys=['data', 'json']
2025-09-03 09:21:28,759 - INFO - [uat] - [2025-09-03 09:21:28.759] JSON请求体: {'username': 'xujunhao', 'password': '0413057acd9179ca85144779ba7a4e85b89f641f47a9f9ea1914e5a0f05d3ed4de4821f5ff0a59bbac226d75e06443bc77038a80cfb305645befbd12931fa8079730822f3be9c9a796b644dad8f3dd5e5917c4ef406666fd095b9d4eca02bb0e389411138e1420', 'captcha': '', 'key': '', 'secretKey': '', 'code': 268789, 'isMfaVerified': 1, 'isStartMfaVerify': 1}
2025-09-03 09:21:30,293 - INFO - [uat] - [2025-09-03 09:21:28.759] 请求完成: POST https://uat.atcp.top/api/sys/auth/login | 状态码: 200 | 耗时: 1534.11ms
2025-09-03 09:21:30,293 - INFO - [uat] - [2025-09-03 09:21:28.759] 响应头: {'Date': 'Wed, 03 Sep 2025 01:21:30 GMT', 'Content-Type': 'application/json', 'Transfer-Encoding': 'chunked', 'Connection': 'keep-alive', 'Server': 'cloudflare', 'vary': 'Accept-Encoding, Origin, Access-Control-Request-Method, Access-Control-Request-Headers', 'x-content-type-options': 'nosniff', 'x-xss-protection': '0', 'Cache-Control': 'no-cache, no-store, max-age=0, must-revalidate', 'pragma': 'no-cache', 'expires': '0', 'strict-transport-security': 'max-age=31536000', 'Content-Encoding': 'gzip', 'cf-cache-status': 'DYNAMIC', 'Nel': '{"report_to":"cf-nel","success_fraction":0.0,"max_age":604800}', 'Report-To': '{"group":"cf-nel","max_age":604800,"endpoints":[{"url":"https://a.nel.cloudflare.com/report/v4?s=SQ5w6zQbm4ofP6P5nwWWeRxcJszREC%2FuXb0HpMEKNPTMmJTKV208VshW0jDSgV1iPXBeqUHqqdtYuoZBozPvdDkuz4z0K7ASVnvYMQ%3D%3D"}]}', 'CF-RAY': '97916e3f5f2eb151-AMS', 'alt-svc': 'h3=":443"; ma=86400'}
2025-09-03 09:21:30,293 - INFO - [uat] - [2025-09-03 09:21:28.759] 响应JSON: {'code': 500, 'msg': 'MFA验证失败', 'data': None}
2025-09-03 09:21:30,354 - INFO - [uat] - [2025-09-03 09:21:28.751] 请求完成: POST https://uat.atcp.top/api/sys/auth/login | 状态码: 200 | 耗时: 1603.31ms
2025-09-03 09:21:30,354 - INFO - [uat] - [2025-09-03 09:21:28.751] 响应头: {'Date': 'Wed, 03 Sep 2025 01:21:30 GMT', 'Content-Type': 'application/json', 'Transfer-Encoding': 'chunked', 'Connection': 'keep-alive', 'Server': 'cloudflare', 'vary': 'Accept-Encoding, Origin, Access-Control-Request-Method, Access-Control-Request-Headers', 'x-content-type-options': 'nosniff', 'x-xss-protection': '0', 'Cache-Control': 'no-cache, no-store, max-age=0, must-revalidate', 'pragma': 'no-cache', 'expires': '0', 'strict-transport-security': 'max-age=31536000', 'Content-Encoding': 'gzip', 'cf-cache-status': 'DYNAMIC', 'Nel': '{"report_to":"cf-nel","success_fraction":0.0,"max_age":604800}', 'Report-To': '{"group":"cf-nel","max_age":604800,"endpoints":[{"url":"https://a.nel.cloudflare.com/report/v4?s=I22t%2FXAW7XOb9%2Bon15SXFZR2YKfFkxWlrRVosKgYRaJFFiePwnhlnb1rP%2FbFphLl0bcanUkweWSx21JYuX6UjNAR1f8UE55K04jPdA%3D%3D"}]}', 'CF-RAY': '97916e3f9f36e5e0-AMS', 'alt-svc': 'h3=":443"; ma=86400'}
2025-09-03 09:21:30,354 - INFO - [uat] - [2025-09-03 09:21:28.751] 响应JSON: {'code': 500, 'msg': 'MFA验证失败', 'data': None}
2025-09-03 09:21:40,299 - INFO - [uat] - [2025-09-03 09:21] 构建相对URL: https://uat.atcp.top/api + /sys/auth/login -> https://uat.atcp.top/api/sys/auth/login
2025-09-03 09:21:40,299 - INFO - [uat] - [2025-09-03 09:21:40.299] POST 请求开始: https://uat.atcp.top/api/sys/auth/login
2025-09-03 09:21:40,299 - INFO - [uat] - [2025-09-03 09:21:40.299] 请求参数: args=(), kwargs_keys=['data', 'json']
2025-09-03 09:21:40,299 - INFO - [uat] - [2025-09-03 09:21:40.299] JSON请求体: {'username': 'xujunhao', 'password': '0413057acd9179ca85144779ba7a4e85b89f641f47a9f9ea1914e5a0f05d3ed4de4821f5ff0a59bbac226d75e06443bc77038a80cfb305645befbd12931fa8079730822f3be9c9a796b644dad8f3dd5e5917c4ef406666fd095b9d4eca02bb0e389411138e1420', 'captcha': '', 'key': '', 'secretKey': '', 'code': 23777, 'isMfaVerified': 1, 'isStartMfaVerify': 1}
2025-09-03 09:21:40,361 - INFO - [uat] - [2025-09-03 09:21] 构建相对URL: https://uat.atcp.top/api + /sys/auth/login -> https://uat.atcp.top/api/sys/auth/login
2025-09-03 09:21:40,361 - INFO - [uat] - [2025-09-03 09:21:40.361] POST 请求开始: https://uat.atcp.top/api/sys/auth/login
2025-09-03 09:21:40,361 - INFO - [uat] - [2025-09-03 09:21:40.361] 请求参数: args=(), kwargs_keys=['data', 'json']
2025-09-03 09:21:40,361 - INFO - [uat] - [2025-09-03 09:21:40.361] JSON请求体: {'username': 'xujunhao', 'password': '0413057acd9179ca85144779ba7a4e85b89f641f47a9f9ea1914e5a0f05d3ed4de4821f5ff0a59bbac226d75e06443bc77038a80cfb305645befbd12931fa8079730822f3be9c9a796b644dad8f3dd5e5917c4ef406666fd095b9d4eca02bb0e389411138e1420', 'captcha': '', 'key': '', 'secretKey': '', 'code': 23777, 'isMfaVerified': 1, 'isStartMfaVerify': 1}
2025-09-03 09:21:40,818 - INFO - [uat] - [2025-09-03 09:21:40.299] 请求完成: POST https://uat.atcp.top/api/sys/auth/login | 状态码: 200 | 耗时: 519.00ms
2025-09-03 09:21:40,818 - INFO - [uat] - [2025-09-03 09:21:40.299] 响应头: {'Date': 'Wed, 03 Sep 2025 01:21:40 GMT', 'Content-Type': 'application/json', 'Transfer-Encoding': 'chunked', 'Connection': 'keep-alive', 'Server': 'cloudflare', 'vary': 'Accept-Encoding, Origin, Access-Control-Request-Method, Access-Control-Request-Headers', 'x-content-type-options': 'nosniff', 'x-xss-protection': '0', 'Cache-Control': 'no-cache, no-store, max-age=0, must-revalidate', 'pragma': 'no-cache', 'expires': '0', 'strict-transport-security': 'max-age=31536000', 'Content-Encoding': 'gzip', 'cf-cache-status': 'DYNAMIC', 'Nel': '{"report_to":"cf-nel","success_fraction":0.0,"max_age":604800}', 'Report-To': '{"group":"cf-nel","max_age":604800,"endpoints":[{"url":"https://a.nel.cloudflare.com/report/v4?s=QHFfcOgc1yoqvwLq%2BHQh614laZIqct%2BPvrDat%2BY78bg23nN%2BuyFNsRl7HFLT%2ByqlY1ziDp%2F9YBO92SrOOr4aktTNul%2F9t6y3LyuxAg%3D%3D"}]}', 'CF-RAY': '97916e836923b151-AMS', 'alt-svc': 'h3=":443"; ma=86400'}
2025-09-03 09:21:40,818 - INFO - [uat] - [2025-09-03 09:21:40.299] 响应JSON: {'code': 0, 'msg': 'success', 'data': {'accessTokenExpire': '2025-09-04 09:21:40', 'refreshTokenExpire': '2025-09-17 09:21:40', 'access_token': '6aa7517d351d4da697ae1992afd34606', 'refresh_token': '7332256d05df4f31b04ba248fc121952'}}
2025-09-03 09:21:40,821 - INFO - [uat] - [2025-09-03 09:21] 构建相对URL: https://uat.atcp.top/api + /sys/role/role -> https://uat.atcp.top/api/sys/role/role
2025-09-03 09:21:40,821 - INFO - [uat] - [2025-09-03 09:21:40.821] GET 请求开始: https://uat.atcp.top/api/sys/role/role
2025-09-03 09:21:40,821 - INFO - [uat] - [2025-09-03 09:21:40.821] 请求参数: args=(), kwargs_keys=['params', 'allow_redirects']
2025-09-03 09:21:40,896 - INFO - [uat] - [2025-09-03 09:21:40.361] 请求完成: POST https://uat.atcp.top/api/sys/auth/login | 状态码: 200 | 耗时: 535.18ms
2025-09-03 09:21:40,896 - INFO - [uat] - [2025-09-03 09:21:40.361] 响应头: {'Date': 'Wed, 03 Sep 2025 01:21:40 GMT', 'Content-Type': 'application/json', 'Transfer-Encoding': 'chunked', 'Connection': 'keep-alive', 'Server': 'cloudflare', 'vary': 'Accept-Encoding, Origin, Access-Control-Request-Method, Access-Control-Request-Headers', 'x-content-type-options': 'nosniff', 'x-xss-protection': '0', 'Cache-Control': 'no-cache, no-store, max-age=0, must-revalidate', 'pragma': 'no-cache', 'expires': '0', 'strict-transport-security': 'max-age=31536000', 'Content-Encoding': 'gzip', 'cf-cache-status': 'DYNAMIC', 'Nel': '{"report_to":"cf-nel","success_fraction":0.0,"max_age":604800}', 'Report-To': '{"group":"cf-nel","max_age":604800,"endpoints":[{"url":"https://a.nel.cloudflare.com/report/v4?s=I%2BADnfB0rn64%2Fl%2BDUJm%2F5Ruy%2Bj3mIri%2FCw5H0RqKBEaEG1hD2c655q4RqgCvngIhDbElbBo5%2Fxz5U4otq%2BrJTKW40X5a1RwWfw51Kg%3D%3D"}]}', 'CF-RAY': '97916e83ca8ce5e0-AMS', 'alt-svc': 'h3=":443"; ma=86400'}
2025-09-03 09:21:40,896 - INFO - [uat] - [2025-09-03 09:21:40.361] 响应JSON: {'code': 0, 'msg': 'success', 'data': {'accessTokenExpire': '2025-09-04 09:21:40', 'refreshTokenExpire': '2025-09-17 09:21:40', 'access_token': 'dbe259733b174271bffe81f4c9e50d2b', 'refresh_token': 'a9f330d4e093473a9567ea1e9eea8eed'}}
2025-09-03 09:21:40,898 - INFO - [uat] - [2025-09-03 09:21] 构建相对URL: https://uat.atcp.top/api + /sys/role/role -> https://uat.atcp.top/api/sys/role/role
2025-09-03 09:21:40,899 - INFO - [uat] - [2025-09-03 09:21:40.899] GET 请求开始: https://uat.atcp.top/api/sys/role/role
2025-09-03 09:21:40,899 - INFO - [uat] - [2025-09-03 09:21:40.899] 请求参数: args=(), kwargs_keys=['params', 'allow_redirects']
2025-09-03 09:21:41,314 - INFO - [uat] - [2025-09-03 09:21:40.821] 请求完成: GET https://uat.atcp.top/api/sys/role/role | 状态码: 200 | 耗时: 493.13ms
2025-09-03 09:21:41,314 - INFO - [uat] - [2025-09-03 09:21:40.821] 响应头: {'Date': 'Wed, 03 Sep 2025 01:21:41 GMT', 'Content-Type': 'application/json', 'Transfer-Encoding': 'chunked', 'Connection': 'keep-alive', 'Server': 'cloudflare', 'vary': 'Accept-Encoding, Origin, Access-Control-Request-Method, Access-Control-Request-Headers', 'x-content-type-options': 'nosniff', 'x-xss-protection': '0', 'Cache-Control': 'no-cache, no-store, max-age=0, must-revalidate', 'pragma': 'no-cache', 'expires': '0', 'strict-transport-security': 'max-age=31536000', 'Content-Encoding': 'gzip', 'cf-cache-status': 'DYNAMIC', 'Nel': '{"report_to":"cf-nel","success_fraction":0.0,"max_age":604800}', 'Report-To': '{"group":"cf-nel","max_age":604800,"endpoints":[{"url":"https://a.nel.cloudflare.com/report/v4?s=GgBwg57sPryQovGF7nE8lHbONDlslPu7soRh%2FP5pI%2Bn1g34wIfS0e1hQbR7BchnWFbf1rk0leXjyGxIMsgzxm%2BwcStsbI1qE9ytN5A%3D%3D"}]}', 'CF-RAY': '97916e86ad52b151-AMS', 'alt-svc': 'h3=":443"; ma=86400'}
2025-09-03 09:21:41,314 - INFO - [uat] - [2025-09-03 09:21:40.821] 响应JSON: {'code': 0, 'msg': 'success', 'data': ['审核人员', 'deletetest', '测试人员', 'test', '无权限', '测试无权限', 'allon-test', '后台管理人员', '数分部门']}
2025-09-03 09:21:41,410 - INFO - [uat] - [2025-09-03 09:21:40.899] 请求完成: GET https://uat.atcp.top/api/sys/role/role | 状态码: 200 | 耗时: 510.78ms
2025-09-03 09:21:41,410 - INFO - [uat] - [2025-09-03 09:21:40.899] 响应头: {'Date': 'Wed, 03 Sep 2025 01:21:41 GMT', 'Content-Type': 'application/json', 'Transfer-Encoding': 'chunked', 'Connection': 'keep-alive', 'Server': 'cloudflare', 'vary': 'Accept-Encoding, Origin, Access-Control-Request-Method, Access-Control-Request-Headers', 'x-content-type-options': 'nosniff', 'x-xss-protection': '0', 'Cache-Control': 'no-cache, no-store, max-age=0, must-revalidate', 'pragma': 'no-cache', 'expires': '0', 'strict-transport-security': 'max-age=31536000', 'Content-Encoding': 'gzip', 'cf-cache-status': 'DYNAMIC', 'Nel': '{"report_to":"cf-nel","success_fraction":0.0,"max_age":604800}', 'Report-To': '{"group":"cf-nel","max_age":604800,"endpoints":[{"url":"https://a.nel.cloudflare.com/report/v4?s=K4bhbQn6xbIuVTpjHFGnPXLxMd%2F7D0F0IlBye%2BAwDfBZCFBqm1x1LfiimzcEhKoKbmHIjjP7BkGQxd6qUH%2F5kzWJmk22OW4BbtUHng%3D%3D"}]}', 'CF-RAY': '97916e872ddce5e0-AMS', 'alt-svc': 'h3=":443"; ma=86400'}
2025-09-03 09:21:41,410 - INFO - [uat] - [2025-09-03 09:21:40.899] 响应JSON: {'code': 0, 'msg': 'success', 'data': ['审核人员', 'deletetest', '测试人员', 'test', '无权限', '测试无权限', 'allon-test', '后台管理人员', '数分部门']}
