2025-06-05 10:01:51,516 - Ebike_Optimization3.testcase.test_customer_query - INFO - POST请求: https://api-c.ebk365.com:26887/b/support/auth/login
2025-06-05 10:01:51,719 - Ebike_Optimization3.testcase.test_customer_query - INFO - 响应状态码: 200
2025-06-05 10:01:51,719 - Ebike_Optimization3.testcase.test_customer_query - INFO - 响应时间: 202.99ms
2025-06-05 10:05:55,104 - Ebike_Optimization3.testcase.test_customer_query - INFO - POST请求: https://api-c.ebk365.com:26887/b/support/auth/login
2025-06-05 10:05:55,332 - Ebike_Optimization3.testcase.test_customer_query - INFO - 响应状态码: 200
2025-06-05 10:05:55,332 - Ebike_Optimization3.testcase.test_customer_query - INFO - 响应时间: 227.11ms
2025-06-05 10:05:55,505 - Ebike_Optimization3.testcase.test_customer_query - INFO - POST请求: https://api-c.ebk365.com:26887/b/support/order/order-list
2025-06-05 10:05:55,926 - Ebike_Optimization3.testcase.test_customer_query - INFO - 响应状态码: 200
2025-06-05 10:05:55,926 - Ebike_Optimization3.testcase.test_customer_query - INFO - 响应时间: 420.81ms
2025-06-05 10:05:55,997 - Ebike_Optimization3.testcase.test_customer_query - INFO - POST请求: https://api-c.ebk365.com:26887/b/support/order/order-list
2025-06-05 10:05:56,224 - Ebike_Optimization3.testcase.test_customer_query - INFO - 响应状态码: 200
2025-06-05 10:05:56,224 - Ebike_Optimization3.testcase.test_customer_query - INFO - 响应时间: 227.27ms
2025-06-05 10:05:59,244 - Ebike_Optimization3.testcase.test_customer_query - INFO - POST请求: https://api-c.ebk365.com:26887/b/support/order/order-list
2025-06-05 10:05:59,409 - Ebike_Optimization3.testcase.test_customer_query - INFO - 响应状态码: 200
2025-06-05 10:05:59,409 - Ebike_Optimization3.testcase.test_customer_query - INFO - 响应时间: 165.0ms
2025-06-05 10:06:02,426 - Ebike_Optimization3.testcase.test_customer_query - INFO - POST请求: https://api-c.ebk365.com:26887/b/support/order/order-list
2025-06-05 10:06:02,856 - Ebike_Optimization3.testcase.test_customer_query - INFO - 响应状态码: 200
2025-06-05 10:06:02,856 - Ebike_Optimization3.testcase.test_customer_query - INFO - 响应时间: 429.86ms
2025-06-05 10:06:05,869 - Ebike_Optimization3.testcase.test_customer_query - INFO - POST请求: https://api-c.ebk365.com:26887/b/support/order/order-list
2025-06-05 10:06:05,938 - Ebike_Optimization3.testcase.test_customer_query - INFO - 响应状态码: 200
2025-06-05 10:06:05,938 - Ebike_Optimization3.testcase.test_customer_query - INFO - 响应时间: 68.39ms
2025-06-05 10:06:48,061 - Ebike_Optimization3.testcase.test_customer_query - INFO - POST请求: https://api-c.ebk365.com:26887/b/support/auth/login
2025-06-05 10:06:48,224 - Ebike_Optimization3.testcase.test_customer_query - INFO - 响应状态码: 200
2025-06-05 10:06:48,224 - Ebike_Optimization3.testcase.test_customer_query - INFO - 响应时间: 161.44ms
2025-06-05 10:06:48,401 - Ebike_Optimization3.testcase.test_customer_query - INFO - POST请求: https://api-c.ebk365.com:26887/b/support/order/order-list
2025-06-05 10:06:48,828 - Ebike_Optimization3.testcase.test_customer_query - INFO - 响应状态码: 200
2025-06-05 10:06:48,829 - Ebike_Optimization3.testcase.test_customer_query - INFO - 响应时间: 427.01ms
2025-06-05 10:06:48,900 - Ebike_Optimization3.testcase.test_customer_query - INFO - POST请求: https://api-c.ebk365.com:26887/b/support/order/order-list
2025-06-05 10:06:49,075 - Ebike_Optimization3.testcase.test_customer_query - INFO - 响应状态码: 200
2025-06-05 10:06:49,075 - Ebike_Optimization3.testcase.test_customer_query - INFO - 响应时间: 174.66ms
2025-06-05 10:06:52,089 - Ebike_Optimization3.testcase.test_customer_query - INFO - POST请求: https://api-c.ebk365.com:26887/b/support/order/order-list
2025-06-05 10:06:52,255 - Ebike_Optimization3.testcase.test_customer_query - INFO - 响应状态码: 200
2025-06-05 10:06:52,255 - Ebike_Optimization3.testcase.test_customer_query - INFO - 响应时间: 166.33ms
2025-06-05 10:06:55,274 - Ebike_Optimization3.testcase.test_customer_query - INFO - POST请求: https://api-c.ebk365.com:26887/b/support/order/order-list
2025-06-05 10:06:55,680 - Ebike_Optimization3.testcase.test_customer_query - INFO - 响应状态码: 200
2025-06-05 10:06:55,680 - Ebike_Optimization3.testcase.test_customer_query - INFO - 响应时间: 405.38ms
2025-06-05 10:06:58,699 - Ebike_Optimization3.testcase.test_customer_query - INFO - POST请求: https://api-c.ebk365.com:26887/b/support/order/order-list
2025-06-05 10:06:58,778 - Ebike_Optimization3.testcase.test_customer_query - INFO - 响应状态码: 200
2025-06-05 10:06:58,778 - Ebike_Optimization3.testcase.test_customer_query - INFO - 响应时间: 79.48ms
2025-06-05 10:07:01,789 - Ebike_Optimization3.testcase.test_customer_query - INFO - POST请求: https://api-c.ebk365.com:26887/b/support/order/order-list
2025-06-05 10:07:01,837 - Ebike_Optimization3.testcase.test_customer_query - INFO - 响应状态码: 200
2025-06-05 10:07:01,837 - Ebike_Optimization3.testcase.test_customer_query - INFO - 响应时间: 47.85ms
2025-06-05 10:07:04,867 - Ebike_Optimization3.testcase.test_customer_query - INFO - POST请求: https://api-c.ebk365.com:26887/b/support/order/fault-type-list
2025-06-05 10:07:04,908 - Ebike_Optimization3.testcase.test_customer_query - INFO - 响应状态码: 200
2025-06-05 10:07:04,908 - Ebike_Optimization3.testcase.test_customer_query - INFO - 响应时间: 41.03ms
2025-06-05 10:07:07,929 - Ebike_Optimization3.testcase.test_customer_query - INFO - POST请求: https://api-c.ebk365.com:26887/b/support/order/brand-list
2025-06-05 10:07:07,980 - Ebike_Optimization3.testcase.test_customer_query - INFO - 响应状态码: 200
2025-06-05 10:07:07,980 - Ebike_Optimization3.testcase.test_customer_query - INFO - 响应时间: 51.0ms
2025-06-05 10:07:11,006 - Ebike_Optimization3.testcase.test_customer_query - INFO - POST请求: https://api-c.ebk365.com:26887/b/support/order/support-list
2025-06-05 10:07:11,049 - Ebike_Optimization3.testcase.test_customer_query - INFO - 响应状态码: 200
2025-06-05 10:07:11,050 - Ebike_Optimization3.testcase.test_customer_query - INFO - 响应时间: 43.0ms
2025-06-05 10:07:14,075 - Ebike_Optimization3.testcase.test_customer_query - INFO - POST请求: https://api-c.ebk365.com:26887/b/support/order/order-list
2025-06-05 10:07:14,364 - Ebike_Optimization3.testcase.test_customer_query - INFO - 响应状态码: 200
2025-06-05 10:07:14,364 - Ebike_Optimization3.testcase.test_customer_query - INFO - 响应时间: 289.52ms
2025-06-05 10:07:17,389 - Ebike_Optimization3.testcase.test_customer_query - INFO - POST请求: https://api-c.ebk365.com:26887/b/support/order/order-list
2025-06-05 10:07:17,700 - Ebike_Optimization3.testcase.test_customer_query - INFO - 响应状态码: 200
2025-06-05 10:07:17,701 - Ebike_Optimization3.testcase.test_customer_query - INFO - 响应时间: 311.0ms
2025-06-05 10:07:20,723 - Ebike_Optimization3.testcase.test_customer_query - INFO - POST请求: https://api-c.ebk365.com:26887/b/support/order/order-list
2025-06-05 10:07:21,035 - Ebike_Optimization3.testcase.test_customer_query - INFO - 响应状态码: 200
2025-06-05 10:07:21,035 - Ebike_Optimization3.testcase.test_customer_query - INFO - 响应时间: 311.18ms
2025-06-05 10:07:24,059 - Ebike_Optimization3.testcase.test_customer_query - INFO - POST请求: https://api-c.ebk365.com:26887/b/support/order/order-detail
2025-06-05 10:07:24,116 - Ebike_Optimization3.testcase.test_customer_query - INFO - 响应状态码: 200
2025-06-05 10:07:24,116 - Ebike_Optimization3.testcase.test_customer_query - INFO - 响应时间: 57.54ms
2025-06-05 10:07:27,129 - Ebike_Optimization3.testcase.test_customer_query - INFO - POST请求: https://api-c.ebk365.com:26887/b/support/order/order-list
2025-06-05 10:07:27,279 - Ebike_Optimization3.testcase.test_customer_query - INFO - 响应状态码: 200
2025-06-05 10:07:27,279 - Ebike_Optimization3.testcase.test_customer_query - INFO - 响应时间: 150.06ms
2025-06-05 10:07:30,304 - Ebike_Optimization3.testcase.test_customer_query - INFO - POST请求: https://api-c.ebk365.com:26887/b/support/order/order-list
2025-06-05 10:07:30,452 - Ebike_Optimization3.testcase.test_customer_query - INFO - 响应状态码: 200
2025-06-05 10:07:30,452 - Ebike_Optimization3.testcase.test_customer_query - INFO - 响应时间: 147.76ms
2025-06-05 10:07:33,462 - Ebike_Optimization3.testcase.test_customer_query - INFO - POST请求: https://api-c.ebk365.com:26887/b/support/order/order-list
2025-06-05 10:07:33,813 - Ebike_Optimization3.testcase.test_customer_query - INFO - 响应状态码: 200
2025-06-05 10:07:33,813 - Ebike_Optimization3.testcase.test_customer_query - INFO - 响应时间: 351.22ms
2025-06-05 10:07:33,817 - Ebike_Optimization3.testcase.test_customer_query - WARNING - 未找到匹配项: $.data.orderList[0].otherAddress
2025-06-05 10:07:33,817 - Ebike_Optimization3.testcase.test_customer_query - ERROR - 提取值失败: 未找到匹配项: $.data.orderList[0].otherAddress
2025-06-05 10:07:33,830 - Ebike_Optimization3.testcase.test_customer_query - INFO - POST请求: https://api-c.ebk365.com:26887/b/support/order/order-list
2025-06-05 10:07:34,152 - Ebike_Optimization3.testcase.test_customer_query - INFO - 响应状态码: 200
2025-06-05 10:07:34,152 - Ebike_Optimization3.testcase.test_customer_query - INFO - 响应时间: 322.0ms
2025-06-05 10:07:37,165 - Ebike_Optimization3.testcase.test_customer_query - INFO - POST请求: https://api-c.ebk365.com:26887/b/support/order/order-list
2025-06-05 10:07:37,614 - Ebike_Optimization3.testcase.test_customer_query - INFO - 响应状态码: 200
2025-06-05 10:07:37,614 - Ebike_Optimization3.testcase.test_customer_query - INFO - 响应时间: 448.0ms
2025-06-05 10:12:46,208 - Ebike_Optimization3.testcase.test_customer_query - INFO - POST请求: https://api-c.ebk365.com:26887/b/support/auth/login
2025-06-05 18:00:32,907 - Ebike_Optimization3.testcase.test_customer_query - INFO - POST请求: https://api-c.ebk365.com:26887/b/support/auth/login
2025-06-05 18:07:51,661 - Ebike_Optimization3.testcase.test_customer_query - INFO - POST请求: https://api-c.ebk365.com:26887/b/support/auth/login
2025-06-05 18:10:33,723 - Ebike_Optimization3.testcase.test_customer_query - INFO - POST请求: https://api-c.ebk365.com:26887/b/support/auth/login
