2025-06-11 13:42:30,049 - INFO - 2025-06-11 13:42:30.049发送请求>>>>>>>       接口地址=POST http://39.99.136.49:9000/sys/auth/login
2025-06-11 13:42:30,050 - INFO - 发送请求>>>>>>>                 请求头={'User-Agent': 'python-requests/2.31.0', 'Accept-Encoding': 'gzip, deflate', 'Accept': '*/*', 'Connection': 'keep-alive', 'Authorization': '${token}', 'x-sign': '417B110F1E71BD2CFE96366E67849B0B', 'Content-Length': '241', 'Content-Type': 'application/json'}
2025-06-11 13:42:30,051 - INFO - 发送请求>>>>>>>                 请求体={"username": "admin", "password": "04739db02172e04f63f5278211184deec745bad9d797882b343e7201898d8da1d9fced282f6b271d3815a5057482e62c6f6b88dacb642ba05632bd2ee348101c76cb1f86b70f91695fd1cff11fce76246f044ace477cdbfa1e3e1521b19b023b14c7165e82c5"}
2025-06-11 13:42:30,195 - INFO - 2025-06-11 13:42:30.194接收响应<<<<<<<       状态码=200
2025-06-11 13:42:30,195 - INFO - 接收响应<<<<<<<                  响应头={'Vary': 'Origin, Access-Control-Request-Method, Access-Control-Request-Headers', 'X-Content-Type-Options': 'nosniff', 'X-XSS-Protection': '0', 'Cache-Control': 'no-cache, no-store, max-age=0, must-revalidate', 'Pragma': 'no-cache', 'Expires': '0', 'Content-Type': 'application/json', 'Transfer-Encoding': 'chunked', 'Date': 'Wed, 11 Jun 2025 05:42:29 GMT', 'Keep-Alive': 'timeout=60', 'Connection': 'keep-alive'}
2025-06-11 13:42:30,195 - INFO - 接收响应<<<<<<<                  响应体=b'{"code":0,"msg":"success","data":{"accessTokenExpire":"2025-06-12 13:42:28","refreshTokenExpire":"2025-06-25 13:42:28","access_token":"d09e06ac83bc457a8f516de91347b182","refresh_token":"398589cb3bf14de9b023b9c7ae3f1a1c"}}'...
2025-06-11 13:42:30,209 - INFO - 2025-06-11 13:42:30.209发送请求>>>>>>>       接口地址=POST http://39.99.136.49:9000/sys/auth/login
2025-06-11 13:42:30,209 - INFO - 发送请求>>>>>>>                 请求头={'User-Agent': 'python-requests/2.31.0', 'Accept-Encoding': 'gzip, deflate', 'Accept': '*/*', 'Connection': 'keep-alive', 'Authorization': '${token}', 'x-sign': '417B110F1E71BD2CFE96366E67849B0B', 'Content-Length': '247', 'Content-Type': 'application/json'}
2025-06-11 13:42:30,210 - INFO - 发送请求>>>>>>>                 请求体={"username": "admin", "password": "045728bed050a84d080b26233d113882b09043565f6bbef289d40ebee9e33a65335cd7c1c9172675699f9ca309ba016de2b9885deb6c3270aeb8f9f201d80dd364738e56120caf68835e26074275047e2dd01e1199cfe99df35b7e1c7b8ce642101757524081830e1b"}
2025-06-11 13:42:30,278 - INFO - 2025-06-11 13:42:30.277接收响应<<<<<<<       状态码=200
2025-06-11 13:42:30,278 - INFO - 接收响应<<<<<<<                  响应头={'Vary': 'Origin, Access-Control-Request-Method, Access-Control-Request-Headers', 'X-Content-Type-Options': 'nosniff', 'X-XSS-Protection': '0', 'Cache-Control': 'no-cache, no-store, max-age=0, must-revalidate', 'Pragma': 'no-cache', 'Expires': '0', 'Content-Type': 'application/json', 'Transfer-Encoding': 'chunked', 'Date': 'Wed, 11 Jun 2025 05:42:29 GMT', 'Keep-Alive': 'timeout=60', 'Connection': 'keep-alive'}
2025-06-11 13:42:30,278 - INFO - 接收响应<<<<<<<                  响应体=b'{"code":500,"msg":"\xe7\x94\xa8\xe6\x88\xb7\xe5\x90\x8d\xe6\x88\x96\xe5\xaf\x86\xe7\xa0\x81\xe9\x94\x99\xe8\xaf\xaf","data":null}'...
2025-06-11 13:42:30,587 - INFO - 2025-06-11 13:42:30.587发送请求>>>>>>>       接口地址=GET http://39.99.136.49:9000/dashboard/getStatData
2025-06-11 13:42:30,587 - INFO - 发送请求>>>>>>>                 请求头={'User-Agent': 'python-requests/2.31.0', 'Accept-Encoding': 'gzip, deflate', 'Accept': '*/*', 'Connection': 'keep-alive', 'Authorization': 'd09e06ac83bc457a8f516de91347b182', 'x-sign': '417B110F1E71BD2CFE96366E67849B0B'}
2025-06-11 13:42:30,588 - INFO - 发送请求>>>>>>>                 请求体=无
2025-06-11 13:42:30,656 - INFO - 2025-06-11 13:42:30.656接收响应<<<<<<<       状态码=200
2025-06-11 13:42:30,656 - INFO - 接收响应<<<<<<<                  响应头={'Vary': 'Origin, Access-Control-Request-Method, Access-Control-Request-Headers', 'X-Content-Type-Options': 'nosniff', 'X-XSS-Protection': '0', 'Cache-Control': 'no-cache, no-store, max-age=0, must-revalidate', 'Pragma': 'no-cache', 'Expires': '0', 'Content-Type': 'application/json', 'Transfer-Encoding': 'chunked', 'Date': 'Wed, 11 Jun 2025 05:42:29 GMT', 'Keep-Alive': 'timeout=60', 'Connection': 'keep-alive'}
2025-06-11 13:42:30,657 - INFO - 接收响应<<<<<<<                  响应体=b'{"code":0,"msg":"success","data":{"lots":1775.45999999999998707,"num":2207,"profit":4006425.110000000010441,"vpsNum":5,"sourceNum":25,"followNum":18,"vpsActiveNum":3,"sourceActiveNum":9,"followActiveNum":2}}'...
2025-06-11 13:43:00,947 - INFO - 2025-06-11 13:43:00.947发送请求>>>>>>>       接口地址=POST http://39.99.136.49:9000/sys/auth/login
2025-06-11 13:43:00,947 - INFO - 发送请求>>>>>>>                 请求头={'User-Agent': 'python-requests/2.31.0', 'Accept-Encoding': 'gzip, deflate', 'Accept': '*/*', 'Connection': 'keep-alive', 'Authorization': '${token}', 'x-sign': '417B110F1E71BD2CFE96366E67849B0B', 'Content-Length': '241', 'Content-Type': 'application/json'}
2025-06-11 13:43:00,947 - INFO - 发送请求>>>>>>>                 请求体={"username": "admin", "password": "04739db02172e04f63f5278211184deec745bad9d797882b343e7201898d8da1d9fced282f6b271d3815a5057482e62c6f6b88dacb642ba05632bd2ee348101c76cb1f86b70f91695fd1cff11fce76246f044ace477cdbfa1e3e1521b19b023b14c7165e82c5"}
2025-06-11 13:43:01,103 - INFO - 2025-06-11 13:43:01.103接收响应<<<<<<<       状态码=200
2025-06-11 13:43:01,103 - INFO - 接收响应<<<<<<<                  响应头={'Vary': 'Origin, Access-Control-Request-Method, Access-Control-Request-Headers', 'X-Content-Type-Options': 'nosniff', 'X-XSS-Protection': '0', 'Cache-Control': 'no-cache, no-store, max-age=0, must-revalidate', 'Pragma': 'no-cache', 'Expires': '0', 'Content-Type': 'application/json', 'Transfer-Encoding': 'chunked', 'Date': 'Wed, 11 Jun 2025 05:42:59 GMT', 'Keep-Alive': 'timeout=60', 'Connection': 'keep-alive'}
2025-06-11 13:43:01,103 - INFO - 接收响应<<<<<<<                  响应体=b'{"code":0,"msg":"success","data":{"accessTokenExpire":"2025-06-12 13:42:59","refreshTokenExpire":"2025-06-25 13:42:59","access_token":"89cee47f9a8846c093210dd4f021d487","refresh_token":"5ea6aa7fbf984e37819d3d5867b6bade"}}'...
2025-06-11 13:43:01,118 - INFO - 2025-06-11 13:43:01.118发送请求>>>>>>>       接口地址=POST http://39.99.136.49:9000/sys/auth/login
2025-06-11 13:43:01,118 - INFO - 发送请求>>>>>>>                 请求头={'User-Agent': 'python-requests/2.31.0', 'Accept-Encoding': 'gzip, deflate', 'Accept': '*/*', 'Connection': 'keep-alive', 'Authorization': '${token}', 'x-sign': '417B110F1E71BD2CFE96366E67849B0B', 'Content-Length': '247', 'Content-Type': 'application/json'}
2025-06-11 13:43:01,118 - INFO - 发送请求>>>>>>>                 请求体={"username": "admin", "password": "045728bed050a84d080b26233d113882b09043565f6bbef289d40ebee9e33a65335cd7c1c9172675699f9ca309ba016de2b9885deb6c3270aeb8f9f201d80dd364738e56120caf68835e26074275047e2dd01e1199cfe99df35b7e1c7b8ce642101757524081830e1b"}
2025-06-11 13:43:01,186 - INFO - 2025-06-11 13:43:01.186接收响应<<<<<<<       状态码=200
2025-06-11 13:43:01,186 - INFO - 接收响应<<<<<<<                  响应头={'Vary': 'Origin, Access-Control-Request-Method, Access-Control-Request-Headers', 'X-Content-Type-Options': 'nosniff', 'X-XSS-Protection': '0', 'Cache-Control': 'no-cache, no-store, max-age=0, must-revalidate', 'Pragma': 'no-cache', 'Expires': '0', 'Content-Type': 'application/json', 'Transfer-Encoding': 'chunked', 'Date': 'Wed, 11 Jun 2025 05:42:59 GMT', 'Keep-Alive': 'timeout=60', 'Connection': 'keep-alive'}
2025-06-11 13:43:01,186 - INFO - 接收响应<<<<<<<                  响应体=b'{"code":500,"msg":"\xe7\x94\xa8\xe6\x88\xb7\xe5\x90\x8d\xe6\x88\x96\xe5\xaf\x86\xe7\xa0\x81\xe9\x94\x99\xe8\xaf\xaf","data":null}'...
2025-06-11 13:43:01,492 - INFO - 2025-06-11 13:43:01.492发送请求>>>>>>>       接口地址=GET http://39.99.136.49:9000/dashboard/getStatData
2025-06-11 13:43:01,492 - INFO - 发送请求>>>>>>>                 请求头={'User-Agent': 'python-requests/2.31.0', 'Accept-Encoding': 'gzip, deflate', 'Accept': '*/*', 'Connection': 'keep-alive', 'Authorization': '89cee47f9a8846c093210dd4f021d487', 'x-sign': '417B110F1E71BD2CFE96366E67849B0B'}
2025-06-11 13:43:01,492 - INFO - 发送请求>>>>>>>                 请求体=无
2025-06-11 13:43:01,548 - INFO - 2025-06-11 13:43:01.548接收响应<<<<<<<       状态码=200
2025-06-11 13:43:01,548 - INFO - 接收响应<<<<<<<                  响应头={'Vary': 'Origin, Access-Control-Request-Method, Access-Control-Request-Headers', 'X-Content-Type-Options': 'nosniff', 'X-XSS-Protection': '0', 'Cache-Control': 'no-cache, no-store, max-age=0, must-revalidate', 'Pragma': 'no-cache', 'Expires': '0', 'Content-Type': 'application/json', 'Transfer-Encoding': 'chunked', 'Date': 'Wed, 11 Jun 2025 05:42:59 GMT', 'Keep-Alive': 'timeout=60', 'Connection': 'keep-alive'}
2025-06-11 13:43:01,548 - INFO - 接收响应<<<<<<<                  响应体=b'{"code":0,"msg":"success","data":{"lots":1775.45999999999998707,"num":2207,"profit":4006425.110000000010441,"vpsNum":5,"sourceNum":25,"followNum":18,"vpsActiveNum":3,"sourceActiveNum":9,"followActiveNum":2}}'...
2025-06-12 10:08:00,019 - INFO - 2025-06-12 10:08:00.019发送请求>>>>>>>       接口地址=POST http://39.99.136.49:9000/sys/auth/login
2025-06-12 10:08:00,020 - INFO - 发送请求>>>>>>>                 请求头={'User-Agent': 'python-requests/2.31.0', 'Accept-Encoding': 'gzip, deflate', 'Accept': '*/*', 'Connection': 'keep-alive', 'Authorization': '${token}', 'x-sign': '417B110F1E71BD2CFE96366E67849B0B', 'Content-Length': '241', 'Content-Type': 'application/json'}
2025-06-12 10:08:00,020 - INFO - 发送请求>>>>>>>                 请求体={"username": "admin", "password": "04739db02172e04f63f5278211184deec745bad9d797882b343e7201898d8da1d9fced282f6b271d3815a5057482e62c6f6b88dacb642ba05632bd2ee348101c76cb1f86b70f91695fd1cff11fce76246f044ace477cdbfa1e3e1521b19b023b14c7165e82c5"}
2025-06-12 10:08:00,146 - INFO - 2025-06-12 10:08:00.146接收响应<<<<<<<       状态码=200
2025-06-12 10:08:00,146 - INFO - 接收响应<<<<<<<                  响应头={'Vary': 'Origin, Access-Control-Request-Method, Access-Control-Request-Headers', 'X-Content-Type-Options': 'nosniff', 'X-XSS-Protection': '0', 'Cache-Control': 'no-cache, no-store, max-age=0, must-revalidate', 'Pragma': 'no-cache', 'Expires': '0', 'Content-Type': 'application/json', 'Transfer-Encoding': 'chunked', 'Date': 'Thu, 12 Jun 2025 02:07:57 GMT', 'Keep-Alive': 'timeout=60', 'Connection': 'keep-alive'}
2025-06-12 10:08:00,146 - INFO - 接收响应<<<<<<<                  响应体=b'{"code":0,"msg":"success","data":{"accessTokenExpire":"2025-06-13 10:07:58","refreshTokenExpire":"2025-06-26 10:07:58","access_token":"93096a4321974a17ba770bd3c8d107e1","refresh_token":"a6ff8396bed2476aabf855ebdbabb23e"}}'...
2025-06-12 10:08:00,162 - INFO - 2025-06-12 10:08:00.162发送请求>>>>>>>       接口地址=POST http://39.99.136.49:9000/sys/auth/login
2025-06-12 10:08:00,162 - INFO - 发送请求>>>>>>>                 请求头={'User-Agent': 'python-requests/2.31.0', 'Accept-Encoding': 'gzip, deflate', 'Accept': '*/*', 'Connection': 'keep-alive', 'Authorization': '${token}', 'x-sign': '417B110F1E71BD2CFE96366E67849B0B', 'Content-Length': '247', 'Content-Type': 'application/json'}
2025-06-12 10:08:00,162 - INFO - 发送请求>>>>>>>                 请求体={"username": "admin", "password": "045728bed050a84d080b26233d113882b09043565f6bbef289d40ebee9e33a65335cd7c1c9172675699f9ca309ba016de2b9885deb6c3270aeb8f9f201d80dd364738e56120caf68835e26074275047e2dd01e1199cfe99df35b7e1c7b8ce642101757524081830e1b"}
2025-06-12 10:08:00,223 - INFO - 2025-06-12 10:08:00.223接收响应<<<<<<<       状态码=200
2025-06-12 10:08:00,223 - INFO - 接收响应<<<<<<<                  响应头={'Vary': 'Origin, Access-Control-Request-Method, Access-Control-Request-Headers', 'X-Content-Type-Options': 'nosniff', 'X-XSS-Protection': '0', 'Cache-Control': 'no-cache, no-store, max-age=0, must-revalidate', 'Pragma': 'no-cache', 'Expires': '0', 'Content-Type': 'application/json', 'Transfer-Encoding': 'chunked', 'Date': 'Thu, 12 Jun 2025 02:07:58 GMT', 'Keep-Alive': 'timeout=60', 'Connection': 'keep-alive'}
2025-06-12 10:08:00,223 - INFO - 接收响应<<<<<<<                  响应体=b'{"code":500,"msg":"\xe7\x94\xa8\xe6\x88\xb7\xe5\x90\x8d\xe6\x88\x96\xe5\xaf\x86\xe7\xa0\x81\xe9\x94\x99\xe8\xaf\xaf","data":null}'...
2025-06-12 10:08:00,514 - INFO - 2025-06-12 10:08:00.514发送请求>>>>>>>       接口地址=GET http://39.99.136.49:9000/dashboard/getStatData
2025-06-12 10:08:00,514 - INFO - 发送请求>>>>>>>                 请求头={'User-Agent': 'python-requests/2.31.0', 'Accept-Encoding': 'gzip, deflate', 'Accept': '*/*', 'Connection': 'keep-alive', 'Authorization': '93096a4321974a17ba770bd3c8d107e1', 'x-sign': '417B110F1E71BD2CFE96366E67849B0B'}
2025-06-12 10:08:00,514 - INFO - 发送请求>>>>>>>                 请求体=无
2025-06-12 10:08:00,580 - INFO - 2025-06-12 10:08:00.580接收响应<<<<<<<       状态码=200
2025-06-12 10:08:00,581 - INFO - 接收响应<<<<<<<                  响应头={'Vary': 'Origin, Access-Control-Request-Method, Access-Control-Request-Headers', 'X-Content-Type-Options': 'nosniff', 'X-XSS-Protection': '0', 'Cache-Control': 'no-cache, no-store, max-age=0, must-revalidate', 'Pragma': 'no-cache', 'Expires': '0', 'Content-Type': 'application/json', 'Transfer-Encoding': 'chunked', 'Date': 'Thu, 12 Jun 2025 02:07:58 GMT', 'Keep-Alive': 'timeout=60', 'Connection': 'keep-alive'}
2025-06-12 10:08:00,581 - INFO - 接收响应<<<<<<<                  响应体=b'{"code":0,"msg":"success","data":{"lots":1775.45999999999998707,"num":2207,"profit":4006425.110000000010441,"vpsNum":4,"sourceNum":25,"followNum":18,"vpsActiveNum":3,"sourceActiveNum":9,"followActiveNum":2}}'...
