2025-06-11 11:57:07,610 - INFO - 2025-06-11 11:57:07.610发送请求>>>>>>>       接口地址=POST http://39.99.136.49:9000/sys/auth/login
2025-06-11 11:57:07,610 - INFO - 2025-06-11 11:57:07.610发送请求>>>>>>>       请求头={'User-Agent': 'python-requests/2.31.0', 'Accept-Encoding': 'gzip, deflate', 'Accept': '*/*', 'Connection': 'keep-alive', 'Authorization': '${token}', 'x-sign': '417B110F1E71BD2CFE96366E67849B0B', 'Content-Length': '241', 'Content-Type': 'application/json'}
2025-06-11 11:57:07,610 - INFO - 2025-06-11 11:57:07.610发送请求 >>>>>>>      请求体={"username": "admin", "password": "04739db02172e04f63f5278211184deec745bad9d797882b343e7201898d8da1d9fced282f6b271d3815a5057482e62c6f6b88dacb642ba05632bd2ee348101c76cb1f86b70f91695fd1cff11fce76246f044ace477cdbfa1e3e1521b19b023b14c7165e82c5"}
2025-06-11 11:57:07,879 - INFO - 2025-06-11 11:57:07.879接收响应<<<<<<<       状态码=200
2025-06-11 11:57:07,879 - INFO - 2025-06-11 11:57:07.879接收响应<<<<<<<       响应头={'Vary': 'Origin, Access-Control-Request-Method, Access-Control-Request-Headers', 'X-Content-Type-Options': 'nosniff', 'X-XSS-Protection': '0', 'Cache-Control': 'no-cache, no-store, max-age=0, must-revalidate', 'Pragma': 'no-cache', 'Expires': '0', 'Content-Type': 'application/json', 'Transfer-Encoding': 'chunked', 'Date': 'Wed, 11 Jun 2025 03:57:07 GMT', 'Keep-Alive': 'timeout=60', 'Connection': 'keep-alive'}
2025-06-11 11:57:07,879 - INFO - 2025-06-11 11:57:07.879接收响应<<<<<<<       响应体={"code":0,"msg":"success","data":{"accessTokenExpire":"2025-06-12 11:57:07","refreshTokenExpire":"2025-06-25 11:57:07","access_token":"3201905d7d60480e90eaa5368c5c508d","refresh_token":"e036b39618cb42779f9386fcbb7ec2b0"}}...
2025-06-11 11:57:07,884 - INFO - 2025-06-11 11:57:07.884发送请求>>>>>>>       接口地址=POST http://39.99.136.49:9000/sys/auth/login
2025-06-11 11:57:07,884 - INFO - 2025-06-11 11:57:07.884发送请求>>>>>>>       请求头={'User-Agent': 'python-requests/2.31.0', 'Accept-Encoding': 'gzip, deflate', 'Accept': '*/*', 'Connection': 'keep-alive', 'Authorization': '${token}', 'x-sign': '417B110F1E71BD2CFE96366E67849B0B', 'Content-Length': '247', 'Content-Type': 'application/json'}
2025-06-11 11:57:07,884 - INFO - 2025-06-11 11:57:07.884发送请求 >>>>>>>      请求体={"username": "admin", "password": "045728bed050a84d080b26233d113882b09043565f6bbef289d40ebee9e33a65335cd7c1c9172675699f9ca309ba016de2b9885deb6c3270aeb8f9f201d80dd364738e56120caf68835e26074275047e2dd01e1199cfe99df35b7e1c7b8ce642101757524081830e1b"}
2025-06-11 11:57:07,985 - INFO - 2025-06-11 11:57:07.985接收响应<<<<<<<       状态码=200
2025-06-11 11:57:07,985 - INFO - 2025-06-11 11:57:07.985接收响应<<<<<<<       响应头={'Vary': 'Origin, Access-Control-Request-Method, Access-Control-Request-Headers', 'X-Content-Type-Options': 'nosniff', 'X-XSS-Protection': '0', 'Cache-Control': 'no-cache, no-store, max-age=0, must-revalidate', 'Pragma': 'no-cache', 'Expires': '0', 'Content-Type': 'application/json', 'Transfer-Encoding': 'chunked', 'Date': 'Wed, 11 Jun 2025 03:57:07 GMT', 'Keep-Alive': 'timeout=60', 'Connection': 'keep-alive'}
2025-06-11 11:57:07,985 - INFO - 2025-06-11 11:57:07.985接收响应<<<<<<<       响应体={"code":500,"msg":"用户名或密码错误","data":null}...
2025-06-11 11:57:08,263 - INFO - 2025-06-11 11:57:08.263发送请求>>>>>>>       接口地址=GET http://39.99.136.49:9000/dashboard/getStatData
2025-06-11 11:57:08,263 - INFO - 2025-06-11 11:57:08.263发送请求>>>>>>>       请求头={'User-Agent': 'python-requests/2.31.0', 'Accept-Encoding': 'gzip, deflate', 'Accept': '*/*', 'Connection': 'keep-alive', 'Authorization': 'None', 'x-sign': '417B110F1E71BD2CFE96366E67849B0B'}
2025-06-11 11:57:08,263 - INFO - 2025-06-11 11:57:08.263发送请求 >>>>>>>      请求体=无
2025-06-11 11:57:08,317 - INFO - 2025-06-11 11:57:08.317接收响应<<<<<<<       状态码=200
2025-06-11 11:57:08,317 - INFO - 2025-06-11 11:57:08.317接收响应<<<<<<<       响应头={'Access-Control-Allow-Credentials': 'true', 'X-Content-Type-Options': 'nosniff', 'X-XSS-Protection': '0', 'Cache-Control': 'no-cache, no-store, max-age=0, must-revalidate', 'Pragma': 'no-cache', 'Expires': '0', 'Content-Type': 'application/json;charset=utf-8', 'Content-Length': '60', 'Date': 'Wed, 11 Jun 2025 03:57:07 GMT', 'Keep-Alive': 'timeout=60', 'Connection': 'keep-alive'}
2025-06-11 11:57:08,317 - INFO - 2025-06-11 11:57:08.317接收响应<<<<<<<       响应体={"code":401,"msg":"登录无效，不能访问","data":null}...
2025-06-11 11:59:49,354 - INFO - 2025-06-11 11:59:49.354发送请求>>>>>>>       接口地址=POST http://39.99.136.49:9000/sys/auth/login
2025-06-11 11:59:49,354 - INFO - 2025-06-11 11:59:49.354发送请求>>>>>>>       请求头={'User-Agent': 'python-requests/2.31.0', 'Accept-Encoding': 'gzip, deflate', 'Accept': '*/*', 'Connection': 'keep-alive', 'Authorization': '${token}', 'x-sign': '417B110F1E71BD2CFE96366E67849B0B', 'Content-Length': '241', 'Content-Type': 'application/json'}
2025-06-11 11:59:49,354 - INFO - 2025-06-11 11:59:49.354发送请求 >>>>>>>      请求体={"username": "admin", "password": "04739db02172e04f63f5278211184deec745bad9d797882b343e7201898d8da1d9fced282f6b271d3815a5057482e62c6f6b88dacb642ba05632bd2ee348101c76cb1f86b70f91695fd1cff11fce76246f044ace477cdbfa1e3e1521b19b023b14c7165e82c5"}
2025-06-11 11:59:49,516 - INFO - 2025-06-11 11:59:49.516接收响应<<<<<<<       状态码=200
2025-06-11 11:59:49,516 - INFO - 2025-06-11 11:59:49.516接收响应<<<<<<<       响应头={'Vary': 'Origin, Access-Control-Request-Method, Access-Control-Request-Headers', 'X-Content-Type-Options': 'nosniff', 'X-XSS-Protection': '0', 'Cache-Control': 'no-cache, no-store, max-age=0, must-revalidate', 'Pragma': 'no-cache', 'Expires': '0', 'Content-Type': 'application/json', 'Transfer-Encoding': 'chunked', 'Date': 'Wed, 11 Jun 2025 03:59:48 GMT', 'Keep-Alive': 'timeout=60', 'Connection': 'keep-alive'}
2025-06-11 11:59:49,516 - INFO - 2025-06-11 11:59:49.516接收响应<<<<<<<       响应体={"code":0,"msg":"success","data":{"accessTokenExpire":"2025-06-12 11:59:49","refreshTokenExpire":"2025-06-25 11:59:49","access_token":"aa8be0b6787944eb8d18fd0c68a8b807","refresh_token":"bc816ba46b014bd99a0178da35c5d8ba"}}...
2025-06-11 11:59:49,520 - INFO - 2025-06-11 11:59:49.520发送请求>>>>>>>       接口地址=POST http://39.99.136.49:9000/sys/auth/login
2025-06-11 11:59:49,520 - INFO - 2025-06-11 11:59:49.520发送请求>>>>>>>       请求头={'User-Agent': 'python-requests/2.31.0', 'Accept-Encoding': 'gzip, deflate', 'Accept': '*/*', 'Connection': 'keep-alive', 'Authorization': '${token}', 'x-sign': '417B110F1E71BD2CFE96366E67849B0B', 'Content-Length': '247', 'Content-Type': 'application/json'}
2025-06-11 11:59:49,520 - INFO - 2025-06-11 11:59:49.520发送请求 >>>>>>>      请求体={"username": "admin", "password": "045728bed050a84d080b26233d113882b09043565f6bbef289d40ebee9e33a65335cd7c1c9172675699f9ca309ba016de2b9885deb6c3270aeb8f9f201d80dd364738e56120caf68835e26074275047e2dd01e1199cfe99df35b7e1c7b8ce642101757524081830e1b"}
2025-06-11 11:59:49,582 - INFO - 2025-06-11 11:59:49.582接收响应<<<<<<<       状态码=200
2025-06-11 11:59:49,582 - INFO - 2025-06-11 11:59:49.582接收响应<<<<<<<       响应头={'Vary': 'Origin, Access-Control-Request-Method, Access-Control-Request-Headers', 'X-Content-Type-Options': 'nosniff', 'X-XSS-Protection': '0', 'Cache-Control': 'no-cache, no-store, max-age=0, must-revalidate', 'Pragma': 'no-cache', 'Expires': '0', 'Content-Type': 'application/json', 'Transfer-Encoding': 'chunked', 'Date': 'Wed, 11 Jun 2025 03:59:48 GMT', 'Keep-Alive': 'timeout=60', 'Connection': 'keep-alive'}
2025-06-11 11:59:49,582 - INFO - 2025-06-11 11:59:49.582接收响应<<<<<<<       响应体={"code":500,"msg":"用户名或密码错误","data":null}...
2025-06-11 11:59:49,917 - INFO - 2025-06-11 11:59:49.917发送请求>>>>>>>       接口地址=GET http://39.99.136.49:9000/dashboard/getStatData
2025-06-11 11:59:49,917 - INFO - 2025-06-11 11:59:49.917发送请求>>>>>>>       请求头={'User-Agent': 'python-requests/2.31.0', 'Accept-Encoding': 'gzip, deflate', 'Accept': '*/*', 'Connection': 'keep-alive', 'Authorization': 'None', 'x-sign': '417B110F1E71BD2CFE96366E67849B0B'}
2025-06-11 11:59:49,917 - INFO - 2025-06-11 11:59:49.917发送请求 >>>>>>>      请求体=无
2025-06-11 11:59:49,964 - INFO - 2025-06-11 11:59:49.964接收响应<<<<<<<       状态码=200
2025-06-11 11:59:49,964 - INFO - 2025-06-11 11:59:49.964接收响应<<<<<<<       响应头={'Access-Control-Allow-Credentials': 'true', 'X-Content-Type-Options': 'nosniff', 'X-XSS-Protection': '0', 'Cache-Control': 'no-cache, no-store, max-age=0, must-revalidate', 'Pragma': 'no-cache', 'Expires': '0', 'Content-Type': 'application/json;charset=utf-8', 'Content-Length': '60', 'Date': 'Wed, 11 Jun 2025 03:59:49 GMT', 'Keep-Alive': 'timeout=60', 'Connection': 'keep-alive'}
2025-06-11 11:59:49,964 - INFO - 2025-06-11 11:59:49.964接收响应<<<<<<<       响应体={"code":401,"msg":"登录无效，不能访问","data":null}...
2025-06-11 12:02:59,335 - INFO - 2025-06-11 12:02:59.335发送请求>>>>>>>       接口地址=POST http://39.99.136.49:9000/sys/auth/login
2025-06-11 12:02:59,335 - INFO - 2025-06-11 12:02:59.335发送请求>>>>>>>       请求头={'User-Agent': 'python-requests/2.31.0', 'Accept-Encoding': 'gzip, deflate', 'Accept': '*/*', 'Connection': 'keep-alive', 'Authorization': '${token}', 'x-sign': '417B110F1E71BD2CFE96366E67849B0B', 'Content-Length': '241', 'Content-Type': 'application/json'}
2025-06-11 12:02:59,335 - INFO - 2025-06-11 12:02:59.335发送请求 >>>>>>>      请求体={"username": "admin", "password": "04739db02172e04f63f5278211184deec745bad9d797882b343e7201898d8da1d9fced282f6b271d3815a5057482e62c6f6b88dacb642ba05632bd2ee348101c76cb1f86b70f91695fd1cff11fce76246f044ace477cdbfa1e3e1521b19b023b14c7165e82c5"}
2025-06-11 12:02:59,518 - INFO - 2025-06-11 12:02:59.518接收响应<<<<<<<       状态码=200
2025-06-11 12:02:59,518 - INFO - 2025-06-11 12:02:59.518接收响应<<<<<<<       响应头={'Vary': 'Origin, Access-Control-Request-Method, Access-Control-Request-Headers', 'X-Content-Type-Options': 'nosniff', 'X-XSS-Protection': '0', 'Cache-Control': 'no-cache, no-store, max-age=0, must-revalidate', 'Pragma': 'no-cache', 'Expires': '0', 'Content-Type': 'application/json', 'Transfer-Encoding': 'chunked', 'Date': 'Wed, 11 Jun 2025 04:02:59 GMT', 'Keep-Alive': 'timeout=60', 'Connection': 'keep-alive'}
2025-06-11 12:02:59,518 - INFO - 2025-06-11 12:02:59.518接收响应<<<<<<<       响应体={"code":0,"msg":"success","data":{"accessTokenExpire":"2025-06-12 12:02:59","refreshTokenExpire":"2025-06-25 12:02:59","access_token":"4d7e6b1cfa6344fcbf078a16c1b816bc","refresh_token":"fdb33278042148bc9c15c1eab38371d1"}}...
2025-06-11 12:02:59,522 - INFO - 2025-06-11 12:02:59.522发送请求>>>>>>>       接口地址=POST http://39.99.136.49:9000/sys/auth/login
2025-06-11 12:02:59,522 - INFO - 2025-06-11 12:02:59.522发送请求>>>>>>>       请求头={'Authorization': '${token}', 'x-sign': '417B110F1E71BD2CFE96366E67849B0B', 'Content-Length': '247', 'Content-Type': 'application/json'}
2025-06-11 12:02:59,522 - INFO - 2025-06-11 12:02:59.522发送请求 >>>>>>>      请求体={"username": "admin", "password": "045728bed050a84d080b26233d113882b09043565f6bbef289d40ebee9e33a65335cd7c1c9172675699f9ca309ba016de2b9885deb6c3270aeb8f9f201d80dd364738e56120caf68835e26074275047e2dd01e1199cfe99df35b7e1c7b8ce642101757524081830e1b"}
2025-06-11 12:02:59,586 - INFO - 2025-06-11 12:02:59.586接收响应<<<<<<<       状态码=200
2025-06-11 12:02:59,587 - INFO - 2025-06-11 12:02:59.586接收响应<<<<<<<       响应头={'Vary': 'Origin, Access-Control-Request-Method, Access-Control-Request-Headers', 'X-Content-Type-Options': 'nosniff', 'X-XSS-Protection': '0', 'Cache-Control': 'no-cache, no-store, max-age=0, must-revalidate', 'Pragma': 'no-cache', 'Expires': '0', 'Content-Type': 'application/json', 'Transfer-Encoding': 'chunked', 'Date': 'Wed, 11 Jun 2025 04:02:59 GMT'}
2025-06-11 12:02:59,587 - INFO - 2025-06-11 12:02:59.586接收响应<<<<<<<       响应体={"code":500,"msg":"用户名或密码错误","data":null}...
2025-06-11 12:02:59,874 - INFO - 2025-06-11 12:02:59.874发送请求>>>>>>>       接口地址=GET http://39.99.136.49:9000/dashboard/getStatData
2025-06-11 12:02:59,874 - INFO - 2025-06-11 12:02:59.874发送请求>>>>>>>       请求头={'Authorization': 'None', 'x-sign': '417B110F1E71BD2CFE96366E67849B0B'}
2025-06-11 12:02:59,874 - INFO - 2025-06-11 12:02:59.874发送请求 >>>>>>>      请求体=无
2025-06-11 12:02:59,937 - INFO - 2025-06-11 12:02:59.937接收响应<<<<<<<       状态码=200
2025-06-11 12:02:59,937 - INFO - 2025-06-11 12:02:59.937接收响应<<<<<<<       响应头={'Access-Control-Allow-Credentials': 'true', 'X-Content-Type-Options': 'nosniff', 'X-XSS-Protection': '0', 'Cache-Control': 'no-cache, no-store, max-age=0, must-revalidate', 'Pragma': 'no-cache', 'Expires': '0', 'Content-Type': 'application/json;charset=utf-8', 'Content-Length': '60', 'Date': 'Wed, 11 Jun 2025 04:02:59 GMT'}
2025-06-11 12:02:59,937 - INFO - 2025-06-11 12:02:59.937接收响应<<<<<<<       响应体={"code":401,"msg":"登录无效，不能访问","data":null}...
2025-06-11 13:34:58,892 - INFO - 2025-06-11 13:34:58.892发送请求>>>>>>>       接口地址=POST http://39.99.136.49:9000/sys/auth/login
2025-06-11 13:34:58,892 - INFO - 2025-06-11 13:34:58.892发送请求>>>>>>>       请求头={'User-Agent': 'python-requests/2.31.0', 'Accept-Encoding': 'gzip, deflate', 'Accept': '*/*', 'Connection': 'keep-alive', 'Authorization': '${token}', 'x-sign': '417B110F1E71BD2CFE96366E67849B0B', 'Content-Length': '241', 'Content-Type': 'application/json'}
2025-06-11 13:34:58,892 - INFO - 2025-06-11 13:34:58.892发送请求 >>>>>>>      请求体={"username": "admin", "password": "04739db02172e04f63f5278211184deec745bad9d797882b343e7201898d8da1d9fced282f6b271d3815a5057482e62c6f6b88dacb642ba05632bd2ee348101c76cb1f86b70f91695fd1cff11fce76246f044ace477cdbfa1e3e1521b19b023b14c7165e82c5"}
2025-06-11 13:34:59,020 - INFO - 2025-06-11 13:34:59.020接收响应<<<<<<<       状态码=200
2025-06-11 13:34:59,020 - INFO - 2025-06-11 13:34:59.020接收响应<<<<<<<       响应头={'Vary': 'Origin, Access-Control-Request-Method, Access-Control-Request-Headers', 'X-Content-Type-Options': 'nosniff', 'X-XSS-Protection': '0', 'Cache-Control': 'no-cache, no-store, max-age=0, must-revalidate', 'Pragma': 'no-cache', 'Expires': '0', 'Content-Type': 'application/json', 'Transfer-Encoding': 'chunked', 'Date': 'Wed, 11 Jun 2025 05:34:57 GMT', 'Keep-Alive': 'timeout=60', 'Connection': 'keep-alive'}
2025-06-11 13:34:59,020 - INFO - 2025-06-11 13:34:59.020接收响应<<<<<<<       响应体={"code":0,"msg":"success","data":{"accessTokenExpire":"2025-06-12 13:34:57","refreshTokenExpire":"2025-06-25 13:34:57","access_token":"b28ff738e74a41f2a7d1f7602e792141","refresh_token":"a40e2f0607104d138088960a7b1a28d7"}}...
2025-06-11 13:34:59,024 - INFO - 2025-06-11 13:34:59.024发送请求>>>>>>>       接口地址=POST http://39.99.136.49:9000/sys/auth/login
2025-06-11 13:34:59,024 - INFO - 2025-06-11 13:34:59.024发送请求>>>>>>>       请求头={'Authorization': '${token}', 'x-sign': '417B110F1E71BD2CFE96366E67849B0B', 'Content-Length': '247', 'Content-Type': 'application/json'}
2025-06-11 13:34:59,024 - INFO - 2025-06-11 13:34:59.024发送请求 >>>>>>>      请求体={"username": "admin", "password": "045728bed050a84d080b26233d113882b09043565f6bbef289d40ebee9e33a65335cd7c1c9172675699f9ca309ba016de2b9885deb6c3270aeb8f9f201d80dd364738e56120caf68835e26074275047e2dd01e1199cfe99df35b7e1c7b8ce642101757524081830e1b"}
2025-06-11 13:34:59,144 - INFO - 2025-06-11 13:34:59.144接收响应<<<<<<<       状态码=200
2025-06-11 13:34:59,144 - INFO - 2025-06-11 13:34:59.144接收响应<<<<<<<       响应头={'Vary': 'Origin, Access-Control-Request-Method, Access-Control-Request-Headers', 'X-Content-Type-Options': 'nosniff', 'X-XSS-Protection': '0', 'Cache-Control': 'no-cache, no-store, max-age=0, must-revalidate', 'Pragma': 'no-cache', 'Expires': '0', 'Content-Type': 'application/json', 'Transfer-Encoding': 'chunked', 'Date': 'Wed, 11 Jun 2025 05:34:57 GMT'}
2025-06-11 13:34:59,144 - INFO - 2025-06-11 13:34:59.144接收响应<<<<<<<       响应体={"code":500,"msg":"用户名或密码错误","data":null}...
2025-06-11 13:34:59,431 - INFO - 2025-06-11 13:34:59.431发送请求>>>>>>>       接口地址=GET http://39.99.136.49:9000/dashboard/getStatData
2025-06-11 13:34:59,431 - INFO - 2025-06-11 13:34:59.431发送请求>>>>>>>       请求头={'Authorization': 'None', 'x-sign': '417B110F1E71BD2CFE96366E67849B0B'}
2025-06-11 13:34:59,431 - INFO - 2025-06-11 13:34:59.431发送请求 >>>>>>>      请求体=无
2025-06-11 13:34:59,478 - INFO - 2025-06-11 13:34:59.478接收响应<<<<<<<       状态码=200
2025-06-11 13:34:59,478 - INFO - 2025-06-11 13:34:59.478接收响应<<<<<<<       响应头={'Access-Control-Allow-Credentials': 'true', 'X-Content-Type-Options': 'nosniff', 'X-XSS-Protection': '0', 'Cache-Control': 'no-cache, no-store, max-age=0, must-revalidate', 'Pragma': 'no-cache', 'Expires': '0', 'Content-Type': 'application/json;charset=utf-8', 'Content-Length': '60', 'Date': 'Wed, 11 Jun 2025 05:34:57 GMT'}
2025-06-11 13:34:59,478 - INFO - 2025-06-11 13:34:59.478接收响应<<<<<<<       响应体={"code":401,"msg":"登录无效，不能访问","data":null}...
2025-06-11 13:38:40,864 - INFO - 2025-06-11 13:38:40.864发送请求>>>>>>>       接口地址=POST http://39.99.136.49:9000/sys/auth/login
2025-06-11 13:38:40,865 - INFO - 2025-06-11 13:38:40.864发送请求>>>>>>>       请求头={'User-Agent': 'python-requests/2.31.0', 'Accept-Encoding': 'gzip, deflate', 'Accept': '*/*', 'Connection': 'keep-alive', 'Authorization': '${token}', 'x-sign': '417B110F1E71BD2CFE96366E67849B0B', 'Content-Length': '241', 'Content-Type': 'application/json'}
2025-06-11 13:38:40,865 - INFO - 2025-06-11 13:38:40.864发送请求 >>>>>>>      请求体={"username": "admin", "password": "04739db02172e04f63f5278211184deec745bad9d797882b343e7201898d8da1d9fced282f6b271d3815a5057482e62c6f6b88dacb642ba05632bd2ee348101c76cb1f86b70f91695fd1cff11fce76246f044ace477cdbfa1e3e1521b19b023b14c7165e82c5"}
2025-06-11 13:38:40,989 - INFO - 2025-06-11 13:38:40.989接收响应<<<<<<<       状态码=200
2025-06-11 13:38:40,989 - INFO - 2025-06-11 13:38:40.989接收响应<<<<<<<       响应头={'Vary': 'Origin, Access-Control-Request-Method, Access-Control-Request-Headers', 'X-Content-Type-Options': 'nosniff', 'X-XSS-Protection': '0', 'Cache-Control': 'no-cache, no-store, max-age=0, must-revalidate', 'Pragma': 'no-cache', 'Expires': '0', 'Content-Type': 'application/json', 'Transfer-Encoding': 'chunked', 'Date': 'Wed, 11 Jun 2025 05:38:39 GMT', 'Keep-Alive': 'timeout=60', 'Connection': 'keep-alive'}
2025-06-11 13:38:40,989 - INFO - 2025-06-11 13:38:40.989接收响应<<<<<<<       响应体={"code":0,"msg":"success","data":{"accessTokenExpire":"2025-06-12 13:38:39","refreshTokenExpire":"2025-06-25 13:38:39","access_token":"2d6bdf83d58c402f88d16a3514714fa6","refresh_token":"6488ab487b4b425cb0412fcee82920ce"}}...
2025-06-11 13:38:40,993 - INFO - 2025-06-11 13:38:40.993发送请求>>>>>>>       接口地址=POST http://39.99.136.49:9000/sys/auth/login
2025-06-11 13:38:40,993 - INFO - 2025-06-11 13:38:40.993发送请求>>>>>>>       请求头={'Authorization': '${token}', 'x-sign': '417B110F1E71BD2CFE96366E67849B0B', 'Content-Length': '247', 'Content-Type': 'application/json'}
2025-06-11 13:38:40,993 - INFO - 2025-06-11 13:38:40.993发送请求 >>>>>>>      请求体={"username": "admin", "password": "045728bed050a84d080b26233d113882b09043565f6bbef289d40ebee9e33a65335cd7c1c9172675699f9ca309ba016de2b9885deb6c3270aeb8f9f201d80dd364738e56120caf68835e26074275047e2dd01e1199cfe99df35b7e1c7b8ce642101757524081830e1b"}
2025-06-11 13:38:41,059 - INFO - 2025-06-11 13:38:41.059接收响应<<<<<<<       状态码=200
2025-06-11 13:38:41,059 - INFO - 2025-06-11 13:38:41.059接收响应<<<<<<<       响应头={'Vary': 'Origin, Access-Control-Request-Method, Access-Control-Request-Headers', 'X-Content-Type-Options': 'nosniff', 'X-XSS-Protection': '0', 'Cache-Control': 'no-cache, no-store, max-age=0, must-revalidate', 'Pragma': 'no-cache', 'Expires': '0', 'Content-Type': 'application/json', 'Transfer-Encoding': 'chunked', 'Date': 'Wed, 11 Jun 2025 05:38:39 GMT'}
2025-06-11 13:38:41,059 - INFO - 2025-06-11 13:38:41.059接收响应<<<<<<<       响应体={"code":500,"msg":"用户名或密码错误","data":null}...
2025-06-11 13:38:41,393 - INFO - 2025-06-11 13:38:41.393发送请求>>>>>>>       接口地址=GET http://39.99.136.49:9000/dashboard/getStatData
2025-06-11 13:38:41,393 - INFO - 2025-06-11 13:38:41.393发送请求>>>>>>>       请求头={'Authorization': 'None', 'x-sign': '417B110F1E71BD2CFE96366E67849B0B'}
2025-06-11 13:38:41,393 - INFO - 2025-06-11 13:38:41.393发送请求 >>>>>>>      请求体=无
2025-06-11 13:38:41,442 - INFO - 2025-06-11 13:38:41.442接收响应<<<<<<<       状态码=200
2025-06-11 13:38:41,442 - INFO - 2025-06-11 13:38:41.442接收响应<<<<<<<       响应头={'Access-Control-Allow-Credentials': 'true', 'X-Content-Type-Options': 'nosniff', 'X-XSS-Protection': '0', 'Cache-Control': 'no-cache, no-store, max-age=0, must-revalidate', 'Pragma': 'no-cache', 'Expires': '0', 'Content-Type': 'application/json;charset=utf-8', 'Content-Length': '60', 'Date': 'Wed, 11 Jun 2025 05:38:39 GMT'}
2025-06-11 13:38:41,442 - INFO - 2025-06-11 13:38:41.442接收响应<<<<<<<       响应体={"code":401,"msg":"登录无效，不能访问","data":null}...
