INFO     - 2025-10-10 10:58:49 - [session:66] - [2025-10-10 10:58] 初始化环境会话: uat | Base URL: https://uat.atcp.top/api
INFO     - 2025-10-10 10:58:49 - [session:71] - [2025-10-10 10:58] 切换到Base URL: https://uat.atcp.top/api
INFO     - 2025-10-10 10:58:49 - [session:109] - [2025-10-10 10:58] 构建相对URL: https://uat.atcp.top/api + /sys/auth/login -> https://uat.atcp.top/api/sys/auth/login
INFO     - 2025-10-10 10:58:49 - [session:122] - [2025-10-10 10:58:49.410] POST 请求开始: https://uat.atcp.top/api/sys/auth/login
INFO     - 2025-10-10 10:58:49 - [session:123] - [2025-10-10 10:58:49.410] 请求参数: args=(), kwargs_keys=['data', 'json']
INFO     - 2025-10-10 10:58:49 - [session:131] - [2025-10-10 10:58:49.410] JSON请求体: {'username': 'xujunhao', 'password': '0413057acd9179ca85144779ba7a4e85b89f641f47a9f9ea1914e5a0f05d3ed4de4821f5ff0a59bbac226d75e06443bc77038a80cfb305645befbd12931fa8079730822f3be9c9a796b644dad8f3dd5e5917c4ef406666fd095b9d4eca02bb0e389411138e1420', 'captcha': '', 'key': '', 'secretKey': '', 'code': 971819, 'isMfaVerified': 1, 'isStartMfaVerify': 1}
INFO     - 2025-10-10 10:58:51 - [session:141] - [2025-10-10 10:58:49.410] 请求完成: POST https://uat.atcp.top/api/sys/auth/login | 状态码: 200 | 耗时: 2418.53ms
INFO     - 2025-10-10 10:58:51 - [session:143] - [2025-10-10 10:58:49.410] 响应头: {'Date': 'Fri, 10 Oct 2025 02:58:51 GMT', 'Content-Type': 'application/json', 'Transfer-Encoding': 'chunked', 'Connection': 'keep-alive', 'Server': 'cloudflare', 'vary': 'Accept-Encoding, Origin, Access-Control-Request-Method, Access-Control-Request-Headers', 'x-content-type-options': 'nosniff', 'x-xss-protection': '0', 'Cache-Control': 'no-cache, no-store, max-age=0, must-revalidate', 'pragma': 'no-cache', 'expires': '0', 'strict-transport-security': 'max-age=31536000', 'Content-Encoding': 'gzip', 'cf-cache-status': 'DYNAMIC', 'Nel': '{"report_to":"cf-nel","success_fraction":0.0,"max_age":604800}', 'Report-To': '{"group":"cf-nel","max_age":604800,"endpoints":[{"url":"https://a.nel.cloudflare.com/report/v4?s=uTC9lQDiSwyWaVBPHlr0hzmFQFhtPULVJMiWNBlfFzoLOpkZi6i4cqTGkjCM%2FNKBe7btMGEiQQcWxNxqclufds0ccDlFHROE%2Bc0QIQ%3D%3D"}]}', 'CF-RAY': '98c2dbbc5dda6e50-AMS', 'alt-svc': 'h3=":443"; ma=86400'}
INFO     - 2025-10-10 10:58:51 - [session:149] - [2025-10-10 10:58:49.410] 响应JSON: {'code': 0, 'msg': 'success', 'data': {'accessTokenExpire': '2025-10-11 10:58:51', 'refreshTokenExpire': '2025-10-24 10:58:51', 'access_token': 'eeab355308af46edada9d094276007cb', 'refresh_token': '6215e10a3c34418a9298a5f47d5f0baf'}}
INFO     - 2025-10-10 10:58:51 - [session:109] - [2025-10-10 10:58] 构建相对URL: https://uat.atcp.top/api + /mascontrol/user -> https://uat.atcp.top/api/mascontrol/user
INFO     - 2025-10-10 10:58:51 - [session:122] - [2025-10-10 10:58:51.835] POST 请求开始: https://uat.atcp.top/api/mascontrol/user
INFO     - 2025-10-10 10:58:51 - [session:123] - [2025-10-10 10:58:51.835] 请求参数: args=(), kwargs_keys=['data', 'json']
INFO     - 2025-10-10 10:58:51 - [session:131] - [2025-10-10 10:58:51.835] JSON请求体: {'account': '300151', 'password': 'fa1af751c83d311f091c9393a364068c', 'platform': 'FXAdamantStone-Real', 'accountType': '0', 'serverNode': '47.238.99.66:443', 'remark': '', 'sort': '12', 'vpsDescs': []}
INFO     - 2025-10-10 10:58:52 - [session:141] - [2025-10-10 10:58:51.835] 请求完成: POST https://uat.atcp.top/api/mascontrol/user | 状态码: 200 | 耗时: 539.52ms
INFO     - 2025-10-10 10:58:52 - [session:143] - [2025-10-10 10:58:51.835] 响应头: {'Date': 'Fri, 10 Oct 2025 02:58:52 GMT', 'Content-Type': 'application/json', 'Transfer-Encoding': 'chunked', 'Connection': 'keep-alive', 'Server': 'cloudflare', 'vary': 'Accept-Encoding, Origin, Access-Control-Request-Method, Access-Control-Request-Headers', 'x-content-type-options': 'nosniff', 'x-xss-protection': '0', 'Cache-Control': 'no-cache, no-store, max-age=0, must-revalidate', 'pragma': 'no-cache', 'expires': '0', 'strict-transport-security': 'max-age=31536000', 'Content-Encoding': 'gzip', 'cf-cache-status': 'DYNAMIC', 'Nel': '{"report_to":"cf-nel","success_fraction":0.0,"max_age":604800}', 'Report-To': '{"group":"cf-nel","max_age":604800,"endpoints":[{"url":"https://a.nel.cloudflare.com/report/v4?s=zogok1MlVp5rOLFH9Tjlf4P98Wk0rhi%2F%2FEnZ%2BHXJgpaDaweYFO4%2B6OAk1ZSOexF3kHsK3UMxJ%2Bo5XRPbkogX7Gtuibgi3%2FyoS9Z10Q%3D%3D"}]}', 'CF-RAY': '98c2dbc24be36e50-AMS', 'alt-svc': 'h3=":443"; ma=86400'}
INFO     - 2025-10-10 10:58:52 - [session:149] - [2025-10-10 10:58:51.835] 响应JSON: {'code': 0, 'msg': 'success', 'data': None}
INFO     - 2025-10-10 10:58:54 - [session:66] - [2025-10-10 10:58] 初始化环境会话: uat | Base URL: https://uat.atcp.top/api
INFO     - 2025-10-10 10:58:54 - [session:71] - [2025-10-10 10:58] 切换到Base URL: https://uat.atcp.top/api
INFO     - 2025-10-10 10:58:54 - [session:109] - [2025-10-10 10:58] 构建相对URL: https://uat.atcp.top/api + /sys/auth/login -> https://uat.atcp.top/api/sys/auth/login
INFO     - 2025-10-10 10:58:54 - [session:122] - [2025-10-10 10:58:54.394] POST 请求开始: https://uat.atcp.top/api/sys/auth/login
INFO     - 2025-10-10 10:58:54 - [session:123] - [2025-10-10 10:58:54.394] 请求参数: args=(), kwargs_keys=['data', 'json']
INFO     - 2025-10-10 10:58:54 - [session:131] - [2025-10-10 10:58:54.394] JSON请求体: {'username': 'xujunhao', 'password': '0413057acd9179ca85144779ba7a4e85b89f641f47a9f9ea1914e5a0f05d3ed4de4821f5ff0a59bbac226d75e06443bc77038a80cfb305645befbd12931fa8079730822f3be9c9a796b644dad8f3dd5e5917c4ef406666fd095b9d4eca02bb0e389411138e1420', 'captcha': '', 'key': '', 'secretKey': '', 'code': 971819, 'isMfaVerified': 1, 'isStartMfaVerify': 1}
INFO     - 2025-10-10 10:58:56 - [session:141] - [2025-10-10 10:58:54.394] 请求完成: POST https://uat.atcp.top/api/sys/auth/login | 状态码: 200 | 耗时: 1654.70ms
INFO     - 2025-10-10 10:58:56 - [session:143] - [2025-10-10 10:58:54.394] 响应头: {'Date': 'Fri, 10 Oct 2025 02:58:55 GMT', 'Content-Type': 'application/json', 'Transfer-Encoding': 'chunked', 'Connection': 'keep-alive', 'Server': 'cloudflare', 'vary': 'Accept-Encoding, Origin, Access-Control-Request-Method, Access-Control-Request-Headers', 'x-content-type-options': 'nosniff', 'x-xss-protection': '0', 'Cache-Control': 'no-cache, no-store, max-age=0, must-revalidate', 'pragma': 'no-cache', 'expires': '0', 'strict-transport-security': 'max-age=31536000', 'Content-Encoding': 'gzip', 'cf-cache-status': 'DYNAMIC', 'Nel': '{"report_to":"cf-nel","success_fraction":0.0,"max_age":604800}', 'Report-To': '{"group":"cf-nel","max_age":604800,"endpoints":[{"url":"https://a.nel.cloudflare.com/report/v4?s=QO95mym4EHT2oNX5FL9vH4j8imOieSlR5%2Budg%2FUbuvF0W8jLBIREIloillvNzHdGTbG0PUb%2BBWBi4WaRwio%2Fw%2BzOfHGzmr0ylmxC2w%3D%3D"}]}', 'CF-RAY': '98c2dbd538808b44-AMS', 'alt-svc': 'h3=":443"; ma=86400'}
INFO     - 2025-10-10 10:58:56 - [session:149] - [2025-10-10 10:58:54.394] 响应JSON: {'code': 0, 'msg': 'success', 'data': {'accessTokenExpire': '2025-10-11 10:58:55', 'refreshTokenExpire': '2025-10-24 10:58:55', 'access_token': '7d6cff31219b467d908b96e49ab07f2d', 'refresh_token': '14acbc70a2154ee4b074bbdf94fdac8b'}}
INFO     - 2025-10-10 10:58:56 - [session:109] - [2025-10-10 10:58] 构建相对URL: https://uat.atcp.top/api + /mascontrol/user/import -> https://uat.atcp.top/api/mascontrol/user/import
INFO     - 2025-10-10 10:58:56 - [session:122] - [2025-10-10 10:58:56.051] POST 请求开始: https://uat.atcp.top/api/mascontrol/user/import
INFO     - 2025-10-10 10:58:56 - [session:123] - [2025-10-10 10:58:56.051] 请求参数: args=(), kwargs_keys=['data', 'json', 'files']
INFO     - 2025-10-10 10:58:58 - [session:141] - [2025-10-10 10:58:56.051] 请求完成: POST https://uat.atcp.top/api/mascontrol/user/import | 状态码: 200 | 耗时: 2222.40ms
INFO     - 2025-10-10 10:58:58 - [session:143] - [2025-10-10 10:58:56.051] 响应头: {'Date': 'Fri, 10 Oct 2025 02:58:58 GMT', 'Content-Type': 'application/json', 'Transfer-Encoding': 'chunked', 'Connection': 'keep-alive', 'Server': 'cloudflare', 'vary': 'Accept-Encoding, Origin, Access-Control-Request-Method, Access-Control-Request-Headers', 'x-content-type-options': 'nosniff', 'x-xss-protection': '0', 'Cache-Control': 'no-cache, no-store, max-age=0, must-revalidate', 'pragma': 'no-cache', 'expires': '0', 'strict-transport-security': 'max-age=31536000', 'Content-Encoding': 'gzip', 'cf-cache-status': 'DYNAMIC', 'Nel': '{"report_to":"cf-nel","success_fraction":0.0,"max_age":604800}', 'Report-To': '{"group":"cf-nel","max_age":604800,"endpoints":[{"url":"https://a.nel.cloudflare.com/report/v4?s=9mElxEZllIFy0GMwVueC6Awn6a9d5g%2F5XKI2nyzx5TNS163VK5gtLNXkrmbvbfruIi1PuPQl9NLC43wf6%2FRMaPXqc0g%2B4KTTPJuvrQ%3D%3D"}]}', 'CF-RAY': '98c2dbdcbbe08b44-AMS', 'alt-svc': 'h3=":443"; ma=86400'}
INFO     - 2025-10-10 10:58:58 - [session:149] - [2025-10-10 10:58:56.051] 响应JSON: {'code': 0, 'msg': 'success', 'data': '新增成功'}
INFO     - 2025-10-10 10:58:59 - [session:66] - [2025-10-10 10:58] 初始化环境会话: uat | Base URL: https://uat.atcp.top/api
INFO     - 2025-10-10 10:58:59 - [session:71] - [2025-10-10 10:58] 切换到Base URL: https://uat.atcp.top/api
INFO     - 2025-10-10 10:58:59 - [session:109] - [2025-10-10 10:58] 构建相对URL: https://uat.atcp.top/api + /sys/auth/login -> https://uat.atcp.top/api/sys/auth/login
INFO     - 2025-10-10 10:58:59 - [session:122] - [2025-10-10 10:58:59.788] POST 请求开始: https://uat.atcp.top/api/sys/auth/login
INFO     - 2025-10-10 10:58:59 - [session:123] - [2025-10-10 10:58:59.788] 请求参数: args=(), kwargs_keys=['data', 'json']
INFO     - 2025-10-10 10:58:59 - [session:131] - [2025-10-10 10:58:59.788] JSON请求体: {'username': 'xujunhao', 'password': '0413057acd9179ca85144779ba7a4e85b89f641f47a9f9ea1914e5a0f05d3ed4de4821f5ff0a59bbac226d75e06443bc77038a80cfb305645befbd12931fa8079730822f3be9c9a796b644dad8f3dd5e5917c4ef406666fd095b9d4eca02bb0e389411138e1420', 'captcha': '', 'key': '', 'secretKey': '', 'code': 971819, 'isMfaVerified': 1, 'isStartMfaVerify': 1}
INFO     - 2025-10-10 10:59:00 - [session:141] - [2025-10-10 10:58:59.788] 请求完成: POST https://uat.atcp.top/api/sys/auth/login | 状态码: 200 | 耗时: 883.43ms
INFO     - 2025-10-10 10:59:00 - [session:143] - [2025-10-10 10:58:59.788] 响应头: {'Date': 'Fri, 10 Oct 2025 02:59:00 GMT', 'Content-Type': 'application/json', 'Transfer-Encoding': 'chunked', 'Connection': 'keep-alive', 'Server': 'cloudflare', 'vary': 'Accept-Encoding, Origin, Access-Control-Request-Method, Access-Control-Request-Headers', 'x-content-type-options': 'nosniff', 'x-xss-protection': '0', 'Cache-Control': 'no-cache, no-store, max-age=0, must-revalidate', 'pragma': 'no-cache', 'expires': '0', 'strict-transport-security': 'max-age=31536000', 'Content-Encoding': 'gzip', 'cf-cache-status': 'DYNAMIC', 'Nel': '{"report_to":"cf-nel","success_fraction":0.0,"max_age":604800}', 'Report-To': '{"group":"cf-nel","max_age":604800,"endpoints":[{"url":"https://a.nel.cloudflare.com/report/v4?s=f%2FYaQ%2FuGtKWn8%2BNduh%2BXak1zIXTPBTKVnaccq7l31I3CH%2BA5lSkpEv1WiNorUJ7Qd%2FMR4PVSKgFsJ2q6ioOKxk8HHf%2FDum33dbQtnw%3D%3D"}]}', 'CF-RAY': '98c2dbf64c14bdf3-AMS', 'alt-svc': 'h3=":443"; ma=86400'}
INFO     - 2025-10-10 10:59:00 - [session:149] - [2025-10-10 10:58:59.788] 响应JSON: {'code': 500, 'msg': 'MFA验证失败', 'data': None}
INFO     - 2025-10-10 10:59:10 - [session:109] - [2025-10-10 10:58] 构建相对URL: https://uat.atcp.top/api + /sys/auth/login -> https://uat.atcp.top/api/sys/auth/login
INFO     - 2025-10-10 10:59:10 - [session:122] - [2025-10-10 10:59:10.673] POST 请求开始: https://uat.atcp.top/api/sys/auth/login
INFO     - 2025-10-10 10:59:10 - [session:123] - [2025-10-10 10:59:10.673] 请求参数: args=(), kwargs_keys=['data', 'json']
INFO     - 2025-10-10 10:59:10 - [session:131] - [2025-10-10 10:59:10.673] JSON请求体: {'username': 'xujunhao', 'password': '0413057acd9179ca85144779ba7a4e85b89f641f47a9f9ea1914e5a0f05d3ed4de4821f5ff0a59bbac226d75e06443bc77038a80cfb305645befbd12931fa8079730822f3be9c9a796b644dad8f3dd5e5917c4ef406666fd095b9d4eca02bb0e389411138e1420', 'captcha': '', 'key': '', 'secretKey': '', 'code': 975390, 'isMfaVerified': 1, 'isStartMfaVerify': 1}
INFO     - 2025-10-10 10:59:11 - [session:141] - [2025-10-10 10:59:10.673] 请求完成: POST https://uat.atcp.top/api/sys/auth/login | 状态码: 200 | 耗时: 868.93ms
INFO     - 2025-10-10 10:59:11 - [session:143] - [2025-10-10 10:59:10.673] 响应头: {'Date': 'Fri, 10 Oct 2025 02:59:11 GMT', 'Content-Type': 'application/json', 'Transfer-Encoding': 'chunked', 'Connection': 'keep-alive', 'Server': 'cloudflare', 'vary': 'Accept-Encoding, Origin, Access-Control-Request-Method, Access-Control-Request-Headers', 'x-content-type-options': 'nosniff', 'x-xss-protection': '0', 'Cache-Control': 'no-cache, no-store, max-age=0, must-revalidate', 'pragma': 'no-cache', 'expires': '0', 'strict-transport-security': 'max-age=31536000', 'Content-Encoding': 'gzip', 'cf-cache-status': 'DYNAMIC', 'Nel': '{"report_to":"cf-nel","success_fraction":0.0,"max_age":604800}', 'Report-To': '{"group":"cf-nel","max_age":604800,"endpoints":[{"url":"https://a.nel.cloudflare.com/report/v4?s=Bx7mvuiPOTYNhubIdXXyLhhY2a9Ys%2B6vCGZnxylX8GzIvh7QCDLZYbmFgxipbnhJ%2Fnz4LvwsAtdAvI7gaeb6DdvoGl9V50wzPpA2Bw%3D%3D"}]}', 'CF-RAY': '98c2dc37fc51bdf3-AMS', 'alt-svc': 'h3=":443"; ma=86400'}
INFO     - 2025-10-10 10:59:11 - [session:149] - [2025-10-10 10:59:10.673] 响应JSON: {'code': 0, 'msg': 'success', 'data': {'accessTokenExpire': '2025-10-11 10:59:11', 'refreshTokenExpire': '2025-10-24 10:59:11', 'access_token': '0ff7bab325174ec7ac6fae181c4fd58b', 'refresh_token': '88768be58b2749a48fc34235f7929902'}}
INFO     - 2025-10-10 10:59:11 - [session:109] - [2025-10-10 10:58] 构建相对URL: https://uat.atcp.top/api + /mascontrol/group -> https://uat.atcp.top/api/mascontrol/group
INFO     - 2025-10-10 10:59:11 - [session:122] - [2025-10-10 10:59:11.542] POST 请求开始: https://uat.atcp.top/api/mascontrol/group
INFO     - 2025-10-10 10:59:11 - [session:123] - [2025-10-10 10:59:11.542] 请求参数: args=(), kwargs_keys=['data', 'json']
INFO     - 2025-10-10 10:59:11 - [session:131] - [2025-10-10 10:59:11.542] JSON请求体: {'name': '测试vps', 'color': '#EF7979', 'sort': 10, 'type': 1}
INFO     - 2025-10-10 10:59:12 - [session:141] - [2025-10-10 10:59:11.542] 请求完成: POST https://uat.atcp.top/api/mascontrol/group | 状态码: 200 | 耗时: 499.85ms
INFO     - 2025-10-10 10:59:12 - [session:143] - [2025-10-10 10:59:11.542] 响应头: {'Date': 'Fri, 10 Oct 2025 02:59:11 GMT', 'Content-Type': 'application/json', 'Transfer-Encoding': 'chunked', 'Connection': 'keep-alive', 'Server': 'cloudflare', 'vary': 'Accept-Encoding, Origin, Access-Control-Request-Method, Access-Control-Request-Headers', 'x-content-type-options': 'nosniff', 'x-xss-protection': '0', 'Cache-Control': 'no-cache, no-store, max-age=0, must-revalidate', 'pragma': 'no-cache', 'expires': '0', 'strict-transport-security': 'max-age=31536000', 'Content-Encoding': 'gzip', 'cf-cache-status': 'DYNAMIC', 'Nel': '{"report_to":"cf-nel","success_fraction":0.0,"max_age":604800}', 'Report-To': '{"group":"cf-nel","max_age":604800,"endpoints":[{"url":"https://a.nel.cloudflare.com/report/v4?s=yDup9DRuJu%2FDSVWL6f34taitu4DZX6q8XHDmPcu0XyWN8HLBqpommQ99KVyyPXw%2F7YmYqJOloEj%2FcJvkZJBmrH%2BChDuuJb%2Bo1gB4Yg%3D%3D"}]}', 'CF-RAY': '98c2dc3d7ac0bdf3-AMS', 'alt-svc': 'h3=":443"; ma=86400'}
INFO     - 2025-10-10 10:59:12 - [session:149] - [2025-10-10 10:59:11.542] 响应JSON: {'code': 0, 'msg': 'success', 'data': None}
INFO     - 2025-10-10 10:59:13 - [session:66] - [2025-10-10 10:58] 初始化环境会话: uat | Base URL: https://uat.atcp.top/api
INFO     - 2025-10-10 10:59:13 - [session:71] - [2025-10-10 10:58] 切换到Base URL: https://uat.atcp.top/api
INFO     - 2025-10-10 10:59:13 - [session:109] - [2025-10-10 10:58] 构建相对URL: https://uat.atcp.top/api + /sys/auth/login -> https://uat.atcp.top/api/sys/auth/login
INFO     - 2025-10-10 10:59:13 - [session:122] - [2025-10-10 10:59:13.549] POST 请求开始: https://uat.atcp.top/api/sys/auth/login
INFO     - 2025-10-10 10:59:13 - [session:123] - [2025-10-10 10:59:13.549] 请求参数: args=(), kwargs_keys=['data', 'json']
INFO     - 2025-10-10 10:59:13 - [session:131] - [2025-10-10 10:59:13.549] JSON请求体: {'username': 'xujunhao', 'password': '0413057acd9179ca85144779ba7a4e85b89f641f47a9f9ea1914e5a0f05d3ed4de4821f5ff0a59bbac226d75e06443bc77038a80cfb305645befbd12931fa8079730822f3be9c9a796b644dad8f3dd5e5917c4ef406666fd095b9d4eca02bb0e389411138e1420', 'captcha': '', 'key': '', 'secretKey': '', 'code': 975390, 'isMfaVerified': 1, 'isStartMfaVerify': 1}
INFO     - 2025-10-10 10:59:14 - [session:141] - [2025-10-10 10:59:13.549] 请求完成: POST https://uat.atcp.top/api/sys/auth/login | 状态码: 200 | 耗时: 1411.43ms
INFO     - 2025-10-10 10:59:14 - [session:143] - [2025-10-10 10:59:13.549] 响应头: {'Date': 'Fri, 10 Oct 2025 02:59:14 GMT', 'Content-Type': 'application/json', 'Transfer-Encoding': 'chunked', 'Connection': 'keep-alive', 'Server': 'cloudflare', 'vary': 'Accept-Encoding, Origin, Access-Control-Request-Method, Access-Control-Request-Headers', 'x-content-type-options': 'nosniff', 'x-xss-protection': '0', 'Cache-Control': 'no-cache, no-store, max-age=0, must-revalidate', 'pragma': 'no-cache', 'expires': '0', 'strict-transport-security': 'max-age=31536000', 'Content-Encoding': 'gzip', 'cf-cache-status': 'DYNAMIC', 'Nel': '{"report_to":"cf-nel","success_fraction":0.0,"max_age":604800}', 'Report-To': '{"group":"cf-nel","max_age":604800,"endpoints":[{"url":"https://a.nel.cloudflare.com/report/v4?s=Hm74eHveVXu6dK1Ox2WED4XQHBXgAZaPwgN7SxMWlCekGROX%2B%2FUijd1xF9RkFdyDSSMBTHFjiHFhIu%2F3vOVZFPJnCXSjELgEDwcNBw%3D%3D"}]}', 'CF-RAY': '98c2dc4cebdab908-AMS', 'alt-svc': 'h3=":443"; ma=86400'}
INFO     - 2025-10-10 10:59:14 - [session:149] - [2025-10-10 10:59:13.549] 响应JSON: {'code': 0, 'msg': 'success', 'data': {'accessTokenExpire': '2025-10-11 10:59:14', 'refreshTokenExpire': '2025-10-24 10:59:14', 'access_token': '1e767dcc3f9f4ca08c38c64ddfb532dd', 'refresh_token': 'a32d71cb74144548ba0d1f34c9e5701f'}}
INFO     - 2025-10-10 10:59:14 - [session:109] - [2025-10-10 10:58] 构建相对URL: https://uat.atcp.top/api + /mascontrol/variety/addTemplate -> https://uat.atcp.top/api/mascontrol/variety/addTemplate
INFO     - 2025-10-10 10:59:14 - [session:122] - [2025-10-10 10:59:14.960] POST 请求开始: https://uat.atcp.top/api/mascontrol/variety/addTemplate
INFO     - 2025-10-10 10:59:14 - [session:123] - [2025-10-10 10:59:14.960] 请求参数: args=(), kwargs_keys=['data', 'json', 'files']
INFO     - 2025-10-10 10:59:15 - [session:141] - [2025-10-10 10:59:14.960] 请求完成: POST https://uat.atcp.top/api/mascontrol/variety/addTemplate | 状态码: 200 | 耗时: 619.28ms
INFO     - 2025-10-10 10:59:15 - [session:143] - [2025-10-10 10:59:14.960] 响应头: {'Date': 'Fri, 10 Oct 2025 02:59:15 GMT', 'Content-Type': 'application/json', 'Transfer-Encoding': 'chunked', 'Connection': 'keep-alive', 'Server': 'cloudflare', 'vary': 'Accept-Encoding, Origin, Access-Control-Request-Method, Access-Control-Request-Headers', 'x-content-type-options': 'nosniff', 'x-xss-protection': '0', 'Cache-Control': 'no-cache, no-store, max-age=0, must-revalidate', 'pragma': 'no-cache', 'expires': '0', 'strict-transport-security': 'max-age=31536000', 'Content-Encoding': 'gzip', 'cf-cache-status': 'DYNAMIC', 'Nel': '{"report_to":"cf-nel","success_fraction":0.0,"max_age":604800}', 'Report-To': '{"group":"cf-nel","max_age":604800,"endpoints":[{"url":"https://a.nel.cloudflare.com/report/v4?s=v7dlR2kyZ5RclCG4Yp8MuViegLxvIfIMFWIdWa0ai2c28NFpFh6MRR9GDmcSKm%2BV4J%2BTqtbpqYXE2X1CteFktOCtD4fFs9zIFno5nA%3D%3D"}]}', 'CF-RAY': '98c2dc52def4b908-AMS', 'alt-svc': 'h3=":443"; ma=86400'}
INFO     - 2025-10-10 10:59:15 - [session:149] - [2025-10-10 10:59:14.960] 响应JSON: {'code': 0, 'msg': 'success', 'data': '新增成功'}
INFO     - 2025-10-10 10:59:17 - [session:66] - [2025-10-10 10:58] 初始化环境会话: uat | Base URL: https://uat.atcp.top/api
INFO     - 2025-10-10 10:59:17 - [session:71] - [2025-10-10 10:58] 切换到Base URL: https://uat.atcp.top/api
INFO     - 2025-10-10 10:59:17 - [session:109] - [2025-10-10 10:58] 构建相对URL: https://uat.atcp.top/api + /sys/auth/login -> https://uat.atcp.top/api/sys/auth/login
INFO     - 2025-10-10 10:59:17 - [session:122] - [2025-10-10 10:59:17.344] POST 请求开始: https://uat.atcp.top/api/sys/auth/login
INFO     - 2025-10-10 10:59:17 - [session:123] - [2025-10-10 10:59:17.344] 请求参数: args=(), kwargs_keys=['data', 'json']
INFO     - 2025-10-10 10:59:17 - [session:131] - [2025-10-10 10:59:17.344] JSON请求体: {'username': 'xujunhao', 'password': '0413057acd9179ca85144779ba7a4e85b89f641f47a9f9ea1914e5a0f05d3ed4de4821f5ff0a59bbac226d75e06443bc77038a80cfb305645befbd12931fa8079730822f3be9c9a796b644dad8f3dd5e5917c4ef406666fd095b9d4eca02bb0e389411138e1420', 'captcha': '', 'key': '', 'secretKey': '', 'code': 975390, 'isMfaVerified': 1, 'isStartMfaVerify': 1}
INFO     - 2025-10-10 10:59:18 - [session:141] - [2025-10-10 10:59:17.344] 请求完成: POST https://uat.atcp.top/api/sys/auth/login | 状态码: 200 | 耗时: 1347.26ms
INFO     - 2025-10-10 10:59:18 - [session:143] - [2025-10-10 10:59:17.344] 响应头: {'Date': 'Fri, 10 Oct 2025 02:59:18 GMT', 'Content-Type': 'application/json', 'Transfer-Encoding': 'chunked', 'Connection': 'keep-alive', 'Server': 'cloudflare', 'vary': 'Accept-Encoding, Origin, Access-Control-Request-Method, Access-Control-Request-Headers', 'x-content-type-options': 'nosniff', 'x-xss-protection': '0', 'Cache-Control': 'no-cache, no-store, max-age=0, must-revalidate', 'pragma': 'no-cache', 'expires': '0', 'strict-transport-security': 'max-age=31536000', 'Content-Encoding': 'gzip', 'cf-cache-status': 'DYNAMIC', 'Nel': '{"report_to":"cf-nel","success_fraction":0.0,"max_age":604800}', 'Report-To': '{"group":"cf-nel","max_age":604800,"endpoints":[{"url":"https://a.nel.cloudflare.com/report/v4?s=Fuw42HCRAg6%2F2DmJFg%2Fs14XVM3Ie9hAM3hlogMqahidw9FtJE1gga1PCngHZJ0bMeIKkS0vKyT3MhhDRIlxA%2FF2lv1tJpB48SHwTMg%3D%3D"}]}', 'CF-RAY': '98c2dc646ac3b8af-AMS', 'alt-svc': 'h3=":443"; ma=86400'}
INFO     - 2025-10-10 10:59:18 - [session:149] - [2025-10-10 10:59:17.344] 响应JSON: {'code': 0, 'msg': 'success', 'data': {'accessTokenExpire': '2025-10-11 10:59:18', 'refreshTokenExpire': '2025-10-24 10:59:18', 'access_token': 'd29c675b1cbf47b29789c1c1d5c4edd6', 'refresh_token': 'f9a4645ce80f474d9d95cddcc120ad56'}}
INFO     - 2025-10-10 10:59:18 - [session:109] - [2025-10-10 10:58] 构建相对URL: https://uat.atcp.top/api + /mascontrol/variety/addTemplate -> https://uat.atcp.top/api/mascontrol/variety/addTemplate
INFO     - 2025-10-10 10:59:18 - [session:122] - [2025-10-10 10:59:18.697] POST 请求开始: https://uat.atcp.top/api/mascontrol/variety/addTemplate
INFO     - 2025-10-10 10:59:18 - [session:123] - [2025-10-10 10:59:18.697] 请求参数: args=(), kwargs_keys=['data', 'json', 'files']
INFO     - 2025-10-10 10:59:19 - [session:141] - [2025-10-10 10:59:18.697] 请求完成: POST https://uat.atcp.top/api/mascontrol/variety/addTemplate | 状态码: 200 | 耗时: 577.20ms
INFO     - 2025-10-10 10:59:19 - [session:143] - [2025-10-10 10:59:18.697] 响应头: {'Date': 'Fri, 10 Oct 2025 02:59:19 GMT', 'Content-Type': 'application/json', 'Transfer-Encoding': 'chunked', 'Connection': 'keep-alive', 'Server': 'cloudflare', 'vary': 'Accept-Encoding, Origin, Access-Control-Request-Method, Access-Control-Request-Headers', 'x-content-type-options': 'nosniff', 'x-xss-protection': '0', 'Cache-Control': 'no-cache, no-store, max-age=0, must-revalidate', 'pragma': 'no-cache', 'expires': '0', 'strict-transport-security': 'max-age=31536000', 'Content-Encoding': 'gzip', 'cf-cache-status': 'DYNAMIC', 'Nel': '{"report_to":"cf-nel","success_fraction":0.0,"max_age":604800}', 'Report-To': '{"group":"cf-nel","max_age":604800,"endpoints":[{"url":"https://a.nel.cloudflare.com/report/v4?s=cene0DtjOzr6XBiVD4vTpMgARjxisNKl7%2Fv65hf5jD0Ljqqtx13pz13KlKBnLaRWAKHzJtJLL8DFzNGOhu0Rx1qLyNeAf%2B975ZR%2B7A%3D%3D"}]}', 'CF-RAY': '98c2dc6a1cd6b8af-AMS', 'alt-svc': 'h3=":443"; ma=86400'}
INFO     - 2025-10-10 10:59:19 - [session:149] - [2025-10-10 10:59:18.697] 响应JSON: {'code': 0, 'msg': 'success', 'data': '新增成功'}
INFO     - 2025-10-10 10:59:21 - [session:66] - [2025-10-10 10:58] 初始化环境会话: uat | Base URL: https://uat.atcp.top/api
INFO     - 2025-10-10 10:59:21 - [session:71] - [2025-10-10 10:58] 切换到Base URL: https://uat.atcp.top/api
INFO     - 2025-10-10 10:59:21 - [session:109] - [2025-10-10 10:58] 构建相对URL: https://uat.atcp.top/api + /sys/auth/login -> https://uat.atcp.top/api/sys/auth/login
INFO     - 2025-10-10 10:59:21 - [session:122] - [2025-10-10 10:59:21.025] POST 请求开始: https://uat.atcp.top/api/sys/auth/login
INFO     - 2025-10-10 10:59:21 - [session:123] - [2025-10-10 10:59:21.025] 请求参数: args=(), kwargs_keys=['data', 'json']
INFO     - 2025-10-10 10:59:21 - [session:131] - [2025-10-10 10:59:21.025] JSON请求体: {'username': 'xujunhao', 'password': '0413057acd9179ca85144779ba7a4e85b89f641f47a9f9ea1914e5a0f05d3ed4de4821f5ff0a59bbac226d75e06443bc77038a80cfb305645befbd12931fa8079730822f3be9c9a796b644dad8f3dd5e5917c4ef406666fd095b9d4eca02bb0e389411138e1420', 'captcha': '', 'key': '', 'secretKey': '', 'code': 975390, 'isMfaVerified': 1, 'isStartMfaVerify': 1}
INFO     - 2025-10-10 10:59:22 - [session:141] - [2025-10-10 10:59:21.025] 请求完成: POST https://uat.atcp.top/api/sys/auth/login | 状态码: 200 | 耗时: 1033.20ms
INFO     - 2025-10-10 10:59:22 - [session:143] - [2025-10-10 10:59:21.025] 响应头: {'Date': 'Fri, 10 Oct 2025 02:59:21 GMT', 'Content-Type': 'application/json', 'Transfer-Encoding': 'chunked', 'Connection': 'keep-alive', 'Server': 'cloudflare', 'vary': 'Accept-Encoding, Origin, Access-Control-Request-Method, Access-Control-Request-Headers', 'x-content-type-options': 'nosniff', 'x-xss-protection': '0', 'Cache-Control': 'no-cache, no-store, max-age=0, must-revalidate', 'pragma': 'no-cache', 'expires': '0', 'strict-transport-security': 'max-age=31536000', 'Content-Encoding': 'gzip', 'cf-cache-status': 'DYNAMIC', 'Nel': '{"report_to":"cf-nel","success_fraction":0.0,"max_age":604800}', 'Report-To': '{"group":"cf-nel","max_age":604800,"endpoints":[{"url":"https://a.nel.cloudflare.com/report/v4?s=yFS4ImJBJjQX6VaqSmlIHEGL2gWgsUK%2BpMiv%2FJCXS6s65Nv7jHMxChUV65R7NF5wYUCu6JFIfzoEkxYm3CJKLl1C6d0X9l4Do70uAw%3D%3D"}]}', 'CF-RAY': '98c2dc7ba9d46710-AMS', 'alt-svc': 'h3=":443"; ma=86400'}
INFO     - 2025-10-10 10:59:22 - [session:149] - [2025-10-10 10:59:21.025] 响应JSON: {'code': 0, 'msg': 'success', 'data': {'accessTokenExpire': '2025-10-11 10:59:21', 'refreshTokenExpire': '2025-10-24 10:59:21', 'access_token': '42a18ff37e994310ae8be2729c9c73e0', 'refresh_token': '83371468e88b4eb09db2361d97b8b65e'}}
INFO     - 2025-10-10 10:59:22 - [session:109] - [2025-10-10 10:58] 构建相对URL: https://uat.atcp.top/api + /mascontrol/vps/connect -> https://uat.atcp.top/api/mascontrol/vps/connect
INFO     - 2025-10-10 10:59:22 - [session:122] - [2025-10-10 10:59:22.058] GET 请求开始: https://uat.atcp.top/api/mascontrol/vps/connect
INFO     - 2025-10-10 10:59:22 - [session:123] - [2025-10-10 10:59:22.058] 请求参数: args=(), kwargs_keys=['params', 'allow_redirects']
INFO     - 2025-10-10 10:59:22 - [session:141] - [2025-10-10 10:59:22.058] 请求完成: GET https://uat.atcp.top/api/mascontrol/vps/connect | 状态码: 200 | 耗时: 549.07ms
INFO     - 2025-10-10 10:59:22 - [session:143] - [2025-10-10 10:59:22.058] 响应头: {'Date': 'Fri, 10 Oct 2025 02:59:22 GMT', 'Content-Type': 'application/json', 'Transfer-Encoding': 'chunked', 'Connection': 'keep-alive', 'Server': 'cloudflare', 'vary': 'Accept-Encoding, Origin, Access-Control-Request-Method, Access-Control-Request-Headers', 'x-content-type-options': 'nosniff', 'x-xss-protection': '0', 'Cache-Control': 'no-cache, no-store, max-age=0, must-revalidate', 'pragma': 'no-cache', 'expires': '0', 'strict-transport-security': 'max-age=31536000', 'Content-Encoding': 'gzip', 'cf-cache-status': 'DYNAMIC', 'Nel': '{"report_to":"cf-nel","success_fraction":0.0,"max_age":604800}', 'Report-To': '{"group":"cf-nel","max_age":604800,"endpoints":[{"url":"https://a.nel.cloudflare.com/report/v4?s=Sydxbc7rjgDiVwVJ0MH3glQ2hkBu7auAzjep%2BbQGgeFtVBj%2FPirnaEXXF4DFzONWSUO20SGIis31wCxBxQmayAhFJqgOPON4kvRiWQ%3D%3D"}]}', 'CF-RAY': '98c2dc7f3b436710-AMS', 'alt-svc': 'h3=":443"; ma=86400'}
INFO     - 2025-10-10 10:59:22 - [session:149] - [2025-10-10 10:59:22.058] 响应JSON: {'code': 0, 'msg': 'success', 'data': True}
INFO     - 2025-10-10 10:59:23 - [session:66] - [2025-10-10 10:58] 初始化环境会话: uat | Base URL: https://uat.atcp.top/api
INFO     - 2025-10-10 10:59:23 - [session:71] - [2025-10-10 10:58] 切换到Base URL: https://uat.atcp.top/api
INFO     - 2025-10-10 10:59:23 - [session:109] - [2025-10-10 10:58] 构建相对URL: https://uat.atcp.top/api + /sys/auth/login -> https://uat.atcp.top/api/sys/auth/login
INFO     - 2025-10-10 10:59:23 - [session:122] - [2025-10-10 10:59:23.625] POST 请求开始: https://uat.atcp.top/api/sys/auth/login
INFO     - 2025-10-10 10:59:23 - [session:123] - [2025-10-10 10:59:23.625] 请求参数: args=(), kwargs_keys=['data', 'json']
INFO     - 2025-10-10 10:59:23 - [session:131] - [2025-10-10 10:59:23.625] JSON请求体: {'username': 'xujunhao', 'password': '0413057acd9179ca85144779ba7a4e85b89f641f47a9f9ea1914e5a0f05d3ed4de4821f5ff0a59bbac226d75e06443bc77038a80cfb305645befbd12931fa8079730822f3be9c9a796b644dad8f3dd5e5917c4ef406666fd095b9d4eca02bb0e389411138e1420', 'captcha': '', 'key': '', 'secretKey': '', 'code': 975390, 'isMfaVerified': 1, 'isStartMfaVerify': 1}
INFO     - 2025-10-10 10:59:24 - [session:141] - [2025-10-10 10:59:23.625] 请求完成: POST https://uat.atcp.top/api/sys/auth/login | 状态码: 200 | 耗时: 1039.21ms
INFO     - 2025-10-10 10:59:24 - [session:143] - [2025-10-10 10:59:23.625] 响应头: {'Date': 'Fri, 10 Oct 2025 02:59:24 GMT', 'Content-Type': 'application/json', 'Transfer-Encoding': 'chunked', 'Connection': 'keep-alive', 'Server': 'cloudflare', 'vary': 'Accept-Encoding, Origin, Access-Control-Request-Method, Access-Control-Request-Headers', 'x-content-type-options': 'nosniff', 'x-xss-protection': '0', 'Cache-Control': 'no-cache, no-store, max-age=0, must-revalidate', 'pragma': 'no-cache', 'expires': '0', 'strict-transport-security': 'max-age=31536000', 'Content-Encoding': 'gzip', 'cf-cache-status': 'DYNAMIC', 'Nel': '{"report_to":"cf-nel","success_fraction":0.0,"max_age":604800}', 'Report-To': '{"group":"cf-nel","max_age":604800,"endpoints":[{"url":"https://a.nel.cloudflare.com/report/v4?s=T7wmpb6IN3CDjrhUo1ROfYhZiZveSn12%2BaYbKoMXJvME%2BwQth1omlE2rgCyrekn969GkOyWbMXDbfIF0nQn3UyzR5NpFBFu%2B3fFZXw%3D%3D"}]}', 'CF-RAY': '98c2dc8bfa380b7b-AMS', 'alt-svc': 'h3=":443"; ma=86400'}
INFO     - 2025-10-10 10:59:24 - [session:149] - [2025-10-10 10:59:23.625] 响应JSON: {'code': 0, 'msg': 'success', 'data': {'accessTokenExpire': '2025-10-11 10:59:24', 'refreshTokenExpire': '2025-10-24 10:59:24', 'access_token': 'b31499fe860945fd91a6514f39c84400', 'refresh_token': '22d92b483e834035ac7592ad7f514b5a'}}
INFO     - 2025-10-10 10:59:24 - [session:109] - [2025-10-10 10:58] 构建相对URL: https://uat.atcp.top/api + /sys/role/role -> https://uat.atcp.top/api/sys/role/role
INFO     - 2025-10-10 10:59:24 - [session:122] - [2025-10-10 10:59:24.666] GET 请求开始: https://uat.atcp.top/api/sys/role/role
INFO     - 2025-10-10 10:59:24 - [session:123] - [2025-10-10 10:59:24.666] 请求参数: args=(), kwargs_keys=['params', 'allow_redirects']
INFO     - 2025-10-10 10:59:25 - [session:141] - [2025-10-10 10:59:24.666] 请求完成: GET https://uat.atcp.top/api/sys/role/role | 状态码: 200 | 耗时: 524.70ms
INFO     - 2025-10-10 10:59:25 - [session:143] - [2025-10-10 10:59:24.666] 响应头: {'Date': 'Fri, 10 Oct 2025 02:59:25 GMT', 'Content-Type': 'application/json', 'Transfer-Encoding': 'chunked', 'Connection': 'keep-alive', 'Server': 'cloudflare', 'vary': 'Accept-Encoding, Origin, Access-Control-Request-Method, Access-Control-Request-Headers', 'x-content-type-options': 'nosniff', 'x-xss-protection': '0', 'Cache-Control': 'no-cache, no-store, max-age=0, must-revalidate', 'pragma': 'no-cache', 'expires': '0', 'strict-transport-security': 'max-age=31536000', 'Content-Encoding': 'gzip', 'cf-cache-status': 'DYNAMIC', 'Nel': '{"report_to":"cf-nel","success_fraction":0.0,"max_age":604800}', 'Report-To': '{"group":"cf-nel","max_age":604800,"endpoints":[{"url":"https://a.nel.cloudflare.com/report/v4?s=0HEwG787oJ%2BBsBqoJBRUXEHZtRQjvtM2ZlUYExc57jYtiGMVIbzkLrTy4I8xnxRVAji%2FHV4z2p7rJ%2BAB%2FKhzDd%2B2vdC8ppg2jlscxQ%3D%3D"}]}', 'CF-RAY': '98c2dc8f7bc80b7b-AMS', 'alt-svc': 'h3=":443"; ma=86400'}
INFO     - 2025-10-10 10:59:25 - [session:149] - [2025-10-10 10:59:24.666] 响应JSON: {'code': 0, 'msg': 'success', 'data': [{'id': 34, 'name': '审核人员', 'roleCode': None, 'remark': None, 'dataScope': None, 'menuIdList': None, 'orgIdList': None, 'userNum': None, 'createTime': None, 'vpsIdList': None, 'vpsNameList': None}, {'id': 53, 'name': 'deletetest', 'roleCode': None, 'remark': None, 'dataScope': None, 'menuIdList': None, 'orgIdList': None, 'userNum': None, 'createTime': None, 'vpsIdList': None, 'vpsNameList': None}, {'id': 54, 'name': '测试人员', 'roleCode': None, 'remark': None, 'dataScope': None, 'menuIdList': None, 'orgIdList': None, 'userNum': None, 'createTime': None, 'vpsIdList': None, 'vpsNameList': None}, {'id': 55, 'name': 'test', 'roleCode': None, 'remark': None, 'dataScope': None, 'menuIdList': None, 'orgIdList': None, 'userNum': None, 'createTime': None, 'vpsIdList': None, 'vpsNameList': None}, {'id': 57, 'name': '无权限', 'roleCode': None, 'remark': None, 'dataScope': None, 'menuIdList': None, 'orgIdList': None, 'userNum': None, 'createTime': None, 'vpsIdList': None, 'vpsNameList': None}, {'id': 58, 'name': '测试无权限', 'roleCode': None, 'remark': None, 'dataScope': None, 'menuIdList': None, 'orgIdList': None, 'userNum': None, 'createTime': None, 'vpsIdList': None, 'vpsNameList': None}, {'id': 59, 'name': 'allon-test', 'roleCode': None, 'remark': None, 'dataScope': None, 'menuIdList': None, 'orgIdList': None, 'userNum': None, 'createTime': None, 'vpsIdList': None, 'vpsNameList': None}, {'id': 65, 'name': '后台管理人员', 'roleCode': None, 'remark': None, 'dataScope': None, 'menuIdList': None, 'orgIdList': None, 'userNum': None, 'createTime': None, 'vpsIdList': None, 'vpsNameList': None}, {'id': 66, 'name': '数分部门', 'roleCode': None, 'remark': None, 'dataScope': None, 'menuIdList': None, 'orgIdList': None, 'userNum': None, 'createTime': None, 'vpsIdList': None, 'vpsNameList': None}]}
INFO     - 2025-10-10 10:59:26 - [session:66] - [2025-10-10 10:58] 初始化环境会话: uat | Base URL: https://uat.atcp.top/api
INFO     - 2025-10-10 10:59:26 - [session:71] - [2025-10-10 10:58] 切换到Base URL: https://uat.atcp.top/api
INFO     - 2025-10-10 10:59:26 - [session:109] - [2025-10-10 10:58] 构建相对URL: https://uat.atcp.top/api + /sys/auth/login -> https://uat.atcp.top/api/sys/auth/login
INFO     - 2025-10-10 10:59:26 - [session:122] - [2025-10-10 10:59:26.209] POST 请求开始: https://uat.atcp.top/api/sys/auth/login
INFO     - 2025-10-10 10:59:26 - [session:123] - [2025-10-10 10:59:26.209] 请求参数: args=(), kwargs_keys=['data', 'json']
INFO     - 2025-10-10 10:59:26 - [session:131] - [2025-10-10 10:59:26.209] JSON请求体: {'username': 'xujunhao', 'password': '0413057acd9179ca85144779ba7a4e85b89f641f47a9f9ea1914e5a0f05d3ed4de4821f5ff0a59bbac226d75e06443bc77038a80cfb305645befbd12931fa8079730822f3be9c9a796b644dad8f3dd5e5917c4ef406666fd095b9d4eca02bb0e389411138e1420', 'captcha': '', 'key': '', 'secretKey': '', 'code': 975390, 'isMfaVerified': 1, 'isStartMfaVerify': 1}
INFO     - 2025-10-10 10:59:27 - [session:141] - [2025-10-10 10:59:26.209] 请求完成: POST https://uat.atcp.top/api/sys/auth/login | 状态码: 200 | 耗时: 1346.87ms
INFO     - 2025-10-10 10:59:27 - [session:143] - [2025-10-10 10:59:26.209] 响应头: {'Date': 'Fri, 10 Oct 2025 02:59:27 GMT', 'Content-Type': 'application/json', 'Transfer-Encoding': 'chunked', 'Connection': 'keep-alive', 'Server': 'cloudflare', 'vary': 'Accept-Encoding, Origin, Access-Control-Request-Method, Access-Control-Request-Headers', 'x-content-type-options': 'nosniff', 'x-xss-protection': '0', 'Cache-Control': 'no-cache, no-store, max-age=0, must-revalidate', 'pragma': 'no-cache', 'expires': '0', 'strict-transport-security': 'max-age=31536000', 'Content-Encoding': 'gzip', 'cf-cache-status': 'DYNAMIC', 'Nel': '{"report_to":"cf-nel","success_fraction":0.0,"max_age":604800}', 'Report-To': '{"group":"cf-nel","max_age":604800,"endpoints":[{"url":"https://a.nel.cloudflare.com/report/v4?s=X8Mzt7iruTxqS2i2Xvu4%2BiRjgdNekJZ1%2FqniFG4PNntoh%2FdiamO%2Ft1V%2FN51%2BDELYMEF0y8H%2B3K6VxVF6fswW0o3RA7FFRMV7yMWKGQ%3D%3D"}]}', 'CF-RAY': '98c2dc9bc887fece-AMS', 'alt-svc': 'h3=":443"; ma=86400'}
INFO     - 2025-10-10 10:59:27 - [session:149] - [2025-10-10 10:59:26.209] 响应JSON: {'code': 0, 'msg': 'success', 'data': {'accessTokenExpire': '2025-10-11 10:59:27', 'refreshTokenExpire': '2025-10-24 10:59:27', 'access_token': '045981851719487da92832fae415e777', 'refresh_token': 'b08d15f3e5de40138e155ea191203708'}}
INFO     - 2025-10-10 10:59:27 - [session:77] - [2025-10-10 10:58] 切换到VPS URL: https://39.101.181.190/vps
INFO     - 2025-10-10 10:59:27 - [session:109] - [2025-10-10 10:58] 构建相对URL: https://39.101.181.190/vps + /subcontrol/trader -> https://39.101.181.190/vps/subcontrol/trader
INFO     - 2025-10-10 10:59:27 - [session:122] - [2025-10-10 10:59:27.560] POST 请求开始: https://39.101.181.190/vps/subcontrol/trader
INFO     - 2025-10-10 10:59:27 - [session:123] - [2025-10-10 10:59:27.560] 请求参数: args=(), kwargs_keys=['data', 'json']
INFO     - 2025-10-10 10:59:27 - [session:131] - [2025-10-10 10:59:27.560] JSON请求体: {'account': '300151', 'password': 'fa1af751c83d311f091c9393a364068c', 'platform': 'FXAdamantStone-Real', 'remark': '', 'platformId': '', 'type': 0, 'templateId': 1, 'followStatus': 1, 'cfd': '', 'forex': '', 'followOrderRemark': 1, 'fixedComment': '', 'commentType': '', 'digits': ''}
INFO     - 2025-10-10 10:59:37 - [session:141] - [2025-10-10 10:59:27.560] 请求完成: POST https://39.101.181.190/vps/subcontrol/trader | 状态码: 200 | 耗时: 10082.64ms
INFO     - 2025-10-10 10:59:37 - [session:143] - [2025-10-10 10:59:27.560] 响应头: {'Server': 'nginx', 'Date': 'Fri, 10 Oct 2025 02:59:37 GMT', 'Content-Type': 'application/json', 'Transfer-Encoding': 'chunked', 'Connection': 'keep-alive', 'Vary': 'Accept-Encoding, Origin, Access-Control-Request-Method, Access-Control-Request-Headers', 'X-Content-Type-Options': 'nosniff', 'X-XSS-Protection': '0', 'Cache-Control': 'no-cache, no-store, max-age=0, must-revalidate', 'Pragma': 'no-cache', 'Expires': '0', 'Strict-Transport-Security': 'max-age=31536000', 'Content-Encoding': 'gzip'}
INFO     - 2025-10-10 10:59:37 - [session:149] - [2025-10-10 10:59:27.560] 响应JSON: {'code': 0, 'msg': 'success', 'data': None}
INFO     - 2025-10-10 10:59:39 - [session:66] - [2025-10-10 10:58] 初始化环境会话: uat | Base URL: https://uat.atcp.top/api
INFO     - 2025-10-10 10:59:39 - [session:71] - [2025-10-10 10:58] 切换到Base URL: https://uat.atcp.top/api
INFO     - 2025-10-10 10:59:39 - [session:109] - [2025-10-10 10:58] 构建相对URL: https://uat.atcp.top/api + /sys/auth/login -> https://uat.atcp.top/api/sys/auth/login
INFO     - 2025-10-10 10:59:39 - [session:122] - [2025-10-10 10:59:39.163] POST 请求开始: https://uat.atcp.top/api/sys/auth/login
INFO     - 2025-10-10 10:59:39 - [session:123] - [2025-10-10 10:59:39.163] 请求参数: args=(), kwargs_keys=['data', 'json']
INFO     - 2025-10-10 10:59:39 - [session:131] - [2025-10-10 10:59:39.163] JSON请求体: {'username': 'xujunhao', 'password': '0413057acd9179ca85144779ba7a4e85b89f641f47a9f9ea1914e5a0f05d3ed4de4821f5ff0a59bbac226d75e06443bc77038a80cfb305645befbd12931fa8079730822f3be9c9a796b644dad8f3dd5e5917c4ef406666fd095b9d4eca02bb0e389411138e1420', 'captcha': '', 'key': '', 'secretKey': '', 'code': 791622, 'isMfaVerified': 1, 'isStartMfaVerify': 1}
INFO     - 2025-10-10 10:59:40 - [session:141] - [2025-10-10 10:59:39.163] 请求完成: POST https://uat.atcp.top/api/sys/auth/login | 状态码: 200 | 耗时: 1693.68ms
INFO     - 2025-10-10 10:59:40 - [session:143] - [2025-10-10 10:59:39.163] 响应头: {'Date': 'Fri, 10 Oct 2025 02:59:40 GMT', 'Content-Type': 'application/json', 'Transfer-Encoding': 'chunked', 'Connection': 'keep-alive', 'Server': 'cloudflare', 'vary': 'Accept-Encoding, Origin, Access-Control-Request-Method, Access-Control-Request-Headers', 'x-content-type-options': 'nosniff', 'x-xss-protection': '0', 'Cache-Control': 'no-cache, no-store, max-age=0, must-revalidate', 'pragma': 'no-cache', 'expires': '0', 'strict-transport-security': 'max-age=31536000', 'Content-Encoding': 'gzip', 'cf-cache-status': 'DYNAMIC', 'Nel': '{"report_to":"cf-nel","success_fraction":0.0,"max_age":604800}', 'Report-To': '{"group":"cf-nel","max_age":604800,"endpoints":[{"url":"https://a.nel.cloudflare.com/report/v4?s=FCr7fZeigCNmhCzpm4Bz004MjuwqrHldjIfctc2apBbpv1WhxQSfzXRYCnsK6t685cjmGVz3GzXlDSvihxk3z4ijJBUsV51u1%2BJhgw%3D%3D"}]}', 'CF-RAY': '98c2dced2aa35671-AMS', 'alt-svc': 'h3=":443"; ma=86400'}
INFO     - 2025-10-10 10:59:40 - [session:149] - [2025-10-10 10:59:39.163] 响应JSON: {'code': 0, 'msg': 'success', 'data': {'accessTokenExpire': '2025-10-11 10:59:40', 'refreshTokenExpire': '2025-10-24 10:59:40', 'access_token': 'be2c8970ea3746fabe919ab1b5bc65a0', 'refresh_token': 'b4b50ab201a641398c3b2ef78b97ec33'}}
INFO     - 2025-10-10 10:59:40 - [session:77] - [2025-10-10 10:58] 切换到VPS URL: https://39.101.181.190/vps
INFO     - 2025-10-10 10:59:40 - [session:109] - [2025-10-10 10:58] 构建相对URL: https://39.101.181.190/vps + /subcontrol/follow/addSlave -> https://39.101.181.190/vps/subcontrol/follow/addSlave
INFO     - 2025-10-10 10:59:40 - [session:122] - [2025-10-10 10:59:40.857] POST 请求开始: https://39.101.181.190/vps/subcontrol/follow/addSlave
INFO     - 2025-10-10 10:59:40 - [session:123] - [2025-10-10 10:59:40.857] 请求参数: args=(), kwargs_keys=['data', 'json']
INFO     - 2025-10-10 10:59:40 - [session:131] - [2025-10-10 10:59:40.857] JSON请求体: {'traderId': 8995, 'platform': 'FXAdamantStone-Real', 'account': '300152', 'password': 'fa1af751c83d311f091c9393a364068c', 'remark': '', 'followDirection': 0, 'followMode': 1, 'remainder': 0, 'followParam': 1, 'placedType': 0, 'templateId': 1, 'followStatus': 1, 'followOpen': 1, 'followClose': 1, 'followRep': 0, 'fixedComment': '', 'commentType': '', 'digits': 0, 'cfd': '', 'forex': '', 'abRemark': ''}
INFO     - 2025-10-10 10:59:50 - [session:141] - [2025-10-10 10:59:40.857] 请求完成: POST https://39.101.181.190/vps/subcontrol/follow/addSlave | 状态码: 200 | 耗时: 9679.31ms
INFO     - 2025-10-10 10:59:50 - [session:143] - [2025-10-10 10:59:40.857] 响应头: {'Server': 'nginx', 'Date': 'Fri, 10 Oct 2025 02:59:50 GMT', 'Content-Type': 'application/json', 'Transfer-Encoding': 'chunked', 'Connection': 'keep-alive', 'Vary': 'Accept-Encoding, Origin, Access-Control-Request-Method, Access-Control-Request-Headers', 'X-Content-Type-Options': 'nosniff', 'X-XSS-Protection': '0', 'Cache-Control': 'no-cache, no-store, max-age=0, must-revalidate', 'Pragma': 'no-cache', 'Expires': '0', 'Strict-Transport-Security': 'max-age=31536000', 'Content-Encoding': 'gzip'}
INFO     - 2025-10-10 10:59:50 - [session:149] - [2025-10-10 10:59:40.857] 响应JSON: {'code': 0, 'msg': 'success', 'data': None}
