2025-06-23 15:19:33,581 - INFO - [test] - 环境会话初始化: test
2025-06-23 15:19:33,582 - INFO - [test] - [REQ-20250623151933-1] 请求开始: POST http://39.99.136.49:9000/sys/auth/login
2025-06-23 15:19:33,582 - INFO - [test] - [REQ-20250623151933-1] 请求时间: 2025-06-23 15:19:33.582
2025-06-23 15:19:33,582 - INFO - [test] - [REQ-20250623151933-1] 请求参数: args=(), kwargs keys=['data', 'json']
2025-06-23 15:19:33,583 - INFO - [test] - [REQ-20250623151933-1] JSON数据: {'username': 'admin', 'password': '04739db02172e04f63f5278211184deec745bad9d797882b343e7201898d8da1d9fced282f6b271d3815a5057482e62c6f6b88dacb642ba05632bd2ee348101c76cb1f86b70f91695fd1cff11fce76246f044ace477cdbfa1e3e1521b19b023b14c7165e82c5'}
2025-06-23 15:19:33,727 - INFO - [test] - [REQ-20250623151933-1] 请求完成: POST http://39.99.136.49:9000/sys/auth/login
2025-06-23 15:19:33,727 - INFO - [test] - [REQ-20250623151933-1] 响应时间: 2025-06-23 15:19:33.727
2025-06-23 15:19:33,727 - INFO - [test] - [REQ-20250623151933-1] 响应耗时: 145.18ms
2025-06-23 15:19:33,727 - INFO - [test] - [REQ-20250623151933-1] 状态码: 200
2025-06-23 15:19:33,727 - INFO - [test] - [REQ-20250623151933-1] 响应头: {'Vary': 'Origin, Access-Control-Request-Method, Access-Control-Request-Headers', 'X-Content-Type-Options': 'nosniff', 'X-XSS-Protection': '0', 'Cache-Control': 'no-cache, no-store, max-age=0, must-revalidate', 'Pragma': 'no-cache', 'Expires': '0', 'Content-Type': 'application/json', 'Transfer-Encoding': 'chunked', 'Date': 'Mon, 23 Jun 2025 07:19:28 GMT', 'Keep-Alive': 'timeout=60', 'Connection': 'keep-alive'}
2025-06-23 15:19:33,727 - INFO - [test] - [REQ-20250623151933-1] 响应体: {"code":0,"msg":"success","data":{"accessTokenExpire":"2025-06-24 15:19:28","refreshTokenExpire":"2025-07-07 15:19:28","access_token":"2895fa47c7fc488e96c8701bef5dc1cd","refresh_token":"7f10bdd557ae4a7cb41bc9a9b9595f11"}}
2025-06-23 15:22:35,033 - INFO - [test] - 环境会话初始化: test
2025-06-23 15:22:35,034 - INFO - [test] - [REQ-20250623152235-1] 请求开始: POST http://39.99.136.49:9000/sys/auth/login
2025-06-23 15:22:35,034 - INFO - [test] - [REQ-20250623152235-1] 请求时间: 2025-06-23 15:22:35.034
2025-06-23 15:22:35,034 - INFO - [test] - [REQ-20250623152235-1] 请求参数: args=(), kwargs keys=['data', 'json']
2025-06-23 15:22:35,034 - INFO - [test] - [REQ-20250623152235-1] JSON数据: {'username': 'admin', 'password': '04739db02172e04f63f5278211184deec745bad9d797882b343e7201898d8da1d9fced282f6b271d3815a5057482e62c6f6b88dacb642ba05632bd2ee348101c76cb1f86b70f91695fd1cff11fce76246f044ace477cdbfa1e3e1521b19b023b14c7165e82c5'}
2025-06-23 15:22:35,176 - INFO - [test] - [REQ-20250623152235-1] 请求完成: POST http://39.99.136.49:9000/sys/auth/login
2025-06-23 15:22:35,176 - INFO - [test] - [REQ-20250623152235-1] 响应时间: 2025-06-23 15:22:35.176
2025-06-23 15:22:35,176 - INFO - [test] - [REQ-20250623152235-1] 响应耗时: 141.91ms
2025-06-23 15:22:35,176 - INFO - [test] - [REQ-20250623152235-1] 状态码: 200
2025-06-23 15:22:35,176 - INFO - [test] - [REQ-20250623152235-1] 响应头: {'Vary': 'Origin, Access-Control-Request-Method, Access-Control-Request-Headers', 'X-Content-Type-Options': 'nosniff', 'X-XSS-Protection': '0', 'Cache-Control': 'no-cache, no-store, max-age=0, must-revalidate', 'Pragma': 'no-cache', 'Expires': '0', 'Content-Type': 'application/json', 'Transfer-Encoding': 'chunked', 'Date': 'Mon, 23 Jun 2025 07:22:30 GMT', 'Keep-Alive': 'timeout=60', 'Connection': 'keep-alive'}
2025-06-23 15:22:35,176 - INFO - [test] - [REQ-20250623152235-1] 响应体: {"code":0,"msg":"success","data":{"accessTokenExpire":"2025-06-24 15:22:30","refreshTokenExpire":"2025-07-07 15:22:30","access_token":"2daa110c1a4e4315869373fe5e6e0b0d","refresh_token":"36731b1bf1f74f3ba185e79b9bc98014"}}
2025-06-23 15:22:35,176 - WARNING - [test] - 错误: JSONPath提取失败: extract() got an unexpected keyword argument 'expr'
2025-06-23 15:22:35,176 - WARNING - [test] - JSONPath表达式: $.data.access_token
2025-06-23 15:22:35,176 - WARNING - [test] - 响应数据结构: ['code', 'msg', 'data']
2025-06-23 15:22:35,451 - INFO - [test] - [REQ-20250623152235-2] 请求开始: POST http://39.99.136.49:9000/mascontrol/user
2025-06-23 15:22:35,452 - INFO - [test] - [REQ-20250623152235-2] 请求时间: 2025-06-23 15:22:35.451
2025-06-23 15:22:35,452 - INFO - [test] - [REQ-20250623152235-2] 请求参数: args=(), kwargs keys=['data', 'json']
2025-06-23 15:22:35,452 - INFO - [test] - [REQ-20250623152235-2] JSON数据: {'account': '119999306', 'password': 'e7cbbb0676452f88754c56852844abc8', 'platform': 'FXAdamantStone-Demo', 'accountType': '0', 'serverNode': '47.83.21.167:443', 'remark': '测试数据', 'sort': '12', 'vpsDescs': []}
2025-06-23 15:22:35,500 - INFO - [test] - [REQ-20250623152235-2] 请求完成: POST http://39.99.136.49:9000/mascontrol/user
2025-06-23 15:22:35,500 - INFO - [test] - [REQ-20250623152235-2] 响应时间: 2025-06-23 15:22:35.500
2025-06-23 15:22:35,500 - INFO - [test] - [REQ-20250623152235-2] 响应耗时: 49.67ms
2025-06-23 15:22:35,500 - INFO - [test] - [REQ-20250623152235-2] 状态码: 200
2025-06-23 15:22:35,500 - INFO - [test] - [REQ-20250623152235-2] 响应头: {'Access-Control-Allow-Credentials': 'true', 'X-Content-Type-Options': 'nosniff', 'X-XSS-Protection': '0', 'Cache-Control': 'no-cache, no-store, max-age=0, must-revalidate', 'Pragma': 'no-cache', 'Expires': '0', 'Content-Type': 'application/json;charset=utf-8', 'Content-Length': '60', 'Date': 'Mon, 23 Jun 2025 07:22:30 GMT', 'Keep-Alive': 'timeout=60', 'Connection': 'keep-alive'}
2025-06-23 15:22:35,500 - INFO - [test] - [REQ-20250623152235-2] 响应体: {"code":401,"msg":"登录无效，不能访问","data":null}
2025-06-23 15:32:52,251 - INFO - [test] - 环境会话初始化: test
2025-06-23 15:32:52,410 - WARNING - [test] - 错误: JSONPath提取失败: extract() got an unexpected keyword argument 'expr'
2025-06-23 15:32:52,410 - WARNING - [test] - JSONPath表达式: $.data.access_token
2025-06-23 15:32:52,410 - WARNING - [test] - 响应数据结构: ['code', 'msg', 'data']
2025-06-23 15:32:55,769 - WARNING - [test] - 错误: JSONPath提取失败: extract() got an unexpected keyword argument 'expr'
2025-06-23 15:32:55,769 - WARNING - [test] - JSONPath表达式: $.msg
2025-06-23 15:32:55,769 - WARNING - [test] - 响应数据结构: ['code', 'msg', 'data']
2025-06-23 15:43:40,708 - INFO - 初始化环境会话: test
2025-06-23 15:43:40,709 - INFO - 请求URL: http://39.99.136.49:9000/sys/auth/login
