2025-08-21 13:39:16,476 - INFO - [uat] - [2025-08-21 13:39] 初始化环境会话: uat | Base URL: https://uat.atcp.top/api
2025-08-21 13:39:16,478 - INFO - [uat] - [2025-08-21 13:39] 切换到Base URL: https://uat.atcp.top/api
2025-08-21 13:39:16,478 - INFO - [uat] - [2025-08-21 13:39] 构建相对URL: https://uat.atcp.top/api + /sys/auth/login -> https://uat.atcp.top/api/sys/auth/login
2025-08-21 13:39:16,478 - INFO - [uat] - [2025-08-21 13:39:16.478] POST 请求开始: https://uat.atcp.top/api/sys/auth/login
2025-08-21 13:39:16,478 - INFO - [uat] - [2025-08-21 13:39:16.478] 请求参数: args=(), kwargs_keys=['data', 'json']
2025-08-21 13:39:16,478 - INFO - [uat] - [2025-08-21 13:39:16.478] JSON请求体: {'username': 'xujunhao', 'password': '04ab152ebbde10be0fb30a66e25d72b9730c20eb7c6bf0215c16a58286baf80911433932c3f6185c890748b28d8bdbe4037cfadbfff8a310feef9f1c125cc24ba6178a3fa91914a26266be288daa985c8768f1c1a2e1c9198cb68b4a9e06f9ef89b364e70255a1', 'captcha': '', 'key': '', 'secretKey': '', 'code': 463174, 'isMfaVerified': 1, 'isStartMfaVerify': 1}
2025-08-21 13:39:18,106 - INFO - [uat] - [2025-08-21 13:39:16.478] 请求完成: POST https://uat.atcp.top/api/sys/auth/login | 状态码: 200 | 耗时: 1627.18ms
2025-08-21 13:39:18,106 - INFO - [uat] - [2025-08-21 13:39:16.478] 响应头: {'Date': 'Thu, 21 Aug 2025 05:39:17 GMT', 'Content-Type': 'application/json', 'Transfer-Encoding': 'chunked', 'Connection': 'keep-alive', 'Server': 'cloudflare', 'Vary': 'Accept-Encoding, Origin, Access-Control-Request-Method, Access-Control-Request-Headers', 'X-Content-Type-Options': 'nosniff', 'X-Xss-Protection': '0', 'Cache-Control': 'no-cache, no-store, max-age=0, must-revalidate', 'Pragma': 'no-cache', 'Expires': '0', 'Strict-Transport-Security': 'max-age=31536000', 'Content-Encoding': 'gzip', 'Cf-Cache-Status': 'DYNAMIC', 'Nel': '{"report_to":"cf-nel","success_fraction":0.0,"max_age":604800}', 'Report-To': '{"group":"cf-nel","max_age":604800,"endpoints":[{"url":"https://a.nel.cloudflare.com/report/v4?s=UdTxbUf6v8G3CjA5qjQIuzzUsc6kETWeFgZUwgqvPF2lhAskAzZhTGZqJ0tsYWbDQSqeFYZ0%2FzKXqpvFriFlxLBQDFpRlr3WKbqi%2BQ%3D%3D"}]}', 'CF-RAY': '9727ca007f10b97a-AMS', 'alt-svc': 'h3=":443"; ma=86400'}
2025-08-21 13:39:18,106 - INFO - [uat] - [2025-08-21 13:39:16.478] 响应JSON: {'code': 0, 'msg': 'success', 'data': {'accessTokenExpire': '2025-08-22 13:39:17', 'refreshTokenExpire': '2025-09-04 13:39:17', 'access_token': '44d09541d9a84941b7a5511a49e53092', 'refresh_token': '03b3f811bc8345af9c7b8c4a65559d25'}}
2025-08-21 13:39:18,107 - INFO - [uat] - [2025-08-21 13:39] 构建相对URL: https://uat.atcp.top/api + /sys/role/role -> https://uat.atcp.top/api/sys/role/role
2025-08-21 13:39:18,107 - INFO - [uat] - [2025-08-21 13:39:18.107] GET 请求开始: https://uat.atcp.top/api/sys/role/role
2025-08-21 13:39:18,107 - INFO - [uat] - [2025-08-21 13:39:18.107] 请求参数: args=(), kwargs_keys=['params', 'allow_redirects']
2025-08-21 13:39:18,612 - INFO - [uat] - [2025-08-21 13:39:18.107] 请求完成: GET https://uat.atcp.top/api/sys/role/role | 状态码: 200 | 耗时: 504.89ms
2025-08-21 13:39:18,612 - INFO - [uat] - [2025-08-21 13:39:18.107] 响应头: {'Date': 'Thu, 21 Aug 2025 05:39:18 GMT', 'Content-Type': 'application/json', 'Transfer-Encoding': 'chunked', 'Connection': 'keep-alive', 'Server': 'cloudflare', 'Vary': 'Accept-Encoding, Origin, Access-Control-Request-Method, Access-Control-Request-Headers', 'X-Content-Type-Options': 'nosniff', 'X-Xss-Protection': '0', 'Cache-Control': 'no-cache, no-store, max-age=0, must-revalidate', 'Pragma': 'no-cache', 'Expires': '0', 'Strict-Transport-Security': 'max-age=31536000', 'Content-Encoding': 'gzip', 'Cf-Cache-Status': 'DYNAMIC', 'Nel': '{"report_to":"cf-nel","success_fraction":0.0,"max_age":604800}', 'Report-To': '{"group":"cf-nel","max_age":604800,"endpoints":[{"url":"https://a.nel.cloudflare.com/report/v4?s=Ff83VxUHEa613XJAHKaKllosqyIuX3RZlWCJmCVVZ9Sisy6tBnFRbHFI%2FNc%2FdmnZUxhUooufiUcgJQR2s3LcztcOI3JT33NcZ%2BdImA%3D%3D"}]}', 'CF-RAY': '9727ca065af8b97a-AMS', 'alt-svc': 'h3=":443"; ma=86400'}
2025-08-21 13:39:18,612 - INFO - [uat] - [2025-08-21 13:39:18.107] 响应JSON: {'code': 0, 'msg': 'success', 'data': ['审核人员', 'deletetest', '测试人员', 'test', '无权限', '测试无权限', 'allon-test', '后台管理人员']}
2025-08-21 13:50:31,426 - INFO - [uat] - [2025-08-21 13:50] 初始化环境会话: uat | Base URL: https://uat.atcp.top/api
2025-08-21 13:50:31,426 - INFO - [uat] - [2025-08-21 13:50] 切换到Base URL: https://uat.atcp.top/api
2025-08-21 13:50:31,426 - INFO - [uat] - [2025-08-21 13:50] 构建相对URL: https://uat.atcp.top/api + /sys/auth/login -> https://uat.atcp.top/api/sys/auth/login
2025-08-21 13:50:31,426 - INFO - [uat] - [2025-08-21 13:50:31.426] POST 请求开始: https://uat.atcp.top/api/sys/auth/login
2025-08-21 13:50:31,426 - INFO - [uat] - [2025-08-21 13:50:31.426] 请求参数: args=(), kwargs_keys=['data', 'json']
2025-08-21 13:50:31,426 - INFO - [uat] - [2025-08-21 13:50:31.426] JSON请求体: {'username': 'xujunhao', 'password': '04ab152ebbde10be0fb30a66e25d72b9730c20eb7c6bf0215c16a58286baf80911433932c3f6185c890748b28d8bdbe4037cfadbfff8a310feef9f1c125cc24ba6178a3fa91914a26266be288daa985c8768f1c1a2e1c9198cb68b4a9e06f9ef89b364e70255a1', 'captcha': '', 'key': '', 'secretKey': '', 'code': 623178, 'isMfaVerified': 1, 'isStartMfaVerify': 1}
2025-08-21 13:50:31,451 - INFO - [uat] - [2025-08-21 13:50] 初始化环境会话: uat | Base URL: https://uat.atcp.top/api
2025-08-21 13:50:31,451 - INFO - [uat] - [2025-08-21 13:50] 切换到Base URL: https://uat.atcp.top/api
2025-08-21 13:50:31,451 - INFO - [uat] - [2025-08-21 13:50] 构建相对URL: https://uat.atcp.top/api + /sys/auth/login -> https://uat.atcp.top/api/sys/auth/login
2025-08-21 13:50:31,451 - INFO - [uat] - [2025-08-21 13:50:31.451] POST 请求开始: https://uat.atcp.top/api/sys/auth/login
2025-08-21 13:50:31,451 - INFO - [uat] - [2025-08-21 13:50:31.451] 请求参数: args=(), kwargs_keys=['data', 'json']
2025-08-21 13:50:31,451 - INFO - [uat] - [2025-08-21 13:50:31.451] JSON请求体: {'username': 'xujunhao', 'password': '04ab152ebbde10be0fb30a66e25d72b9730c20eb7c6bf0215c16a58286baf80911433932c3f6185c890748b28d8bdbe4037cfadbfff8a310feef9f1c125cc24ba6178a3fa91914a26266be288daa985c8768f1c1a2e1c9198cb68b4a9e06f9ef89b364e70255a1', 'captcha': '', 'key': '', 'secretKey': '', 'code': 623178, 'isMfaVerified': 1, 'isStartMfaVerify': 1}
2025-08-21 13:50:32,625 - INFO - [uat] - [2025-08-21 13:50:31.451] 请求完成: POST https://uat.atcp.top/api/sys/auth/login | 状态码: 200 | 耗时: 1174.85ms
2025-08-21 13:50:32,625 - INFO - [uat] - [2025-08-21 13:50:31.451] 响应头: {'Date': 'Thu, 21 Aug 2025 05:50:32 GMT', 'Content-Type': 'application/json', 'Transfer-Encoding': 'chunked', 'Connection': 'keep-alive', 'Server': 'cloudflare', 'Vary': 'Accept-Encoding, Origin, Access-Control-Request-Method, Access-Control-Request-Headers', 'X-Content-Type-Options': 'nosniff', 'X-Xss-Protection': '0', 'Cache-Control': 'no-cache, no-store, max-age=0, must-revalidate', 'Pragma': 'no-cache', 'Expires': '0', 'Strict-Transport-Security': 'max-age=31536000', 'Content-Encoding': 'gzip', 'Cf-Cache-Status': 'DYNAMIC', 'Nel': '{"report_to":"cf-nel","success_fraction":0.0,"max_age":604800}', 'Report-To': '{"group":"cf-nel","max_age":604800,"endpoints":[{"url":"https://a.nel.cloudflare.com/report/v4?s=iIJvGs0WxuNDakBiaULzoJCAMRjp4hjPgIyTKUxgKrTWVUEulwpZ34tqasb7ffWsLH%2FyZ3KBYiTU%2BN5c%2F45OJJaGm0OAgkz4VV%2Bz4A%3D%3D"}]}', 'CF-RAY': '9727da7aebb4320a-AMS', 'alt-svc': 'h3=":443"; ma=86400'}
2025-08-21 13:50:32,625 - INFO - [uat] - [2025-08-21 13:50:31.451] 响应JSON: {'code': 0, 'msg': 'success', 'data': {'accessTokenExpire': '2025-08-22 13:50:32', 'refreshTokenExpire': '2025-09-04 13:50:32', 'access_token': '71a63b09bbba40eaa16c38bc6e64deef', 'refresh_token': '7476909363f94543977c5a418d1ea9d6'}}
2025-08-21 13:50:32,626 - INFO - [uat] - [2025-08-21 13:50] 构建相对URL: https://uat.atcp.top/api + /sys/role/role -> https://uat.atcp.top/api/sys/role/role
2025-08-21 13:50:32,626 - INFO - [uat] - [2025-08-21 13:50:32.626] GET 请求开始: https://uat.atcp.top/api/sys/role/role
2025-08-21 13:50:32,626 - INFO - [uat] - [2025-08-21 13:50:32.626] 请求参数: args=(), kwargs_keys=['params', 'allow_redirects']
2025-08-21 13:50:33,420 - INFO - [uat] - [2025-08-21 13:50:32.626] 请求完成: GET https://uat.atcp.top/api/sys/role/role | 状态码: 200 | 耗时: 793.06ms
2025-08-21 13:50:33,420 - INFO - [uat] - [2025-08-21 13:50:32.626] 响应头: {'Date': 'Thu, 21 Aug 2025 05:50:32 GMT', 'Content-Type': 'application/json', 'Transfer-Encoding': 'chunked', 'Connection': 'keep-alive', 'Server': 'cloudflare', 'Vary': 'Accept-Encoding, Origin, Access-Control-Request-Method, Access-Control-Request-Headers', 'X-Content-Type-Options': 'nosniff', 'X-Xss-Protection': '0', 'Cache-Control': 'no-cache, no-store, max-age=0, must-revalidate', 'Pragma': 'no-cache', 'Expires': '0', 'Strict-Transport-Security': 'max-age=31536000', 'Content-Encoding': 'gzip', 'Cf-Cache-Status': 'DYNAMIC', 'Nel': '{"report_to":"cf-nel","success_fraction":0.0,"max_age":604800}', 'Report-To': '{"group":"cf-nel","max_age":604800,"endpoints":[{"url":"https://a.nel.cloudflare.com/report/v4?s=1IRvsenuVTN8Lh90qu4pxSAxpYv8Sn1cEjp18nj8JqUoSPBIYDtW2DVylW1klPjln3dWUUFvuarkGlF8CNpiYVSEoeEaD1q76V6ysg%3D%3D"}]}', 'CF-RAY': '9727da7e3ad5320a-AMS', 'alt-svc': 'h3=":443"; ma=86400'}
2025-08-21 13:50:33,420 - INFO - [uat] - [2025-08-21 13:50:32.626] 响应JSON: {'code': 0, 'msg': 'success', 'data': ['审核人员', 'deletetest', '测试人员', 'test', '无权限', '测试无权限', 'allon-test', '后台管理人员']}
2025-08-21 13:50:33,753 - INFO - [uat] - [2025-08-21 13:50:31.426] 请求完成: POST https://uat.atcp.top/api/sys/auth/login | 状态码: 200 | 耗时: 2327.10ms
2025-08-21 13:50:33,753 - INFO - [uat] - [2025-08-21 13:50:31.426] 响应头: {'Date': 'Thu, 21 Aug 2025 05:50:32 GMT', 'Content-Type': 'application/json', 'Transfer-Encoding': 'chunked', 'Connection': 'keep-alive', 'Server': 'cloudflare', 'Vary': 'Accept-Encoding, Origin, Access-Control-Request-Method, Access-Control-Request-Headers', 'X-Content-Type-Options': 'nosniff', 'X-Xss-Protection': '0', 'Cache-Control': 'no-cache, no-store, max-age=0, must-revalidate', 'Pragma': 'no-cache', 'Expires': '0', 'Strict-Transport-Security': 'max-age=31536000', 'Content-Encoding': 'gzip', 'Cf-Cache-Status': 'DYNAMIC', 'Nel': '{"report_to":"cf-nel","success_fraction":0.0,"max_age":604800}', 'Report-To': '{"group":"cf-nel","max_age":604800,"endpoints":[{"url":"https://a.nel.cloudflare.com/report/v4?s=lJw2vk%2FVHbeCGCAgL1AWA520FNydGBKJTYgzwcQfg6ryUhXFmB%2BW0HvqDFVURAf1vdIr4kVPDnA4gHoeB9e%2BsSSchKasGcN73mXjcw%3D%3D"}]}', 'CF-RAY': '9727da7a6c2afe98-AMS', 'alt-svc': 'h3=":443"; ma=86400'}
2025-08-21 13:50:33,753 - INFO - [uat] - [2025-08-21 13:50:31.426] 响应JSON: {'code': 0, 'msg': 'success', 'data': {'accessTokenExpire': '2025-08-22 13:50:32', 'refreshTokenExpire': '2025-09-04 13:50:32', 'access_token': '83c9acd3a8ca4f7e98df00acf238621f', 'refresh_token': '51fca46df58b4c3699792121c5af8667'}}
2025-08-21 13:50:33,755 - INFO - [uat] - [2025-08-21 13:50] 构建相对URL: https://uat.atcp.top/api + /sys/role/role -> https://uat.atcp.top/api/sys/role/role
2025-08-21 13:50:33,755 - INFO - [uat] - [2025-08-21 13:50:33.755] GET 请求开始: https://uat.atcp.top/api/sys/role/role
2025-08-21 13:50:33,755 - INFO - [uat] - [2025-08-21 13:50:33.755] 请求参数: args=(), kwargs_keys=['params', 'allow_redirects']
2025-08-21 13:50:34,240 - INFO - [uat] - [2025-08-21 13:50:33.755] 请求完成: GET https://uat.atcp.top/api/sys/role/role | 状态码: 200 | 耗时: 484.84ms
2025-08-21 13:50:34,240 - INFO - [uat] - [2025-08-21 13:50:33.755] 响应头: {'Date': 'Thu, 21 Aug 2025 05:50:34 GMT', 'Content-Type': 'application/json', 'Transfer-Encoding': 'chunked', 'Connection': 'keep-alive', 'Server': 'cloudflare', 'Vary': 'Accept-Encoding, Origin, Access-Control-Request-Method, Access-Control-Request-Headers', 'X-Content-Type-Options': 'nosniff', 'X-Xss-Protection': '0', 'Cache-Control': 'no-cache, no-store, max-age=0, must-revalidate', 'Pragma': 'no-cache', 'Expires': '0', 'Strict-Transport-Security': 'max-age=31536000', 'Content-Encoding': 'gzip', 'Cf-Cache-Status': 'DYNAMIC', 'Nel': '{"report_to":"cf-nel","success_fraction":0.0,"max_age":604800}', 'Report-To': '{"group":"cf-nel","max_age":604800,"endpoints":[{"url":"https://a.nel.cloudflare.com/report/v4?s=KWAbzf%2B%2FpkAlhWlnLthqeqmxjD3nBT2lmsetHNcSQXpyTyr9WCORO9C%2FfRHV%2BPmd1%2FC8dJ%2FcmH2l9AMH5DwvgiaqWJJSIJp8kE0Vog%3D%3D"}]}', 'CF-RAY': '9727da8518a0fe98-AMS', 'alt-svc': 'h3=":443"; ma=86400'}
2025-08-21 13:50:34,240 - INFO - [uat] - [2025-08-21 13:50:33.755] 响应JSON: {'code': 0, 'msg': 'success', 'data': ['审核人员', 'deletetest', '测试人员', 'test', '无权限', '测试无权限', 'allon-test', '后台管理人员']}
