2025-06-09 16:22:46,873 - INFO - 2025-06-09 16:22:46.873发送请求>>>>>>>       接口地址=POST http://39.99.136.49:9000/sys/auth/login
2025-06-09 16:22:46,873 - INFO - 发送请求>>>>>>>                 请求头={'User-Agent': 'python-requests/2.31.0', 'Accept-Encoding': 'gzip, deflate', 'Accept': '*/*', 'Connection': 'keep-alive', 'Authorization': '${token}', 'x-sign': '417B110F1E71BD2CFE96366E67849B0B', 'Content-Length': '241', 'Content-Type': 'application/json'}
2025-06-09 16:22:46,873 - INFO - 发送请求>>>>>>>                 请求体={"username": "admin", "password": "04739db02172e04f63f5278211184deec745bad9d797882b343e7201898d8da1d9fced282f6b271d3815a5057482e62c6f6b88dacb642ba05632bd2ee348101c76cb1f86b70f91695fd1cff11fce76246f044ace477cdbfa1e3e1521b19b023b14c7165e82c5"}
2025-06-09 16:22:47,622 - INFO - 2025-06-09 16:22:47.622接收响应<<<<<<<       状态码=200
2025-06-09 16:22:47,623 - INFO - 接收响应<<<<<<<                  响应头={'Vary': 'Origin, Access-Control-Request-Method, Access-Control-Request-Headers', 'X-Content-Type-Options': 'nosniff', 'X-XSS-Protection': '0', 'Cache-Control': 'no-cache, no-store, max-age=0, must-revalidate', 'Pragma': 'no-cache', 'Expires': '0', 'Content-Type': 'application/json', 'Transfer-Encoding': 'chunked', 'Date': 'Mon, 09 Jun 2025 08:22:41 GMT', 'Keep-Alive': 'timeout=60', 'Connection': 'keep-alive'}
2025-06-09 16:22:47,623 - INFO - 接收响应<<<<<<<                  响应体=b'{"code":0,"msg":"success","data":{"accessTokenExpire":"2025-06-10 16:22:40","refreshTokenExpire":"2025-06-23 16:22:40","access_token":"b920656460c443d2acb029f0156af2ff","refresh_token":"cb6f3766b11843079c9d531f15724266"}}'...
2025-06-09 16:22:47,639 - INFO - 2025-06-09 16:22:47.639发送请求>>>>>>>       接口地址=POST http://39.99.136.49:9000/sys/auth/login
2025-06-09 16:22:47,639 - INFO - 发送请求>>>>>>>                 请求头={'Authorization': '${token}', 'x-sign': '417B110F1E71BD2CFE96366E67849B0B', 'Content-Length': '247', 'Content-Type': 'application/json'}
2025-06-09 16:22:47,639 - INFO - 发送请求>>>>>>>                 请求体={"username": "admin", "password": "045728bed050a84d080b26233d113882b09043565f6bbef289d40ebee9e33a65335cd7c1c9172675699f9ca309ba016de2b9885deb6c3270aeb8f9f201d80dd364738e56120caf68835e26074275047e2dd01e1199cfe99df35b7e1c7b8ce642101757524081830e1b"}
2025-06-09 16:22:47,720 - INFO - 2025-06-09 16:22:47.720接收响应<<<<<<<       状态码=200
2025-06-09 16:22:47,720 - INFO - 接收响应<<<<<<<                  响应头={'Vary': 'Origin, Access-Control-Request-Method, Access-Control-Request-Headers', 'X-Content-Type-Options': 'nosniff', 'X-XSS-Protection': '0', 'Cache-Control': 'no-cache, no-store, max-age=0, must-revalidate', 'Pragma': 'no-cache', 'Expires': '0', 'Content-Type': 'application/json', 'Transfer-Encoding': 'chunked', 'Date': 'Mon, 09 Jun 2025 08:22:41 GMT'}
2025-06-09 16:22:47,721 - INFO - 接收响应<<<<<<<                  响应体=b'{"code":500,"msg":"\xe7\x94\xa8\xe6\x88\xb7\xe5\x90\x8d\xe6\x88\x96\xe5\xaf\x86\xe7\xa0\x81\xe9\x94\x99\xe8\xaf\xaf","data":null}'...
2025-06-09 16:22:47,999 - INFO - 2025-06-09 16:22:47.999发送请求>>>>>>>       接口地址=GET http://39.99.136.49:9000/dashboard/getStatData
2025-06-09 16:22:47,999 - INFO - 发送请求>>>>>>>                 请求头={'Authorization': 'b920656460c443d2acb029f0156af2ff', 'x-sign': '417B110F1E71BD2CFE96366E67849B0B'}
2025-06-09 16:22:47,999 - INFO - 发送请求>>>>>>>                 请求体=无
2025-06-09 16:22:48,078 - INFO - 2025-06-09 16:22:48.078接收响应<<<<<<<       状态码=200
2025-06-09 16:22:48,078 - INFO - 接收响应<<<<<<<                  响应头={'Vary': 'Origin, Access-Control-Request-Method, Access-Control-Request-Headers', 'X-Content-Type-Options': 'nosniff', 'X-XSS-Protection': '0', 'Cache-Control': 'no-cache, no-store, max-age=0, must-revalidate', 'Pragma': 'no-cache', 'Expires': '0', 'Content-Type': 'application/json', 'Transfer-Encoding': 'chunked', 'Date': 'Mon, 09 Jun 2025 08:22:41 GMT'}
2025-06-09 16:22:48,078 - INFO - 接收响应<<<<<<<                  响应体=b'{"code":0,"msg":"success","data":{"lots":1775.45999999999998707,"num":2207,"profit":4006425.110000000010441,"vpsNum":5,"sourceNum":21,"followNum":22,"vpsActiveNum":3,"sourceActiveNum":9,"followActiveNum":2}}'...
2025-06-09 17:17:28,560 - INFO - 2025-06-09 17:17:28.560发送请求>>>>>>>       接口地址=POST http://39.99.136.49:9000/sys/auth/login
2025-06-09 17:17:28,561 - INFO - 发送请求>>>>>>>                 请求头={'User-Agent': 'python-requests/2.31.0', 'Accept-Encoding': 'gzip, deflate', 'Accept': '*/*', 'Connection': 'keep-alive', 'Authorization': '${token}', 'x-sign': '417B110F1E71BD2CFE96366E67849B0B', 'Content-Length': '241', 'Content-Type': 'application/json'}
2025-06-09 17:17:28,561 - INFO - 发送请求>>>>>>>                 请求体={"username": "admin", "password": "04739db02172e04f63f5278211184deec745bad9d797882b343e7201898d8da1d9fced282f6b271d3815a5057482e62c6f6b88dacb642ba05632bd2ee348101c76cb1f86b70f91695fd1cff11fce76246f044ace477cdbfa1e3e1521b19b023b14c7165e82c5"}
2025-06-09 17:17:28,944 - INFO - 2025-06-09 17:17:28.944接收响应<<<<<<<       状态码=200
2025-06-09 17:17:28,944 - INFO - 接收响应<<<<<<<                  响应头={'Vary': 'Origin, Access-Control-Request-Method, Access-Control-Request-Headers', 'X-Content-Type-Options': 'nosniff', 'X-XSS-Protection': '0', 'Cache-Control': 'no-cache, no-store, max-age=0, must-revalidate', 'Pragma': 'no-cache', 'Expires': '0', 'Content-Type': 'application/json', 'Transfer-Encoding': 'chunked', 'Date': 'Mon, 09 Jun 2025 09:17:28 GMT', 'Keep-Alive': 'timeout=60', 'Connection': 'keep-alive'}
2025-06-09 17:17:28,944 - INFO - 接收响应<<<<<<<                  响应体=b'{"code":0,"msg":"success","data":{"accessTokenExpire":"2025-06-10 17:17:28","refreshTokenExpire":"2025-06-23 17:17:28","access_token":"b61be41a861140b3b3d1c70d305cac62","refresh_token":"e2f902e0e5d6438e94276807b542f9b7"}}'...
2025-06-09 17:17:28,949 - INFO - 2025-06-09 17:17:28.949发送请求>>>>>>>       接口地址=POST http://39.99.136.49:9000/sys/auth/login
2025-06-09 17:17:28,949 - INFO - 发送请求>>>>>>>                 请求头={'User-Agent': 'python-requests/2.31.0', 'Accept-Encoding': 'gzip, deflate', 'Accept': '*/*', 'Connection': 'keep-alive', 'Authorization': '${token}', 'x-sign': '417B110F1E71BD2CFE96366E67849B0B', 'Content-Length': '247', 'Content-Type': 'application/json'}
2025-06-09 17:17:28,949 - INFO - 发送请求>>>>>>>                 请求体={"username": "admin", "password": "045728bed050a84d080b26233d113882b09043565f6bbef289d40ebee9e33a65335cd7c1c9172675699f9ca309ba016de2b9885deb6c3270aeb8f9f201d80dd364738e56120caf68835e26074275047e2dd01e1199cfe99df35b7e1c7b8ce642101757524081830e1b"}
2025-06-09 17:17:29,096 - INFO - 2025-06-09 17:17:29.096接收响应<<<<<<<       状态码=200
2025-06-09 17:17:29,096 - INFO - 接收响应<<<<<<<                  响应头={'Vary': 'Origin, Access-Control-Request-Method, Access-Control-Request-Headers', 'X-Content-Type-Options': 'nosniff', 'X-XSS-Protection': '0', 'Cache-Control': 'no-cache, no-store, max-age=0, must-revalidate', 'Pragma': 'no-cache', 'Expires': '0', 'Content-Type': 'application/json', 'Transfer-Encoding': 'chunked', 'Date': 'Mon, 09 Jun 2025 09:17:28 GMT', 'Keep-Alive': 'timeout=60', 'Connection': 'keep-alive'}
2025-06-09 17:17:29,096 - INFO - 接收响应<<<<<<<                  响应体=b'{"code":500,"msg":"\xe7\x94\xa8\xe6\x88\xb7\xe5\x90\x8d\xe6\x88\x96\xe5\xaf\x86\xe7\xa0\x81\xe9\x94\x99\xe8\xaf\xaf","data":null}'...
2025-06-09 17:17:29,383 - INFO - 2025-06-09 17:17:29.383发送请求>>>>>>>       接口地址=GET http://39.99.136.49:9000/dashboard/getStatData
2025-06-09 17:17:29,383 - INFO - 发送请求>>>>>>>                 请求头={'User-Agent': 'python-requests/2.31.0', 'Accept-Encoding': 'gzip, deflate', 'Accept': '*/*', 'Connection': 'keep-alive', 'Authorization': 'None', 'x-sign': '417B110F1E71BD2CFE96366E67849B0B'}
2025-06-09 17:17:29,383 - INFO - 发送请求>>>>>>>                 请求体=无
2025-06-09 17:17:29,490 - INFO - 2025-06-09 17:17:29.490接收响应<<<<<<<       状态码=200
2025-06-09 17:17:29,490 - INFO - 接收响应<<<<<<<                  响应头={'Access-Control-Allow-Credentials': 'true', 'X-Content-Type-Options': 'nosniff', 'X-XSS-Protection': '0', 'Cache-Control': 'no-cache, no-store, max-age=0, must-revalidate', 'Pragma': 'no-cache', 'Expires': '0', 'Content-Type': 'application/json;charset=utf-8', 'Content-Length': '60', 'Date': 'Mon, 09 Jun 2025 09:17:28 GMT', 'Keep-Alive': 'timeout=60', 'Connection': 'keep-alive'}
2025-06-09 17:17:29,490 - INFO - 接收响应<<<<<<<                  响应体=b'{"code":401,"msg":"\xe7\x99\xbb\xe5\xbd\x95\xe6\x97\xa0\xe6\x95\x88\xef\xbc\x8c\xe4\xb8\x8d\xe8\x83\xbd\xe8\xae\xbf\xe9\x97\xae","data":null}'...
2025-06-09 17:32:28,778 - INFO - 2025-06-09 17:32:28.778发送请求>>>>>>>       接口地址=POST 'http://39.99.136.49:9000'/sys/auth/login
2025-06-09 17:32:28,778 - INFO - 发送请求>>>>>>>                 请求头={'User-Agent': 'python-requests/2.31.0', 'Accept-Encoding': 'gzip, deflate', 'Accept': '*/*', 'Connection': 'keep-alive', 'Authorization': '${token}', 'x-sign': '417B110F1E71BD2CFE96366E67849B0B', 'Content-Length': '241', 'Content-Type': 'application/json'}
2025-06-09 17:32:28,778 - INFO - 发送请求>>>>>>>                 请求体={"username": "admin", "password": "04739db02172e04f63f5278211184deec745bad9d797882b343e7201898d8da1d9fced282f6b271d3815a5057482e62c6f6b88dacb642ba05632bd2ee348101c76cb1f86b70f91695fd1cff11fce76246f044ace477cdbfa1e3e1521b19b023b14c7165e82c5"}
2025-06-09 17:32:28,892 - INFO - 2025-06-09 17:32:28.892发送请求>>>>>>>       接口地址=POST 'http://39.99.136.49:9000'/sys/auth/login
2025-06-09 17:32:28,892 - INFO - 发送请求>>>>>>>                 请求头={'User-Agent': 'python-requests/2.31.0', 'Accept-Encoding': 'gzip, deflate', 'Accept': '*/*', 'Connection': 'keep-alive', 'Authorization': '${token}', 'x-sign': '417B110F1E71BD2CFE96366E67849B0B', 'Content-Length': '247', 'Content-Type': 'application/json'}
2025-06-09 17:32:28,892 - INFO - 发送请求>>>>>>>                 请求体={"username": "admin", "password": "045728bed050a84d080b26233d113882b09043565f6bbef289d40ebee9e33a65335cd7c1c9172675699f9ca309ba016de2b9885deb6c3270aeb8f9f201d80dd364738e56120caf68835e26074275047e2dd01e1199cfe99df35b7e1c7b8ce642101757524081830e1b"}
2025-06-09 17:32:29,186 - INFO - 2025-06-09 17:32:29.186发送请求>>>>>>>       接口地址=GET 'http://39.99.136.49:9000'/dashboard/getStatData
2025-06-09 17:32:29,186 - INFO - 发送请求>>>>>>>                 请求头={'User-Agent': 'python-requests/2.31.0', 'Accept-Encoding': 'gzip, deflate', 'Accept': '*/*', 'Connection': 'keep-alive'}
2025-06-09 17:32:29,186 - INFO - 发送请求>>>>>>>                 请求体=无
2025-06-09 17:53:30,231 - INFO - 2025-06-09 17:53:30.231发送请求>>>>>>>       接口地址=POST 'http://39.99.136.49:9000'/sys/auth/login
2025-06-09 17:53:30,231 - INFO - 发送请求>>>>>>>                 请求头={'User-Agent': 'python-requests/2.31.0', 'Accept-Encoding': 'gzip, deflate', 'Accept': '*/*', 'Connection': 'keep-alive', 'Authorization': '${token}', 'x-sign': '417B110F1E71BD2CFE96366E67849B0B', 'Content-Length': '241', 'Content-Type': 'application/json'}
2025-06-09 17:53:30,231 - INFO - 发送请求>>>>>>>                 请求体={"username": "admin", "password": "04739db02172e04f63f5278211184deec745bad9d797882b343e7201898d8da1d9fced282f6b271d3815a5057482e62c6f6b88dacb642ba05632bd2ee348101c76cb1f86b70f91695fd1cff11fce76246f044ace477cdbfa1e3e1521b19b023b14c7165e82c5"}
2025-06-09 17:53:30,343 - INFO - 2025-06-09 17:53:30.343发送请求>>>>>>>       接口地址=POST 'http://39.99.136.49:9000'/sys/auth/login
2025-06-09 17:53:30,343 - INFO - 发送请求>>>>>>>                 请求头={'User-Agent': 'python-requests/2.31.0', 'Accept-Encoding': 'gzip, deflate', 'Accept': '*/*', 'Connection': 'keep-alive', 'Authorization': '${token}', 'x-sign': '417B110F1E71BD2CFE96366E67849B0B', 'Content-Length': '247', 'Content-Type': 'application/json'}
2025-06-09 17:53:30,344 - INFO - 发送请求>>>>>>>                 请求体={"username": "admin", "password": "045728bed050a84d080b26233d113882b09043565f6bbef289d40ebee9e33a65335cd7c1c9172675699f9ca309ba016de2b9885deb6c3270aeb8f9f201d80dd364738e56120caf68835e26074275047e2dd01e1199cfe99df35b7e1c7b8ce642101757524081830e1b"}
2025-06-09 17:53:30,651 - INFO - 2025-06-09 17:53:30.651发送请求>>>>>>>       接口地址=GET 'http://39.99.136.49:9000'/dashboard/getStatData
2025-06-09 17:53:30,651 - INFO - 发送请求>>>>>>>                 请求头={'User-Agent': 'python-requests/2.31.0', 'Accept-Encoding': 'gzip, deflate', 'Accept': '*/*', 'Connection': 'keep-alive'}
2025-06-09 17:53:30,651 - INFO - 发送请求>>>>>>>                 请求体=无
2025-06-09 17:54:15,085 - INFO - 2025-06-09 17:54:15.085发送请求>>>>>>>       接口地址=POST 'http://39.99.136.49:9000'/sys/auth/login
2025-06-09 17:54:15,085 - INFO - 发送请求>>>>>>>                 请求头={'User-Agent': 'python-requests/2.31.0', 'Accept-Encoding': 'gzip, deflate', 'Accept': '*/*', 'Connection': 'keep-alive', 'Authorization': '${token}', 'x-sign': '417B110F1E71BD2CFE96366E67849B0B', 'Content-Length': '241', 'Content-Type': 'application/json'}
2025-06-09 17:54:15,085 - INFO - 发送请求>>>>>>>                 请求体={"username": "admin", "password": "04739db02172e04f63f5278211184deec745bad9d797882b343e7201898d8da1d9fced282f6b271d3815a5057482e62c6f6b88dacb642ba05632bd2ee348101c76cb1f86b70f91695fd1cff11fce76246f044ace477cdbfa1e3e1521b19b023b14c7165e82c5"}
2025-06-09 17:54:15,194 - INFO - 2025-06-09 17:54:15.194发送请求>>>>>>>       接口地址=POST 'http://39.99.136.49:9000'/sys/auth/login
2025-06-09 17:54:15,194 - INFO - 发送请求>>>>>>>                 请求头={'User-Agent': 'python-requests/2.31.0', 'Accept-Encoding': 'gzip, deflate', 'Accept': '*/*', 'Connection': 'keep-alive', 'Authorization': '${token}', 'x-sign': '417B110F1E71BD2CFE96366E67849B0B', 'Content-Length': '247', 'Content-Type': 'application/json'}
2025-06-09 17:54:15,194 - INFO - 发送请求>>>>>>>                 请求体={"username": "admin", "password": "045728bed050a84d080b26233d113882b09043565f6bbef289d40ebee9e33a65335cd7c1c9172675699f9ca309ba016de2b9885deb6c3270aeb8f9f201d80dd364738e56120caf68835e26074275047e2dd01e1199cfe99df35b7e1c7b8ce642101757524081830e1b"}
2025-06-09 17:54:15,500 - INFO - 2025-06-09 17:54:15.500发送请求>>>>>>>       接口地址=GET 'http://39.99.136.49:9000'/dashboard/getStatData
2025-06-09 17:54:15,501 - INFO - 发送请求>>>>>>>                 请求头={'User-Agent': 'python-requests/2.31.0', 'Accept-Encoding': 'gzip, deflate', 'Accept': '*/*', 'Connection': 'keep-alive'}
2025-06-09 17:54:15,501 - INFO - 发送请求>>>>>>>                 请求体=无
2025-06-09 17:56:01,673 - INFO - 2025-06-09 17:56:01.673发送请求>>>>>>>       接口地址=POST http://39.99.136.49:9000/sys/auth/login
2025-06-09 17:56:01,673 - INFO - 发送请求>>>>>>>                 请求头={'User-Agent': 'python-requests/2.31.0', 'Accept-Encoding': 'gzip, deflate', 'Accept': '*/*', 'Connection': 'keep-alive', 'Authorization': '${token}', 'x-sign': '417B110F1E71BD2CFE96366E67849B0B', 'Content-Length': '241', 'Content-Type': 'application/json'}
2025-06-09 17:56:01,673 - INFO - 发送请求>>>>>>>                 请求体={"username": "admin", "password": "04739db02172e04f63f5278211184deec745bad9d797882b343e7201898d8da1d9fced282f6b271d3815a5057482e62c6f6b88dacb642ba05632bd2ee348101c76cb1f86b70f91695fd1cff11fce76246f044ace477cdbfa1e3e1521b19b023b14c7165e82c5"}
2025-06-09 17:56:01,813 - INFO - 2025-06-09 17:56:01.813接收响应<<<<<<<       状态码=200
2025-06-09 17:56:01,813 - INFO - 接收响应<<<<<<<                  响应头={'Vary': 'Origin, Access-Control-Request-Method, Access-Control-Request-Headers', 'X-Content-Type-Options': 'nosniff', 'X-XSS-Protection': '0', 'Cache-Control': 'no-cache, no-store, max-age=0, must-revalidate', 'Pragma': 'no-cache', 'Expires': '0', 'Content-Type': 'application/json', 'Transfer-Encoding': 'chunked', 'Date': 'Mon, 09 Jun 2025 09:56:01 GMT', 'Keep-Alive': 'timeout=60', 'Connection': 'keep-alive'}
2025-06-09 17:56:01,813 - INFO - 接收响应<<<<<<<                  响应体=b'{"code":0,"msg":"success","data":{"accessTokenExpire":"2025-06-10 17:56:01","refreshTokenExpire":"2025-06-23 17:56:01","access_token":"bf45613018b64bc784afdc92487ecaea","refresh_token":"6620789a89df48fbb15fbfc96739362b"}}'...
2025-06-09 17:56:01,817 - INFO - 2025-06-09 17:56:01.817发送请求>>>>>>>       接口地址=POST http://39.99.136.49:9000/sys/auth/login
2025-06-09 17:56:01,817 - INFO - 发送请求>>>>>>>                 请求头={'User-Agent': 'python-requests/2.31.0', 'Accept-Encoding': 'gzip, deflate', 'Accept': '*/*', 'Connection': 'keep-alive', 'Authorization': '${token}', 'x-sign': '417B110F1E71BD2CFE96366E67849B0B', 'Content-Length': '247', 'Content-Type': 'application/json'}
2025-06-09 17:56:01,817 - INFO - 发送请求>>>>>>>                 请求体={"username": "admin", "password": "045728bed050a84d080b26233d113882b09043565f6bbef289d40ebee9e33a65335cd7c1c9172675699f9ca309ba016de2b9885deb6c3270aeb8f9f201d80dd364738e56120caf68835e26074275047e2dd01e1199cfe99df35b7e1c7b8ce642101757524081830e1b"}
2025-06-09 17:56:01,878 - INFO - 2025-06-09 17:56:01.878接收响应<<<<<<<       状态码=200
2025-06-09 17:56:01,878 - INFO - 接收响应<<<<<<<                  响应头={'Vary': 'Origin, Access-Control-Request-Method, Access-Control-Request-Headers', 'X-Content-Type-Options': 'nosniff', 'X-XSS-Protection': '0', 'Cache-Control': 'no-cache, no-store, max-age=0, must-revalidate', 'Pragma': 'no-cache', 'Expires': '0', 'Content-Type': 'application/json', 'Transfer-Encoding': 'chunked', 'Date': 'Mon, 09 Jun 2025 09:56:01 GMT', 'Keep-Alive': 'timeout=60', 'Connection': 'keep-alive'}
2025-06-09 17:56:01,878 - INFO - 接收响应<<<<<<<                  响应体=b'{"code":500,"msg":"\xe7\x94\xa8\xe6\x88\xb7\xe5\x90\x8d\xe6\x88\x96\xe5\xaf\x86\xe7\xa0\x81\xe9\x94\x99\xe8\xaf\xaf","data":null}'...
2025-06-09 17:56:02,156 - INFO - 2025-06-09 17:56:02.156发送请求>>>>>>>       接口地址=GET http://39.99.136.49:9000/dashboard/getStatData
2025-06-09 17:56:02,156 - INFO - 发送请求>>>>>>>                 请求头={'User-Agent': 'python-requests/2.31.0', 'Accept-Encoding': 'gzip, deflate', 'Accept': '*/*', 'Connection': 'keep-alive', 'Authorization': 'None', 'x-sign': '417B110F1E71BD2CFE96366E67849B0B'}
2025-06-09 17:56:02,156 - INFO - 发送请求>>>>>>>                 请求体=无
2025-06-09 17:56:02,219 - INFO - 2025-06-09 17:56:02.219接收响应<<<<<<<       状态码=200
2025-06-09 17:56:02,219 - INFO - 接收响应<<<<<<<                  响应头={'Access-Control-Allow-Credentials': 'true', 'X-Content-Type-Options': 'nosniff', 'X-XSS-Protection': '0', 'Cache-Control': 'no-cache, no-store, max-age=0, must-revalidate', 'Pragma': 'no-cache', 'Expires': '0', 'Content-Type': 'application/json;charset=utf-8', 'Content-Length': '60', 'Date': 'Mon, 09 Jun 2025 09:56:01 GMT', 'Keep-Alive': 'timeout=60', 'Connection': 'keep-alive'}
2025-06-09 17:56:02,220 - INFO - 接收响应<<<<<<<                  响应体=b'{"code":401,"msg":"\xe7\x99\xbb\xe5\xbd\x95\xe6\x97\xa0\xe6\x95\x88\xef\xbc\x8c\xe4\xb8\x8d\xe8\x83\xbd\xe8\xae\xbf\xe9\x97\xae","data":null}'...
2025-06-09 17:59:06,168 - INFO - 2025-06-09 17:59:06.168发送请求>>>>>>>       接口地址=POST http://39.99.136.49:9000/sys/auth/login
2025-06-09 17:59:06,168 - INFO - 发送请求>>>>>>>                 请求头={'User-Agent': 'python-requests/2.31.0', 'Accept-Encoding': 'gzip, deflate', 'Accept': '*/*', 'Connection': 'keep-alive', 'Authorization': '${token}', 'x-sign': '417B110F1E71BD2CFE96366E67849B0B', 'Content-Length': '241', 'Content-Type': 'application/json'}
2025-06-09 17:59:06,168 - INFO - 发送请求>>>>>>>                 请求体={"username": "admin", "password": "04739db02172e04f63f5278211184deec745bad9d797882b343e7201898d8da1d9fced282f6b271d3815a5057482e62c6f6b88dacb642ba05632bd2ee348101c76cb1f86b70f91695fd1cff11fce76246f044ace477cdbfa1e3e1521b19b023b14c7165e82c5"}
2025-06-09 17:59:06,315 - INFO - 2025-06-09 17:59:06.315接收响应<<<<<<<       状态码=200
2025-06-09 17:59:06,315 - INFO - 接收响应<<<<<<<                  响应头={'Vary': 'Origin, Access-Control-Request-Method, Access-Control-Request-Headers', 'X-Content-Type-Options': 'nosniff', 'X-XSS-Protection': '0', 'Cache-Control': 'no-cache, no-store, max-age=0, must-revalidate', 'Pragma': 'no-cache', 'Expires': '0', 'Content-Type': 'application/json', 'Transfer-Encoding': 'chunked', 'Date': 'Mon, 09 Jun 2025 09:59:06 GMT', 'Keep-Alive': 'timeout=60', 'Connection': 'keep-alive'}
2025-06-09 17:59:06,315 - INFO - 接收响应<<<<<<<                  响应体=b'{"code":0,"msg":"success","data":{"accessTokenExpire":"2025-06-10 17:59:06","refreshTokenExpire":"2025-06-23 17:59:06","access_token":"59c3f4eec40f4685868c8fa400fa98ea","refresh_token":"6fd801bb852040058733324caa600704"}}'...
2025-06-09 17:59:06,332 - INFO - 2025-06-09 17:59:06.332发送请求>>>>>>>       接口地址=POST http://39.99.136.49:9000/sys/auth/login
2025-06-09 17:59:06,332 - INFO - 发送请求>>>>>>>                 请求头={'User-Agent': 'python-requests/2.31.0', 'Accept-Encoding': 'gzip, deflate', 'Accept': '*/*', 'Connection': 'keep-alive', 'Authorization': '${token}', 'x-sign': '417B110F1E71BD2CFE96366E67849B0B', 'Content-Length': '247', 'Content-Type': 'application/json'}
2025-06-09 17:59:06,332 - INFO - 发送请求>>>>>>>                 请求体={"username": "admin", "password": "045728bed050a84d080b26233d113882b09043565f6bbef289d40ebee9e33a65335cd7c1c9172675699f9ca309ba016de2b9885deb6c3270aeb8f9f201d80dd364738e56120caf68835e26074275047e2dd01e1199cfe99df35b7e1c7b8ce642101757524081830e1b"}
2025-06-09 17:59:06,394 - INFO - 2025-06-09 17:59:06.394接收响应<<<<<<<       状态码=200
2025-06-09 17:59:06,394 - INFO - 接收响应<<<<<<<                  响应头={'Vary': 'Origin, Access-Control-Request-Method, Access-Control-Request-Headers', 'X-Content-Type-Options': 'nosniff', 'X-XSS-Protection': '0', 'Cache-Control': 'no-cache, no-store, max-age=0, must-revalidate', 'Pragma': 'no-cache', 'Expires': '0', 'Content-Type': 'application/json', 'Transfer-Encoding': 'chunked', 'Date': 'Mon, 09 Jun 2025 09:59:06 GMT', 'Keep-Alive': 'timeout=60', 'Connection': 'keep-alive'}
2025-06-09 17:59:06,394 - INFO - 接收响应<<<<<<<                  响应体=b'{"code":500,"msg":"\xe7\x94\xa8\xe6\x88\xb7\xe5\x90\x8d\xe6\x88\x96\xe5\xaf\x86\xe7\xa0\x81\xe9\x94\x99\xe8\xaf\xaf","data":null}'...
2025-06-09 17:59:06,675 - INFO - 2025-06-09 17:59:06.675发送请求>>>>>>>       接口地址=GET http://39.99.136.49:9000/dashboard/getStatData
2025-06-09 17:59:06,676 - INFO - 发送请求>>>>>>>                 请求头={'User-Agent': 'python-requests/2.31.0', 'Accept-Encoding': 'gzip, deflate', 'Accept': '*/*', 'Connection': 'keep-alive', 'Authorization': '59c3f4eec40f4685868c8fa400fa98ea', 'x-sign': '417B110F1E71BD2CFE96366E67849B0B'}
2025-06-09 17:59:06,676 - INFO - 发送请求>>>>>>>                 请求体=无
2025-06-09 17:59:06,731 - INFO - 2025-06-09 17:59:06.731接收响应<<<<<<<       状态码=200
2025-06-09 17:59:06,731 - INFO - 接收响应<<<<<<<                  响应头={'Vary': 'Origin, Access-Control-Request-Method, Access-Control-Request-Headers', 'X-Content-Type-Options': 'nosniff', 'X-XSS-Protection': '0', 'Cache-Control': 'no-cache, no-store, max-age=0, must-revalidate', 'Pragma': 'no-cache', 'Expires': '0', 'Content-Type': 'application/json', 'Transfer-Encoding': 'chunked', 'Date': 'Mon, 09 Jun 2025 09:59:06 GMT', 'Keep-Alive': 'timeout=60', 'Connection': 'keep-alive'}
2025-06-09 17:59:06,731 - INFO - 接收响应<<<<<<<                  响应体=b'{"code":0,"msg":"success","data":{"lots":1775.45999999999998707,"num":2207,"profit":4006425.110000000010441,"vpsNum":5,"sourceNum":19,"followNum":18,"vpsActiveNum":3,"sourceActiveNum":9,"followActiveNum":2}}'...
2025-06-09 18:42:04,478 - INFO - 2025-06-09 18:42:04.478发送请求>>>>>>>       接口地址=POST http://39.99.136.49:9000/sys/auth/login
2025-06-09 18:42:04,479 - INFO - 发送请求>>>>>>>                 请求头={'User-Agent': 'python-requests/2.31.0', 'Accept-Encoding': 'gzip, deflate', 'Accept': '*/*', 'Connection': 'keep-alive', 'Authorization': '${token}', 'x-sign': '417B110F1E71BD2CFE96366E67849B0B', 'Content-Length': '241', 'Content-Type': 'application/json'}
2025-06-09 18:42:04,479 - INFO - 发送请求>>>>>>>                 请求体={"username": "admin", "password": "04739db02172e04f63f5278211184deec745bad9d797882b343e7201898d8da1d9fced282f6b271d3815a5057482e62c6f6b88dacb642ba05632bd2ee348101c76cb1f86b70f91695fd1cff11fce76246f044ace477cdbfa1e3e1521b19b023b14c7165e82c5"}
2025-06-09 18:42:04,643 - INFO - 2025-06-09 18:42:04.643接收响应<<<<<<<       状态码=200
2025-06-09 18:42:04,643 - INFO - 接收响应<<<<<<<                  响应头={'Vary': 'Origin, Access-Control-Request-Method, Access-Control-Request-Headers', 'X-Content-Type-Options': 'nosniff', 'X-XSS-Protection': '0', 'Cache-Control': 'no-cache, no-store, max-age=0, must-revalidate', 'Pragma': 'no-cache', 'Expires': '0', 'Content-Type': 'application/json', 'Transfer-Encoding': 'chunked', 'Date': 'Mon, 09 Jun 2025 10:42:04 GMT', 'Keep-Alive': 'timeout=60', 'Connection': 'keep-alive'}
2025-06-09 18:42:04,643 - INFO - 接收响应<<<<<<<                  响应体=b'{"code":0,"msg":"success","data":{"accessTokenExpire":"2025-06-10 18:42:04","refreshTokenExpire":"2025-06-23 18:42:04","access_token":"c16cd11cd3f9432584e47186fe7a2816","refresh_token":"35ec5910b9324e3b9a4d70ab5138b9d8"}}'...
2025-06-09 18:42:04,658 - INFO - 2025-06-09 18:42:04.658发送请求>>>>>>>       接口地址=POST http://39.99.136.49:9000/sys/auth/login
2025-06-09 18:42:04,658 - INFO - 发送请求>>>>>>>                 请求头={'User-Agent': 'python-requests/2.31.0', 'Accept-Encoding': 'gzip, deflate', 'Accept': '*/*', 'Connection': 'keep-alive', 'Authorization': '${token}', 'x-sign': '417B110F1E71BD2CFE96366E67849B0B', 'Content-Length': '247', 'Content-Type': 'application/json'}
2025-06-09 18:42:04,658 - INFO - 发送请求>>>>>>>                 请求体={"username": "admin", "password": "045728bed050a84d080b26233d113882b09043565f6bbef289d40ebee9e33a65335cd7c1c9172675699f9ca309ba016de2b9885deb6c3270aeb8f9f201d80dd364738e56120caf68835e26074275047e2dd01e1199cfe99df35b7e1c7b8ce642101757524081830e1b"}
2025-06-09 18:42:04,745 - INFO - 2025-06-09 18:42:04.745接收响应<<<<<<<       状态码=200
2025-06-09 18:42:04,745 - INFO - 接收响应<<<<<<<                  响应头={'Vary': 'Origin, Access-Control-Request-Method, Access-Control-Request-Headers', 'X-Content-Type-Options': 'nosniff', 'X-XSS-Protection': '0', 'Cache-Control': 'no-cache, no-store, max-age=0, must-revalidate', 'Pragma': 'no-cache', 'Expires': '0', 'Content-Type': 'application/json', 'Transfer-Encoding': 'chunked', 'Date': 'Mon, 09 Jun 2025 10:42:04 GMT', 'Keep-Alive': 'timeout=60', 'Connection': 'keep-alive'}
2025-06-09 18:42:04,745 - INFO - 接收响应<<<<<<<                  响应体=b'{"code":500,"msg":"\xe7\x94\xa8\xe6\x88\xb7\xe5\x90\x8d\xe6\x88\x96\xe5\xaf\x86\xe7\xa0\x81\xe9\x94\x99\xe8\xaf\xaf","data":null}'...
2025-06-09 18:42:05,020 - INFO - 2025-06-09 18:42:05.020发送请求>>>>>>>       接口地址=GET http://39.99.136.49:9000/dashboard/getStatData
2025-06-09 18:42:05,020 - INFO - 发送请求>>>>>>>                 请求头={'User-Agent': 'python-requests/2.31.0', 'Accept-Encoding': 'gzip, deflate', 'Accept': '*/*', 'Connection': 'keep-alive', 'Authorization': 'c16cd11cd3f9432584e47186fe7a2816', 'x-sign': '417B110F1E71BD2CFE96366E67849B0B'}
2025-06-09 18:42:05,020 - INFO - 发送请求>>>>>>>                 请求体=无
2025-06-09 18:42:05,090 - INFO - 2025-06-09 18:42:05.089接收响应<<<<<<<       状态码=200
2025-06-09 18:42:05,090 - INFO - 接收响应<<<<<<<                  响应头={'Vary': 'Origin, Access-Control-Request-Method, Access-Control-Request-Headers', 'X-Content-Type-Options': 'nosniff', 'X-XSS-Protection': '0', 'Cache-Control': 'no-cache, no-store, max-age=0, must-revalidate', 'Pragma': 'no-cache', 'Expires': '0', 'Content-Type': 'application/json', 'Transfer-Encoding': 'chunked', 'Date': 'Mon, 09 Jun 2025 10:42:04 GMT', 'Keep-Alive': 'timeout=60', 'Connection': 'keep-alive'}
2025-06-09 18:42:05,090 - INFO - 接收响应<<<<<<<                  响应体=b'{"code":0,"msg":"success","data":{"lots":1775.45999999999998707,"num":2207,"profit":4006425.110000000010441,"vpsNum":5,"sourceNum":19,"followNum":18,"vpsActiveNum":3,"sourceActiveNum":9,"followActiveNum":2}}'...
2025-06-09 18:46:15,045 - INFO - 2025-06-09 18:46:15.045发送请求>>>>>>>       接口地址=POST http://39.99.136.49:9000/sys/auth/login
2025-06-09 18:46:15,045 - INFO - 发送请求>>>>>>>                 请求头={'User-Agent': 'python-requests/2.31.0', 'Accept-Encoding': 'gzip, deflate', 'Accept': '*/*', 'Connection': 'keep-alive', 'Authorization': '${token}', 'x-sign': '417B110F1E71BD2CFE96366E67849B0B', 'Content-Length': '241', 'Content-Type': 'application/json'}
2025-06-09 18:46:15,045 - INFO - 发送请求>>>>>>>                 请求体={"username": "admin", "password": "04739db02172e04f63f5278211184deec745bad9d797882b343e7201898d8da1d9fced282f6b271d3815a5057482e62c6f6b88dacb642ba05632bd2ee348101c76cb1f86b70f91695fd1cff11fce76246f044ace477cdbfa1e3e1521b19b023b14c7165e82c5"}
2025-06-09 18:46:15,261 - INFO - 2025-06-09 18:46:15.261接收响应<<<<<<<       状态码=200
2025-06-09 18:46:15,261 - INFO - 接收响应<<<<<<<                  响应头={'Vary': 'Origin, Access-Control-Request-Method, Access-Control-Request-Headers', 'X-Content-Type-Options': 'nosniff', 'X-XSS-Protection': '0', 'Cache-Control': 'no-cache, no-store, max-age=0, must-revalidate', 'Pragma': 'no-cache', 'Expires': '0', 'Content-Type': 'application/json', 'Transfer-Encoding': 'chunked', 'Date': 'Mon, 09 Jun 2025 10:46:15 GMT', 'Keep-Alive': 'timeout=60', 'Connection': 'keep-alive'}
2025-06-09 18:46:15,261 - INFO - 接收响应<<<<<<<                  响应体=b'{"code":0,"msg":"success","data":{"accessTokenExpire":"2025-06-10 18:46:15","refreshTokenExpire":"2025-06-23 18:46:15","access_token":"c4f6107f443b47d7ad27c26667604451","refresh_token":"bed3996277984423bd89ecc3f9780b03"}}'...
2025-06-09 18:46:15,276 - INFO - 2025-06-09 18:46:15.276发送请求>>>>>>>       接口地址=POST http://39.99.136.49:9000/sys/auth/login
2025-06-09 18:46:15,276 - INFO - 发送请求>>>>>>>                 请求头={'User-Agent': 'python-requests/2.31.0', 'Accept-Encoding': 'gzip, deflate', 'Accept': '*/*', 'Connection': 'keep-alive', 'Authorization': '${token}', 'x-sign': '417B110F1E71BD2CFE96366E67849B0B', 'Content-Length': '247', 'Content-Type': 'application/json'}
2025-06-09 18:46:15,276 - INFO - 发送请求>>>>>>>                 请求体={"username": "admin", "password": "045728bed050a84d080b26233d113882b09043565f6bbef289d40ebee9e33a65335cd7c1c9172675699f9ca309ba016de2b9885deb6c3270aeb8f9f201d80dd364738e56120caf68835e26074275047e2dd01e1199cfe99df35b7e1c7b8ce642101757524081830e1b"}
2025-06-09 18:46:15,365 - INFO - 2025-06-09 18:46:15.365接收响应<<<<<<<       状态码=200
2025-06-09 18:46:15,365 - INFO - 接收响应<<<<<<<                  响应头={'Vary': 'Origin, Access-Control-Request-Method, Access-Control-Request-Headers', 'X-Content-Type-Options': 'nosniff', 'X-XSS-Protection': '0', 'Cache-Control': 'no-cache, no-store, max-age=0, must-revalidate', 'Pragma': 'no-cache', 'Expires': '0', 'Content-Type': 'application/json', 'Transfer-Encoding': 'chunked', 'Date': 'Mon, 09 Jun 2025 10:46:15 GMT', 'Keep-Alive': 'timeout=60', 'Connection': 'keep-alive'}
2025-06-09 18:46:15,365 - INFO - 接收响应<<<<<<<                  响应体=b'{"code":500,"msg":"\xe7\x94\xa8\xe6\x88\xb7\xe5\x90\x8d\xe6\x88\x96\xe5\xaf\x86\xe7\xa0\x81\xe9\x94\x99\xe8\xaf\xaf","data":null}'...
2025-06-09 18:46:15,653 - INFO - 2025-06-09 18:46:15.653发送请求>>>>>>>       接口地址=GET http://39.99.136.49:9000/dashboard/getStatData
2025-06-09 18:46:15,654 - INFO - 发送请求>>>>>>>                 请求头={'User-Agent': 'python-requests/2.31.0', 'Accept-Encoding': 'gzip, deflate', 'Accept': '*/*', 'Connection': 'keep-alive', 'Authorization': 'c4f6107f443b47d7ad27c26667604451', 'x-sign': '417B110F1E71BD2CFE96366E67849B0B'}
2025-06-09 18:46:15,654 - INFO - 发送请求>>>>>>>                 请求体=无
2025-06-09 18:46:15,708 - INFO - 2025-06-09 18:46:15.708接收响应<<<<<<<       状态码=200
2025-06-09 18:46:15,708 - INFO - 接收响应<<<<<<<                  响应头={'Vary': 'Origin, Access-Control-Request-Method, Access-Control-Request-Headers', 'X-Content-Type-Options': 'nosniff', 'X-XSS-Protection': '0', 'Cache-Control': 'no-cache, no-store, max-age=0, must-revalidate', 'Pragma': 'no-cache', 'Expires': '0', 'Content-Type': 'application/json', 'Transfer-Encoding': 'chunked', 'Date': 'Mon, 09 Jun 2025 10:46:15 GMT', 'Keep-Alive': 'timeout=60', 'Connection': 'keep-alive'}
2025-06-09 18:46:15,708 - INFO - 接收响应<<<<<<<                  响应体=b'{"code":0,"msg":"success","data":{"lots":1775.45999999999998707,"num":2207,"profit":4006425.110000000010441,"vpsNum":5,"sourceNum":19,"followNum":18,"vpsActiveNum":3,"sourceActiveNum":9,"followActiveNum":2}}'...
2025-06-09 18:47:46,014 - INFO - 2025-06-09 18:47:46.014发送请求>>>>>>>       接口地址=POST http://39.99.136.49:9000/sys/auth/login
2025-06-09 18:47:46,015 - INFO - 发送请求>>>>>>>                 请求头={'User-Agent': 'python-requests/2.31.0', 'Accept-Encoding': 'gzip, deflate', 'Accept': '*/*', 'Connection': 'keep-alive', 'Authorization': '${token}', 'x-sign': '417B110F1E71BD2CFE96366E67849B0B', 'Content-Length': '241', 'Content-Type': 'application/json'}
2025-06-09 18:47:46,015 - INFO - 发送请求>>>>>>>                 请求体={"username": "admin", "password": "04739db02172e04f63f5278211184deec745bad9d797882b343e7201898d8da1d9fced282f6b271d3815a5057482e62c6f6b88dacb642ba05632bd2ee348101c76cb1f86b70f91695fd1cff11fce76246f044ace477cdbfa1e3e1521b19b023b14c7165e82c5"}
2025-06-09 18:47:46,145 - INFO - 接收响应<<<<<<<       状态码=200
2025-06-09 18:47:46,145 - INFO - 接收响应<<<<<<<                  响应头={'Vary': 'Origin, Access-Control-Request-Method, Access-Control-Request-Headers', 'X-Content-Type-Options': 'nosniff', 'X-XSS-Protection': '0', 'Cache-Control': 'no-cache, no-store, max-age=0, must-revalidate', 'Pragma': 'no-cache', 'Expires': '0', 'Content-Type': 'application/json', 'Transfer-Encoding': 'chunked', 'Date': 'Mon, 09 Jun 2025 10:47:45 GMT', 'Keep-Alive': 'timeout=60', 'Connection': 'keep-alive'}
2025-06-09 18:47:46,145 - INFO - 接收响应<<<<<<<                  响应体=b'{"code":0,"msg":"success","data":{"accessTokenExpire":"2025-06-10 18:47:45","refreshTokenExpire":"2025-06-23 18:47:45","access_token":"01611a0070004588a0565f6ee78b0b24","refresh_token":"886353a5e0764daf9b6551284a4d2944"}}'...
2025-06-09 18:47:46,161 - INFO - 2025-06-09 18:47:46.161发送请求>>>>>>>       接口地址=POST http://39.99.136.49:9000/sys/auth/login
2025-06-09 18:47:46,161 - INFO - 发送请求>>>>>>>                 请求头={'User-Agent': 'python-requests/2.31.0', 'Accept-Encoding': 'gzip, deflate', 'Accept': '*/*', 'Connection': 'keep-alive', 'Authorization': '${token}', 'x-sign': '417B110F1E71BD2CFE96366E67849B0B', 'Content-Length': '247', 'Content-Type': 'application/json'}
2025-06-09 18:47:46,161 - INFO - 发送请求>>>>>>>                 请求体={"username": "admin", "password": "045728bed050a84d080b26233d113882b09043565f6bbef289d40ebee9e33a65335cd7c1c9172675699f9ca309ba016de2b9885deb6c3270aeb8f9f201d80dd364738e56120caf68835e26074275047e2dd01e1199cfe99df35b7e1c7b8ce642101757524081830e1b"}
2025-06-09 18:47:46,228 - INFO - 接收响应<<<<<<<       状态码=200
2025-06-09 18:47:46,228 - INFO - 接收响应<<<<<<<                  响应头={'Vary': 'Origin, Access-Control-Request-Method, Access-Control-Request-Headers', 'X-Content-Type-Options': 'nosniff', 'X-XSS-Protection': '0', 'Cache-Control': 'no-cache, no-store, max-age=0, must-revalidate', 'Pragma': 'no-cache', 'Expires': '0', 'Content-Type': 'application/json', 'Transfer-Encoding': 'chunked', 'Date': 'Mon, 09 Jun 2025 10:47:45 GMT', 'Keep-Alive': 'timeout=60', 'Connection': 'keep-alive'}
2025-06-09 18:47:46,228 - INFO - 接收响应<<<<<<<                  响应体=b'{"code":500,"msg":"\xe7\x94\xa8\xe6\x88\xb7\xe5\x90\x8d\xe6\x88\x96\xe5\xaf\x86\xe7\xa0\x81\xe9\x94\x99\xe8\xaf\xaf","data":null}'...
2025-06-09 18:47:46,516 - INFO - 2025-06-09 18:47:46.516发送请求>>>>>>>       接口地址=GET http://39.99.136.49:9000/dashboard/getStatData
2025-06-09 18:47:46,516 - INFO - 发送请求>>>>>>>                 请求头={'User-Agent': 'python-requests/2.31.0', 'Accept-Encoding': 'gzip, deflate', 'Accept': '*/*', 'Connection': 'keep-alive', 'Authorization': '01611a0070004588a0565f6ee78b0b24', 'x-sign': '417B110F1E71BD2CFE96366E67849B0B'}
2025-06-09 18:47:46,516 - INFO - 发送请求>>>>>>>                 请求体=无
2025-06-09 18:47:46,568 - INFO - 接收响应<<<<<<<       状态码=200
2025-06-09 18:47:46,568 - INFO - 接收响应<<<<<<<                  响应头={'Vary': 'Origin, Access-Control-Request-Method, Access-Control-Request-Headers', 'X-Content-Type-Options': 'nosniff', 'X-XSS-Protection': '0', 'Cache-Control': 'no-cache, no-store, max-age=0, must-revalidate', 'Pragma': 'no-cache', 'Expires': '0', 'Content-Type': 'application/json', 'Transfer-Encoding': 'chunked', 'Date': 'Mon, 09 Jun 2025 10:47:45 GMT', 'Keep-Alive': 'timeout=60', 'Connection': 'keep-alive'}
2025-06-09 18:47:46,568 - INFO - 接收响应<<<<<<<                  响应体=b'{"code":0,"msg":"success","data":{"lots":1775.45999999999998707,"num":2207,"profit":4006425.110000000010441,"vpsNum":5,"sourceNum":19,"followNum":18,"vpsActiveNum":3,"sourceActiveNum":9,"followActiveNum":2}}'...
2025-06-09 18:50:41,541 - INFO - 2025-06-09 18:50:41.541发送请求>>>>>>>       接口地址=POST http://39.99.136.49:9000/sys/auth/login
2025-06-09 18:50:41,542 - INFO - 发送请求>>>>>>>                 请求头={'User-Agent': 'python-requests/2.31.0', 'Accept-Encoding': 'gzip, deflate', 'Accept': '*/*', 'Connection': 'keep-alive', 'Authorization': '${token}', 'x-sign': '417B110F1E71BD2CFE96366E67849B0B', 'Content-Length': '241', 'Content-Type': 'application/json'}
2025-06-09 18:50:41,542 - INFO - 发送请求>>>>>>>                 请求体={"username": "admin", "password": "04739db02172e04f63f5278211184deec745bad9d797882b343e7201898d8da1d9fced282f6b271d3815a5057482e62c6f6b88dacb642ba05632bd2ee348101c76cb1f86b70f91695fd1cff11fce76246f044ace477cdbfa1e3e1521b19b023b14c7165e82c5"}
2025-06-09 18:50:41,689 - INFO - 2025-06-09 18:50:41.689接收响应<<<<<<<       状态码=200
2025-06-09 18:50:41,689 - INFO - 接收响应<<<<<<<                  响应头={'Vary': 'Origin, Access-Control-Request-Method, Access-Control-Request-Headers', 'X-Content-Type-Options': 'nosniff', 'X-XSS-Protection': '0', 'Cache-Control': 'no-cache, no-store, max-age=0, must-revalidate', 'Pragma': 'no-cache', 'Expires': '0', 'Content-Type': 'application/json', 'Transfer-Encoding': 'chunked', 'Date': 'Mon, 09 Jun 2025 10:50:41 GMT', 'Keep-Alive': 'timeout=60', 'Connection': 'keep-alive'}
2025-06-09 18:50:41,689 - INFO - 接收响应<<<<<<<                  响应体=b'{"code":0,"msg":"success","data":{"accessTokenExpire":"2025-06-10 18:50:41","refreshTokenExpire":"2025-06-23 18:50:41","access_token":"6910812edc274c7698adb0ef04bc1b46","refresh_token":"83b8752f975a4404a5a40c35a1b34a43"}}'...
2025-06-09 18:50:41,705 - INFO - 2025-06-09 18:50:41.705发送请求>>>>>>>       接口地址=POST http://39.99.136.49:9000/sys/auth/login
2025-06-09 18:50:41,706 - INFO - 发送请求>>>>>>>                 请求头={'User-Agent': 'python-requests/2.31.0', 'Accept-Encoding': 'gzip, deflate', 'Accept': '*/*', 'Connection': 'keep-alive', 'Authorization': '${token}', 'x-sign': '417B110F1E71BD2CFE96366E67849B0B', 'Content-Length': '247', 'Content-Type': 'application/json'}
2025-06-09 18:50:41,706 - INFO - 发送请求>>>>>>>                 请求体={"username": "admin", "password": "045728bed050a84d080b26233d113882b09043565f6bbef289d40ebee9e33a65335cd7c1c9172675699f9ca309ba016de2b9885deb6c3270aeb8f9f201d80dd364738e56120caf68835e26074275047e2dd01e1199cfe99df35b7e1c7b8ce642101757524081830e1b"}
2025-06-09 18:50:41,767 - INFO - 2025-06-09 18:50:41.767接收响应<<<<<<<       状态码=200
2025-06-09 18:50:41,767 - INFO - 接收响应<<<<<<<                  响应头={'Vary': 'Origin, Access-Control-Request-Method, Access-Control-Request-Headers', 'X-Content-Type-Options': 'nosniff', 'X-XSS-Protection': '0', 'Cache-Control': 'no-cache, no-store, max-age=0, must-revalidate', 'Pragma': 'no-cache', 'Expires': '0', 'Content-Type': 'application/json', 'Transfer-Encoding': 'chunked', 'Date': 'Mon, 09 Jun 2025 10:50:41 GMT', 'Keep-Alive': 'timeout=60', 'Connection': 'keep-alive'}
2025-06-09 18:50:41,767 - INFO - 接收响应<<<<<<<                  响应体=b'{"code":500,"msg":"\xe7\x94\xa8\xe6\x88\xb7\xe5\x90\x8d\xe6\x88\x96\xe5\xaf\x86\xe7\xa0\x81\xe9\x94\x99\xe8\xaf\xaf","data":null}'...
2025-06-09 18:50:42,041 - INFO - 2025-06-09 18:50:42.041发送请求>>>>>>>       接口地址=GET http://39.99.136.49:9000/dashboard/getStatData
2025-06-09 18:50:42,041 - INFO - 发送请求>>>>>>>                 请求头={'User-Agent': 'python-requests/2.31.0', 'Accept-Encoding': 'gzip, deflate', 'Accept': '*/*', 'Connection': 'keep-alive', 'Authorization': '6910812edc274c7698adb0ef04bc1b46', 'x-sign': '417B110F1E71BD2CFE96366E67849B0B'}
2025-06-09 18:50:42,041 - INFO - 发送请求>>>>>>>                 请求体=无
2025-06-09 18:50:42,095 - INFO - 2025-06-09 18:50:42.095接收响应<<<<<<<       状态码=200
2025-06-09 18:50:42,095 - INFO - 接收响应<<<<<<<                  响应头={'Vary': 'Origin, Access-Control-Request-Method, Access-Control-Request-Headers', 'X-Content-Type-Options': 'nosniff', 'X-XSS-Protection': '0', 'Cache-Control': 'no-cache, no-store, max-age=0, must-revalidate', 'Pragma': 'no-cache', 'Expires': '0', 'Content-Type': 'application/json', 'Transfer-Encoding': 'chunked', 'Date': 'Mon, 09 Jun 2025 10:50:41 GMT', 'Keep-Alive': 'timeout=60', 'Connection': 'keep-alive'}
2025-06-09 18:50:42,095 - INFO - 接收响应<<<<<<<                  响应体=b'{"code":0,"msg":"success","data":{"lots":1775.45999999999998707,"num":2207,"profit":4006425.110000000010441,"vpsNum":5,"sourceNum":19,"followNum":18,"vpsActiveNum":3,"sourceActiveNum":9,"followActiveNum":2}}'...
2025-06-09 18:52:14,737 - INFO - 2025-06-09 18:52:14.737发送请求>>>>>>>       接口地址=POST http://39.99.136.49:9000/sys/auth/login
2025-06-09 18:52:14,737 - INFO - 发送请求>>>>>>>                 请求头={'User-Agent': 'python-requests/2.31.0', 'Accept-Encoding': 'gzip, deflate', 'Accept': '*/*', 'Connection': 'keep-alive', 'Authorization': '${token}', 'x-sign': '417B110F1E71BD2CFE96366E67849B0B', 'Content-Length': '241', 'Content-Type': 'application/json'}
2025-06-09 18:52:14,737 - INFO - 发送请求>>>>>>>                 请求体={"username": "admin", "password": "04739db02172e04f63f5278211184deec745bad9d797882b343e7201898d8da1d9fced282f6b271d3815a5057482e62c6f6b88dacb642ba05632bd2ee348101c76cb1f86b70f91695fd1cff11fce76246f044ace477cdbfa1e3e1521b19b023b14c7165e82c5"}
2025-06-09 18:52:14,902 - INFO - 2025-06-09 18:52:14.902接收响应<<<<<<<       状态码=200
2025-06-09 18:52:14,902 - INFO - 接收响应<<<<<<<                  响应头={'Vary': 'Origin, Access-Control-Request-Method, Access-Control-Request-Headers', 'X-Content-Type-Options': 'nosniff', 'X-XSS-Protection': '0', 'Cache-Control': 'no-cache, no-store, max-age=0, must-revalidate', 'Pragma': 'no-cache', 'Expires': '0', 'Content-Type': 'application/json', 'Transfer-Encoding': 'chunked', 'Date': 'Mon, 09 Jun 2025 10:52:14 GMT', 'Keep-Alive': 'timeout=60', 'Connection': 'keep-alive'}
2025-06-09 18:52:14,902 - INFO - 接收响应<<<<<<<                  响应体=b'{"code":0,"msg":"success","data":{"accessTokenExpire":"2025-06-10 18:52:14","refreshTokenExpire":"2025-06-23 18:52:14","access_token":"d5e2e5754999439aaf7b32e6560206ce","refresh_token":"b3311133566841c693f06e0f36aa641e"}}'...
2025-06-09 18:52:14,917 - INFO - 2025-06-09 18:52:14.917发送请求>>>>>>>       接口地址=POST http://39.99.136.49:9000/sys/auth/login
2025-06-09 18:52:14,917 - INFO - 发送请求>>>>>>>                 请求头={'User-Agent': 'python-requests/2.31.0', 'Accept-Encoding': 'gzip, deflate', 'Accept': '*/*', 'Connection': 'keep-alive', 'Authorization': '${token}', 'x-sign': '417B110F1E71BD2CFE96366E67849B0B', 'Content-Length': '247', 'Content-Type': 'application/json'}
2025-06-09 18:52:14,917 - INFO - 发送请求>>>>>>>                 请求体={"username": "admin", "password": "045728bed050a84d080b26233d113882b09043565f6bbef289d40ebee9e33a65335cd7c1c9172675699f9ca309ba016de2b9885deb6c3270aeb8f9f201d80dd364738e56120caf68835e26074275047e2dd01e1199cfe99df35b7e1c7b8ce642101757524081830e1b"}
2025-06-09 18:52:14,981 - INFO - 2025-06-09 18:52:14.981接收响应<<<<<<<       状态码=200
2025-06-09 18:52:14,981 - INFO - 接收响应<<<<<<<                  响应头={'Vary': 'Origin, Access-Control-Request-Method, Access-Control-Request-Headers', 'X-Content-Type-Options': 'nosniff', 'X-XSS-Protection': '0', 'Cache-Control': 'no-cache, no-store, max-age=0, must-revalidate', 'Pragma': 'no-cache', 'Expires': '0', 'Content-Type': 'application/json', 'Transfer-Encoding': 'chunked', 'Date': 'Mon, 09 Jun 2025 10:52:14 GMT', 'Keep-Alive': 'timeout=60', 'Connection': 'keep-alive'}
2025-06-09 18:52:14,981 - INFO - 接收响应<<<<<<<                  响应体=b'{"code":500,"msg":"\xe7\x94\xa8\xe6\x88\xb7\xe5\x90\x8d\xe6\x88\x96\xe5\xaf\x86\xe7\xa0\x81\xe9\x94\x99\xe8\xaf\xaf","data":null}'...
2025-06-09 18:52:15,371 - INFO - 2025-06-09 18:52:15.371发送请求>>>>>>>       接口地址=GET http://39.99.136.49:9000/dashboard/getStatData
2025-06-09 18:52:15,371 - INFO - 发送请求>>>>>>>                 请求头={'User-Agent': 'python-requests/2.31.0', 'Accept-Encoding': 'gzip, deflate', 'Accept': '*/*', 'Connection': 'keep-alive', 'Authorization': 'd5e2e5754999439aaf7b32e6560206ce', 'x-sign': '417B110F1E71BD2CFE96366E67849B0B'}
2025-06-09 18:52:15,371 - INFO - 发送请求>>>>>>>                 请求体=无
2025-06-09 18:52:15,423 - INFO - 2025-06-09 18:52:15.423接收响应<<<<<<<       状态码=200
2025-06-09 18:52:15,423 - INFO - 接收响应<<<<<<<                  响应头={'Vary': 'Origin, Access-Control-Request-Method, Access-Control-Request-Headers', 'X-Content-Type-Options': 'nosniff', 'X-XSS-Protection': '0', 'Cache-Control': 'no-cache, no-store, max-age=0, must-revalidate', 'Pragma': 'no-cache', 'Expires': '0', 'Content-Type': 'application/json', 'Transfer-Encoding': 'chunked', 'Date': 'Mon, 09 Jun 2025 10:52:14 GMT', 'Keep-Alive': 'timeout=60', 'Connection': 'keep-alive'}
2025-06-09 18:52:15,423 - INFO - 接收响应<<<<<<<                  响应体=b'{"code":0,"msg":"success","data":{"lots":1775.45999999999998707,"num":2207,"profit":4006425.110000000010441,"vpsNum":5,"sourceNum":19,"followNum":18,"vpsActiveNum":3,"sourceActiveNum":9,"followActiveNum":2}}'...
2025-06-10 16:28:12,177 - INFO - 2025-06-10 16:28:12.177发送请求>>>>>>>       接口地址=POST http://39.99.136.49:9000/sys/auth/login
2025-06-10 16:28:12,178 - INFO - 发送请求>>>>>>>                 请求头={'User-Agent': 'python-requests/2.31.0', 'Accept-Encoding': 'gzip, deflate', 'Accept': '*/*', 'Connection': 'keep-alive', 'Authorization': '${token}', 'x-sign': '417B110F1E71BD2CFE96366E67849B0B', 'Content-Length': '241', 'Content-Type': 'application/json'}
2025-06-10 16:28:12,178 - INFO - 发送请求>>>>>>>                 请求体={"username": "admin", "password": "04739db02172e04f63f5278211184deec745bad9d797882b343e7201898d8da1d9fced282f6b271d3815a5057482e62c6f6b88dacb642ba05632bd2ee348101c76cb1f86b70f91695fd1cff11fce76246f044ace477cdbfa1e3e1521b19b023b14c7165e82c5"}
2025-06-10 16:28:12,311 - INFO - 2025-06-10 16:28:12.311接收响应<<<<<<<       状态码=200
2025-06-10 16:28:12,311 - INFO - 接收响应<<<<<<<                  响应头={'Connection': 'close', 'Transfer-Encoding': 'chunked', 'Cache-Control': 'no-cache, no-store, max-age=0, must-revalidate', 'Content-Type': 'application/json', 'Date': 'Tue, 10 Jun 2025 08:28:10 GMT', 'Expires': '0', 'Pragma': 'no-cache', 'Vary': 'Origin, Access-Control-Request-Method, Access-Control-Request-Headers', 'X-Content-Type-Options': 'nosniff', 'X-Xss-Protection': '0'}
2025-06-10 16:28:12,311 - INFO - 接收响应<<<<<<<                  响应体=b'{"code":0,"msg":"success","data":{"accessTokenExpire":"2025-06-11 16:28:10","refreshTokenExpire":"2025-06-24 16:28:10","access_token":"ead46fcb065d4bb5a7164f0c4b718808","refresh_token":"0ed83b5420e74da3a9bd356657fa69e1"}}'...
2025-06-10 16:28:12,329 - INFO - 2025-06-10 16:28:12.329发送请求>>>>>>>       接口地址=POST http://39.99.136.49:9000/sys/auth/login
2025-06-10 16:28:12,329 - INFO - 发送请求>>>>>>>                 请求头={'User-Agent': 'python-requests/2.31.0', 'Accept-Encoding': 'gzip, deflate', 'Accept': '*/*', 'Connection': 'keep-alive', 'Authorization': '${token}', 'x-sign': '417B110F1E71BD2CFE96366E67849B0B', 'Content-Length': '247', 'Content-Type': 'application/json'}
2025-06-10 16:28:12,329 - INFO - 发送请求>>>>>>>                 请求体={"username": "admin", "password": "045728bed050a84d080b26233d113882b09043565f6bbef289d40ebee9e33a65335cd7c1c9172675699f9ca309ba016de2b9885deb6c3270aeb8f9f201d80dd364738e56120caf68835e26074275047e2dd01e1199cfe99df35b7e1c7b8ce642101757524081830e1b"}
2025-06-10 16:28:12,439 - INFO - 2025-06-10 16:28:12.439接收响应<<<<<<<       状态码=200
2025-06-10 16:28:12,439 - INFO - 接收响应<<<<<<<                  响应头={'Connection': 'close', 'Transfer-Encoding': 'chunked', 'Cache-Control': 'no-cache, no-store, max-age=0, must-revalidate', 'Content-Type': 'application/json', 'Date': 'Tue, 10 Jun 2025 08:28:10 GMT', 'Expires': '0', 'Pragma': 'no-cache', 'Vary': 'Origin, Access-Control-Request-Method, Access-Control-Request-Headers', 'X-Content-Type-Options': 'nosniff', 'X-Xss-Protection': '0'}
2025-06-10 16:28:12,439 - INFO - 接收响应<<<<<<<                  响应体=b'{"code":500,"msg":"\xe7\x94\xa8\xe6\x88\xb7\xe5\x90\x8d\xe6\x88\x96\xe5\xaf\x86\xe7\xa0\x81\xe9\x94\x99\xe8\xaf\xaf","data":null}'...
2025-06-10 16:28:12,759 - INFO - 2025-06-10 16:28:12.759发送请求>>>>>>>       接口地址=GET http://39.99.136.49:9000/dashboard/getStatData
2025-06-10 16:28:12,759 - INFO - 发送请求>>>>>>>                 请求头={'User-Agent': 'python-requests/2.31.0', 'Accept-Encoding': 'gzip, deflate', 'Accept': '*/*', 'Connection': 'keep-alive', 'Authorization': 'ead46fcb065d4bb5a7164f0c4b718808', 'x-sign': '417B110F1E71BD2CFE96366E67849B0B'}
2025-06-10 16:28:12,759 - INFO - 发送请求>>>>>>>                 请求体=无
2025-06-10 16:28:12,867 - INFO - 2025-06-10 16:28:12.867接收响应<<<<<<<       状态码=200
2025-06-10 16:28:12,867 - INFO - 接收响应<<<<<<<                  响应头={'Connection': 'close', 'Transfer-Encoding': 'chunked', 'Cache-Control': 'no-cache, no-store, max-age=0, must-revalidate', 'Content-Type': 'application/json', 'Date': 'Tue, 10 Jun 2025 08:28:10 GMT', 'Expires': '0', 'Pragma': 'no-cache', 'Vary': 'Origin, Access-Control-Request-Method, Access-Control-Request-Headers', 'X-Content-Type-Options': 'nosniff', 'X-Xss-Protection': '0'}
2025-06-10 16:28:12,867 - INFO - 接收响应<<<<<<<                  响应体=b'{"code":0,"msg":"success","data":{"lots":1775.45999999999998707,"num":2207,"profit":4006425.110000000010441,"vpsNum":5,"sourceNum":25,"followNum":18,"vpsActiveNum":3,"sourceActiveNum":9,"followActiveNum":2}}'...
2025-06-10 17:17:37,876 - INFO - 2025-06-10 17:17:37.876发送请求>>>>>>>       接口地址=POST http://39.99.136.49:9000/sys/auth/login
2025-06-10 17:17:37,876 - INFO - 发送请求>>>>>>>                 请求头={'User-Agent': 'python-requests/2.31.0', 'Accept-Encoding': 'gzip, deflate', 'Accept': '*/*', 'Connection': 'keep-alive', 'Authorization': '${token}', 'x-sign': '417B110F1E71BD2CFE96366E67849B0B', 'Content-Length': '241', 'Content-Type': 'application/json'}
2025-06-10 17:17:37,876 - INFO - 发送请求>>>>>>>                 请求体={"username": "admin", "password": "04739db02172e04f63f5278211184deec745bad9d797882b343e7201898d8da1d9fced282f6b271d3815a5057482e62c6f6b88dacb642ba05632bd2ee348101c76cb1f86b70f91695fd1cff11fce76246f044ace477cdbfa1e3e1521b19b023b14c7165e82c5"}
2025-06-10 17:17:38,020 - INFO - 2025-06-10 17:17:38.019接收响应<<<<<<<       状态码=200
2025-06-10 17:17:38,020 - INFO - 接收响应<<<<<<<                  响应头={'Connection': 'close', 'Transfer-Encoding': 'chunked', 'Cache-Control': 'no-cache, no-store, max-age=0, must-revalidate', 'Content-Type': 'application/json', 'Date': 'Tue, 10 Jun 2025 09:17:36 GMT', 'Expires': '0', 'Pragma': 'no-cache', 'Vary': 'Origin, Access-Control-Request-Method, Access-Control-Request-Headers', 'X-Content-Type-Options': 'nosniff', 'X-Xss-Protection': '0'}
2025-06-10 17:17:38,020 - INFO - 接收响应<<<<<<<                  响应体=b'{"code":0,"msg":"success","data":{"accessTokenExpire":"2025-06-11 17:17:36","refreshTokenExpire":"2025-06-24 17:17:36","access_token":"cd64fb10744446e9b2614c545077c218","refresh_token":"069ed2978d5b41228354ed43112badce"}}'...
2025-06-10 17:17:38,035 - INFO - 2025-06-10 17:17:38.035发送请求>>>>>>>       接口地址=POST http://39.99.136.49:9000/sys/auth/login
2025-06-10 17:17:38,035 - INFO - 发送请求>>>>>>>                 请求头={'User-Agent': 'python-requests/2.31.0', 'Accept-Encoding': 'gzip, deflate', 'Accept': '*/*', 'Connection': 'keep-alive', 'Authorization': '${token}', 'x-sign': '417B110F1E71BD2CFE96366E67849B0B', 'Content-Length': '247', 'Content-Type': 'application/json'}
2025-06-10 17:17:38,035 - INFO - 发送请求>>>>>>>                 请求体={"username": "admin", "password": "045728bed050a84d080b26233d113882b09043565f6bbef289d40ebee9e33a65335cd7c1c9172675699f9ca309ba016de2b9885deb6c3270aeb8f9f201d80dd364738e56120caf68835e26074275047e2dd01e1199cfe99df35b7e1c7b8ce642101757524081830e1b"}
2025-06-10 17:17:38,144 - INFO - 2025-06-10 17:17:38.144接收响应<<<<<<<       状态码=200
2025-06-10 17:17:38,145 - INFO - 接收响应<<<<<<<                  响应头={'Connection': 'close', 'Transfer-Encoding': 'chunked', 'Cache-Control': 'no-cache, no-store, max-age=0, must-revalidate', 'Content-Type': 'application/json', 'Date': 'Tue, 10 Jun 2025 09:17:36 GMT', 'Expires': '0', 'Pragma': 'no-cache', 'Vary': 'Origin, Access-Control-Request-Method, Access-Control-Request-Headers', 'X-Content-Type-Options': 'nosniff', 'X-Xss-Protection': '0'}
2025-06-10 17:17:38,145 - INFO - 接收响应<<<<<<<                  响应体=b'{"code":500,"msg":"\xe7\x94\xa8\xe6\x88\xb7\xe5\x90\x8d\xe6\x88\x96\xe5\xaf\x86\xe7\xa0\x81\xe9\x94\x99\xe8\xaf\xaf","data":null}'...
2025-06-10 17:17:38,467 - INFO - 2025-06-10 17:17:38.467发送请求>>>>>>>       接口地址=GET http://39.99.136.49:9000/dashboard/getStatData
2025-06-10 17:17:38,467 - INFO - 发送请求>>>>>>>                 请求头={'User-Agent': 'python-requests/2.31.0', 'Accept-Encoding': 'gzip, deflate', 'Accept': '*/*', 'Connection': 'keep-alive', 'Authorization': 'cd64fb10744446e9b2614c545077c218', 'x-sign': '417B110F1E71BD2CFE96366E67849B0B'}
2025-06-10 17:17:38,467 - INFO - 发送请求>>>>>>>                 请求体=无
2025-06-10 17:17:38,578 - INFO - 2025-06-10 17:17:38.578接收响应<<<<<<<       状态码=200
2025-06-10 17:17:38,578 - INFO - 接收响应<<<<<<<                  响应头={'Connection': 'close', 'Transfer-Encoding': 'chunked', 'Cache-Control': 'no-cache, no-store, max-age=0, must-revalidate', 'Content-Type': 'application/json', 'Date': 'Tue, 10 Jun 2025 09:17:36 GMT', 'Expires': '0', 'Pragma': 'no-cache', 'Vary': 'Origin, Access-Control-Request-Method, Access-Control-Request-Headers', 'X-Content-Type-Options': 'nosniff', 'X-Xss-Protection': '0'}
2025-06-10 17:17:38,578 - INFO - 接收响应<<<<<<<                  响应体=b'{"code":0,"msg":"success","data":{"lots":1775.45999999999998707,"num":2207,"profit":4006425.110000000010441,"vpsNum":5,"sourceNum":25,"followNum":18,"vpsActiveNum":3,"sourceActiveNum":9,"followActiveNum":2}}'...
2025-06-10 17:18:57,029 - INFO - 2025-06-10 17:18:57.029发送请求>>>>>>>       接口地址=POST http://39.99.136.49:9000/sys/auth/login
2025-06-10 17:18:57,029 - INFO - 发送请求>>>>>>>                 请求头={'User-Agent': 'python-requests/2.31.0', 'Accept-Encoding': 'gzip, deflate', 'Accept': '*/*', 'Connection': 'keep-alive', 'Authorization': '${token}', 'x-sign': '417B110F1E71BD2CFE96366E67849B0B', 'Content-Length': '241', 'Content-Type': 'application/json'}
2025-06-10 17:18:57,029 - INFO - 发送请求>>>>>>>                 请求体={"username": "admin", "password": "04739db02172e04f63f5278211184deec745bad9d797882b343e7201898d8da1d9fced282f6b271d3815a5057482e62c6f6b88dacb642ba05632bd2ee348101c76cb1f86b70f91695fd1cff11fce76246f044ace477cdbfa1e3e1521b19b023b14c7165e82c5"}
2025-06-10 17:18:57,210 - INFO - 2025-06-10 17:18:57.210接收响应<<<<<<<       状态码=200
2025-06-10 17:18:57,210 - INFO - 接收响应<<<<<<<                  响应头={'Connection': 'close', 'Transfer-Encoding': 'chunked', 'Cache-Control': 'no-cache, no-store, max-age=0, must-revalidate', 'Content-Type': 'application/json', 'Date': 'Tue, 10 Jun 2025 09:18:55 GMT', 'Expires': '0', 'Pragma': 'no-cache', 'Vary': 'Origin, Access-Control-Request-Method, Access-Control-Request-Headers', 'X-Content-Type-Options': 'nosniff', 'X-Xss-Protection': '0'}
2025-06-10 17:18:57,210 - INFO - 接收响应<<<<<<<                  响应体=b'{"code":0,"msg":"success","data":{"accessTokenExpire":"2025-06-11 17:18:55","refreshTokenExpire":"2025-06-24 17:18:55","access_token":"1f01074097a84953ac894887cfc65d80","refresh_token":"f59d07da667b439f9c91de6e0107b423"}}'...
2025-06-10 17:18:57,226 - INFO - 2025-06-10 17:18:57.226发送请求>>>>>>>       接口地址=POST http://39.99.136.49:9000/sys/auth/login
2025-06-10 17:18:57,226 - INFO - 发送请求>>>>>>>                 请求头={'User-Agent': 'python-requests/2.31.0', 'Accept-Encoding': 'gzip, deflate', 'Accept': '*/*', 'Connection': 'keep-alive', 'Authorization': '${token}', 'x-sign': '417B110F1E71BD2CFE96366E67849B0B', 'Content-Length': '247', 'Content-Type': 'application/json'}
2025-06-10 17:18:57,226 - INFO - 发送请求>>>>>>>                 请求体={"username": "admin", "password": "045728bed050a84d080b26233d113882b09043565f6bbef289d40ebee9e33a65335cd7c1c9172675699f9ca309ba016de2b9885deb6c3270aeb8f9f201d80dd364738e56120caf68835e26074275047e2dd01e1199cfe99df35b7e1c7b8ce642101757524081830e1b"}
2025-06-10 17:18:57,340 - INFO - 2025-06-10 17:18:57.340接收响应<<<<<<<       状态码=200
2025-06-10 17:18:57,341 - INFO - 接收响应<<<<<<<                  响应头={'Connection': 'close', 'Transfer-Encoding': 'chunked', 'Cache-Control': 'no-cache, no-store, max-age=0, must-revalidate', 'Content-Type': 'application/json', 'Date': 'Tue, 10 Jun 2025 09:18:55 GMT', 'Expires': '0', 'Pragma': 'no-cache', 'Vary': 'Origin, Access-Control-Request-Method, Access-Control-Request-Headers', 'X-Content-Type-Options': 'nosniff', 'X-Xss-Protection': '0'}
2025-06-10 17:18:57,341 - INFO - 接收响应<<<<<<<                  响应体=b'{"code":500,"msg":"\xe7\x94\xa8\xe6\x88\xb7\xe5\x90\x8d\xe6\x88\x96\xe5\xaf\x86\xe7\xa0\x81\xe9\x94\x99\xe8\xaf\xaf","data":null}'...
2025-06-10 17:18:57,638 - INFO - 2025-06-10 17:18:57.638发送请求>>>>>>>       接口地址=GET http://39.99.136.49:9000/dashboard/getStatData
2025-06-10 17:18:57,638 - INFO - 发送请求>>>>>>>                 请求头={'User-Agent': 'python-requests/2.31.0', 'Accept-Encoding': 'gzip, deflate', 'Accept': '*/*', 'Connection': 'keep-alive', 'Authorization': '1f01074097a84953ac894887cfc65d80', 'x-sign': '417B110F1E71BD2CFE96366E67849B0B'}
2025-06-10 17:18:57,638 - INFO - 发送请求>>>>>>>                 请求体=无
2025-06-10 17:18:57,747 - INFO - 2025-06-10 17:18:57.747接收响应<<<<<<<       状态码=200
2025-06-10 17:18:57,748 - INFO - 接收响应<<<<<<<                  响应头={'Connection': 'close', 'Transfer-Encoding': 'chunked', 'Cache-Control': 'no-cache, no-store, max-age=0, must-revalidate', 'Content-Type': 'application/json', 'Date': 'Tue, 10 Jun 2025 09:18:55 GMT', 'Expires': '0', 'Pragma': 'no-cache', 'Vary': 'Origin, Access-Control-Request-Method, Access-Control-Request-Headers', 'X-Content-Type-Options': 'nosniff', 'X-Xss-Protection': '0'}
2025-06-10 17:18:57,748 - INFO - 接收响应<<<<<<<                  响应体=b'{"code":0,"msg":"success","data":{"lots":1775.45999999999998707,"num":2207,"profit":4006425.110000000010441,"vpsNum":5,"sourceNum":25,"followNum":18,"vpsActiveNum":3,"sourceActiveNum":9,"followActiveNum":2}}'...
2025-06-10 17:20:28,403 - INFO - 2025-06-10 17:20:28.403发送请求>>>>>>>       接口地址=POST http://39.99.136.49:9000/sys/auth/login
2025-06-10 17:20:28,403 - INFO - 发送请求>>>>>>>                 请求头={'User-Agent': 'python-requests/2.31.0', 'Accept-Encoding': 'gzip, deflate', 'Accept': '*/*', 'Connection': 'keep-alive', 'Authorization': '${token}', 'x-sign': '417B110F1E71BD2CFE96366E67849B0B', 'Content-Length': '241', 'Content-Type': 'application/json'}
2025-06-10 17:20:28,403 - INFO - 发送请求>>>>>>>                 请求体={"username": "admin", "password": "04739db02172e04f63f5278211184deec745bad9d797882b343e7201898d8da1d9fced282f6b271d3815a5057482e62c6f6b88dacb642ba05632bd2ee348101c76cb1f86b70f91695fd1cff11fce76246f044ace477cdbfa1e3e1521b19b023b14c7165e82c5"}
2025-06-10 17:20:28,546 - INFO - 2025-06-10 17:20:28.546接收响应<<<<<<<       状态码=200
2025-06-10 17:20:28,546 - INFO - 接收响应<<<<<<<                  响应头={'Connection': 'close', 'Transfer-Encoding': 'chunked', 'Cache-Control': 'no-cache, no-store, max-age=0, must-revalidate', 'Content-Type': 'application/json', 'Date': 'Tue, 10 Jun 2025 09:20:27 GMT', 'Expires': '0', 'Pragma': 'no-cache', 'Vary': 'Origin, Access-Control-Request-Method, Access-Control-Request-Headers', 'X-Content-Type-Options': 'nosniff', 'X-Xss-Protection': '0'}
2025-06-10 17:20:28,546 - INFO - 接收响应<<<<<<<                  响应体=b'{"code":0,"msg":"success","data":{"accessTokenExpire":"2025-06-11 17:20:27","refreshTokenExpire":"2025-06-24 17:20:27","access_token":"3c3d4e0d037241acbedf18846e9554cb","refresh_token":"fb0db62c13f64c41a0e8251c3e711788"}}'...
2025-06-10 17:20:28,561 - INFO - 2025-06-10 17:20:28.561发送请求>>>>>>>       接口地址=POST http://39.99.136.49:9000/sys/auth/login
2025-06-10 17:20:28,562 - INFO - 发送请求>>>>>>>                 请求头={'User-Agent': 'python-requests/2.31.0', 'Accept-Encoding': 'gzip, deflate', 'Accept': '*/*', 'Connection': 'keep-alive', 'Authorization': '${token}', 'x-sign': '417B110F1E71BD2CFE96366E67849B0B', 'Content-Length': '247', 'Content-Type': 'application/json'}
2025-06-10 17:20:28,562 - INFO - 发送请求>>>>>>>                 请求体={"username": "admin", "password": "045728bed050a84d080b26233d113882b09043565f6bbef289d40ebee9e33a65335cd7c1c9172675699f9ca309ba016de2b9885deb6c3270aeb8f9f201d80dd364738e56120caf68835e26074275047e2dd01e1199cfe99df35b7e1c7b8ce642101757524081830e1b"}
2025-06-10 17:20:28,669 - INFO - 2025-06-10 17:20:28.669接收响应<<<<<<<       状态码=200
2025-06-10 17:20:28,669 - INFO - 接收响应<<<<<<<                  响应头={'Connection': 'close', 'Transfer-Encoding': 'chunked', 'Cache-Control': 'no-cache, no-store, max-age=0, must-revalidate', 'Content-Type': 'application/json', 'Date': 'Tue, 10 Jun 2025 09:20:27 GMT', 'Expires': '0', 'Pragma': 'no-cache', 'Vary': 'Origin, Access-Control-Request-Method, Access-Control-Request-Headers', 'X-Content-Type-Options': 'nosniff', 'X-Xss-Protection': '0'}
2025-06-10 17:20:28,669 - INFO - 接收响应<<<<<<<                  响应体=b'{"code":500,"msg":"\xe7\x94\xa8\xe6\x88\xb7\xe5\x90\x8d\xe6\x88\x96\xe5\xaf\x86\xe7\xa0\x81\xe9\x94\x99\xe8\xaf\xaf","data":null}'...
2025-06-10 17:20:28,959 - INFO - 2025-06-10 17:20:28.959发送请求>>>>>>>       接口地址=GET http://39.99.136.49:9000/dashboard/getStatData
2025-06-10 17:20:28,959 - INFO - 发送请求>>>>>>>                 请求头={'User-Agent': 'python-requests/2.31.0', 'Accept-Encoding': 'gzip, deflate', 'Accept': '*/*', 'Connection': 'keep-alive', 'Authorization': '3c3d4e0d037241acbedf18846e9554cb', 'x-sign': '417B110F1E71BD2CFE96366E67849B0B'}
2025-06-10 17:20:28,959 - INFO - 发送请求>>>>>>>                 请求体=无
2025-06-10 17:20:29,078 - INFO - 2025-06-10 17:20:29.078接收响应<<<<<<<       状态码=200
2025-06-10 17:20:29,078 - INFO - 接收响应<<<<<<<                  响应头={'Connection': 'close', 'Transfer-Encoding': 'chunked', 'Cache-Control': 'no-cache, no-store, max-age=0, must-revalidate', 'Content-Type': 'application/json', 'Date': 'Tue, 10 Jun 2025 09:20:27 GMT', 'Expires': '0', 'Pragma': 'no-cache', 'Vary': 'Origin, Access-Control-Request-Method, Access-Control-Request-Headers', 'X-Content-Type-Options': 'nosniff', 'X-Xss-Protection': '0'}
2025-06-10 17:20:29,078 - INFO - 接收响应<<<<<<<                  响应体=b'{"code":0,"msg":"success","data":{"lots":1775.45999999999998707,"num":2207,"profit":4006425.110000000010441,"vpsNum":5,"sourceNum":25,"followNum":18,"vpsActiveNum":3,"sourceActiveNum":9,"followActiveNum":2}}'...
2025-06-11 14:04:52,835 - INFO - 2025-06-11 14:04:52.835发送请求>>>>>>>       接口地址=POST http://39.99.136.49:9000/sys/auth/login
2025-06-11 14:04:52,835 - INFO - 发送请求>>>>>>>                 请求头={'User-Agent': 'python-requests/2.31.0', 'Accept-Encoding': 'gzip, deflate', 'Accept': '*/*', 'Connection': 'keep-alive', 'Authorization': '${token}', 'x-sign': '417B110F1E71BD2CFE96366E67849B0B', 'Content-Length': '241', 'Content-Type': 'application/json'}
2025-06-11 14:04:52,835 - INFO - 发送请求>>>>>>>                 请求体={"username": "admin", "password": "04739db02172e04f63f5278211184deec745bad9d797882b343e7201898d8da1d9fced282f6b271d3815a5057482e62c6f6b88dacb642ba05632bd2ee348101c76cb1f86b70f91695fd1cff11fce76246f044ace477cdbfa1e3e1521b19b023b14c7165e82c5"}
2025-06-11 14:04:53,045 - INFO - 2025-06-11 14:04:53.045接收响应<<<<<<<       状态码=200
2025-06-11 14:04:53,045 - INFO - 接收响应<<<<<<<                  响应头={'Vary': 'Origin, Access-Control-Request-Method, Access-Control-Request-Headers', 'X-Content-Type-Options': 'nosniff', 'X-XSS-Protection': '0', 'Cache-Control': 'no-cache, no-store, max-age=0, must-revalidate', 'Pragma': 'no-cache', 'Expires': '0', 'Content-Type': 'application/json', 'Transfer-Encoding': 'chunked', 'Date': 'Wed, 11 Jun 2025 06:04:52 GMT', 'Keep-Alive': 'timeout=60', 'Connection': 'keep-alive'}
2025-06-11 14:04:53,045 - INFO - 接收响应<<<<<<<                  响应体=b'{"code":0,"msg":"success","data":{"accessTokenExpire":"2025-06-12 14:04:52","refreshTokenExpire":"2025-06-25 14:04:52","access_token":"9ceb0c46e5a947a98a152419d57205b4","refresh_token":"a438e9d2b52847c68aa42e7fdebb9c1e"}}'...
2025-06-11 14:04:53,060 - INFO - 2025-06-11 14:04:53.060发送请求>>>>>>>       接口地址=POST http://39.99.136.49:9000/sys/auth/login
2025-06-11 14:04:53,060 - INFO - 发送请求>>>>>>>                 请求头={'User-Agent': 'python-requests/2.31.0', 'Accept-Encoding': 'gzip, deflate', 'Accept': '*/*', 'Connection': 'keep-alive', 'Authorization': '${token}', 'x-sign': '417B110F1E71BD2CFE96366E67849B0B', 'Content-Length': '247', 'Content-Type': 'application/json'}
2025-06-11 14:04:53,060 - INFO - 发送请求>>>>>>>                 请求体={"username": "admin", "password": "045728bed050a84d080b26233d113882b09043565f6bbef289d40ebee9e33a65335cd7c1c9172675699f9ca309ba016de2b9885deb6c3270aeb8f9f201d80dd364738e56120caf68835e26074275047e2dd01e1199cfe99df35b7e1c7b8ce642101757524081830e1b"}
2025-06-11 14:04:53,168 - INFO - 2025-06-11 14:04:53.168接收响应<<<<<<<       状态码=200
2025-06-11 14:04:53,168 - INFO - 接收响应<<<<<<<                  响应头={'Vary': 'Origin, Access-Control-Request-Method, Access-Control-Request-Headers', 'X-Content-Type-Options': 'nosniff', 'X-XSS-Protection': '0', 'Cache-Control': 'no-cache, no-store, max-age=0, must-revalidate', 'Pragma': 'no-cache', 'Expires': '0', 'Content-Type': 'application/json', 'Transfer-Encoding': 'chunked', 'Date': 'Wed, 11 Jun 2025 06:04:52 GMT', 'Keep-Alive': 'timeout=60', 'Connection': 'keep-alive'}
2025-06-11 14:04:53,168 - INFO - 接收响应<<<<<<<                  响应体=b'{"code":500,"msg":"\xe7\x94\xa8\xe6\x88\xb7\xe5\x90\x8d\xe6\x88\x96\xe5\xaf\x86\xe7\xa0\x81\xe9\x94\x99\xe8\xaf\xaf","data":null}'...
2025-06-11 14:04:53,447 - INFO - 2025-06-11 14:04:53.447发送请求>>>>>>>       接口地址=GET http://39.99.136.49:9000/dashboard/getStatData
2025-06-11 14:04:53,447 - INFO - 发送请求>>>>>>>                 请求头={'User-Agent': 'python-requests/2.31.0', 'Accept-Encoding': 'gzip, deflate', 'Accept': '*/*', 'Connection': 'keep-alive', 'Authorization': '9ceb0c46e5a947a98a152419d57205b4', 'x-sign': '417B110F1E71BD2CFE96366E67849B0B'}
2025-06-11 14:04:53,447 - INFO - 发送请求>>>>>>>                 请求体=无
2025-06-11 14:04:53,517 - INFO - 2025-06-11 14:04:53.516接收响应<<<<<<<       状态码=200
2025-06-11 14:04:53,517 - INFO - 接收响应<<<<<<<                  响应头={'Vary': 'Origin, Access-Control-Request-Method, Access-Control-Request-Headers', 'X-Content-Type-Options': 'nosniff', 'X-XSS-Protection': '0', 'Cache-Control': 'no-cache, no-store, max-age=0, must-revalidate', 'Pragma': 'no-cache', 'Expires': '0', 'Content-Type': 'application/json', 'Transfer-Encoding': 'chunked', 'Date': 'Wed, 11 Jun 2025 06:04:52 GMT', 'Keep-Alive': 'timeout=60', 'Connection': 'keep-alive'}
2025-06-11 14:04:53,517 - INFO - 接收响应<<<<<<<                  响应体=b'{"code":0,"msg":"success","data":{"lots":1775.45999999999998707,"num":2207,"profit":4006425.110000000010441,"vpsNum":5,"sourceNum":25,"followNum":18,"vpsActiveNum":3,"sourceActiveNum":9,"followActiveNum":2}}'...
2025-06-11 14:06:10,482 - INFO - 2025-06-11 14:06:10.482发送请求>>>>>>>       接口地址=POST http://39.99.136.49:9000/sys/auth/login
2025-06-11 14:06:10,482 - INFO - 发送请求>>>>>>>                 请求头={'User-Agent': 'python-requests/2.31.0', 'Accept-Encoding': 'gzip, deflate', 'Accept': '*/*', 'Connection': 'keep-alive', 'Authorization': '${token}', 'x-sign': '417B110F1E71BD2CFE96366E67849B0B', 'Content-Length': '241', 'Content-Type': 'application/json'}
2025-06-11 14:06:10,482 - INFO - 发送请求>>>>>>>                 请求体={"username": "admin", "password": "04739db02172e04f63f5278211184deec745bad9d797882b343e7201898d8da1d9fced282f6b271d3815a5057482e62c6f6b88dacb642ba05632bd2ee348101c76cb1f86b70f91695fd1cff11fce76246f044ace477cdbfa1e3e1521b19b023b14c7165e82c5"}
2025-06-11 14:06:10,708 - INFO - 2025-06-11 14:06:10.707接收响应<<<<<<<       状态码=200
2025-06-11 14:06:10,708 - INFO - 接收响应<<<<<<<                  响应头={'Vary': 'Origin, Access-Control-Request-Method, Access-Control-Request-Headers', 'X-Content-Type-Options': 'nosniff', 'X-XSS-Protection': '0', 'Cache-Control': 'no-cache, no-store, max-age=0, must-revalidate', 'Pragma': 'no-cache', 'Expires': '0', 'Content-Type': 'application/json', 'Transfer-Encoding': 'chunked', 'Date': 'Wed, 11 Jun 2025 06:06:09 GMT', 'Keep-Alive': 'timeout=60', 'Connection': 'keep-alive'}
2025-06-11 14:06:10,708 - INFO - 接收响应<<<<<<<                  响应体=b'{"code":0,"msg":"success","data":{"accessTokenExpire":"2025-06-12 14:06:09","refreshTokenExpire":"2025-06-25 14:06:09","access_token":"c1a75d2ed4a9491f8d9403421f79d60a","refresh_token":"7772e885c07d493eaafd2ea0ac512c8e"}}'...
2025-06-11 14:06:10,723 - INFO - 2025-06-11 14:06:10.723发送请求>>>>>>>       接口地址=POST http://39.99.136.49:9000/sys/auth/login
2025-06-11 14:06:10,723 - INFO - 发送请求>>>>>>>                 请求头={'User-Agent': 'python-requests/2.31.0', 'Accept-Encoding': 'gzip, deflate', 'Accept': '*/*', 'Connection': 'keep-alive', 'Authorization': '${token}', 'x-sign': '417B110F1E71BD2CFE96366E67849B0B', 'Content-Length': '247', 'Content-Type': 'application/json'}
2025-06-11 14:06:10,723 - INFO - 发送请求>>>>>>>                 请求体={"username": "admin", "password": "045728bed050a84d080b26233d113882b09043565f6bbef289d40ebee9e33a65335cd7c1c9172675699f9ca309ba016de2b9885deb6c3270aeb8f9f201d80dd364738e56120caf68835e26074275047e2dd01e1199cfe99df35b7e1c7b8ce642101757524081830e1b"}
2025-06-11 14:06:10,798 - INFO - 2025-06-11 14:06:10.798接收响应<<<<<<<       状态码=200
2025-06-11 14:06:10,798 - INFO - 接收响应<<<<<<<                  响应头={'Vary': 'Origin, Access-Control-Request-Method, Access-Control-Request-Headers', 'X-Content-Type-Options': 'nosniff', 'X-XSS-Protection': '0', 'Cache-Control': 'no-cache, no-store, max-age=0, must-revalidate', 'Pragma': 'no-cache', 'Expires': '0', 'Content-Type': 'application/json', 'Transfer-Encoding': 'chunked', 'Date': 'Wed, 11 Jun 2025 06:06:09 GMT', 'Keep-Alive': 'timeout=60', 'Connection': 'keep-alive'}
2025-06-11 14:06:10,798 - INFO - 接收响应<<<<<<<                  响应体=b'{"code":500,"msg":"\xe7\x94\xa8\xe6\x88\xb7\xe5\x90\x8d\xe6\x88\x96\xe5\xaf\x86\xe7\xa0\x81\xe9\x94\x99\xe8\xaf\xaf","data":null}'...
2025-06-11 14:06:11,091 - INFO - 2025-06-11 14:06:11.091发送请求>>>>>>>       接口地址=GET http://39.99.136.49:9000/dashboard/getStatData
2025-06-11 14:06:11,091 - INFO - 发送请求>>>>>>>                 请求头={'User-Agent': 'python-requests/2.31.0', 'Accept-Encoding': 'gzip, deflate', 'Accept': '*/*', 'Connection': 'keep-alive', 'Authorization': 'c1a75d2ed4a9491f8d9403421f79d60a', 'x-sign': '417B110F1E71BD2CFE96366E67849B0B'}
2025-06-11 14:06:11,091 - INFO - 发送请求>>>>>>>                 请求体=无
2025-06-11 14:06:11,152 - INFO - 2025-06-11 14:06:11.152接收响应<<<<<<<       状态码=200
2025-06-11 14:06:11,152 - INFO - 接收响应<<<<<<<                  响应头={'Vary': 'Origin, Access-Control-Request-Method, Access-Control-Request-Headers', 'X-Content-Type-Options': 'nosniff', 'X-XSS-Protection': '0', 'Cache-Control': 'no-cache, no-store, max-age=0, must-revalidate', 'Pragma': 'no-cache', 'Expires': '0', 'Content-Type': 'application/json', 'Transfer-Encoding': 'chunked', 'Date': 'Wed, 11 Jun 2025 06:06:09 GMT', 'Keep-Alive': 'timeout=60', 'Connection': 'keep-alive'}
2025-06-11 14:06:11,152 - INFO - 接收响应<<<<<<<                  响应体=b'{"code":0,"msg":"success","data":{"lots":1775.45999999999998707,"num":2207,"profit":4006425.110000000010441,"vpsNum":5,"sourceNum":25,"followNum":18,"vpsActiveNum":3,"sourceActiveNum":9,"followActiveNum":2}}'...
2025-06-11 17:22:58,708 - INFO - 2025-06-11 17:22:58.708发送请求>>>>>>>       接口地址=POST http://39.99.136.49:9000/sys/auth/login
2025-06-11 17:22:58,708 - INFO - 发送请求>>>>>>>                 请求头={'User-Agent': 'python-requests/2.31.0', 'Accept-Encoding': 'gzip, deflate', 'Accept': '*/*', 'Connection': 'keep-alive', 'Authorization': '${token}', 'x-sign': '417B110F1E71BD2CFE96366E67849B0B', 'Content-Length': '241', 'Content-Type': 'application/json'}
2025-06-11 17:22:58,708 - INFO - 发送请求>>>>>>>                 请求体={"username": "admin", "password": "04739db02172e04f63f5278211184deec745bad9d797882b343e7201898d8da1d9fced282f6b271d3815a5057482e62c6f6b88dacb642ba05632bd2ee348101c76cb1f86b70f91695fd1cff11fce76246f044ace477cdbfa1e3e1521b19b023b14c7165e82c5"}
2025-06-11 17:22:58,852 - INFO - 2025-06-11 17:22:58.852接收响应<<<<<<<       状态码=200
2025-06-11 17:22:58,852 - INFO - 接收响应<<<<<<<                  响应头={'Connection': 'close', 'Transfer-Encoding': 'chunked', 'Cache-Control': 'no-cache, no-store, max-age=0, must-revalidate', 'Content-Type': 'application/json', 'Date': 'Wed, 11 Jun 2025 09:22:58 GMT', 'Expires': '0', 'Pragma': 'no-cache', 'Vary': 'Origin, Access-Control-Request-Method, Access-Control-Request-Headers', 'X-Content-Type-Options': 'nosniff', 'X-Xss-Protection': '0'}
2025-06-11 17:22:58,852 - INFO - 接收响应<<<<<<<                  响应体=b'{"code":0,"msg":"success","data":{"accessTokenExpire":"2025-06-12 17:22:58","refreshTokenExpire":"2025-06-25 17:22:58","access_token":"d9077225859a40c2a449c9bf799f8729","refresh_token":"1cc2849342014af69b15aaf4dfc64fde"}}'...
2025-06-11 17:22:58,867 - INFO - 2025-06-11 17:22:58.867发送请求>>>>>>>       接口地址=POST http://39.99.136.49:9000/sys/auth/login
2025-06-11 17:22:58,868 - INFO - 发送请求>>>>>>>                 请求头={'User-Agent': 'python-requests/2.31.0', 'Accept-Encoding': 'gzip, deflate', 'Accept': '*/*', 'Connection': 'keep-alive', 'Authorization': '${token}', 'x-sign': '417B110F1E71BD2CFE96366E67849B0B', 'Content-Length': '247', 'Content-Type': 'application/json'}
2025-06-11 17:22:58,868 - INFO - 发送请求>>>>>>>                 请求体={"username": "admin", "password": "045728bed050a84d080b26233d113882b09043565f6bbef289d40ebee9e33a65335cd7c1c9172675699f9ca309ba016de2b9885deb6c3270aeb8f9f201d80dd364738e56120caf68835e26074275047e2dd01e1199cfe99df35b7e1c7b8ce642101757524081830e1b"}
2025-06-11 17:22:58,978 - INFO - 2025-06-11 17:22:58.978接收响应<<<<<<<       状态码=200
2025-06-11 17:22:58,978 - INFO - 接收响应<<<<<<<                  响应头={'Connection': 'close', 'Transfer-Encoding': 'chunked', 'Cache-Control': 'no-cache, no-store, max-age=0, must-revalidate', 'Content-Type': 'application/json', 'Date': 'Wed, 11 Jun 2025 09:22:58 GMT', 'Expires': '0', 'Pragma': 'no-cache', 'Vary': 'Origin, Access-Control-Request-Method, Access-Control-Request-Headers', 'X-Content-Type-Options': 'nosniff', 'X-Xss-Protection': '0'}
2025-06-11 17:22:58,978 - INFO - 接收响应<<<<<<<                  响应体=b'{"code":500,"msg":"\xe7\x94\xa8\xe6\x88\xb7\xe5\x90\x8d\xe6\x88\x96\xe5\xaf\x86\xe7\xa0\x81\xe9\x94\x99\xe8\xaf\xaf","data":null}'...
2025-06-11 17:22:59,272 - INFO - 2025-06-11 17:22:59.272发送请求>>>>>>>       接口地址=GET http://39.99.136.49:9000/dashboard/getStatData
2025-06-11 17:22:59,273 - INFO - 发送请求>>>>>>>                 请求头={'User-Agent': 'python-requests/2.31.0', 'Accept-Encoding': 'gzip, deflate', 'Accept': '*/*', 'Connection': 'keep-alive', 'Authorization': 'd9077225859a40c2a449c9bf799f8729', 'x-sign': '417B110F1E71BD2CFE96366E67849B0B'}
2025-06-11 17:22:59,273 - INFO - 发送请求>>>>>>>                 请求体=无
2025-06-11 17:22:59,392 - INFO - 2025-06-11 17:22:59.392接收响应<<<<<<<       状态码=200
2025-06-11 17:22:59,392 - INFO - 接收响应<<<<<<<                  响应头={'Connection': 'close', 'Transfer-Encoding': 'chunked', 'Cache-Control': 'no-cache, no-store, max-age=0, must-revalidate', 'Content-Type': 'application/json', 'Date': 'Wed, 11 Jun 2025 09:22:58 GMT', 'Expires': '0', 'Pragma': 'no-cache', 'Vary': 'Origin, Access-Control-Request-Method, Access-Control-Request-Headers', 'X-Content-Type-Options': 'nosniff', 'X-Xss-Protection': '0'}
2025-06-11 17:22:59,392 - INFO - 接收响应<<<<<<<                  响应体=b'{"code":0,"msg":"success","data":{"lots":1775.45999999999998707,"num":2207,"profit":4006425.110000000010441,"vpsNum":5,"sourceNum":25,"followNum":18,"vpsActiveNum":3,"sourceActiveNum":9,"followActiveNum":2}}'...
2025-06-11 17:25:23,367 - INFO - 2025-06-11 17:25:23.367发送请求>>>>>>>       接口地址=POST http://39.99.136.49:9000/sys/auth/login
2025-06-11 17:25:23,367 - INFO - 发送请求>>>>>>>                 请求头={'User-Agent': 'python-requests/2.31.0', 'Accept-Encoding': 'gzip, deflate', 'Accept': '*/*', 'Connection': 'keep-alive', 'Authorization': '${token}', 'x-sign': '417B110F1E71BD2CFE96366E67849B0B', 'Content-Length': '241', 'Content-Type': 'application/json'}
2025-06-11 17:25:23,367 - INFO - 发送请求>>>>>>>                 请求体={"username": "admin", "password": "04739db02172e04f63f5278211184deec745bad9d797882b343e7201898d8da1d9fced282f6b271d3815a5057482e62c6f6b88dacb642ba05632bd2ee348101c76cb1f86b70f91695fd1cff11fce76246f044ace477cdbfa1e3e1521b19b023b14c7165e82c5"}
2025-06-11 17:25:23,673 - INFO - 2025-06-11 17:25:23.673接收响应<<<<<<<       状态码=200
2025-06-11 17:25:23,673 - INFO - 接收响应<<<<<<<                  响应头={'Connection': 'close', 'Transfer-Encoding': 'chunked', 'Cache-Control': 'no-cache, no-store, max-age=0, must-revalidate', 'Content-Type': 'application/json', 'Date': 'Wed, 11 Jun 2025 09:25:23 GMT', 'Expires': '0', 'Pragma': 'no-cache', 'Vary': 'Origin, Access-Control-Request-Method, Access-Control-Request-Headers', 'X-Content-Type-Options': 'nosniff', 'X-Xss-Protection': '0'}
2025-06-11 17:25:23,674 - INFO - 接收响应<<<<<<<                  响应体=b'{"code":0,"msg":"success","data":{"accessTokenExpire":"2025-06-12 17:25:23","refreshTokenExpire":"2025-06-25 17:25:23","access_token":"a2ae2b6a26784cf7afcf9cb20892f408","refresh_token":"bc98de78e7a44b20a36cac344ed42563"}}'...
2025-06-11 17:25:23,689 - INFO - 2025-06-11 17:25:23.689发送请求>>>>>>>       接口地址=POST http://39.99.136.49:9000/sys/auth/login
2025-06-11 17:25:23,689 - INFO - 发送请求>>>>>>>                 请求头={'User-Agent': 'python-requests/2.31.0', 'Accept-Encoding': 'gzip, deflate', 'Accept': '*/*', 'Connection': 'keep-alive', 'Authorization': '${token}', 'x-sign': '417B110F1E71BD2CFE96366E67849B0B', 'Content-Length': '247', 'Content-Type': 'application/json'}
2025-06-11 17:25:23,689 - INFO - 发送请求>>>>>>>                 请求体={"username": "admin", "password": "045728bed050a84d080b26233d113882b09043565f6bbef289d40ebee9e33a65335cd7c1c9172675699f9ca309ba016de2b9885deb6c3270aeb8f9f201d80dd364738e56120caf68835e26074275047e2dd01e1199cfe99df35b7e1c7b8ce642101757524081830e1b"}
2025-06-11 17:25:23,855 - INFO - 2025-06-11 17:25:23.855接收响应<<<<<<<       状态码=200
2025-06-11 17:25:23,855 - INFO - 接收响应<<<<<<<                  响应头={'Connection': 'close', 'Transfer-Encoding': 'chunked', 'Cache-Control': 'no-cache, no-store, max-age=0, must-revalidate', 'Content-Type': 'application/json', 'Date': 'Wed, 11 Jun 2025 09:25:23 GMT', 'Expires': '0', 'Pragma': 'no-cache', 'Vary': 'Origin, Access-Control-Request-Method, Access-Control-Request-Headers', 'X-Content-Type-Options': 'nosniff', 'X-Xss-Protection': '0'}
2025-06-11 17:25:23,855 - INFO - 接收响应<<<<<<<                  响应体=b'{"code":500,"msg":"\xe7\x94\xa8\xe6\x88\xb7\xe5\x90\x8d\xe6\x88\x96\xe5\xaf\x86\xe7\xa0\x81\xe9\x94\x99\xe8\xaf\xaf","data":null}'...
2025-06-11 17:25:24,145 - INFO - 2025-06-11 17:25:24.145发送请求>>>>>>>       接口地址=GET http://39.99.136.49:9000/dashboard/getStatData
2025-06-11 17:25:24,145 - INFO - 发送请求>>>>>>>                 请求头={'User-Agent': 'python-requests/2.31.0', 'Accept-Encoding': 'gzip, deflate', 'Accept': '*/*', 'Connection': 'keep-alive', 'Authorization': 'a2ae2b6a26784cf7afcf9cb20892f408', 'x-sign': '417B110F1E71BD2CFE96366E67849B0B'}
2025-06-11 17:25:24,145 - INFO - 发送请求>>>>>>>                 请求体=无
2025-06-11 17:25:24,263 - INFO - 2025-06-11 17:25:24.263接收响应<<<<<<<       状态码=200
2025-06-11 17:25:24,263 - INFO - 接收响应<<<<<<<                  响应头={'Connection': 'close', 'Transfer-Encoding': 'chunked', 'Cache-Control': 'no-cache, no-store, max-age=0, must-revalidate', 'Content-Type': 'application/json', 'Date': 'Wed, 11 Jun 2025 09:25:23 GMT', 'Expires': '0', 'Pragma': 'no-cache', 'Vary': 'Origin, Access-Control-Request-Method, Access-Control-Request-Headers', 'X-Content-Type-Options': 'nosniff', 'X-Xss-Protection': '0'}
2025-06-11 17:25:24,263 - INFO - 接收响应<<<<<<<                  响应体=b'{"code":0,"msg":"success","data":{"lots":1775.45999999999998707,"num":2207,"profit":4006425.110000000010441,"vpsNum":5,"sourceNum":25,"followNum":18,"vpsActiveNum":3,"sourceActiveNum":9,"followActiveNum":2}}'...
2025-06-11 18:33:28,761 - INFO - 2025-06-11 18:33:28.761发送请求>>>>>>>       接口地址=POST http://39.99.136.49:9000/sys/auth/login
2025-06-11 18:33:28,762 - INFO - 发送请求>>>>>>>                 请求头={'User-Agent': 'python-requests/2.31.0', 'Accept-Encoding': 'gzip, deflate', 'Accept': '*/*', 'Connection': 'keep-alive', 'Authorization': '${token}', 'x-sign': '417B110F1E71BD2CFE96366E67849B0B', 'Content-Length': '241', 'Content-Type': 'application/json'}
2025-06-11 18:33:28,762 - INFO - 发送请求>>>>>>>                 请求体={"username": "admin", "password": "04739db02172e04f63f5278211184deec745bad9d797882b343e7201898d8da1d9fced282f6b271d3815a5057482e62c6f6b88dacb642ba05632bd2ee348101c76cb1f86b70f91695fd1cff11fce76246f044ace477cdbfa1e3e1521b19b023b14c7165e82c5"}
2025-06-11 18:33:29,670 - INFO - 2025-06-11 18:33:29.670接收响应<<<<<<<       状态码=200
2025-06-11 18:33:29,670 - INFO - 接收响应<<<<<<<                  响应头={'Vary': 'Origin, Access-Control-Request-Method, Access-Control-Request-Headers', 'X-Content-Type-Options': 'nosniff', 'X-XSS-Protection': '0', 'Cache-Control': 'no-cache, no-store, max-age=0, must-revalidate', 'Pragma': 'no-cache', 'Expires': '0', 'Content-Type': 'application/json', 'Transfer-Encoding': 'chunked', 'Date': 'Wed, 11 Jun 2025 10:33:29 GMT', 'Keep-Alive': 'timeout=60', 'Connection': 'keep-alive'}
2025-06-11 18:33:29,670 - INFO - 接收响应<<<<<<<                  响应体=b'{"code":0,"msg":"success","data":{"accessTokenExpire":"2025-06-12 18:33:29","refreshTokenExpire":"2025-06-25 18:33:29","access_token":"9b328193fad04f7db259fd7a036a10f3","refresh_token":"34cba58efdb740e88f05f6a9482b061e"}}'...
2025-06-11 18:33:29,686 - INFO - 2025-06-11 18:33:29.686发送请求>>>>>>>       接口地址=POST http://39.99.136.49:9000/sys/auth/login
2025-06-11 18:33:29,686 - INFO - 发送请求>>>>>>>                 请求头={'User-Agent': 'python-requests/2.31.0', 'Accept-Encoding': 'gzip, deflate', 'Accept': '*/*', 'Connection': 'keep-alive', 'Authorization': '${token}', 'x-sign': '417B110F1E71BD2CFE96366E67849B0B', 'Content-Length': '247', 'Content-Type': 'application/json'}
2025-06-11 18:33:29,686 - INFO - 发送请求>>>>>>>                 请求体={"username": "admin", "password": "045728bed050a84d080b26233d113882b09043565f6bbef289d40ebee9e33a65335cd7c1c9172675699f9ca309ba016de2b9885deb6c3270aeb8f9f201d80dd364738e56120caf68835e26074275047e2dd01e1199cfe99df35b7e1c7b8ce642101757524081830e1b"}
2025-06-11 18:33:29,763 - INFO - 2025-06-11 18:33:29.763接收响应<<<<<<<       状态码=200
2025-06-11 18:33:29,764 - INFO - 接收响应<<<<<<<                  响应头={'Vary': 'Origin, Access-Control-Request-Method, Access-Control-Request-Headers', 'X-Content-Type-Options': 'nosniff', 'X-XSS-Protection': '0', 'Cache-Control': 'no-cache, no-store, max-age=0, must-revalidate', 'Pragma': 'no-cache', 'Expires': '0', 'Content-Type': 'application/json', 'Transfer-Encoding': 'chunked', 'Date': 'Wed, 11 Jun 2025 10:33:29 GMT', 'Keep-Alive': 'timeout=60', 'Connection': 'keep-alive'}
2025-06-11 18:33:29,764 - INFO - 接收响应<<<<<<<                  响应体=b'{"code":500,"msg":"\xe7\x94\xa8\xe6\x88\xb7\xe5\x90\x8d\xe6\x88\x96\xe5\xaf\x86\xe7\xa0\x81\xe9\x94\x99\xe8\xaf\xaf","data":null}'...
2025-06-11 18:33:30,046 - INFO - 2025-06-11 18:33:30.046发送请求>>>>>>>       接口地址=GET http://39.99.136.49:9000/dashboard/getStatData
2025-06-11 18:33:30,046 - INFO - 发送请求>>>>>>>                 请求头={'User-Agent': 'python-requests/2.31.0', 'Accept-Encoding': 'gzip, deflate', 'Accept': '*/*', 'Connection': 'keep-alive', 'Authorization': '9b328193fad04f7db259fd7a036a10f3', 'x-sign': '417B110F1E71BD2CFE96366E67849B0B'}
2025-06-11 18:33:30,046 - INFO - 发送请求>>>>>>>                 请求体=无
2025-06-11 18:33:30,266 - INFO - 2025-06-11 18:33:30.266接收响应<<<<<<<       状态码=200
2025-06-11 18:33:30,266 - INFO - 接收响应<<<<<<<                  响应头={'Vary': 'Origin, Access-Control-Request-Method, Access-Control-Request-Headers', 'X-Content-Type-Options': 'nosniff', 'X-XSS-Protection': '0', 'Cache-Control': 'no-cache, no-store, max-age=0, must-revalidate', 'Pragma': 'no-cache', 'Expires': '0', 'Content-Type': 'application/json', 'Transfer-Encoding': 'chunked', 'Date': 'Wed, 11 Jun 2025 10:33:29 GMT', 'Keep-Alive': 'timeout=60', 'Connection': 'keep-alive'}
2025-06-11 18:33:30,266 - INFO - 接收响应<<<<<<<                  响应体=b'{"code":0,"msg":"success","data":{"lots":1775.45999999999998707,"num":2207,"profit":4006425.110000000010441,"vpsNum":5,"sourceNum":25,"followNum":18,"vpsActiveNum":3,"sourceActiveNum":9,"followActiveNum":2}}'...
