2025-06-12 10:56:33,745 - INFO - 2025-06-12 10:56:33.745发送请求>>>>>>>       接口地址=POST http://39.99.136.49:9000/sys/auth/login
2025-06-12 10:56:33,745 - INFO - 发送请求>>>>>>>                 请求头={'User-Agent': 'python-requests/2.31.0', 'Accept-Encoding': 'gzip, deflate', 'Accept': '*/*', 'Connection': 'keep-alive', 'Authorization': '${token}', 'x-sign': '417B110F1E71BD2CFE96366E67849B0B', 'Content-Length': '241', 'Content-Type': 'application/json'}
2025-06-12 10:56:33,745 - INFO - 发送请求>>>>>>>                 请求体={"username": "admin", "password": "04739db02172e04f63f5278211184deec745bad9d797882b343e7201898d8da1d9fced282f6b271d3815a5057482e62c6f6b88dacb642ba05632bd2ee348101c76cb1f86b70f91695fd1cff11fce76246f044ace477cdbfa1e3e1521b19b023b14c7165e82c5"}
2025-06-12 10:56:33,899 - INFO - 2025-06-12 10:56:33.899接收响应<<<<<<<       状态码=200
2025-06-12 10:56:33,899 - INFO - 接收响应<<<<<<<                  响应头={'Vary': 'Origin, Access-Control-Request-Method, Access-Control-Request-Headers', 'X-Content-Type-Options': 'nosniff', 'X-XSS-Protection': '0', 'Cache-Control': 'no-cache, no-store, max-age=0, must-revalidate', 'Pragma': 'no-cache', 'Expires': '0', 'Content-Type': 'application/json', 'Transfer-Encoding': 'chunked', 'Date': 'Thu, 12 Jun 2025 02:56:32 GMT', 'Keep-Alive': 'timeout=60', 'Connection': 'keep-alive'}
2025-06-12 10:56:33,899 - INFO - 接收响应<<<<<<<                  响应体=b'{"code":0,"msg":"success","data":{"accessTokenExpire":"2025-06-13 10:56:32","refreshTokenExpire":"2025-06-26 10:56:32","access_token":"15b8183211664e50abe71cc491186e09","refresh_token":"5944a4ce20374c738fe184eb0b1efa52"}}'...
2025-06-12 10:56:33,914 - INFO - 2025-06-12 10:56:33.914发送请求>>>>>>>       接口地址=POST http://39.99.136.49:9000/sys/auth/login
2025-06-12 10:56:33,914 - INFO - 发送请求>>>>>>>                 请求头={'User-Agent': 'python-requests/2.31.0', 'Accept-Encoding': 'gzip, deflate', 'Accept': '*/*', 'Connection': 'keep-alive', 'Authorization': '${token}', 'x-sign': '417B110F1E71BD2CFE96366E67849B0B', 'Content-Length': '247', 'Content-Type': 'application/json'}
2025-06-12 10:56:33,914 - INFO - 发送请求>>>>>>>                 请求体={"username": "admin", "password": "045728bed050a84d080b26233d113882b09043565f6bbef289d40ebee9e33a65335cd7c1c9172675699f9ca309ba016de2b9885deb6c3270aeb8f9f201d80dd364738e56120caf68835e26074275047e2dd01e1199cfe99df35b7e1c7b8ce642101757524081830e1b"}
2025-06-12 10:56:33,982 - INFO - 2025-06-12 10:56:33.982接收响应<<<<<<<       状态码=200
2025-06-12 10:56:33,983 - INFO - 接收响应<<<<<<<                  响应头={'Vary': 'Origin, Access-Control-Request-Method, Access-Control-Request-Headers', 'X-Content-Type-Options': 'nosniff', 'X-XSS-Protection': '0', 'Cache-Control': 'no-cache, no-store, max-age=0, must-revalidate', 'Pragma': 'no-cache', 'Expires': '0', 'Content-Type': 'application/json', 'Transfer-Encoding': 'chunked', 'Date': 'Thu, 12 Jun 2025 02:56:32 GMT', 'Keep-Alive': 'timeout=60', 'Connection': 'keep-alive'}
2025-06-12 10:56:33,983 - INFO - 接收响应<<<<<<<                  响应体=b'{"code":500,"msg":"\xe7\x94\xa8\xe6\x88\xb7\xe5\x90\x8d\xe6\x88\x96\xe5\xaf\x86\xe7\xa0\x81\xe9\x94\x99\xe8\xaf\xaf","data":null}'...
2025-06-12 10:56:34,265 - INFO - 2025-06-12 10:56:34.265发送请求>>>>>>>       接口地址=GET http://39.99.136.49:9000/dashboard/getStatData
2025-06-12 10:56:34,265 - INFO - 发送请求>>>>>>>                 请求头={'User-Agent': 'python-requests/2.31.0', 'Accept-Encoding': 'gzip, deflate', 'Accept': '*/*', 'Connection': 'keep-alive', 'Authorization': '15b8183211664e50abe71cc491186e09', 'x-sign': '417B110F1E71BD2CFE96366E67849B0B'}
2025-06-12 10:56:34,265 - INFO - 发送请求>>>>>>>                 请求体=无
2025-06-12 10:56:34,321 - INFO - 2025-06-12 10:56:34.321接收响应<<<<<<<       状态码=200
2025-06-12 10:56:34,321 - INFO - 接收响应<<<<<<<                  响应头={'Vary': 'Origin, Access-Control-Request-Method, Access-Control-Request-Headers', 'X-Content-Type-Options': 'nosniff', 'X-XSS-Protection': '0', 'Cache-Control': 'no-cache, no-store, max-age=0, must-revalidate', 'Pragma': 'no-cache', 'Expires': '0', 'Content-Type': 'application/json', 'Transfer-Encoding': 'chunked', 'Date': 'Thu, 12 Jun 2025 02:56:32 GMT', 'Keep-Alive': 'timeout=60', 'Connection': 'keep-alive'}
2025-06-12 10:56:34,321 - INFO - 接收响应<<<<<<<                  响应体=b'{"code":0,"msg":"success","data":{"lots":1775.45999999999998707,"num":2207,"profit":4006425.110000000010441,"vpsNum":5,"sourceNum":25,"followNum":18,"vpsActiveNum":3,"sourceActiveNum":9,"followActiveNum":2}}'...
2025-06-12 11:01:30,774 - INFO - 2025-06-12 11:01:30.774发送请求>>>>>>>       接口地址=POST http://39.99.136.49:9000/sys/auth/login
2025-06-12 11:01:30,775 - INFO - 发送请求>>>>>>>                 请求头={'User-Agent': 'python-requests/2.31.0', 'Accept-Encoding': 'gzip, deflate', 'Accept': '*/*', 'Connection': 'keep-alive', 'Authorization': '${token}', 'x-sign': '417B110F1E71BD2CFE96366E67849B0B', 'Content-Length': '241', 'Content-Type': 'application/json'}
2025-06-12 11:01:30,775 - INFO - 发送请求>>>>>>>                 请求体={"username": "admin", "password": "04739db02172e04f63f5278211184deec745bad9d797882b343e7201898d8da1d9fced282f6b271d3815a5057482e62c6f6b88dacb642ba05632bd2ee348101c76cb1f86b70f91695fd1cff11fce76246f044ace477cdbfa1e3e1521b19b023b14c7165e82c5"}
2025-06-12 11:01:30,915 - INFO - 2025-06-12 11:01:30.915接收响应<<<<<<<       状态码=200
2025-06-12 11:01:30,916 - INFO - 接收响应<<<<<<<                  响应头={'Vary': 'Origin, Access-Control-Request-Method, Access-Control-Request-Headers', 'X-Content-Type-Options': 'nosniff', 'X-XSS-Protection': '0', 'Cache-Control': 'no-cache, no-store, max-age=0, must-revalidate', 'Pragma': 'no-cache', 'Expires': '0', 'Content-Type': 'application/json', 'Transfer-Encoding': 'chunked', 'Date': 'Thu, 12 Jun 2025 03:01:29 GMT', 'Keep-Alive': 'timeout=60', 'Connection': 'keep-alive'}
2025-06-12 11:01:30,916 - INFO - 接收响应<<<<<<<                  响应体=b'{"code":0,"msg":"success","data":{"accessTokenExpire":"2025-06-13 11:01:29","refreshTokenExpire":"2025-06-26 11:01:29","access_token":"b59a564262164817860a01c633232873","refresh_token":"64e10f27347c427094dbaf5733a9c2f3"}}'...
2025-06-12 11:01:30,925 - INFO - 2025-06-12 11:01:30.925发送请求>>>>>>>       接口地址=POST http://39.99.136.49:9000/sys/auth/login
2025-06-12 11:01:30,925 - INFO - 发送请求>>>>>>>                 请求头={'User-Agent': 'python-requests/2.31.0', 'Accept-Encoding': 'gzip, deflate', 'Accept': '*/*', 'Connection': 'keep-alive', 'Authorization': '${token}', 'x-sign': '417B110F1E71BD2CFE96366E67849B0B', 'Content-Length': '247', 'Content-Type': 'application/json'}
2025-06-12 11:01:30,925 - INFO - 发送请求>>>>>>>                 请求体={"username": "admin", "password": "045728bed050a84d080b26233d113882b09043565f6bbef289d40ebee9e33a65335cd7c1c9172675699f9ca309ba016de2b9885deb6c3270aeb8f9f201d80dd364738e56120caf68835e26074275047e2dd01e1199cfe99df35b7e1c7b8ce642101757524081830e1b"}
2025-06-12 11:01:30,988 - INFO - 2025-06-12 11:01:30.988接收响应<<<<<<<       状态码=200
2025-06-12 11:01:30,988 - INFO - 接收响应<<<<<<<                  响应头={'Vary': 'Origin, Access-Control-Request-Method, Access-Control-Request-Headers', 'X-Content-Type-Options': 'nosniff', 'X-XSS-Protection': '0', 'Cache-Control': 'no-cache, no-store, max-age=0, must-revalidate', 'Pragma': 'no-cache', 'Expires': '0', 'Content-Type': 'application/json', 'Transfer-Encoding': 'chunked', 'Date': 'Thu, 12 Jun 2025 03:01:29 GMT', 'Keep-Alive': 'timeout=60', 'Connection': 'keep-alive'}
2025-06-12 11:01:30,988 - INFO - 接收响应<<<<<<<                  响应体=b'{"code":500,"msg":"\xe7\x94\xa8\xe6\x88\xb7\xe5\x90\x8d\xe6\x88\x96\xe5\xaf\x86\xe7\xa0\x81\xe9\x94\x99\xe8\xaf\xaf","data":null}'...
2025-06-12 11:01:31,272 - INFO - 2025-06-12 11:01:31.272发送请求>>>>>>>       接口地址=GET http://39.99.136.49:9000/dashboard/getStatData
2025-06-12 11:01:31,272 - INFO - 发送请求>>>>>>>                 请求头={'User-Agent': 'python-requests/2.31.0', 'Accept-Encoding': 'gzip, deflate', 'Accept': '*/*', 'Connection': 'keep-alive', 'Authorization': 'b59a564262164817860a01c633232873', 'x-sign': '417B110F1E71BD2CFE96366E67849B0B'}
2025-06-12 11:01:31,272 - INFO - 发送请求>>>>>>>                 请求体=无
2025-06-12 11:01:31,332 - INFO - 2025-06-12 11:01:31.332接收响应<<<<<<<       状态码=200
2025-06-12 11:01:31,333 - INFO - 接收响应<<<<<<<                  响应头={'Vary': 'Origin, Access-Control-Request-Method, Access-Control-Request-Headers', 'X-Content-Type-Options': 'nosniff', 'X-XSS-Protection': '0', 'Cache-Control': 'no-cache, no-store, max-age=0, must-revalidate', 'Pragma': 'no-cache', 'Expires': '0', 'Content-Type': 'application/json', 'Transfer-Encoding': 'chunked', 'Date': 'Thu, 12 Jun 2025 03:01:29 GMT', 'Keep-Alive': 'timeout=60', 'Connection': 'keep-alive'}
2025-06-12 11:01:31,333 - INFO - 接收响应<<<<<<<                  响应体=b'{"code":0,"msg":"success","data":{"lots":1775.45999999999998707,"num":2207,"profit":4006425.110000000010441,"vpsNum":5,"sourceNum":25,"followNum":18,"vpsActiveNum":3,"sourceActiveNum":9,"followActiveNum":2}}'...
2025-06-12 11:05:09,540 - INFO - 2025-06-12 11:05:09.540发送请求>>>>>>>       接口地址=POST http://39.99.136.49:9000/sys/auth/login
2025-06-12 11:05:09,540 - INFO - 发送请求>>>>>>>                 请求头={'User-Agent': 'python-requests/2.31.0', 'Accept-Encoding': 'gzip, deflate', 'Accept': '*/*', 'Connection': 'keep-alive', 'Authorization': '${token}', 'x-sign': '417B110F1E71BD2CFE96366E67849B0B', 'Content-Length': '241', 'Content-Type': 'application/json'}
2025-06-12 11:05:09,540 - INFO - 发送请求>>>>>>>                 请求体={"username": "admin", "password": "04739db02172e04f63f5278211184deec745bad9d797882b343e7201898d8da1d9fced282f6b271d3815a5057482e62c6f6b88dacb642ba05632bd2ee348101c76cb1f86b70f91695fd1cff11fce76246f044ace477cdbfa1e3e1521b19b023b14c7165e82c5"}
2025-06-12 11:05:09,694 - INFO - 2025-06-12 11:05:09.694接收响应<<<<<<<       状态码=200
2025-06-12 11:05:09,695 - INFO - 接收响应<<<<<<<                  响应头={'Vary': 'Origin, Access-Control-Request-Method, Access-Control-Request-Headers', 'X-Content-Type-Options': 'nosniff', 'X-XSS-Protection': '0', 'Cache-Control': 'no-cache, no-store, max-age=0, must-revalidate', 'Pragma': 'no-cache', 'Expires': '0', 'Content-Type': 'application/json', 'Transfer-Encoding': 'chunked', 'Date': 'Thu, 12 Jun 2025 03:05:07 GMT', 'Keep-Alive': 'timeout=60', 'Connection': 'keep-alive'}
2025-06-12 11:05:09,695 - INFO - 接收响应<<<<<<<                  响应体=b'{"code":0,"msg":"success","data":{"accessTokenExpire":"2025-06-13 11:05:08","refreshTokenExpire":"2025-06-26 11:05:08","access_token":"baafb879aeaf48b5bab56af573e3ee7f","refresh_token":"09b521a5cf914b4791f774ff6c135d2a"}}'...
2025-06-12 11:05:09,704 - INFO - 2025-06-12 11:05:09.704发送请求>>>>>>>       接口地址=POST http://39.99.136.49:9000/sys/auth/login
2025-06-12 11:05:09,704 - INFO - 发送请求>>>>>>>                 请求头={'User-Agent': 'python-requests/2.31.0', 'Accept-Encoding': 'gzip, deflate', 'Accept': '*/*', 'Connection': 'keep-alive', 'Authorization': '${token}', 'x-sign': '417B110F1E71BD2CFE96366E67849B0B', 'Content-Length': '247', 'Content-Type': 'application/json'}
2025-06-12 11:05:09,704 - INFO - 发送请求>>>>>>>                 请求体={"username": "admin", "password": "045728bed050a84d080b26233d113882b09043565f6bbef289d40ebee9e33a65335cd7c1c9172675699f9ca309ba016de2b9885deb6c3270aeb8f9f201d80dd364738e56120caf68835e26074275047e2dd01e1199cfe99df35b7e1c7b8ce642101757524081830e1b"}
2025-06-12 11:05:09,771 - INFO - 2025-06-12 11:05:09.771接收响应<<<<<<<       状态码=200
2025-06-12 11:05:09,771 - INFO - 接收响应<<<<<<<                  响应头={'Vary': 'Origin, Access-Control-Request-Method, Access-Control-Request-Headers', 'X-Content-Type-Options': 'nosniff', 'X-XSS-Protection': '0', 'Cache-Control': 'no-cache, no-store, max-age=0, must-revalidate', 'Pragma': 'no-cache', 'Expires': '0', 'Content-Type': 'application/json', 'Transfer-Encoding': 'chunked', 'Date': 'Thu, 12 Jun 2025 03:05:07 GMT', 'Keep-Alive': 'timeout=60', 'Connection': 'keep-alive'}
2025-06-12 11:05:09,771 - INFO - 接收响应<<<<<<<                  响应体=b'{"code":500,"msg":"\xe7\x94\xa8\xe6\x88\xb7\xe5\x90\x8d\xe6\x88\x96\xe5\xaf\x86\xe7\xa0\x81\xe9\x94\x99\xe8\xaf\xaf","data":null}'...
2025-06-12 11:05:10,065 - INFO - 2025-06-12 11:05:10.065发送请求>>>>>>>       接口地址=GET http://39.99.136.49:9000/dashboard/getStatData
2025-06-12 11:05:10,065 - INFO - 发送请求>>>>>>>                 请求头={'User-Agent': 'python-requests/2.31.0', 'Accept-Encoding': 'gzip, deflate', 'Accept': '*/*', 'Connection': 'keep-alive', 'Authorization': 'baafb879aeaf48b5bab56af573e3ee7f', 'x-sign': '417B110F1E71BD2CFE96366E67849B0B'}
2025-06-12 11:05:10,065 - INFO - 发送请求>>>>>>>                 请求体=无
2025-06-12 11:05:10,120 - INFO - 2025-06-12 11:05:10.120接收响应<<<<<<<       状态码=200
2025-06-12 11:05:10,120 - INFO - 接收响应<<<<<<<                  响应头={'Vary': 'Origin, Access-Control-Request-Method, Access-Control-Request-Headers', 'X-Content-Type-Options': 'nosniff', 'X-XSS-Protection': '0', 'Cache-Control': 'no-cache, no-store, max-age=0, must-revalidate', 'Pragma': 'no-cache', 'Expires': '0', 'Content-Type': 'application/json', 'Transfer-Encoding': 'chunked', 'Date': 'Thu, 12 Jun 2025 03:05:08 GMT', 'Keep-Alive': 'timeout=60', 'Connection': 'keep-alive'}
2025-06-12 11:05:10,120 - INFO - 接收响应<<<<<<<                  响应体=b'{"code":0,"msg":"success","data":{"lots":1775.45999999999998707,"num":2207,"profit":4006425.110000000010441,"vpsNum":5,"sourceNum":25,"followNum":18,"vpsActiveNum":3,"sourceActiveNum":9,"followActiveNum":2}}'...
2025-06-12 11:07:49,246 - INFO - 2025-06-12 11:07:49.246发送请求>>>>>>>       接口地址=POST http://39.99.136.49:9000/sys/auth/login
2025-06-12 11:07:49,247 - INFO - 发送请求>>>>>>>                 请求头={'User-Agent': 'python-requests/2.31.0', 'Accept-Encoding': 'gzip, deflate', 'Accept': '*/*', 'Connection': 'keep-alive', 'Authorization': '${token}', 'x-sign': '417B110F1E71BD2CFE96366E67849B0B', 'Content-Length': '241', 'Content-Type': 'application/json'}
2025-06-12 11:07:49,247 - INFO - 发送请求>>>>>>>                 请求体={"username": "admin", "password": "04739db02172e04f63f5278211184deec745bad9d797882b343e7201898d8da1d9fced282f6b271d3815a5057482e62c6f6b88dacb642ba05632bd2ee348101c76cb1f86b70f91695fd1cff11fce76246f044ace477cdbfa1e3e1521b19b023b14c7165e82c5"}
2025-06-12 11:07:49,392 - INFO - 2025-06-12 11:07:49.392接收响应<<<<<<<       状态码=200
2025-06-12 11:07:49,393 - INFO - 接收响应<<<<<<<                  响应头={'Vary': 'Origin, Access-Control-Request-Method, Access-Control-Request-Headers', 'X-Content-Type-Options': 'nosniff', 'X-XSS-Protection': '0', 'Cache-Control': 'no-cache, no-store, max-age=0, must-revalidate', 'Pragma': 'no-cache', 'Expires': '0', 'Content-Type': 'application/json', 'Transfer-Encoding': 'chunked', 'Date': 'Thu, 12 Jun 2025 03:07:47 GMT', 'Keep-Alive': 'timeout=60', 'Connection': 'keep-alive'}
2025-06-12 11:07:49,393 - INFO - 接收响应<<<<<<<                  响应体=b'{"code":0,"msg":"success","data":{"accessTokenExpire":"2025-06-13 11:07:47","refreshTokenExpire":"2025-06-26 11:07:47","access_token":"34bc9e611f284f2bbdaf20c60e17da6c","refresh_token":"7f6b624bd0244462a208c794777ea49a"}}'...
2025-06-12 11:07:49,403 - INFO - 2025-06-12 11:07:49.403发送请求>>>>>>>       接口地址=POST http://39.99.136.49:9000/sys/auth/login
2025-06-12 11:07:49,403 - INFO - 发送请求>>>>>>>                 请求头={'User-Agent': 'python-requests/2.31.0', 'Accept-Encoding': 'gzip, deflate', 'Accept': '*/*', 'Connection': 'keep-alive', 'Authorization': '${token}', 'x-sign': '417B110F1E71BD2CFE96366E67849B0B', 'Content-Length': '247', 'Content-Type': 'application/json'}
2025-06-12 11:07:49,403 - INFO - 发送请求>>>>>>>                 请求体={"username": "admin", "password": "045728bed050a84d080b26233d113882b09043565f6bbef289d40ebee9e33a65335cd7c1c9172675699f9ca309ba016de2b9885deb6c3270aeb8f9f201d80dd364738e56120caf68835e26074275047e2dd01e1199cfe99df35b7e1c7b8ce642101757524081830e1b"}
2025-06-12 11:07:49,469 - INFO - 2025-06-12 11:07:49.469接收响应<<<<<<<       状态码=200
2025-06-12 11:07:49,469 - INFO - 接收响应<<<<<<<                  响应头={'Vary': 'Origin, Access-Control-Request-Method, Access-Control-Request-Headers', 'X-Content-Type-Options': 'nosniff', 'X-XSS-Protection': '0', 'Cache-Control': 'no-cache, no-store, max-age=0, must-revalidate', 'Pragma': 'no-cache', 'Expires': '0', 'Content-Type': 'application/json', 'Transfer-Encoding': 'chunked', 'Date': 'Thu, 12 Jun 2025 03:07:47 GMT', 'Keep-Alive': 'timeout=60', 'Connection': 'keep-alive'}
2025-06-12 11:07:49,469 - INFO - 接收响应<<<<<<<                  响应体=b'{"code":500,"msg":"\xe7\x94\xa8\xe6\x88\xb7\xe5\x90\x8d\xe6\x88\x96\xe5\xaf\x86\xe7\xa0\x81\xe9\x94\x99\xe8\xaf\xaf","data":null}'...
2025-06-12 11:07:49,766 - INFO - 2025-06-12 11:07:49.765发送请求>>>>>>>       接口地址=GET http://39.99.136.49:9000/dashboard/getStatData
2025-06-12 11:07:49,766 - INFO - 发送请求>>>>>>>                 请求头={'User-Agent': 'python-requests/2.31.0', 'Accept-Encoding': 'gzip, deflate', 'Accept': '*/*', 'Connection': 'keep-alive', 'Authorization': '34bc9e611f284f2bbdaf20c60e17da6c', 'x-sign': '417B110F1E71BD2CFE96366E67849B0B'}
2025-06-12 11:07:49,766 - INFO - 发送请求>>>>>>>                 请求体=无
2025-06-12 11:07:49,830 - INFO - 2025-06-12 11:07:49.830接收响应<<<<<<<       状态码=200
2025-06-12 11:07:49,830 - INFO - 接收响应<<<<<<<                  响应头={'Vary': 'Origin, Access-Control-Request-Method, Access-Control-Request-Headers', 'X-Content-Type-Options': 'nosniff', 'X-XSS-Protection': '0', 'Cache-Control': 'no-cache, no-store, max-age=0, must-revalidate', 'Pragma': 'no-cache', 'Expires': '0', 'Content-Type': 'application/json', 'Transfer-Encoding': 'chunked', 'Date': 'Thu, 12 Jun 2025 03:07:47 GMT', 'Keep-Alive': 'timeout=60', 'Connection': 'keep-alive'}
2025-06-12 11:07:49,830 - INFO - 接收响应<<<<<<<                  响应体=b'{"code":0,"msg":"success","data":{"lots":1775.45999999999998707,"num":2207,"profit":4006425.110000000010441,"vpsNum":5,"sourceNum":25,"followNum":18,"vpsActiveNum":3,"sourceActiveNum":9,"followActiveNum":2}}'...
2025-06-12 11:08:22,286 - INFO - 2025-06-12 11:08:22.286发送请求>>>>>>>       接口地址=POST http://39.99.136.49:9000/sys/auth/login
2025-06-12 11:08:22,286 - INFO - 发送请求>>>>>>>                 请求头={'User-Agent': 'python-requests/2.31.0', 'Accept-Encoding': 'gzip, deflate', 'Accept': '*/*', 'Connection': 'keep-alive', 'Authorization': '${token}', 'x-sign': '417B110F1E71BD2CFE96366E67849B0B', 'Content-Length': '241', 'Content-Type': 'application/json'}
2025-06-12 11:08:22,286 - INFO - 发送请求>>>>>>>                 请求体={"username": "admin", "password": "04739db02172e04f63f5278211184deec745bad9d797882b343e7201898d8da1d9fced282f6b271d3815a5057482e62c6f6b88dacb642ba05632bd2ee348101c76cb1f86b70f91695fd1cff11fce76246f044ace477cdbfa1e3e1521b19b023b14c7165e82c5"}
2025-06-12 11:08:22,422 - INFO - 2025-06-12 11:08:22.422接收响应<<<<<<<       状态码=200
2025-06-12 11:08:22,422 - INFO - 接收响应<<<<<<<                  响应头={'Vary': 'Origin, Access-Control-Request-Method, Access-Control-Request-Headers', 'X-Content-Type-Options': 'nosniff', 'X-XSS-Protection': '0', 'Cache-Control': 'no-cache, no-store, max-age=0, must-revalidate', 'Pragma': 'no-cache', 'Expires': '0', 'Content-Type': 'application/json', 'Transfer-Encoding': 'chunked', 'Date': 'Thu, 12 Jun 2025 03:08:20 GMT', 'Keep-Alive': 'timeout=60', 'Connection': 'keep-alive'}
2025-06-12 11:08:22,422 - INFO - 接收响应<<<<<<<                  响应体=b'{"code":0,"msg":"success","data":{"accessTokenExpire":"2025-06-13 11:08:20","refreshTokenExpire":"2025-06-26 11:08:20","access_token":"3074da892ff04e309cb4456eb268b696","refresh_token":"558d8abc884b406b85b7dc526570417b"}}'...
2025-06-12 11:08:22,431 - INFO - 2025-06-12 11:08:22.431发送请求>>>>>>>       接口地址=POST http://39.99.136.49:9000/sys/auth/login
2025-06-12 11:08:22,432 - INFO - 发送请求>>>>>>>                 请求头={'User-Agent': 'python-requests/2.31.0', 'Accept-Encoding': 'gzip, deflate', 'Accept': '*/*', 'Connection': 'keep-alive', 'Authorization': '${token}', 'x-sign': '417B110F1E71BD2CFE96366E67849B0B', 'Content-Length': '247', 'Content-Type': 'application/json'}
2025-06-12 11:08:22,432 - INFO - 发送请求>>>>>>>                 请求体={"username": "admin", "password": "045728bed050a84d080b26233d113882b09043565f6bbef289d40ebee9e33a65335cd7c1c9172675699f9ca309ba016de2b9885deb6c3270aeb8f9f201d80dd364738e56120caf68835e26074275047e2dd01e1199cfe99df35b7e1c7b8ce642101757524081830e1b"}
2025-06-12 11:08:22,497 - INFO - 2025-06-12 11:08:22.497接收响应<<<<<<<       状态码=200
2025-06-12 11:08:22,498 - INFO - 接收响应<<<<<<<                  响应头={'Vary': 'Origin, Access-Control-Request-Method, Access-Control-Request-Headers', 'X-Content-Type-Options': 'nosniff', 'X-XSS-Protection': '0', 'Cache-Control': 'no-cache, no-store, max-age=0, must-revalidate', 'Pragma': 'no-cache', 'Expires': '0', 'Content-Type': 'application/json', 'Transfer-Encoding': 'chunked', 'Date': 'Thu, 12 Jun 2025 03:08:20 GMT', 'Keep-Alive': 'timeout=60', 'Connection': 'keep-alive'}
2025-06-12 11:08:22,498 - INFO - 接收响应<<<<<<<                  响应体=b'{"code":500,"msg":"\xe7\x94\xa8\xe6\x88\xb7\xe5\x90\x8d\xe6\x88\x96\xe5\xaf\x86\xe7\xa0\x81\xe9\x94\x99\xe8\xaf\xaf","data":null}'...
2025-06-12 11:08:22,788 - INFO - 2025-06-12 11:08:22.787发送请求>>>>>>>       接口地址=GET http://39.99.136.49:9000/dashboard/getStatData
2025-06-12 11:08:22,788 - INFO - 发送请求>>>>>>>                 请求头={'User-Agent': 'python-requests/2.31.0', 'Accept-Encoding': 'gzip, deflate', 'Accept': '*/*', 'Connection': 'keep-alive', 'Authorization': '3074da892ff04e309cb4456eb268b696', 'x-sign': '417B110F1E71BD2CFE96366E67849B0B'}
2025-06-12 11:08:22,788 - INFO - 发送请求>>>>>>>                 请求体=无
2025-06-12 11:08:22,850 - INFO - 2025-06-12 11:08:22.850接收响应<<<<<<<       状态码=200
2025-06-12 11:08:22,850 - INFO - 接收响应<<<<<<<                  响应头={'Vary': 'Origin, Access-Control-Request-Method, Access-Control-Request-Headers', 'X-Content-Type-Options': 'nosniff', 'X-XSS-Protection': '0', 'Cache-Control': 'no-cache, no-store, max-age=0, must-revalidate', 'Pragma': 'no-cache', 'Expires': '0', 'Content-Type': 'application/json', 'Transfer-Encoding': 'chunked', 'Date': 'Thu, 12 Jun 2025 03:08:21 GMT', 'Keep-Alive': 'timeout=60', 'Connection': 'keep-alive'}
2025-06-12 11:08:22,850 - INFO - 接收响应<<<<<<<                  响应体=b'{"code":0,"msg":"success","data":{"lots":1775.45999999999998707,"num":2207,"profit":4006425.110000000010441,"vpsNum":5,"sourceNum":25,"followNum":18,"vpsActiveNum":3,"sourceActiveNum":9,"followActiveNum":2}}'...
2025-06-12 11:11:00,603 - INFO - 2025-06-12 11:11:00.603发送请求>>>>>>>       接口地址=POST http://39.99.136.49:9000/sys/auth/login
2025-06-12 11:11:00,603 - INFO - 发送请求>>>>>>>                 请求头={'User-Agent': 'python-requests/2.31.0', 'Accept-Encoding': 'gzip, deflate', 'Accept': '*/*', 'Connection': 'keep-alive', 'Authorization': '${token}', 'x-sign': '417B110F1E71BD2CFE96366E67849B0B', 'Content-Length': '241', 'Content-Type': 'application/json'}
2025-06-12 11:11:00,603 - INFO - 发送请求>>>>>>>                 请求体={"username": "admin", "password": "04739db02172e04f63f5278211184deec745bad9d797882b343e7201898d8da1d9fced282f6b271d3815a5057482e62c6f6b88dacb642ba05632bd2ee348101c76cb1f86b70f91695fd1cff11fce76246f044ace477cdbfa1e3e1521b19b023b14c7165e82c5"}
2025-06-12 11:11:00,757 - INFO - 2025-06-12 11:11:00.757接收响应<<<<<<<       状态码=200
2025-06-12 11:11:00,757 - INFO - 接收响应<<<<<<<                  响应头={'Vary': 'Origin, Access-Control-Request-Method, Access-Control-Request-Headers', 'X-Content-Type-Options': 'nosniff', 'X-XSS-Protection': '0', 'Cache-Control': 'no-cache, no-store, max-age=0, must-revalidate', 'Pragma': 'no-cache', 'Expires': '0', 'Content-Type': 'application/json', 'Transfer-Encoding': 'chunked', 'Date': 'Thu, 12 Jun 2025 03:10:58 GMT', 'Keep-Alive': 'timeout=60', 'Connection': 'keep-alive'}
2025-06-12 11:11:00,758 - INFO - 接收响应<<<<<<<                  响应体=b'{"code":0,"msg":"success","data":{"accessTokenExpire":"2025-06-13 11:10:59","refreshTokenExpire":"2025-06-26 11:10:59","access_token":"45003e02dea943859d6f277458bbde0c","refresh_token":"f27a88e0bcd24e9697de4512f8a1d028"}}'...
2025-06-12 11:11:00,767 - INFO - 2025-06-12 11:11:00.767发送请求>>>>>>>       接口地址=POST http://39.99.136.49:9000/sys/auth/login
2025-06-12 11:11:00,767 - INFO - 发送请求>>>>>>>                 请求头={'User-Agent': 'python-requests/2.31.0', 'Accept-Encoding': 'gzip, deflate', 'Accept': '*/*', 'Connection': 'keep-alive', 'Authorization': '${token}', 'x-sign': '417B110F1E71BD2CFE96366E67849B0B', 'Content-Length': '247', 'Content-Type': 'application/json'}
2025-06-12 11:11:00,767 - INFO - 发送请求>>>>>>>                 请求体={"username": "admin", "password": "045728bed050a84d080b26233d113882b09043565f6bbef289d40ebee9e33a65335cd7c1c9172675699f9ca309ba016de2b9885deb6c3270aeb8f9f201d80dd364738e56120caf68835e26074275047e2dd01e1199cfe99df35b7e1c7b8ce642101757524081830e1b"}
2025-06-12 11:11:00,839 - INFO - 2025-06-12 11:11:00.839接收响应<<<<<<<       状态码=200
2025-06-12 11:11:00,839 - INFO - 接收响应<<<<<<<                  响应头={'Vary': 'Origin, Access-Control-Request-Method, Access-Control-Request-Headers', 'X-Content-Type-Options': 'nosniff', 'X-XSS-Protection': '0', 'Cache-Control': 'no-cache, no-store, max-age=0, must-revalidate', 'Pragma': 'no-cache', 'Expires': '0', 'Content-Type': 'application/json', 'Transfer-Encoding': 'chunked', 'Date': 'Thu, 12 Jun 2025 03:10:58 GMT', 'Keep-Alive': 'timeout=60', 'Connection': 'keep-alive'}
2025-06-12 11:11:00,839 - INFO - 接收响应<<<<<<<                  响应体=b'{"code":500,"msg":"\xe7\x94\xa8\xe6\x88\xb7\xe5\x90\x8d\xe6\x88\x96\xe5\xaf\x86\xe7\xa0\x81\xe9\x94\x99\xe8\xaf\xaf","data":null}'...
2025-06-12 11:11:01,129 - INFO - 2025-06-12 11:11:01.129发送请求>>>>>>>       接口地址=GET http://39.99.136.49:9000/dashboard/getStatData
2025-06-12 11:11:01,129 - INFO - 发送请求>>>>>>>                 请求头={'User-Agent': 'python-requests/2.31.0', 'Accept-Encoding': 'gzip, deflate', 'Accept': '*/*', 'Connection': 'keep-alive', 'Authorization': '45003e02dea943859d6f277458bbde0c', 'x-sign': '417B110F1E71BD2CFE96366E67849B0B'}
2025-06-12 11:11:01,130 - INFO - 发送请求>>>>>>>                 请求体=无
2025-06-12 11:11:01,188 - INFO - 2025-06-12 11:11:01.188接收响应<<<<<<<       状态码=200
2025-06-12 11:11:01,188 - INFO - 接收响应<<<<<<<                  响应头={'Vary': 'Origin, Access-Control-Request-Method, Access-Control-Request-Headers', 'X-Content-Type-Options': 'nosniff', 'X-XSS-Protection': '0', 'Cache-Control': 'no-cache, no-store, max-age=0, must-revalidate', 'Pragma': 'no-cache', 'Expires': '0', 'Content-Type': 'application/json', 'Transfer-Encoding': 'chunked', 'Date': 'Thu, 12 Jun 2025 03:10:58 GMT', 'Keep-Alive': 'timeout=60', 'Connection': 'keep-alive'}
2025-06-12 11:11:01,188 - INFO - 接收响应<<<<<<<                  响应体=b'{"code":0,"msg":"success","data":{"lots":1775.45999999999998707,"num":2207,"profit":4006425.110000000010441,"vpsNum":5,"sourceNum":25,"followNum":18,"vpsActiveNum":3,"sourceActiveNum":9,"followActiveNum":2}}'...
2025-06-12 11:21:27,215 - INFO - 2025-06-12 11:21:27.215发送请求>>>>>>>       接口地址=POST http://39.99.136.49:9000/sys/auth/login
2025-06-12 11:21:27,216 - INFO - 发送请求>>>>>>>                 请求头={'User-Agent': 'python-requests/2.31.0', 'Accept-Encoding': 'gzip, deflate', 'Accept': '*/*', 'Connection': 'keep-alive', 'Authorization': '${token}', 'x-sign': '417B110F1E71BD2CFE96366E67849B0B', 'Content-Length': '241', 'Content-Type': 'application/json'}
2025-06-12 11:21:27,216 - INFO - 发送请求>>>>>>>                 请求体={"username": "admin", "password": "04739db02172e04f63f5278211184deec745bad9d797882b343e7201898d8da1d9fced282f6b271d3815a5057482e62c6f6b88dacb642ba05632bd2ee348101c76cb1f86b70f91695fd1cff11fce76246f044ace477cdbfa1e3e1521b19b023b14c7165e82c5"}
2025-06-12 11:21:27,372 - INFO - 2025-06-12 11:21:27.372接收响应<<<<<<<       状态码=200
2025-06-12 11:21:27,373 - INFO - 接收响应<<<<<<<                  响应头={'Vary': 'Origin, Access-Control-Request-Method, Access-Control-Request-Headers', 'X-Content-Type-Options': 'nosniff', 'X-XSS-Protection': '0', 'Cache-Control': 'no-cache, no-store, max-age=0, must-revalidate', 'Pragma': 'no-cache', 'Expires': '0', 'Content-Type': 'application/json', 'Transfer-Encoding': 'chunked', 'Date': 'Thu, 12 Jun 2025 03:21:25 GMT', 'Keep-Alive': 'timeout=60', 'Connection': 'keep-alive'}
2025-06-12 11:21:27,373 - INFO - 接收响应<<<<<<<                  响应体=b'{"code":0,"msg":"success","data":{"accessTokenExpire":"2025-06-13 11:21:25","refreshTokenExpire":"2025-06-26 11:21:25","access_token":"6cb30103442d4a9b88a56a8a24f0c3c0","refresh_token":"364c4253d01547f4bdef916611ba3e5e"}}'...
2025-06-12 11:21:27,382 - INFO - 2025-06-12 11:21:27.382发送请求>>>>>>>       接口地址=POST http://39.99.136.49:9000/sys/auth/login
2025-06-12 11:21:27,382 - INFO - 发送请求>>>>>>>                 请求头={'User-Agent': 'python-requests/2.31.0', 'Accept-Encoding': 'gzip, deflate', 'Accept': '*/*', 'Connection': 'keep-alive', 'Authorization': '${token}', 'x-sign': '417B110F1E71BD2CFE96366E67849B0B', 'Content-Length': '247', 'Content-Type': 'application/json'}
2025-06-12 11:21:27,382 - INFO - 发送请求>>>>>>>                 请求体={"username": "admin", "password": "045728bed050a84d080b26233d113882b09043565f6bbef289d40ebee9e33a65335cd7c1c9172675699f9ca309ba016de2b9885deb6c3270aeb8f9f201d80dd364738e56120caf68835e26074275047e2dd01e1199cfe99df35b7e1c7b8ce642101757524081830e1b"}
2025-06-12 11:21:27,447 - INFO - 2025-06-12 11:21:27.447接收响应<<<<<<<       状态码=200
2025-06-12 11:21:27,447 - INFO - 接收响应<<<<<<<                  响应头={'Vary': 'Origin, Access-Control-Request-Method, Access-Control-Request-Headers', 'X-Content-Type-Options': 'nosniff', 'X-XSS-Protection': '0', 'Cache-Control': 'no-cache, no-store, max-age=0, must-revalidate', 'Pragma': 'no-cache', 'Expires': '0', 'Content-Type': 'application/json', 'Transfer-Encoding': 'chunked', 'Date': 'Thu, 12 Jun 2025 03:21:25 GMT', 'Keep-Alive': 'timeout=60', 'Connection': 'keep-alive'}
2025-06-12 11:21:27,447 - INFO - 接收响应<<<<<<<                  响应体=b'{"code":500,"msg":"\xe7\x94\xa8\xe6\x88\xb7\xe5\x90\x8d\xe6\x88\x96\xe5\xaf\x86\xe7\xa0\x81\xe9\x94\x99\xe8\xaf\xaf","data":null}'...
2025-06-12 11:21:27,723 - INFO - 2025-06-12 11:21:27.723发送请求>>>>>>>       接口地址=GET http://39.99.136.49:9000/dashboard/getStatData
2025-06-12 11:21:27,723 - INFO - 发送请求>>>>>>>                 请求头={'User-Agent': 'python-requests/2.31.0', 'Accept-Encoding': 'gzip, deflate', 'Accept': '*/*', 'Connection': 'keep-alive', 'Authorization': '6cb30103442d4a9b88a56a8a24f0c3c0', 'x-sign': '417B110F1E71BD2CFE96366E67849B0B'}
2025-06-12 11:21:27,723 - INFO - 发送请求>>>>>>>                 请求体=无
2025-06-12 11:21:27,791 - INFO - 2025-06-12 11:21:27.791接收响应<<<<<<<       状态码=200
2025-06-12 11:21:27,791 - INFO - 接收响应<<<<<<<                  响应头={'Vary': 'Origin, Access-Control-Request-Method, Access-Control-Request-Headers', 'X-Content-Type-Options': 'nosniff', 'X-XSS-Protection': '0', 'Cache-Control': 'no-cache, no-store, max-age=0, must-revalidate', 'Pragma': 'no-cache', 'Expires': '0', 'Content-Type': 'application/json', 'Transfer-Encoding': 'chunked', 'Date': 'Thu, 12 Jun 2025 03:21:25 GMT', 'Keep-Alive': 'timeout=60', 'Connection': 'keep-alive'}
2025-06-12 11:21:27,791 - INFO - 接收响应<<<<<<<                  响应体=b'{"code":0,"msg":"success","data":{"lots":1775.45999999999998707,"num":2207,"profit":4006425.110000000010441,"vpsNum":5,"sourceNum":25,"followNum":18,"vpsActiveNum":3,"sourceActiveNum":9,"followActiveNum":2}}'...
2025-06-12 11:22:37,841 - INFO - 2025-06-12 11:22:37.841发送请求>>>>>>>       接口地址=POST http://39.99.136.49:9000/sys/auth/login
2025-06-12 11:22:37,841 - INFO - 发送请求>>>>>>>                 请求头={'User-Agent': 'python-requests/2.31.0', 'Accept-Encoding': 'gzip, deflate', 'Accept': '*/*', 'Connection': 'keep-alive', 'Authorization': '${token}', 'x-sign': '417B110F1E71BD2CFE96366E67849B0B', 'Content-Length': '241', 'Content-Type': 'application/json'}
2025-06-12 11:22:37,841 - INFO - 发送请求>>>>>>>                 请求体={"username": "admin", "password": "04739db02172e04f63f5278211184deec745bad9d797882b343e7201898d8da1d9fced282f6b271d3815a5057482e62c6f6b88dacb642ba05632bd2ee348101c76cb1f86b70f91695fd1cff11fce76246f044ace477cdbfa1e3e1521b19b023b14c7165e82c5"}
2025-06-12 11:22:38,283 - INFO - 2025-06-12 11:22:38.283接收响应<<<<<<<       状态码=200
2025-06-12 11:22:38,284 - INFO - 接收响应<<<<<<<                  响应头={'Vary': 'Origin, Access-Control-Request-Method, Access-Control-Request-Headers', 'X-Content-Type-Options': 'nosniff', 'X-XSS-Protection': '0', 'Cache-Control': 'no-cache, no-store, max-age=0, must-revalidate', 'Pragma': 'no-cache', 'Expires': '0', 'Content-Type': 'application/json', 'Transfer-Encoding': 'chunked', 'Date': 'Thu, 12 Jun 2025 03:22:36 GMT', 'Keep-Alive': 'timeout=60', 'Connection': 'keep-alive'}
2025-06-12 11:22:38,284 - INFO - 接收响应<<<<<<<                  响应体=b'{"code":0,"msg":"success","data":{"accessTokenExpire":"2025-06-13 11:22:36","refreshTokenExpire":"2025-06-26 11:22:36","access_token":"d4ae64a66b644c19ab72155480cb3670","refresh_token":"390714acba394c3697610b0bb5d5240e"}}'...
2025-06-12 11:22:38,293 - INFO - 2025-06-12 11:22:38.293发送请求>>>>>>>       接口地址=POST http://39.99.136.49:9000/sys/auth/login
2025-06-12 11:22:38,293 - INFO - 发送请求>>>>>>>                 请求头={'User-Agent': 'python-requests/2.31.0', 'Accept-Encoding': 'gzip, deflate', 'Accept': '*/*', 'Connection': 'keep-alive', 'Authorization': '${token}', 'x-sign': '417B110F1E71BD2CFE96366E67849B0B', 'Content-Length': '247', 'Content-Type': 'application/json'}
2025-06-12 11:22:38,293 - INFO - 发送请求>>>>>>>                 请求体={"username": "admin", "password": "045728bed050a84d080b26233d113882b09043565f6bbef289d40ebee9e33a65335cd7c1c9172675699f9ca309ba016de2b9885deb6c3270aeb8f9f201d80dd364738e56120caf68835e26074275047e2dd01e1199cfe99df35b7e1c7b8ce642101757524081830e1b"}
2025-06-12 11:22:38,371 - INFO - 2025-06-12 11:22:38.371接收响应<<<<<<<       状态码=200
2025-06-12 11:22:38,371 - INFO - 接收响应<<<<<<<                  响应头={'Vary': 'Origin, Access-Control-Request-Method, Access-Control-Request-Headers', 'X-Content-Type-Options': 'nosniff', 'X-XSS-Protection': '0', 'Cache-Control': 'no-cache, no-store, max-age=0, must-revalidate', 'Pragma': 'no-cache', 'Expires': '0', 'Content-Type': 'application/json', 'Transfer-Encoding': 'chunked', 'Date': 'Thu, 12 Jun 2025 03:22:36 GMT', 'Keep-Alive': 'timeout=60', 'Connection': 'keep-alive'}
2025-06-12 11:22:38,371 - INFO - 接收响应<<<<<<<                  响应体=b'{"code":500,"msg":"\xe7\x94\xa8\xe6\x88\xb7\xe5\x90\x8d\xe6\x88\x96\xe5\xaf\x86\xe7\xa0\x81\xe9\x94\x99\xe8\xaf\xaf","data":null}'...
2025-06-12 11:22:38,653 - INFO - 2025-06-12 11:22:38.653发送请求>>>>>>>       接口地址=GET http://39.99.136.49:9000/dashboard/getStatData
2025-06-12 11:22:38,653 - INFO - 发送请求>>>>>>>                 请求头={'User-Agent': 'python-requests/2.31.0', 'Accept-Encoding': 'gzip, deflate', 'Accept': '*/*', 'Connection': 'keep-alive', 'Authorization': 'd4ae64a66b644c19ab72155480cb3670', 'x-sign': '417B110F1E71BD2CFE96366E67849B0B'}
2025-06-12 11:22:38,654 - INFO - 发送请求>>>>>>>                 请求体=无
2025-06-12 11:22:38,709 - INFO - 2025-06-12 11:22:38.709接收响应<<<<<<<       状态码=200
2025-06-12 11:22:38,709 - INFO - 接收响应<<<<<<<                  响应头={'Vary': 'Origin, Access-Control-Request-Method, Access-Control-Request-Headers', 'X-Content-Type-Options': 'nosniff', 'X-XSS-Protection': '0', 'Cache-Control': 'no-cache, no-store, max-age=0, must-revalidate', 'Pragma': 'no-cache', 'Expires': '0', 'Content-Type': 'application/json', 'Transfer-Encoding': 'chunked', 'Date': 'Thu, 12 Jun 2025 03:22:36 GMT', 'Keep-Alive': 'timeout=60', 'Connection': 'keep-alive'}
2025-06-12 11:22:38,709 - INFO - 接收响应<<<<<<<                  响应体=b'{"code":0,"msg":"success","data":{"lots":1775.45999999999998707,"num":2207,"profit":4006425.110000000010441,"vpsNum":5,"sourceNum":25,"followNum":18,"vpsActiveNum":3,"sourceActiveNum":9,"followActiveNum":2}}'...
2025-06-12 11:27:16,524 - INFO - 2025-06-12 11:27:16.524发送请求>>>>>>>       接口地址=POST http://39.99.136.49:9000/sys/auth/login
2025-06-12 11:27:16,524 - INFO - 发送请求>>>>>>>                 请求头={'User-Agent': 'python-requests/2.31.0', 'Accept-Encoding': 'gzip, deflate', 'Accept': '*/*', 'Connection': 'keep-alive', 'Authorization': '${token}', 'x-sign': '417B110F1E71BD2CFE96366E67849B0B', 'Content-Length': '241', 'Content-Type': 'application/json'}
2025-06-12 11:27:16,524 - INFO - 发送请求>>>>>>>                 请求体={"username": "admin", "password": "04739db02172e04f63f5278211184deec745bad9d797882b343e7201898d8da1d9fced282f6b271d3815a5057482e62c6f6b88dacb642ba05632bd2ee348101c76cb1f86b70f91695fd1cff11fce76246f044ace477cdbfa1e3e1521b19b023b14c7165e82c5"}
2025-06-12 11:27:16,677 - INFO - 2025-06-12 11:27:16.677接收响应<<<<<<<       状态码=200
2025-06-12 11:27:16,677 - INFO - 接收响应<<<<<<<                  响应头={'Vary': 'Origin, Access-Control-Request-Method, Access-Control-Request-Headers', 'X-Content-Type-Options': 'nosniff', 'X-XSS-Protection': '0', 'Cache-Control': 'no-cache, no-store, max-age=0, must-revalidate', 'Pragma': 'no-cache', 'Expires': '0', 'Content-Type': 'application/json', 'Transfer-Encoding': 'chunked', 'Date': 'Thu, 12 Jun 2025 03:27:15 GMT', 'Keep-Alive': 'timeout=60', 'Connection': 'keep-alive'}
2025-06-12 11:27:16,677 - INFO - 接收响应<<<<<<<                  响应体=b'{"code":0,"msg":"success","data":{"accessTokenExpire":"2025-06-13 11:27:15","refreshTokenExpire":"2025-06-26 11:27:15","access_token":"dfb0ac885b9a4d5c97695dce62103c82","refresh_token":"4bbc77f15b2146f89d92745c1c7e08d4"}}'...
2025-06-12 11:27:16,687 - INFO - 2025-06-12 11:27:16.687发送请求>>>>>>>       接口地址=POST http://39.99.136.49:9000/sys/auth/login
2025-06-12 11:27:16,687 - INFO - 发送请求>>>>>>>                 请求头={'User-Agent': 'python-requests/2.31.0', 'Accept-Encoding': 'gzip, deflate', 'Accept': '*/*', 'Connection': 'keep-alive', 'Authorization': '${token}', 'x-sign': '417B110F1E71BD2CFE96366E67849B0B', 'Content-Length': '247', 'Content-Type': 'application/json'}
2025-06-12 11:27:16,687 - INFO - 发送请求>>>>>>>                 请求体={"username": "admin", "password": "045728bed050a84d080b26233d113882b09043565f6bbef289d40ebee9e33a65335cd7c1c9172675699f9ca309ba016de2b9885deb6c3270aeb8f9f201d80dd364738e56120caf68835e26074275047e2dd01e1199cfe99df35b7e1c7b8ce642101757524081830e1b"}
2025-06-12 11:27:16,775 - INFO - 2025-06-12 11:27:16.775接收响应<<<<<<<       状态码=200
2025-06-12 11:27:16,775 - INFO - 接收响应<<<<<<<                  响应头={'Vary': 'Origin, Access-Control-Request-Method, Access-Control-Request-Headers', 'X-Content-Type-Options': 'nosniff', 'X-XSS-Protection': '0', 'Cache-Control': 'no-cache, no-store, max-age=0, must-revalidate', 'Pragma': 'no-cache', 'Expires': '0', 'Content-Type': 'application/json', 'Transfer-Encoding': 'chunked', 'Date': 'Thu, 12 Jun 2025 03:27:15 GMT', 'Keep-Alive': 'timeout=60', 'Connection': 'keep-alive'}
2025-06-12 11:27:16,775 - INFO - 接收响应<<<<<<<                  响应体=b'{"code":500,"msg":"\xe7\x94\xa8\xe6\x88\xb7\xe5\x90\x8d\xe6\x88\x96\xe5\xaf\x86\xe7\xa0\x81\xe9\x94\x99\xe8\xaf\xaf","data":null}'...
2025-06-12 11:27:17,069 - INFO - 2025-06-12 11:27:17.069发送请求>>>>>>>       接口地址=GET http://39.99.136.49:9000/dashboard/getStatData
2025-06-12 11:27:17,069 - INFO - 发送请求>>>>>>>                 请求头={'User-Agent': 'python-requests/2.31.0', 'Accept-Encoding': 'gzip, deflate', 'Accept': '*/*', 'Connection': 'keep-alive', 'Authorization': 'dfb0ac885b9a4d5c97695dce62103c82', 'x-sign': '417B110F1E71BD2CFE96366E67849B0B'}
2025-06-12 11:27:17,069 - INFO - 发送请求>>>>>>>                 请求体=无
2025-06-12 11:27:17,141 - INFO - 2025-06-12 11:27:17.141接收响应<<<<<<<       状态码=200
2025-06-12 11:27:17,141 - INFO - 接收响应<<<<<<<                  响应头={'Vary': 'Origin, Access-Control-Request-Method, Access-Control-Request-Headers', 'X-Content-Type-Options': 'nosniff', 'X-XSS-Protection': '0', 'Cache-Control': 'no-cache, no-store, max-age=0, must-revalidate', 'Pragma': 'no-cache', 'Expires': '0', 'Content-Type': 'application/json', 'Transfer-Encoding': 'chunked', 'Date': 'Thu, 12 Jun 2025 03:27:15 GMT', 'Keep-Alive': 'timeout=60', 'Connection': 'keep-alive'}
2025-06-12 11:27:17,141 - INFO - 接收响应<<<<<<<                  响应体=b'{"code":0,"msg":"success","data":{"lots":1775.45999999999998707,"num":2207,"profit":4006425.110000000010441,"vpsNum":5,"sourceNum":25,"followNum":18,"vpsActiveNum":3,"sourceActiveNum":9,"followActiveNum":2}}'...
2025-06-12 11:29:06,157 - INFO - 2025-06-12 11:29:06.157发送请求>>>>>>>       接口地址=POST http://39.99.136.49:9000/sys/auth/login
2025-06-12 11:29:06,157 - INFO - 发送请求>>>>>>>                 请求头={'User-Agent': 'python-requests/2.31.0', 'Accept-Encoding': 'gzip, deflate', 'Accept': '*/*', 'Connection': 'keep-alive', 'Authorization': '${token}', 'x-sign': '417B110F1E71BD2CFE96366E67849B0B', 'Content-Length': '241', 'Content-Type': 'application/json'}
2025-06-12 11:29:06,157 - INFO - 发送请求>>>>>>>                 请求体={"username": "admin", "password": "04739db02172e04f63f5278211184deec745bad9d797882b343e7201898d8da1d9fced282f6b271d3815a5057482e62c6f6b88dacb642ba05632bd2ee348101c76cb1f86b70f91695fd1cff11fce76246f044ace477cdbfa1e3e1521b19b023b14c7165e82c5"}
2025-06-12 11:29:06,303 - INFO - 2025-06-12 11:29:06.303接收响应<<<<<<<       状态码=200
2025-06-12 11:29:06,303 - INFO - 接收响应<<<<<<<                  响应头={'Vary': 'Origin, Access-Control-Request-Method, Access-Control-Request-Headers', 'X-Content-Type-Options': 'nosniff', 'X-XSS-Protection': '0', 'Cache-Control': 'no-cache, no-store, max-age=0, must-revalidate', 'Pragma': 'no-cache', 'Expires': '0', 'Content-Type': 'application/json', 'Transfer-Encoding': 'chunked', 'Date': 'Thu, 12 Jun 2025 03:29:04 GMT', 'Keep-Alive': 'timeout=60', 'Connection': 'keep-alive'}
2025-06-12 11:29:06,303 - INFO - 接收响应<<<<<<<                  响应体=b'{"code":0,"msg":"success","data":{"accessTokenExpire":"2025-06-13 11:29:04","refreshTokenExpire":"2025-06-26 11:29:04","access_token":"66e2ee5351b64db391e79c41154f72eb","refresh_token":"845e1d7411d64175acf11c7a8c65d5a3"}}'...
2025-06-12 11:29:06,312 - INFO - 2025-06-12 11:29:06.312发送请求>>>>>>>       接口地址=POST http://39.99.136.49:9000/sys/auth/login
2025-06-12 11:29:06,313 - INFO - 发送请求>>>>>>>                 请求头={'User-Agent': 'python-requests/2.31.0', 'Accept-Encoding': 'gzip, deflate', 'Accept': '*/*', 'Connection': 'keep-alive', 'Authorization': '${token}', 'x-sign': '417B110F1E71BD2CFE96366E67849B0B', 'Content-Length': '247', 'Content-Type': 'application/json'}
2025-06-12 11:29:06,313 - INFO - 发送请求>>>>>>>                 请求体={"username": "admin", "password": "045728bed050a84d080b26233d113882b09043565f6bbef289d40ebee9e33a65335cd7c1c9172675699f9ca309ba016de2b9885deb6c3270aeb8f9f201d80dd364738e56120caf68835e26074275047e2dd01e1199cfe99df35b7e1c7b8ce642101757524081830e1b"}
2025-06-12 11:29:06,379 - INFO - 2025-06-12 11:29:06.379接收响应<<<<<<<       状态码=200
2025-06-12 11:29:06,379 - INFO - 接收响应<<<<<<<                  响应头={'Vary': 'Origin, Access-Control-Request-Method, Access-Control-Request-Headers', 'X-Content-Type-Options': 'nosniff', 'X-XSS-Protection': '0', 'Cache-Control': 'no-cache, no-store, max-age=0, must-revalidate', 'Pragma': 'no-cache', 'Expires': '0', 'Content-Type': 'application/json', 'Transfer-Encoding': 'chunked', 'Date': 'Thu, 12 Jun 2025 03:29:04 GMT', 'Keep-Alive': 'timeout=60', 'Connection': 'keep-alive'}
2025-06-12 11:29:06,379 - INFO - 接收响应<<<<<<<                  响应体=b'{"code":500,"msg":"\xe7\x94\xa8\xe6\x88\xb7\xe5\x90\x8d\xe6\x88\x96\xe5\xaf\x86\xe7\xa0\x81\xe9\x94\x99\xe8\xaf\xaf","data":null}'...
2025-06-12 11:29:06,689 - INFO - 2025-06-12 11:29:06.689发送请求>>>>>>>       接口地址=GET http://39.99.136.49:9000/dashboard/getStatData
2025-06-12 11:29:06,689 - INFO - 发送请求>>>>>>>                 请求头={'User-Agent': 'python-requests/2.31.0', 'Accept-Encoding': 'gzip, deflate', 'Accept': '*/*', 'Connection': 'keep-alive', 'Authorization': '66e2ee5351b64db391e79c41154f72eb', 'x-sign': '417B110F1E71BD2CFE96366E67849B0B'}
2025-06-12 11:29:06,689 - INFO - 发送请求>>>>>>>                 请求体=无
2025-06-12 11:29:06,744 - INFO - 2025-06-12 11:29:06.744接收响应<<<<<<<       状态码=200
2025-06-12 11:29:06,744 - INFO - 接收响应<<<<<<<                  响应头={'Vary': 'Origin, Access-Control-Request-Method, Access-Control-Request-Headers', 'X-Content-Type-Options': 'nosniff', 'X-XSS-Protection': '0', 'Cache-Control': 'no-cache, no-store, max-age=0, must-revalidate', 'Pragma': 'no-cache', 'Expires': '0', 'Content-Type': 'application/json', 'Transfer-Encoding': 'chunked', 'Date': 'Thu, 12 Jun 2025 03:29:04 GMT', 'Keep-Alive': 'timeout=60', 'Connection': 'keep-alive'}
2025-06-12 11:29:06,744 - INFO - 接收响应<<<<<<<                  响应体=b'{"code":0,"msg":"success","data":{"lots":1775.45999999999998707,"num":2207,"profit":4006425.110000000010441,"vpsNum":5,"sourceNum":25,"followNum":18,"vpsActiveNum":3,"sourceActiveNum":9,"followActiveNum":2}}'...
2025-06-12 11:31:41,253 - INFO - 2025-06-12 11:31:41.253发送请求>>>>>>>       接口地址=POST http://39.99.136.49:9000/sys/auth/login
2025-06-12 11:31:41,253 - INFO - 发送请求>>>>>>>                 请求头={'User-Agent': 'python-requests/2.31.0', 'Accept-Encoding': 'gzip, deflate', 'Accept': '*/*', 'Connection': 'keep-alive', 'Authorization': '${token}', 'x-sign': '417B110F1E71BD2CFE96366E67849B0B', 'Content-Length': '241', 'Content-Type': 'application/json'}
2025-06-12 11:31:41,253 - INFO - 发送请求>>>>>>>                 请求体={"username": "admin", "password": "04739db02172e04f63f5278211184deec745bad9d797882b343e7201898d8da1d9fced282f6b271d3815a5057482e62c6f6b88dacb642ba05632bd2ee348101c76cb1f86b70f91695fd1cff11fce76246f044ace477cdbfa1e3e1521b19b023b14c7165e82c5"}
2025-06-12 11:31:41,638 - INFO - 2025-06-12 11:31:41.638接收响应<<<<<<<       状态码=200
2025-06-12 11:31:41,638 - INFO - 接收响应<<<<<<<                  响应头={'Vary': 'Origin, Access-Control-Request-Method, Access-Control-Request-Headers', 'X-Content-Type-Options': 'nosniff', 'X-XSS-Protection': '0', 'Cache-Control': 'no-cache, no-store, max-age=0, must-revalidate', 'Pragma': 'no-cache', 'Expires': '0', 'Content-Type': 'application/json', 'Transfer-Encoding': 'chunked', 'Date': 'Thu, 12 Jun 2025 03:31:40 GMT', 'Keep-Alive': 'timeout=60', 'Connection': 'keep-alive'}
2025-06-12 11:31:41,638 - INFO - 接收响应<<<<<<<                  响应体=b'{"code":0,"msg":"success","data":{"accessTokenExpire":"2025-06-13 11:31:40","refreshTokenExpire":"2025-06-26 11:31:40","access_token":"61bc9d1c790643b8b0ae253c3777d48a","refresh_token":"28838ae1130041ffbcfa1f45df7e54dc"}}'...
2025-06-12 11:31:41,653 - INFO - 2025-06-12 11:31:41.653发送请求>>>>>>>       接口地址=POST http://39.99.136.49:9000/sys/auth/login
2025-06-12 11:31:41,654 - INFO - 发送请求>>>>>>>                 请求头={'User-Agent': 'python-requests/2.31.0', 'Accept-Encoding': 'gzip, deflate', 'Accept': '*/*', 'Connection': 'keep-alive', 'Authorization': '${token}', 'x-sign': '417B110F1E71BD2CFE96366E67849B0B', 'Content-Length': '247', 'Content-Type': 'application/json'}
2025-06-12 11:31:41,654 - INFO - 发送请求>>>>>>>                 请求体={"username": "admin", "password": "045728bed050a84d080b26233d113882b09043565f6bbef289d40ebee9e33a65335cd7c1c9172675699f9ca309ba016de2b9885deb6c3270aeb8f9f201d80dd364738e56120caf68835e26074275047e2dd01e1199cfe99df35b7e1c7b8ce642101757524081830e1b"}
2025-06-12 11:31:41,717 - INFO - 2025-06-12 11:31:41.717接收响应<<<<<<<       状态码=200
2025-06-12 11:31:41,717 - INFO - 接收响应<<<<<<<                  响应头={'Vary': 'Origin, Access-Control-Request-Method, Access-Control-Request-Headers', 'X-Content-Type-Options': 'nosniff', 'X-XSS-Protection': '0', 'Cache-Control': 'no-cache, no-store, max-age=0, must-revalidate', 'Pragma': 'no-cache', 'Expires': '0', 'Content-Type': 'application/json', 'Transfer-Encoding': 'chunked', 'Date': 'Thu, 12 Jun 2025 03:31:40 GMT', 'Keep-Alive': 'timeout=60', 'Connection': 'keep-alive'}
2025-06-12 11:31:41,717 - INFO - 接收响应<<<<<<<                  响应体=b'{"code":500,"msg":"\xe7\x94\xa8\xe6\x88\xb7\xe5\x90\x8d\xe6\x88\x96\xe5\xaf\x86\xe7\xa0\x81\xe9\x94\x99\xe8\xaf\xaf","data":null}'...
2025-06-12 11:31:42,066 - INFO - 2025-06-12 11:31:42.066发送请求>>>>>>>       接口地址=GET http://39.99.136.49:9000/dashboard/getStatData
2025-06-12 11:31:42,066 - INFO - 发送请求>>>>>>>                 请求头={'User-Agent': 'python-requests/2.31.0', 'Accept-Encoding': 'gzip, deflate', 'Accept': '*/*', 'Connection': 'keep-alive', 'Authorization': '61bc9d1c790643b8b0ae253c3777d48a', 'x-sign': '417B110F1E71BD2CFE96366E67849B0B'}
2025-06-12 11:31:42,066 - INFO - 发送请求>>>>>>>                 请求体=无
2025-06-12 11:31:42,132 - INFO - 2025-06-12 11:31:42.132接收响应<<<<<<<       状态码=200
2025-06-12 11:31:42,132 - INFO - 接收响应<<<<<<<                  响应头={'Vary': 'Origin, Access-Control-Request-Method, Access-Control-Request-Headers', 'X-Content-Type-Options': 'nosniff', 'X-XSS-Protection': '0', 'Cache-Control': 'no-cache, no-store, max-age=0, must-revalidate', 'Pragma': 'no-cache', 'Expires': '0', 'Content-Type': 'application/json', 'Transfer-Encoding': 'chunked', 'Date': 'Thu, 12 Jun 2025 03:31:40 GMT', 'Keep-Alive': 'timeout=60', 'Connection': 'keep-alive'}
2025-06-12 11:31:42,132 - INFO - 接收响应<<<<<<<                  响应体=b'{"code":0,"msg":"success","data":{"lots":1775.45999999999998707,"num":2207,"profit":4006425.110000000010441,"vpsNum":5,"sourceNum":25,"followNum":18,"vpsActiveNum":3,"sourceActiveNum":9,"followActiveNum":2}}'...
2025-06-12 11:35:10,316 - INFO - 2025-06-12 11:35:10.316发送请求>>>>>>>       接口地址=POST http://39.99.136.49:9000/sys/auth/login
2025-06-12 11:35:10,316 - INFO - 发送请求>>>>>>>                 请求头={'User-Agent': 'python-requests/2.31.0', 'Accept-Encoding': 'gzip, deflate', 'Accept': '*/*', 'Connection': 'keep-alive', 'Authorization': '${token}', 'x-sign': '417B110F1E71BD2CFE96366E67849B0B', 'Content-Length': '241', 'Content-Type': 'application/json'}
2025-06-12 11:35:10,316 - INFO - 发送请求>>>>>>>                 请求体={"username": "admin", "password": "04739db02172e04f63f5278211184deec745bad9d797882b343e7201898d8da1d9fced282f6b271d3815a5057482e62c6f6b88dacb642ba05632bd2ee348101c76cb1f86b70f91695fd1cff11fce76246f044ace477cdbfa1e3e1521b19b023b14c7165e82c5"}
2025-06-12 11:35:10,474 - INFO - 2025-06-12 11:35:10.474接收响应<<<<<<<       状态码=200
2025-06-12 11:35:10,474 - INFO - 接收响应<<<<<<<                  响应头={'Vary': 'Origin, Access-Control-Request-Method, Access-Control-Request-Headers', 'X-Content-Type-Options': 'nosniff', 'X-XSS-Protection': '0', 'Cache-Control': 'no-cache, no-store, max-age=0, must-revalidate', 'Pragma': 'no-cache', 'Expires': '0', 'Content-Type': 'application/json', 'Transfer-Encoding': 'chunked', 'Date': 'Thu, 12 Jun 2025 03:35:09 GMT', 'Keep-Alive': 'timeout=60', 'Connection': 'keep-alive'}
2025-06-12 11:35:10,474 - INFO - 接收响应<<<<<<<                  响应体=b'{"code":0,"msg":"success","data":{"accessTokenExpire":"2025-06-13 11:35:09","refreshTokenExpire":"2025-06-26 11:35:09","access_token":"7b2a5eab7c954d89828878565c9b6211","refresh_token":"c0aad70fa6e44e86a43ca62d4cb7fe35"}}'...
2025-06-12 11:35:10,490 - INFO - 2025-06-12 11:35:10.489发送请求>>>>>>>       接口地址=POST http://39.99.136.49:9000/sys/auth/login
2025-06-12 11:35:10,490 - INFO - 发送请求>>>>>>>                 请求头={'User-Agent': 'python-requests/2.31.0', 'Accept-Encoding': 'gzip, deflate', 'Accept': '*/*', 'Connection': 'keep-alive', 'Authorization': '${token}', 'x-sign': '417B110F1E71BD2CFE96366E67849B0B', 'Content-Length': '247', 'Content-Type': 'application/json'}
2025-06-12 11:35:10,490 - INFO - 发送请求>>>>>>>                 请求体={"username": "admin", "password": "045728bed050a84d080b26233d113882b09043565f6bbef289d40ebee9e33a65335cd7c1c9172675699f9ca309ba016de2b9885deb6c3270aeb8f9f201d80dd364738e56120caf68835e26074275047e2dd01e1199cfe99df35b7e1c7b8ce642101757524081830e1b"}
2025-06-12 11:35:10,570 - INFO - 2025-06-12 11:35:10.570接收响应<<<<<<<       状态码=200
2025-06-12 11:35:10,570 - INFO - 接收响应<<<<<<<                  响应头={'Vary': 'Origin, Access-Control-Request-Method, Access-Control-Request-Headers', 'X-Content-Type-Options': 'nosniff', 'X-XSS-Protection': '0', 'Cache-Control': 'no-cache, no-store, max-age=0, must-revalidate', 'Pragma': 'no-cache', 'Expires': '0', 'Content-Type': 'application/json', 'Transfer-Encoding': 'chunked', 'Date': 'Thu, 12 Jun 2025 03:35:09 GMT', 'Keep-Alive': 'timeout=60', 'Connection': 'keep-alive'}
2025-06-12 11:35:10,570 - INFO - 接收响应<<<<<<<                  响应体=b'{"code":500,"msg":"\xe7\x94\xa8\xe6\x88\xb7\xe5\x90\x8d\xe6\x88\x96\xe5\xaf\x86\xe7\xa0\x81\xe9\x94\x99\xe8\xaf\xaf","data":null}'...
2025-06-12 11:35:11,090 - INFO - 2025-06-12 11:35:11.090发送请求>>>>>>>       接口地址=GET http://39.99.136.49:9000/dashboard/getStatData
2025-06-12 11:35:11,090 - INFO - 发送请求>>>>>>>                 请求头={'User-Agent': 'python-requests/2.31.0', 'Accept-Encoding': 'gzip, deflate', 'Accept': '*/*', 'Connection': 'keep-alive', 'Authorization': '7b2a5eab7c954d89828878565c9b6211', 'x-sign': '417B110F1E71BD2CFE96366E67849B0B'}
2025-06-12 11:35:11,090 - INFO - 发送请求>>>>>>>                 请求体=无
2025-06-12 11:35:11,353 - INFO - 2025-06-12 11:35:11.353接收响应<<<<<<<       状态码=200
2025-06-12 11:35:11,353 - INFO - 接收响应<<<<<<<                  响应头={'Vary': 'Origin, Access-Control-Request-Method, Access-Control-Request-Headers', 'X-Content-Type-Options': 'nosniff', 'X-XSS-Protection': '0', 'Cache-Control': 'no-cache, no-store, max-age=0, must-revalidate', 'Pragma': 'no-cache', 'Expires': '0', 'Content-Type': 'application/json', 'Transfer-Encoding': 'chunked', 'Date': 'Thu, 12 Jun 2025 03:35:09 GMT', 'Keep-Alive': 'timeout=60', 'Connection': 'keep-alive'}
2025-06-12 11:35:11,353 - INFO - 接收响应<<<<<<<                  响应体=b'{"code":0,"msg":"success","data":{"lots":1775.45999999999998707,"num":2207,"profit":4006425.110000000010441,"vpsNum":5,"sourceNum":25,"followNum":18,"vpsActiveNum":3,"sourceActiveNum":9,"followActiveNum":2}}'...
2025-06-12 11:44:18,380 - INFO - 2025-06-12 11:44:18.380发送请求>>>>>>>       接口地址=POST http://39.99.136.49:9000/sys/auth/login
2025-06-12 11:44:18,380 - INFO - 发送请求>>>>>>>                 请求头={'User-Agent': 'python-requests/2.31.0', 'Accept-Encoding': 'gzip, deflate', 'Accept': '*/*', 'Connection': 'keep-alive', 'Authorization': '${token}', 'x-sign': '417B110F1E71BD2CFE96366E67849B0B', 'Content-Length': '241', 'Content-Type': 'application/json'}
2025-06-12 11:44:18,380 - INFO - 发送请求>>>>>>>                 请求体={"username": "admin", "password": "04739db02172e04f63f5278211184deec745bad9d797882b343e7201898d8da1d9fced282f6b271d3815a5057482e62c6f6b88dacb642ba05632bd2ee348101c76cb1f86b70f91695fd1cff11fce76246f044ace477cdbfa1e3e1521b19b023b14c7165e82c5"}
2025-06-12 11:44:18,534 - INFO - 2025-06-12 11:44:18.534接收响应<<<<<<<       状态码=200
2025-06-12 11:44:18,534 - INFO - 接收响应<<<<<<<                  响应头={'Vary': 'Origin, Access-Control-Request-Method, Access-Control-Request-Headers', 'X-Content-Type-Options': 'nosniff', 'X-XSS-Protection': '0', 'Cache-Control': 'no-cache, no-store, max-age=0, must-revalidate', 'Pragma': 'no-cache', 'Expires': '0', 'Content-Type': 'application/json', 'Transfer-Encoding': 'chunked', 'Date': 'Thu, 12 Jun 2025 03:44:17 GMT', 'Keep-Alive': 'timeout=60', 'Connection': 'keep-alive'}
2025-06-12 11:44:18,534 - INFO - 接收响应<<<<<<<                  响应体=b'{"code":0,"msg":"success","data":{"accessTokenExpire":"2025-06-13 11:44:17","refreshTokenExpire":"2025-06-26 11:44:17","access_token":"268a9aa54471428a9db3aaa84cb8dc4a","refresh_token":"816d12cc93654659af44386e8970d90b"}}'...
2025-06-12 11:44:18,544 - INFO - 2025-06-12 11:44:18.544发送请求>>>>>>>       接口地址=POST http://39.99.136.49:9000/sys/auth/login
2025-06-12 11:44:18,544 - INFO - 发送请求>>>>>>>                 请求头={'User-Agent': 'python-requests/2.31.0', 'Accept-Encoding': 'gzip, deflate', 'Accept': '*/*', 'Connection': 'keep-alive', 'Authorization': '${token}', 'x-sign': '417B110F1E71BD2CFE96366E67849B0B', 'Content-Length': '247', 'Content-Type': 'application/json'}
2025-06-12 11:44:18,544 - INFO - 发送请求>>>>>>>                 请求体={"username": "admin", "password": "045728bed050a84d080b26233d113882b09043565f6bbef289d40ebee9e33a65335cd7c1c9172675699f9ca309ba016de2b9885deb6c3270aeb8f9f201d80dd364738e56120caf68835e26074275047e2dd01e1199cfe99df35b7e1c7b8ce642101757524081830e1b"}
2025-06-12 11:44:18,606 - INFO - 2025-06-12 11:44:18.606接收响应<<<<<<<       状态码=200
2025-06-12 11:44:18,606 - INFO - 接收响应<<<<<<<                  响应头={'Vary': 'Origin, Access-Control-Request-Method, Access-Control-Request-Headers', 'X-Content-Type-Options': 'nosniff', 'X-XSS-Protection': '0', 'Cache-Control': 'no-cache, no-store, max-age=0, must-revalidate', 'Pragma': 'no-cache', 'Expires': '0', 'Content-Type': 'application/json', 'Transfer-Encoding': 'chunked', 'Date': 'Thu, 12 Jun 2025 03:44:17 GMT', 'Keep-Alive': 'timeout=60', 'Connection': 'keep-alive'}
2025-06-12 11:44:18,606 - INFO - 接收响应<<<<<<<                  响应体=b'{"code":500,"msg":"\xe7\x94\xa8\xe6\x88\xb7\xe5\x90\x8d\xe6\x88\x96\xe5\xaf\x86\xe7\xa0\x81\xe9\x94\x99\xe8\xaf\xaf","data":null}'...
2025-06-12 11:44:18,881 - INFO - 2025-06-12 11:44:18.881发送请求>>>>>>>       接口地址=GET http://39.99.136.49:9000/dashboard/getStatData
2025-06-12 11:44:18,881 - INFO - 发送请求>>>>>>>                 请求头={'User-Agent': 'python-requests/2.31.0', 'Accept-Encoding': 'gzip, deflate', 'Accept': '*/*', 'Connection': 'keep-alive', 'Authorization': '268a9aa54471428a9db3aaa84cb8dc4a', 'x-sign': '417B110F1E71BD2CFE96366E67849B0B'}
2025-06-12 11:44:18,881 - INFO - 发送请求>>>>>>>                 请求体=无
2025-06-12 11:44:18,942 - INFO - 2025-06-12 11:44:18.942接收响应<<<<<<<       状态码=200
2025-06-12 11:44:18,942 - INFO - 接收响应<<<<<<<                  响应头={'Vary': 'Origin, Access-Control-Request-Method, Access-Control-Request-Headers', 'X-Content-Type-Options': 'nosniff', 'X-XSS-Protection': '0', 'Cache-Control': 'no-cache, no-store, max-age=0, must-revalidate', 'Pragma': 'no-cache', 'Expires': '0', 'Content-Type': 'application/json', 'Transfer-Encoding': 'chunked', 'Date': 'Thu, 12 Jun 2025 03:44:17 GMT', 'Keep-Alive': 'timeout=60', 'Connection': 'keep-alive'}
2025-06-12 11:44:18,942 - INFO - 接收响应<<<<<<<                  响应体=b'{"code":0,"msg":"success","data":{"lots":1775.45999999999998707,"num":2207,"profit":4006425.110000000010441,"vpsNum":5,"sourceNum":25,"followNum":18,"vpsActiveNum":3,"sourceActiveNum":9,"followActiveNum":2}}'...
2025-06-12 11:49:05,403 - INFO - 2025-06-12 11:49:05.403发送请求>>>>>>>       接口地址=POST http://39.99.136.49:9000/sys/auth/login
2025-06-12 11:49:05,403 - INFO - 发送请求>>>>>>>                 请求头={'User-Agent': 'python-requests/2.31.0', 'Accept-Encoding': 'gzip, deflate', 'Accept': '*/*', 'Connection': 'keep-alive', 'Authorization': '${token}', 'x-sign': '417B110F1E71BD2CFE96366E67849B0B', 'Content-Length': '241', 'Content-Type': 'application/json'}
2025-06-12 11:49:05,403 - INFO - 发送请求>>>>>>>                 请求体={"username": "admin", "password": "04739db02172e04f63f5278211184deec745bad9d797882b343e7201898d8da1d9fced282f6b271d3815a5057482e62c6f6b88dacb642ba05632bd2ee348101c76cb1f86b70f91695fd1cff11fce76246f044ace477cdbfa1e3e1521b19b023b14c7165e82c5"}
2025-06-12 11:49:05,544 - INFO - 2025-06-12 11:49:05.544接收响应<<<<<<<       状态码=200
2025-06-12 11:49:05,544 - INFO - 接收响应<<<<<<<                  响应头={'Vary': 'Origin, Access-Control-Request-Method, Access-Control-Request-Headers', 'X-Content-Type-Options': 'nosniff', 'X-XSS-Protection': '0', 'Cache-Control': 'no-cache, no-store, max-age=0, must-revalidate', 'Pragma': 'no-cache', 'Expires': '0', 'Content-Type': 'application/json', 'Transfer-Encoding': 'chunked', 'Date': 'Thu, 12 Jun 2025 03:49:04 GMT', 'Keep-Alive': 'timeout=60', 'Connection': 'keep-alive'}
2025-06-12 11:49:05,544 - INFO - 接收响应<<<<<<<                  响应体=b'{"code":0,"msg":"success","data":{"accessTokenExpire":"2025-06-13 11:49:04","refreshTokenExpire":"2025-06-26 11:49:04","access_token":"35bb378d6ba1415696b931fa1bb904e8","refresh_token":"a9358f9456104f7f8ecc22c1933fc5a3"}}'...
2025-06-12 11:49:05,554 - INFO - 2025-06-12 11:49:05.554发送请求>>>>>>>       接口地址=POST http://39.99.136.49:9000/sys/auth/login
2025-06-12 11:49:05,554 - INFO - 发送请求>>>>>>>                 请求头={'User-Agent': 'python-requests/2.31.0', 'Accept-Encoding': 'gzip, deflate', 'Accept': '*/*', 'Connection': 'keep-alive', 'Authorization': '${token}', 'x-sign': '417B110F1E71BD2CFE96366E67849B0B', 'Content-Length': '247', 'Content-Type': 'application/json'}
2025-06-12 11:49:05,554 - INFO - 发送请求>>>>>>>                 请求体={"username": "admin", "password": "045728bed050a84d080b26233d113882b09043565f6bbef289d40ebee9e33a65335cd7c1c9172675699f9ca309ba016de2b9885deb6c3270aeb8f9f201d80dd364738e56120caf68835e26074275047e2dd01e1199cfe99df35b7e1c7b8ce642101757524081830e1b"}
2025-06-12 11:49:05,622 - INFO - 2025-06-12 11:49:05.622接收响应<<<<<<<       状态码=200
2025-06-12 11:49:05,622 - INFO - 接收响应<<<<<<<                  响应头={'Vary': 'Origin, Access-Control-Request-Method, Access-Control-Request-Headers', 'X-Content-Type-Options': 'nosniff', 'X-XSS-Protection': '0', 'Cache-Control': 'no-cache, no-store, max-age=0, must-revalidate', 'Pragma': 'no-cache', 'Expires': '0', 'Content-Type': 'application/json', 'Transfer-Encoding': 'chunked', 'Date': 'Thu, 12 Jun 2025 03:49:04 GMT', 'Keep-Alive': 'timeout=60', 'Connection': 'keep-alive'}
2025-06-12 11:49:05,622 - INFO - 接收响应<<<<<<<                  响应体=b'{"code":500,"msg":"\xe7\x94\xa8\xe6\x88\xb7\xe5\x90\x8d\xe6\x88\x96\xe5\xaf\x86\xe7\xa0\x81\xe9\x94\x99\xe8\xaf\xaf","data":null}'...
2025-06-12 11:49:05,915 - INFO - 2025-06-12 11:49:05.915发送请求>>>>>>>       接口地址=GET http://39.99.136.49:9000/dashboard/getStatData
2025-06-12 11:49:05,915 - INFO - 发送请求>>>>>>>                 请求头={'User-Agent': 'python-requests/2.31.0', 'Accept-Encoding': 'gzip, deflate', 'Accept': '*/*', 'Connection': 'keep-alive', 'Authorization': '35bb378d6ba1415696b931fa1bb904e8', 'x-sign': '417B110F1E71BD2CFE96366E67849B0B'}
2025-06-12 11:49:05,915 - INFO - 发送请求>>>>>>>                 请求体=无
2025-06-12 11:49:05,980 - INFO - 2025-06-12 11:49:05.980接收响应<<<<<<<       状态码=200
2025-06-12 11:49:05,980 - INFO - 接收响应<<<<<<<                  响应头={'Vary': 'Origin, Access-Control-Request-Method, Access-Control-Request-Headers', 'X-Content-Type-Options': 'nosniff', 'X-XSS-Protection': '0', 'Cache-Control': 'no-cache, no-store, max-age=0, must-revalidate', 'Pragma': 'no-cache', 'Expires': '0', 'Content-Type': 'application/json', 'Transfer-Encoding': 'chunked', 'Date': 'Thu, 12 Jun 2025 03:49:04 GMT', 'Keep-Alive': 'timeout=60', 'Connection': 'keep-alive'}
2025-06-12 11:49:05,980 - INFO - 接收响应<<<<<<<                  响应体=b'{"code":0,"msg":"success","data":{"lots":1775.45999999999998707,"num":2207,"profit":4006425.110000000010441,"vpsNum":5,"sourceNum":25,"followNum":18,"vpsActiveNum":3,"sourceActiveNum":9,"followActiveNum":2}}'...
2025-06-12 11:53:11,432 - INFO - 2025-06-12 11:53:11.432发送请求>>>>>>>       接口地址=POST http://39.99.136.49:9000/sys/auth/login
2025-06-12 11:53:11,432 - INFO - 发送请求>>>>>>>                 请求头={'User-Agent': 'python-requests/2.31.0', 'Accept-Encoding': 'gzip, deflate', 'Accept': '*/*', 'Connection': 'keep-alive', 'Authorization': '${token}', 'x-sign': '417B110F1E71BD2CFE96366E67849B0B', 'Content-Length': '241', 'Content-Type': 'application/json'}
2025-06-12 11:53:11,432 - INFO - 发送请求>>>>>>>                 请求体={"username": "admin", "password": "04739db02172e04f63f5278211184deec745bad9d797882b343e7201898d8da1d9fced282f6b271d3815a5057482e62c6f6b88dacb642ba05632bd2ee348101c76cb1f86b70f91695fd1cff11fce76246f044ace477cdbfa1e3e1521b19b023b14c7165e82c5"}
2025-06-12 11:53:11,579 - INFO - 2025-06-12 11:53:11.579接收响应<<<<<<<       状态码=200
2025-06-12 11:53:11,579 - INFO - 接收响应<<<<<<<                  响应头={'Vary': 'Origin, Access-Control-Request-Method, Access-Control-Request-Headers', 'X-Content-Type-Options': 'nosniff', 'X-XSS-Protection': '0', 'Cache-Control': 'no-cache, no-store, max-age=0, must-revalidate', 'Pragma': 'no-cache', 'Expires': '0', 'Content-Type': 'application/json', 'Transfer-Encoding': 'chunked', 'Date': 'Thu, 12 Jun 2025 03:53:10 GMT', 'Keep-Alive': 'timeout=60', 'Connection': 'keep-alive'}
2025-06-12 11:53:11,579 - INFO - 接收响应<<<<<<<                  响应体=b'{"code":0,"msg":"success","data":{"accessTokenExpire":"2025-06-13 11:53:10","refreshTokenExpire":"2025-06-26 11:53:10","access_token":"9bcf4fb6303f483380ed26ea8e3ca57b","refresh_token":"9b62fd73a7084ada87ad59ef3ac4b567"}}'...
2025-06-12 11:53:11,588 - INFO - 2025-06-12 11:53:11.588发送请求>>>>>>>       接口地址=POST http://39.99.136.49:9000/sys/auth/login
2025-06-12 11:53:11,588 - INFO - 发送请求>>>>>>>                 请求头={'User-Agent': 'python-requests/2.31.0', 'Accept-Encoding': 'gzip, deflate', 'Accept': '*/*', 'Connection': 'keep-alive', 'Authorization': '${token}', 'x-sign': '417B110F1E71BD2CFE96366E67849B0B', 'Content-Length': '247', 'Content-Type': 'application/json'}
2025-06-12 11:53:11,588 - INFO - 发送请求>>>>>>>                 请求体={"username": "admin", "password": "045728bed050a84d080b26233d113882b09043565f6bbef289d40ebee9e33a65335cd7c1c9172675699f9ca309ba016de2b9885deb6c3270aeb8f9f201d80dd364738e56120caf68835e26074275047e2dd01e1199cfe99df35b7e1c7b8ce642101757524081830e1b"}
2025-06-12 11:53:11,653 - INFO - 2025-06-12 11:53:11.653接收响应<<<<<<<       状态码=200
2025-06-12 11:53:11,653 - INFO - 接收响应<<<<<<<                  响应头={'Vary': 'Origin, Access-Control-Request-Method, Access-Control-Request-Headers', 'X-Content-Type-Options': 'nosniff', 'X-XSS-Protection': '0', 'Cache-Control': 'no-cache, no-store, max-age=0, must-revalidate', 'Pragma': 'no-cache', 'Expires': '0', 'Content-Type': 'application/json', 'Transfer-Encoding': 'chunked', 'Date': 'Thu, 12 Jun 2025 03:53:10 GMT', 'Keep-Alive': 'timeout=60', 'Connection': 'keep-alive'}
2025-06-12 11:53:11,653 - INFO - 接收响应<<<<<<<                  响应体=b'{"code":500,"msg":"\xe7\x94\xa8\xe6\x88\xb7\xe5\x90\x8d\xe6\x88\x96\xe5\xaf\x86\xe7\xa0\x81\xe9\x94\x99\xe8\xaf\xaf","data":null}'...
2025-06-12 11:53:11,948 - INFO - 2025-06-12 11:53:11.948发送请求>>>>>>>       接口地址=GET http://39.99.136.49:9000/dashboard/getStatData
2025-06-12 11:53:11,949 - INFO - 发送请求>>>>>>>                 请求头={'User-Agent': 'python-requests/2.31.0', 'Accept-Encoding': 'gzip, deflate', 'Accept': '*/*', 'Connection': 'keep-alive', 'Authorization': '9bcf4fb6303f483380ed26ea8e3ca57b', 'x-sign': '417B110F1E71BD2CFE96366E67849B0B'}
2025-06-12 11:53:11,949 - INFO - 发送请求>>>>>>>                 请求体=无
2025-06-12 11:53:12,003 - INFO - 2025-06-12 11:53:12.003接收响应<<<<<<<       状态码=200
2025-06-12 11:53:12,003 - INFO - 接收响应<<<<<<<                  响应头={'Vary': 'Origin, Access-Control-Request-Method, Access-Control-Request-Headers', 'X-Content-Type-Options': 'nosniff', 'X-XSS-Protection': '0', 'Cache-Control': 'no-cache, no-store, max-age=0, must-revalidate', 'Pragma': 'no-cache', 'Expires': '0', 'Content-Type': 'application/json', 'Transfer-Encoding': 'chunked', 'Date': 'Thu, 12 Jun 2025 03:53:10 GMT', 'Keep-Alive': 'timeout=60', 'Connection': 'keep-alive'}
2025-06-12 11:53:12,003 - INFO - 接收响应<<<<<<<                  响应体=b'{"code":0,"msg":"success","data":{"lots":1775.45999999999998707,"num":2207,"profit":4006425.110000000010441,"vpsNum":5,"sourceNum":25,"followNum":18,"vpsActiveNum":3,"sourceActiveNum":9,"followActiveNum":2}}'...
2025-06-12 13:47:19,191 - INFO - 2025-06-12 13:47:19.191发送请求>>>>>>>       接口地址=POST http://39.99.136.49:9000/sys/auth/login
2025-06-12 13:47:19,192 - INFO - 发送请求>>>>>>>                 请求头={'User-Agent': 'python-requests/2.31.0', 'Accept-Encoding': 'gzip, deflate', 'Accept': '*/*', 'Connection': 'keep-alive', 'Authorization': '${token}', 'x-sign': '417B110F1E71BD2CFE96366E67849B0B', 'Content-Length': '241', 'Content-Type': 'application/json'}
2025-06-12 13:47:19,192 - INFO - 发送请求>>>>>>>                 请求体={"username": "admin", "password": "04739db02172e04f63f5278211184deec745bad9d797882b343e7201898d8da1d9fced282f6b271d3815a5057482e62c6f6b88dacb642ba05632bd2ee348101c76cb1f86b70f91695fd1cff11fce76246f044ace477cdbfa1e3e1521b19b023b14c7165e82c5"}
2025-06-12 13:47:19,350 - INFO - 2025-06-12 13:47:19.350接收响应<<<<<<<       状态码=200
2025-06-12 13:47:19,350 - INFO - 接收响应<<<<<<<                  响应头={'Vary': 'Origin, Access-Control-Request-Method, Access-Control-Request-Headers', 'X-Content-Type-Options': 'nosniff', 'X-XSS-Protection': '0', 'Cache-Control': 'no-cache, no-store, max-age=0, must-revalidate', 'Pragma': 'no-cache', 'Expires': '0', 'Content-Type': 'application/json', 'Transfer-Encoding': 'chunked', 'Date': 'Thu, 12 Jun 2025 05:47:17 GMT', 'Keep-Alive': 'timeout=60', 'Connection': 'keep-alive'}
2025-06-12 13:47:19,350 - INFO - 接收响应<<<<<<<                  响应体=b'{"code":0,"msg":"success","data":{"accessTokenExpire":"2025-06-13 13:47:17","refreshTokenExpire":"2025-06-26 13:47:17","access_token":"10b3fcb1f2a74acdad1a7cf878532328","refresh_token":"ac0db32f81c94a04a1b59f59e3a6f5b5"}}'...
2025-06-12 13:47:19,360 - INFO - 2025-06-12 13:47:19.359发送请求>>>>>>>       接口地址=POST http://39.99.136.49:9000/sys/auth/login
2025-06-12 13:47:19,360 - INFO - 发送请求>>>>>>>                 请求头={'User-Agent': 'python-requests/2.31.0', 'Accept-Encoding': 'gzip, deflate', 'Accept': '*/*', 'Connection': 'keep-alive', 'Authorization': '${token}', 'x-sign': '417B110F1E71BD2CFE96366E67849B0B', 'Content-Length': '247', 'Content-Type': 'application/json'}
2025-06-12 13:47:19,360 - INFO - 发送请求>>>>>>>                 请求体={"username": "admin", "password": "045728bed050a84d080b26233d113882b09043565f6bbef289d40ebee9e33a65335cd7c1c9172675699f9ca309ba016de2b9885deb6c3270aeb8f9f201d80dd364738e56120caf68835e26074275047e2dd01e1199cfe99df35b7e1c7b8ce642101757524081830e1b"}
2025-06-12 13:47:19,426 - INFO - 2025-06-12 13:47:19.426接收响应<<<<<<<       状态码=200
2025-06-12 13:47:19,426 - INFO - 接收响应<<<<<<<                  响应头={'Vary': 'Origin, Access-Control-Request-Method, Access-Control-Request-Headers', 'X-Content-Type-Options': 'nosniff', 'X-XSS-Protection': '0', 'Cache-Control': 'no-cache, no-store, max-age=0, must-revalidate', 'Pragma': 'no-cache', 'Expires': '0', 'Content-Type': 'application/json', 'Transfer-Encoding': 'chunked', 'Date': 'Thu, 12 Jun 2025 05:47:17 GMT', 'Keep-Alive': 'timeout=60', 'Connection': 'keep-alive'}
2025-06-12 13:47:19,426 - INFO - 接收响应<<<<<<<                  响应体=b'{"code":500,"msg":"\xe7\x94\xa8\xe6\x88\xb7\xe5\x90\x8d\xe6\x88\x96\xe5\xaf\x86\xe7\xa0\x81\xe9\x94\x99\xe8\xaf\xaf","data":null}'...
2025-06-12 13:47:19,705 - INFO - 2025-06-12 13:47:19.704发送请求>>>>>>>       接口地址=GET http://39.99.136.49:9000/dashboard/getStatData
2025-06-12 13:47:19,705 - INFO - 发送请求>>>>>>>                 请求头={'User-Agent': 'python-requests/2.31.0', 'Accept-Encoding': 'gzip, deflate', 'Accept': '*/*', 'Connection': 'keep-alive', 'Authorization': '10b3fcb1f2a74acdad1a7cf878532328', 'x-sign': '417B110F1E71BD2CFE96366E67849B0B'}
2025-06-12 13:47:19,705 - INFO - 发送请求>>>>>>>                 请求体=无
2025-06-12 13:47:19,762 - INFO - 2025-06-12 13:47:19.762接收响应<<<<<<<       状态码=200
2025-06-12 13:47:19,762 - INFO - 接收响应<<<<<<<                  响应头={'Vary': 'Origin, Access-Control-Request-Method, Access-Control-Request-Headers', 'X-Content-Type-Options': 'nosniff', 'X-XSS-Protection': '0', 'Cache-Control': 'no-cache, no-store, max-age=0, must-revalidate', 'Pragma': 'no-cache', 'Expires': '0', 'Content-Type': 'application/json', 'Transfer-Encoding': 'chunked', 'Date': 'Thu, 12 Jun 2025 05:47:17 GMT', 'Keep-Alive': 'timeout=60', 'Connection': 'keep-alive'}
2025-06-12 13:47:19,762 - INFO - 接收响应<<<<<<<                  响应体=b'{"code":0,"msg":"success","data":{"lots":1775.45999999999998707,"num":2207,"profit":4006425.110000000010441,"vpsNum":5,"sourceNum":25,"followNum":18,"vpsActiveNum":3,"sourceActiveNum":9,"followActiveNum":2}}'...
