2025-06-09 10:43:40,531 - INFO - [default] 2025-06-09 10:43:40.372 发送请求 >>>> 方法=POST URL=http://39.99.136.49:9000/sys/auth/login
2025-06-09 10:43:40,531 - INFO - [default] 2025-06-09 10:43:40.372 发送请求 >>>> 请求头={'x-sign': '417B110F1E71BD2CFE96366E67849B0B'}
2025-06-09 10:43:40,531 - INFO - [default] 2025-06-09 10:43:40.372 发送请求 >>>> 请求体={"username": "admin", "password": "[SENSITIVE]"}
2025-06-09 10:43:40,531 - INFO - [default] 2025-06-09 10:43:40.531 接收响应 <<<< 状态码=200 耗时=159.24ms
2025-06-09 10:43:40,532 - INFO - [default] 2025-06-09 10:43:40.531 接收响应 <<<< 响应头={'Vary': 'Origin, Access-Control-Request-Method, Access-Control-Request-Headers', 'X-Content-Type-Options': 'nosniff', 'X-XSS-Protection': '0', 'Cache-Control': 'no-cache, no-store, max-age=0, must-revalidate', 'Pragma': 'no-cache', 'Expires': '0', 'Content-Type': 'application/json', 'Transfer-Encoding': 'chunked', 'Date': 'Mon, 09 Jun 2025 02:43:34 GMT', 'Keep-Alive': 'timeout=60', 'Connection': 'keep-alive'}
2025-06-09 10:43:40,532 - INFO - [default] 2025-06-09 10:43:40.531 接收响应 <<<< 响应体={"code": 0, "msg": "success", "data": {"accessTokenExpire": "2025-06-10 10:43:34", "refreshTokenExpire": "2025-06-23 10:43:34", "access_token": "[SENSITIVE]", "refresh_token": "[SENSITIVE]"}}
2025-06-09 10:43:40,593 - INFO - [default] 2025-06-09 10:43:40.536 发送请求 >>>> 方法=POST URL=http://39.99.136.49:9000/sys/auth/login
2025-06-09 10:43:40,593 - INFO - [default] 2025-06-09 10:43:40.536 发送请求 >>>> 请求头={'x-sign': '417B110F1E71BD2CFE96366E67849B0B'}
2025-06-09 10:43:40,593 - INFO - [default] 2025-06-09 10:43:40.536 发送请求 >>>> 请求体={"username": "admin", "password": "[SENSITIVE]"}
2025-06-09 10:43:40,593 - INFO - [default] 2025-06-09 10:43:40.593 接收响应 <<<< 状态码=200 耗时=56.27ms
2025-06-09 10:43:40,593 - INFO - [default] 2025-06-09 10:43:40.593 接收响应 <<<< 响应头={'Vary': 'Origin, Access-Control-Request-Method, Access-Control-Request-Headers', 'X-Content-Type-Options': 'nosniff', 'X-XSS-Protection': '0', 'Cache-Control': 'no-cache, no-store, max-age=0, must-revalidate', 'Pragma': 'no-cache', 'Expires': '0', 'Content-Type': 'application/json', 'Transfer-Encoding': 'chunked', 'Date': 'Mon, 09 Jun 2025 02:43:34 GMT', 'Keep-Alive': 'timeout=60', 'Connection': 'keep-alive'}
2025-06-09 10:43:40,593 - INFO - [default] 2025-06-09 10:43:40.593 接收响应 <<<< 响应体={"code": 500, "msg": "服务器异常，请稍后再试", "data": null}
2025-06-09 10:43:40,825 - INFO - [default] 2025-06-09 10:43:40.683 发送请求 >>>> 方法=POST URL=http://39.99.136.49:9000/sys/auth/login
2025-06-09 10:43:40,826 - INFO - [default] 2025-06-09 10:43:40.683 发送请求 >>>> 请求头={}
2025-06-09 10:43:40,826 - INFO - [default] 2025-06-09 10:43:40.683 发送请求 >>>> 请求体={"username": "admin", "password": "[SENSITIVE]"}
2025-06-09 10:43:40,826 - INFO - [default] 2025-06-09 10:43:40.826 接收响应 <<<< 状态码=200 耗时=142.68ms
2025-06-09 10:43:40,826 - INFO - [default] 2025-06-09 10:43:40.826 接收响应 <<<< 响应头={'Vary': 'Origin, Access-Control-Request-Method, Access-Control-Request-Headers', 'X-Content-Type-Options': 'nosniff', 'X-XSS-Protection': '0', 'Cache-Control': 'no-cache, no-store, max-age=0, must-revalidate', 'Pragma': 'no-cache', 'Expires': '0', 'Content-Type': 'application/json', 'Transfer-Encoding': 'chunked', 'Date': 'Mon, 09 Jun 2025 02:43:34 GMT', 'Keep-Alive': 'timeout=60', 'Connection': 'keep-alive'}
2025-06-09 10:43:40,826 - INFO - [default] 2025-06-09 10:43:40.826 接收响应 <<<< 响应体={"code": 0, "msg": "success", "data": {"accessTokenExpire": "2025-06-10 10:43:34", "refreshTokenExpire": "2025-06-23 10:43:34", "access_token": "[SENSITIVE]", "refresh_token": "[SENSITIVE]"}}
2025-06-09 10:43:40,874 - INFO - [default] 2025-06-09 10:43:40.826 发送请求 >>>> 方法=GET URL=http://39.99.136.49:9000/dashboard/getStatData
2025-06-09 10:43:40,874 - INFO - [default] 2025-06-09 10:43:40.826 发送请求 >>>> 请求头={}
2025-06-09 10:43:40,874 - INFO - [default] 2025-06-09 10:43:40.874 接收响应 <<<< 状态码=200 耗时=47.81ms
2025-06-09 10:43:40,874 - INFO - [default] 2025-06-09 10:43:40.874 接收响应 <<<< 响应头={'Access-Control-Allow-Credentials': 'true', 'X-Content-Type-Options': 'nosniff', 'X-XSS-Protection': '0', 'Cache-Control': 'no-cache, no-store, max-age=0, must-revalidate', 'Pragma': 'no-cache', 'Expires': '0', 'Content-Type': 'application/json;charset=utf-8', 'Content-Length': '60', 'Date': 'Mon, 09 Jun 2025 02:43:34 GMT', 'Keep-Alive': 'timeout=60', 'Connection': 'keep-alive'}
2025-06-09 10:43:40,874 - INFO - [default] 2025-06-09 10:43:40.874 接收响应 <<<< 响应体={"code": 401, "msg": "登录无效，不能访问", "data": null}
