INFO     - 2025-10-16 09:25:38 - [session:66] - [2025-10-16 09:25:38] 初始化环境会话: dev | Base URL: https://dev.lgcopytrade.top/api
INFO     - 2025-10-16 09:25:38 - [session:71] - [2025-10-16 09:25:38] 切换到Base URL: https://dev.lgcopytrade.top/api
INFO     - 2025-10-16 09:25:38 - [session:109] - [2025-10-16 09:25:38] 构建相对URL: https://dev.lgcopytrade.top/api + /sys/randomImage/1760577938728?_t=1760577938 -> https://dev.lgcopytrade.top/api/sys/randomImage/1760577938728?_t=1760577938
INFO     - 2025-10-16 09:25:38 - [session:122] - [2025-10-16 09:25:38.730] GET 请求开始: https://dev.lgcopytrade.top/api/sys/randomImage/1760577938728?_t=1760577938
INFO     - 2025-10-16 09:25:38 - [session:123] - [2025-10-16 09:25:38.730] 请求参数: args=(), kwargs_keys=['headers', 'allow_redirects']
ERROR    - 2025-10-16 09:25:38 - [session:171] - [2025-10-16 09:25:38.730] 网络连接异常（可能包含DNS解析失败）: HTTPSConnectionPool(host='dev.lgcopytrade.top', port=443): Max retries exceeded with url: /api/sys/randomImage/1760577938728?_t=1760577938 (Caused by ProxyError('Unable to connect to proxy', FileNotFoundError(2, 'No such file or directory'))) | URL: https://dev.lgcopytrade.top/api/sys/randomImage/1760577938728?_t=1760577938
urllib3.exceptions.ProxyError: ('Unable to connect to proxy', FileNotFoundError(2, 'No such file or directory'))

The above exception was the direct cause of the following exception:

Traceback (most recent call last):
  File "D:\pycharm_test\Community\lib\site-packages\requests\adapters.py", line 667, in send
    resp = conn.urlopen(
  File "D:\pycharm_test\Community\lib\site-packages\urllib3\connectionpool.py", line 843, in urlopen
    retries = retries.increment(
  File "D:\pycharm_test\Community\lib\site-packages\urllib3\util\retry.py", line 519, in increment
    raise MaxRetryError(_pool, url, reason) from reason  # type: ignore[arg-type]
urllib3.exceptions.MaxRetryError: HTTPSConnectionPool(host='dev.lgcopytrade.top', port=443): Max retries exceeded with url: /api/sys/randomImage/1760577938728?_t=1760577938 (Caused by ProxyError('Unable to connect to proxy', FileNotFoundError(2, 'No such file or directory')))

During handling of the above exception, another exception occurred:

Traceback (most recent call last):
  File "D:\pycharm_test\template_back\commons\session.py", line 135, in request
    response = super().request(method, full_url, *args, **kwargs)
  File "D:\pycharm_test\Community\lib\site-packages\requests\sessions.py", line 589, in request
    resp = self.send(prep, **send_kwargs)
  File "D:\pycharm_test\Community\lib\site-packages\requests\sessions.py", line 703, in send
    r = adapter.send(request, **kwargs)
  File "D:\pycharm_test\Community\lib\site-packages\requests\adapters.py", line 694, in send
    raise ProxyError(e, request=request)
requests.exceptions.ProxyError: HTTPSConnectionPool(host='dev.lgcopytrade.top', port=443): Max retries exceeded with url: /api/sys/randomImage/1760577938728?_t=1760577938 (Caused by ProxyError('Unable to connect to proxy', FileNotFoundError(2, 'No such file or directory')))
INFO     - 2025-10-16 09:25:48 - [session:109] - [2025-10-16 09:25:38] 构建相对URL: https://dev.lgcopytrade.top/api + /sys/randomImage/1760577948768?_t=1760577948 -> https://dev.lgcopytrade.top/api/sys/randomImage/1760577948768?_t=1760577948
INFO     - 2025-10-16 09:25:48 - [session:122] - [2025-10-16 09:25:48.771] GET 请求开始: https://dev.lgcopytrade.top/api/sys/randomImage/1760577948768?_t=1760577948
INFO     - 2025-10-16 09:25:48 - [session:123] - [2025-10-16 09:25:48.771] 请求参数: args=(), kwargs_keys=['headers', 'allow_redirects']
ERROR    - 2025-10-16 09:25:48 - [session:171] - [2025-10-16 09:25:48.771] 网络连接异常（可能包含DNS解析失败）: HTTPSConnectionPool(host='dev.lgcopytrade.top', port=443): Max retries exceeded with url: /api/sys/randomImage/1760577948768?_t=1760577948 (Caused by ProxyError('Unable to connect to proxy', FileNotFoundError(2, 'No such file or directory'))) | URL: https://dev.lgcopytrade.top/api/sys/randomImage/1760577948768?_t=1760577948
urllib3.exceptions.ProxyError: ('Unable to connect to proxy', FileNotFoundError(2, 'No such file or directory'))

The above exception was the direct cause of the following exception:

Traceback (most recent call last):
  File "D:\pycharm_test\Community\lib\site-packages\requests\adapters.py", line 667, in send
    resp = conn.urlopen(
  File "D:\pycharm_test\Community\lib\site-packages\urllib3\connectionpool.py", line 843, in urlopen
    retries = retries.increment(
  File "D:\pycharm_test\Community\lib\site-packages\urllib3\util\retry.py", line 519, in increment
    raise MaxRetryError(_pool, url, reason) from reason  # type: ignore[arg-type]
urllib3.exceptions.MaxRetryError: HTTPSConnectionPool(host='dev.lgcopytrade.top', port=443): Max retries exceeded with url: /api/sys/randomImage/1760577948768?_t=1760577948 (Caused by ProxyError('Unable to connect to proxy', FileNotFoundError(2, 'No such file or directory')))

During handling of the above exception, another exception occurred:

Traceback (most recent call last):
  File "D:\pycharm_test\template_back\commons\session.py", line 135, in request
    response = super().request(method, full_url, *args, **kwargs)
  File "D:\pycharm_test\Community\lib\site-packages\requests\sessions.py", line 589, in request
    resp = self.send(prep, **send_kwargs)
  File "D:\pycharm_test\Community\lib\site-packages\requests\sessions.py", line 703, in send
    r = adapter.send(request, **kwargs)
  File "D:\pycharm_test\Community\lib\site-packages\requests\adapters.py", line 694, in send
    raise ProxyError(e, request=request)
requests.exceptions.ProxyError: HTTPSConnectionPool(host='dev.lgcopytrade.top', port=443): Max retries exceeded with url: /api/sys/randomImage/1760577948768?_t=1760577948 (Caused by ProxyError('Unable to connect to proxy', FileNotFoundError(2, 'No such file or directory')))
INFO     - 2025-10-16 09:25:58 - [session:109] - [2025-10-16 09:25:38] 构建相对URL: https://dev.lgcopytrade.top/api + /sys/randomImage/1760577958801?_t=1760577958 -> https://dev.lgcopytrade.top/api/sys/randomImage/1760577958801?_t=1760577958
INFO     - 2025-10-16 09:25:58 - [session:122] - [2025-10-16 09:25:58.805] GET 请求开始: https://dev.lgcopytrade.top/api/sys/randomImage/1760577958801?_t=1760577958
INFO     - 2025-10-16 09:25:58 - [session:123] - [2025-10-16 09:25:58.805] 请求参数: args=(), kwargs_keys=['headers', 'allow_redirects']
ERROR    - 2025-10-16 09:25:58 - [session:171] - [2025-10-16 09:25:58.805] 网络连接异常（可能包含DNS解析失败）: HTTPSConnectionPool(host='dev.lgcopytrade.top', port=443): Max retries exceeded with url: /api/sys/randomImage/1760577958801?_t=1760577958 (Caused by ProxyError('Unable to connect to proxy', FileNotFoundError(2, 'No such file or directory'))) | URL: https://dev.lgcopytrade.top/api/sys/randomImage/1760577958801?_t=1760577958
urllib3.exceptions.ProxyError: ('Unable to connect to proxy', FileNotFoundError(2, 'No such file or directory'))

The above exception was the direct cause of the following exception:

Traceback (most recent call last):
  File "D:\pycharm_test\Community\lib\site-packages\requests\adapters.py", line 667, in send
    resp = conn.urlopen(
  File "D:\pycharm_test\Community\lib\site-packages\urllib3\connectionpool.py", line 843, in urlopen
    retries = retries.increment(
  File "D:\pycharm_test\Community\lib\site-packages\urllib3\util\retry.py", line 519, in increment
    raise MaxRetryError(_pool, url, reason) from reason  # type: ignore[arg-type]
urllib3.exceptions.MaxRetryError: HTTPSConnectionPool(host='dev.lgcopytrade.top', port=443): Max retries exceeded with url: /api/sys/randomImage/1760577958801?_t=1760577958 (Caused by ProxyError('Unable to connect to proxy', FileNotFoundError(2, 'No such file or directory')))

During handling of the above exception, another exception occurred:

Traceback (most recent call last):
  File "D:\pycharm_test\template_back\commons\session.py", line 135, in request
    response = super().request(method, full_url, *args, **kwargs)
  File "D:\pycharm_test\Community\lib\site-packages\requests\sessions.py", line 589, in request
    resp = self.send(prep, **send_kwargs)
  File "D:\pycharm_test\Community\lib\site-packages\requests\sessions.py", line 703, in send
    r = adapter.send(request, **kwargs)
  File "D:\pycharm_test\Community\lib\site-packages\requests\adapters.py", line 694, in send
    raise ProxyError(e, request=request)
requests.exceptions.ProxyError: HTTPSConnectionPool(host='dev.lgcopytrade.top', port=443): Max retries exceeded with url: /api/sys/randomImage/1760577958801?_t=1760577958 (Caused by ProxyError('Unable to connect to proxy', FileNotFoundError(2, 'No such file or directory')))
INFO     - 2025-10-16 09:26:08 - [session:109] - [2025-10-16 09:25:38] 构建相对URL: https://dev.lgcopytrade.top/api + /sys/randomImage/1760577968839?_t=1760577968 -> https://dev.lgcopytrade.top/api/sys/randomImage/1760577968839?_t=1760577968
INFO     - 2025-10-16 09:26:08 - [session:122] - [2025-10-16 09:26:08.844] GET 请求开始: https://dev.lgcopytrade.top/api/sys/randomImage/1760577968839?_t=1760577968
INFO     - 2025-10-16 09:26:08 - [session:123] - [2025-10-16 09:26:08.844] 请求参数: args=(), kwargs_keys=['headers', 'allow_redirects']
ERROR    - 2025-10-16 09:26:08 - [session:171] - [2025-10-16 09:26:08.844] 网络连接异常（可能包含DNS解析失败）: HTTPSConnectionPool(host='dev.lgcopytrade.top', port=443): Max retries exceeded with url: /api/sys/randomImage/1760577968839?_t=1760577968 (Caused by ProxyError('Unable to connect to proxy', FileNotFoundError(2, 'No such file or directory'))) | URL: https://dev.lgcopytrade.top/api/sys/randomImage/1760577968839?_t=1760577968
urllib3.exceptions.ProxyError: ('Unable to connect to proxy', FileNotFoundError(2, 'No such file or directory'))

The above exception was the direct cause of the following exception:

Traceback (most recent call last):
  File "D:\pycharm_test\Community\lib\site-packages\requests\adapters.py", line 667, in send
    resp = conn.urlopen(
  File "D:\pycharm_test\Community\lib\site-packages\urllib3\connectionpool.py", line 843, in urlopen
    retries = retries.increment(
  File "D:\pycharm_test\Community\lib\site-packages\urllib3\util\retry.py", line 519, in increment
    raise MaxRetryError(_pool, url, reason) from reason  # type: ignore[arg-type]
urllib3.exceptions.MaxRetryError: HTTPSConnectionPool(host='dev.lgcopytrade.top', port=443): Max retries exceeded with url: /api/sys/randomImage/1760577968839?_t=1760577968 (Caused by ProxyError('Unable to connect to proxy', FileNotFoundError(2, 'No such file or directory')))

During handling of the above exception, another exception occurred:

Traceback (most recent call last):
  File "D:\pycharm_test\template_back\commons\session.py", line 135, in request
    response = super().request(method, full_url, *args, **kwargs)
  File "D:\pycharm_test\Community\lib\site-packages\requests\sessions.py", line 589, in request
    resp = self.send(prep, **send_kwargs)
  File "D:\pycharm_test\Community\lib\site-packages\requests\sessions.py", line 703, in send
    r = adapter.send(request, **kwargs)
  File "D:\pycharm_test\Community\lib\site-packages\requests\adapters.py", line 694, in send
    raise ProxyError(e, request=request)
requests.exceptions.ProxyError: HTTPSConnectionPool(host='dev.lgcopytrade.top', port=443): Max retries exceeded with url: /api/sys/randomImage/1760577968839?_t=1760577968 (Caused by ProxyError('Unable to connect to proxy', FileNotFoundError(2, 'No such file or directory')))
INFO     - 2025-10-16 09:26:18 - [session:109] - [2025-10-16 09:25:38] 构建相对URL: https://dev.lgcopytrade.top/api + /sys/randomImage/1760577978878?_t=1760577978 -> https://dev.lgcopytrade.top/api/sys/randomImage/1760577978878?_t=1760577978
INFO     - 2025-10-16 09:26:18 - [session:122] - [2025-10-16 09:26:18.881] GET 请求开始: https://dev.lgcopytrade.top/api/sys/randomImage/1760577978878?_t=1760577978
INFO     - 2025-10-16 09:26:18 - [session:123] - [2025-10-16 09:26:18.881] 请求参数: args=(), kwargs_keys=['headers', 'allow_redirects']
ERROR    - 2025-10-16 09:26:18 - [session:171] - [2025-10-16 09:26:18.881] 网络连接异常（可能包含DNS解析失败）: HTTPSConnectionPool(host='dev.lgcopytrade.top', port=443): Max retries exceeded with url: /api/sys/randomImage/1760577978878?_t=1760577978 (Caused by ProxyError('Unable to connect to proxy', FileNotFoundError(2, 'No such file or directory'))) | URL: https://dev.lgcopytrade.top/api/sys/randomImage/1760577978878?_t=1760577978
urllib3.exceptions.ProxyError: ('Unable to connect to proxy', FileNotFoundError(2, 'No such file or directory'))

The above exception was the direct cause of the following exception:

Traceback (most recent call last):
  File "D:\pycharm_test\Community\lib\site-packages\requests\adapters.py", line 667, in send
    resp = conn.urlopen(
  File "D:\pycharm_test\Community\lib\site-packages\urllib3\connectionpool.py", line 843, in urlopen
    retries = retries.increment(
  File "D:\pycharm_test\Community\lib\site-packages\urllib3\util\retry.py", line 519, in increment
    raise MaxRetryError(_pool, url, reason) from reason  # type: ignore[arg-type]
urllib3.exceptions.MaxRetryError: HTTPSConnectionPool(host='dev.lgcopytrade.top', port=443): Max retries exceeded with url: /api/sys/randomImage/1760577978878?_t=1760577978 (Caused by ProxyError('Unable to connect to proxy', FileNotFoundError(2, 'No such file or directory')))

During handling of the above exception, another exception occurred:

Traceback (most recent call last):
  File "D:\pycharm_test\template_back\commons\session.py", line 135, in request
    response = super().request(method, full_url, *args, **kwargs)
  File "D:\pycharm_test\Community\lib\site-packages\requests\sessions.py", line 589, in request
    resp = self.send(prep, **send_kwargs)
  File "D:\pycharm_test\Community\lib\site-packages\requests\sessions.py", line 703, in send
    r = adapter.send(request, **kwargs)
  File "D:\pycharm_test\Community\lib\site-packages\requests\adapters.py", line 694, in send
    raise ProxyError(e, request=request)
requests.exceptions.ProxyError: HTTPSConnectionPool(host='dev.lgcopytrade.top', port=443): Max retries exceeded with url: /api/sys/randomImage/1760577978878?_t=1760577978 (Caused by ProxyError('Unable to connect to proxy', FileNotFoundError(2, 'No such file or directory')))
INFO     - 2025-10-16 09:27:28 - [session:66] - [2025-10-16 09:27:28] 初始化环境会话: dev | Base URL: https://dev.lgcopytrade.top/api
INFO     - 2025-10-16 09:27:28 - [session:66] - [2025-10-16 09:27:28] 初始化环境会话: dev | Base URL: https://dev.lgcopytrade.top/api
INFO     - 2025-10-16 09:27:28 - [session:71] - [2025-10-16 09:27:28] 切换到Base URL: https://dev.lgcopytrade.top/api
INFO     - 2025-10-16 09:27:28 - [session:71] - [2025-10-16 09:27:28] 切换到Base URL: https://dev.lgcopytrade.top/api
INFO     - 2025-10-16 09:27:28 - [session:109] - [2025-10-16 09:27:28] 构建相对URL: https://dev.lgcopytrade.top/api + /sys/randomImage/1760578048308?_t=1760578048 -> https://dev.lgcopytrade.top/api/sys/randomImage/1760578048308?_t=1760578048
INFO     - 2025-10-16 09:27:28 - [session:109] - [2025-10-16 09:27:28] 构建相对URL: https://dev.lgcopytrade.top/api + /sys/randomImage/1760578048308?_t=1760578048 -> https://dev.lgcopytrade.top/api/sys/randomImage/1760578048308?_t=1760578048
INFO     - 2025-10-16 09:27:28 - [session:122] - [2025-10-16 09:27:28.308] GET 请求开始: https://dev.lgcopytrade.top/api/sys/randomImage/1760578048308?_t=1760578048
INFO     - 2025-10-16 09:27:28 - [session:122] - [2025-10-16 09:27:28.308] GET 请求开始: https://dev.lgcopytrade.top/api/sys/randomImage/1760578048308?_t=1760578048
INFO     - 2025-10-16 09:27:28 - [session:123] - [2025-10-16 09:27:28.308] 请求参数: args=(), kwargs_keys=['headers', 'allow_redirects']
INFO     - 2025-10-16 09:27:28 - [session:123] - [2025-10-16 09:27:28.308] 请求参数: args=(), kwargs_keys=['headers', 'allow_redirects']
ERROR    - 2025-10-16 09:27:28 - [session:171] - [2025-10-16 09:27:28.308] 网络连接异常（可能包含DNS解析失败）: HTTPSConnectionPool(host='dev.lgcopytrade.top', port=443): Max retries exceeded with url: /api/sys/randomImage/1760578048308?_t=1760578048 (Caused by ProxyError('Unable to connect to proxy', FileNotFoundError(2, 'No such file or directory'))) | URL: https://dev.lgcopytrade.top/api/sys/randomImage/1760578048308?_t=1760578048
urllib3.exceptions.ProxyError: ('Unable to connect to proxy', FileNotFoundError(2, 'No such file or directory'))

The above exception was the direct cause of the following exception:

Traceback (most recent call last):
  File "D:\pycharm_test\Community\lib\site-packages\requests\adapters.py", line 667, in send
    resp = conn.urlopen(
  File "D:\pycharm_test\Community\lib\site-packages\urllib3\connectionpool.py", line 843, in urlopen
    retries = retries.increment(
  File "D:\pycharm_test\Community\lib\site-packages\urllib3\util\retry.py", line 519, in increment
    raise MaxRetryError(_pool, url, reason) from reason  # type: ignore[arg-type]
urllib3.exceptions.MaxRetryError: HTTPSConnectionPool(host='dev.lgcopytrade.top', port=443): Max retries exceeded with url: /api/sys/randomImage/1760578048308?_t=1760578048 (Caused by ProxyError('Unable to connect to proxy', FileNotFoundError(2, 'No such file or directory')))

During handling of the above exception, another exception occurred:

Traceback (most recent call last):
  File "D:\pycharm_test\template_back\commons\session.py", line 135, in request
    response = super().request(method, full_url, *args, **kwargs)
  File "D:\pycharm_test\Community\lib\site-packages\requests\sessions.py", line 589, in request
    resp = self.send(prep, **send_kwargs)
  File "D:\pycharm_test\Community\lib\site-packages\requests\sessions.py", line 703, in send
    r = adapter.send(request, **kwargs)
  File "D:\pycharm_test\Community\lib\site-packages\requests\adapters.py", line 694, in send
    raise ProxyError(e, request=request)
requests.exceptions.ProxyError: HTTPSConnectionPool(host='dev.lgcopytrade.top', port=443): Max retries exceeded with url: /api/sys/randomImage/1760578048308?_t=1760578048 (Caused by ProxyError('Unable to connect to proxy', FileNotFoundError(2, 'No such file or directory')))
ERROR    - 2025-10-16 09:27:28 - [session:171] - [2025-10-16 09:27:28.308] 网络连接异常（可能包含DNS解析失败）: HTTPSConnectionPool(host='dev.lgcopytrade.top', port=443): Max retries exceeded with url: /api/sys/randomImage/1760578048308?_t=1760578048 (Caused by ProxyError('Unable to connect to proxy', FileNotFoundError(2, 'No such file or directory'))) | URL: https://dev.lgcopytrade.top/api/sys/randomImage/1760578048308?_t=1760578048
urllib3.exceptions.ProxyError: ('Unable to connect to proxy', FileNotFoundError(2, 'No such file or directory'))

The above exception was the direct cause of the following exception:

Traceback (most recent call last):
  File "D:\pycharm_test\Community\lib\site-packages\requests\adapters.py", line 667, in send
    resp = conn.urlopen(
  File "D:\pycharm_test\Community\lib\site-packages\urllib3\connectionpool.py", line 843, in urlopen
    retries = retries.increment(
  File "D:\pycharm_test\Community\lib\site-packages\urllib3\util\retry.py", line 519, in increment
    raise MaxRetryError(_pool, url, reason) from reason  # type: ignore[arg-type]
urllib3.exceptions.MaxRetryError: HTTPSConnectionPool(host='dev.lgcopytrade.top', port=443): Max retries exceeded with url: /api/sys/randomImage/1760578048308?_t=1760578048 (Caused by ProxyError('Unable to connect to proxy', FileNotFoundError(2, 'No such file or directory')))

During handling of the above exception, another exception occurred:

Traceback (most recent call last):
  File "D:\pycharm_test\template_back\commons\session.py", line 135, in request
    response = super().request(method, full_url, *args, **kwargs)
  File "D:\pycharm_test\Community\lib\site-packages\requests\sessions.py", line 589, in request
    resp = self.send(prep, **send_kwargs)
  File "D:\pycharm_test\Community\lib\site-packages\requests\sessions.py", line 703, in send
    r = adapter.send(request, **kwargs)
  File "D:\pycharm_test\Community\lib\site-packages\requests\adapters.py", line 694, in send
    raise ProxyError(e, request=request)
requests.exceptions.ProxyError: HTTPSConnectionPool(host='dev.lgcopytrade.top', port=443): Max retries exceeded with url: /api/sys/randomImage/1760578048308?_t=1760578048 (Caused by ProxyError('Unable to connect to proxy', FileNotFoundError(2, 'No such file or directory')))
INFO     - 2025-10-16 09:27:38 - [session:109] - [2025-10-16 09:27:28] 构建相对URL: https://dev.lgcopytrade.top/api + /sys/randomImage/1760578058331?_t=1760578058 -> https://dev.lgcopytrade.top/api/sys/randomImage/1760578058331?_t=1760578058
INFO     - 2025-10-16 09:27:38 - [session:109] - [2025-10-16 09:27:28] 构建相对URL: https://dev.lgcopytrade.top/api + /sys/randomImage/1760578058331?_t=1760578058 -> https://dev.lgcopytrade.top/api/sys/randomImage/1760578058331?_t=1760578058
INFO     - 2025-10-16 09:27:38 - [session:122] - [2025-10-16 09:27:38.331] GET 请求开始: https://dev.lgcopytrade.top/api/sys/randomImage/1760578058331?_t=1760578058
INFO     - 2025-10-16 09:27:38 - [session:122] - [2025-10-16 09:27:38.331] GET 请求开始: https://dev.lgcopytrade.top/api/sys/randomImage/1760578058331?_t=1760578058
INFO     - 2025-10-16 09:27:38 - [session:123] - [2025-10-16 09:27:38.331] 请求参数: args=(), kwargs_keys=['headers', 'allow_redirects']
INFO     - 2025-10-16 09:27:38 - [session:123] - [2025-10-16 09:27:38.331] 请求参数: args=(), kwargs_keys=['headers', 'allow_redirects']
ERROR    - 2025-10-16 09:27:38 - [session:171] - [2025-10-16 09:27:38.331] 网络连接异常（可能包含DNS解析失败）: HTTPSConnectionPool(host='dev.lgcopytrade.top', port=443): Max retries exceeded with url: /api/sys/randomImage/1760578058331?_t=1760578058 (Caused by ProxyError('Unable to connect to proxy', FileNotFoundError(2, 'No such file or directory'))) | URL: https://dev.lgcopytrade.top/api/sys/randomImage/1760578058331?_t=1760578058
urllib3.exceptions.ProxyError: ('Unable to connect to proxy', FileNotFoundError(2, 'No such file or directory'))

The above exception was the direct cause of the following exception:

Traceback (most recent call last):
  File "D:\pycharm_test\Community\lib\site-packages\requests\adapters.py", line 667, in send
    resp = conn.urlopen(
  File "D:\pycharm_test\Community\lib\site-packages\urllib3\connectionpool.py", line 843, in urlopen
    retries = retries.increment(
  File "D:\pycharm_test\Community\lib\site-packages\urllib3\util\retry.py", line 519, in increment
    raise MaxRetryError(_pool, url, reason) from reason  # type: ignore[arg-type]
urllib3.exceptions.MaxRetryError: HTTPSConnectionPool(host='dev.lgcopytrade.top', port=443): Max retries exceeded with url: /api/sys/randomImage/1760578058331?_t=1760578058 (Caused by ProxyError('Unable to connect to proxy', FileNotFoundError(2, 'No such file or directory')))

During handling of the above exception, another exception occurred:

Traceback (most recent call last):
  File "D:\pycharm_test\template_back\commons\session.py", line 135, in request
    response = super().request(method, full_url, *args, **kwargs)
  File "D:\pycharm_test\Community\lib\site-packages\requests\sessions.py", line 589, in request
    resp = self.send(prep, **send_kwargs)
  File "D:\pycharm_test\Community\lib\site-packages\requests\sessions.py", line 703, in send
    r = adapter.send(request, **kwargs)
  File "D:\pycharm_test\Community\lib\site-packages\requests\adapters.py", line 694, in send
    raise ProxyError(e, request=request)
requests.exceptions.ProxyError: HTTPSConnectionPool(host='dev.lgcopytrade.top', port=443): Max retries exceeded with url: /api/sys/randomImage/1760578058331?_t=1760578058 (Caused by ProxyError('Unable to connect to proxy', FileNotFoundError(2, 'No such file or directory')))
ERROR    - 2025-10-16 09:27:38 - [session:171] - [2025-10-16 09:27:38.331] 网络连接异常（可能包含DNS解析失败）: HTTPSConnectionPool(host='dev.lgcopytrade.top', port=443): Max retries exceeded with url: /api/sys/randomImage/1760578058331?_t=1760578058 (Caused by ProxyError('Unable to connect to proxy', FileNotFoundError(2, 'No such file or directory'))) | URL: https://dev.lgcopytrade.top/api/sys/randomImage/1760578058331?_t=1760578058
urllib3.exceptions.ProxyError: ('Unable to connect to proxy', FileNotFoundError(2, 'No such file or directory'))

The above exception was the direct cause of the following exception:

Traceback (most recent call last):
  File "D:\pycharm_test\Community\lib\site-packages\requests\adapters.py", line 667, in send
    resp = conn.urlopen(
  File "D:\pycharm_test\Community\lib\site-packages\urllib3\connectionpool.py", line 843, in urlopen
    retries = retries.increment(
  File "D:\pycharm_test\Community\lib\site-packages\urllib3\util\retry.py", line 519, in increment
    raise MaxRetryError(_pool, url, reason) from reason  # type: ignore[arg-type]
urllib3.exceptions.MaxRetryError: HTTPSConnectionPool(host='dev.lgcopytrade.top', port=443): Max retries exceeded with url: /api/sys/randomImage/1760578058331?_t=1760578058 (Caused by ProxyError('Unable to connect to proxy', FileNotFoundError(2, 'No such file or directory')))

During handling of the above exception, another exception occurred:

Traceback (most recent call last):
  File "D:\pycharm_test\template_back\commons\session.py", line 135, in request
    response = super().request(method, full_url, *args, **kwargs)
  File "D:\pycharm_test\Community\lib\site-packages\requests\sessions.py", line 589, in request
    resp = self.send(prep, **send_kwargs)
  File "D:\pycharm_test\Community\lib\site-packages\requests\sessions.py", line 703, in send
    r = adapter.send(request, **kwargs)
  File "D:\pycharm_test\Community\lib\site-packages\requests\adapters.py", line 694, in send
    raise ProxyError(e, request=request)
requests.exceptions.ProxyError: HTTPSConnectionPool(host='dev.lgcopytrade.top', port=443): Max retries exceeded with url: /api/sys/randomImage/1760578058331?_t=1760578058 (Caused by ProxyError('Unable to connect to proxy', FileNotFoundError(2, 'No such file or directory')))
INFO     - 2025-10-16 09:27:48 - [session:109] - [2025-10-16 09:27:28] 构建相对URL: https://dev.lgcopytrade.top/api + /sys/randomImage/1760578068346?_t=1760578068 -> https://dev.lgcopytrade.top/api/sys/randomImage/1760578068346?_t=1760578068
INFO     - 2025-10-16 09:27:48 - [session:109] - [2025-10-16 09:27:28] 构建相对URL: https://dev.lgcopytrade.top/api + /sys/randomImage/1760578068346?_t=1760578068 -> https://dev.lgcopytrade.top/api/sys/randomImage/1760578068346?_t=1760578068
INFO     - 2025-10-16 09:27:48 - [session:122] - [2025-10-16 09:27:48.346] GET 请求开始: https://dev.lgcopytrade.top/api/sys/randomImage/1760578068346?_t=1760578068
INFO     - 2025-10-16 09:27:48 - [session:122] - [2025-10-16 09:27:48.346] GET 请求开始: https://dev.lgcopytrade.top/api/sys/randomImage/1760578068346?_t=1760578068
INFO     - 2025-10-16 09:27:48 - [session:123] - [2025-10-16 09:27:48.346] 请求参数: args=(), kwargs_keys=['headers', 'allow_redirects']
INFO     - 2025-10-16 09:27:48 - [session:123] - [2025-10-16 09:27:48.346] 请求参数: args=(), kwargs_keys=['headers', 'allow_redirects']
ERROR    - 2025-10-16 09:27:48 - [session:171] - [2025-10-16 09:27:48.346] 网络连接异常（可能包含DNS解析失败）: HTTPSConnectionPool(host='dev.lgcopytrade.top', port=443): Max retries exceeded with url: /api/sys/randomImage/1760578068346?_t=1760578068 (Caused by ProxyError('Unable to connect to proxy', FileNotFoundError(2, 'No such file or directory'))) | URL: https://dev.lgcopytrade.top/api/sys/randomImage/1760578068346?_t=1760578068
urllib3.exceptions.ProxyError: ('Unable to connect to proxy', FileNotFoundError(2, 'No such file or directory'))

The above exception was the direct cause of the following exception:

Traceback (most recent call last):
  File "D:\pycharm_test\Community\lib\site-packages\requests\adapters.py", line 667, in send
    resp = conn.urlopen(
  File "D:\pycharm_test\Community\lib\site-packages\urllib3\connectionpool.py", line 843, in urlopen
    retries = retries.increment(
  File "D:\pycharm_test\Community\lib\site-packages\urllib3\util\retry.py", line 519, in increment
    raise MaxRetryError(_pool, url, reason) from reason  # type: ignore[arg-type]
urllib3.exceptions.MaxRetryError: HTTPSConnectionPool(host='dev.lgcopytrade.top', port=443): Max retries exceeded with url: /api/sys/randomImage/1760578068346?_t=1760578068 (Caused by ProxyError('Unable to connect to proxy', FileNotFoundError(2, 'No such file or directory')))

During handling of the above exception, another exception occurred:

Traceback (most recent call last):
  File "D:\pycharm_test\template_back\commons\session.py", line 135, in request
    response = super().request(method, full_url, *args, **kwargs)
  File "D:\pycharm_test\Community\lib\site-packages\requests\sessions.py", line 589, in request
    resp = self.send(prep, **send_kwargs)
  File "D:\pycharm_test\Community\lib\site-packages\requests\sessions.py", line 703, in send
    r = adapter.send(request, **kwargs)
  File "D:\pycharm_test\Community\lib\site-packages\requests\adapters.py", line 694, in send
    raise ProxyError(e, request=request)
requests.exceptions.ProxyError: HTTPSConnectionPool(host='dev.lgcopytrade.top', port=443): Max retries exceeded with url: /api/sys/randomImage/1760578068346?_t=1760578068 (Caused by ProxyError('Unable to connect to proxy', FileNotFoundError(2, 'No such file or directory')))
ERROR    - 2025-10-16 09:27:48 - [session:171] - [2025-10-16 09:27:48.346] 网络连接异常（可能包含DNS解析失败）: HTTPSConnectionPool(host='dev.lgcopytrade.top', port=443): Max retries exceeded with url: /api/sys/randomImage/1760578068346?_t=1760578068 (Caused by ProxyError('Unable to connect to proxy', FileNotFoundError(2, 'No such file or directory'))) | URL: https://dev.lgcopytrade.top/api/sys/randomImage/1760578068346?_t=1760578068
urllib3.exceptions.ProxyError: ('Unable to connect to proxy', FileNotFoundError(2, 'No such file or directory'))

The above exception was the direct cause of the following exception:

Traceback (most recent call last):
  File "D:\pycharm_test\Community\lib\site-packages\requests\adapters.py", line 667, in send
    resp = conn.urlopen(
  File "D:\pycharm_test\Community\lib\site-packages\urllib3\connectionpool.py", line 843, in urlopen
    retries = retries.increment(
  File "D:\pycharm_test\Community\lib\site-packages\urllib3\util\retry.py", line 519, in increment
    raise MaxRetryError(_pool, url, reason) from reason  # type: ignore[arg-type]
urllib3.exceptions.MaxRetryError: HTTPSConnectionPool(host='dev.lgcopytrade.top', port=443): Max retries exceeded with url: /api/sys/randomImage/1760578068346?_t=1760578068 (Caused by ProxyError('Unable to connect to proxy', FileNotFoundError(2, 'No such file or directory')))

During handling of the above exception, another exception occurred:

Traceback (most recent call last):
  File "D:\pycharm_test\template_back\commons\session.py", line 135, in request
    response = super().request(method, full_url, *args, **kwargs)
  File "D:\pycharm_test\Community\lib\site-packages\requests\sessions.py", line 589, in request
    resp = self.send(prep, **send_kwargs)
  File "D:\pycharm_test\Community\lib\site-packages\requests\sessions.py", line 703, in send
    r = adapter.send(request, **kwargs)
  File "D:\pycharm_test\Community\lib\site-packages\requests\adapters.py", line 694, in send
    raise ProxyError(e, request=request)
requests.exceptions.ProxyError: HTTPSConnectionPool(host='dev.lgcopytrade.top', port=443): Max retries exceeded with url: /api/sys/randomImage/1760578068346?_t=1760578068 (Caused by ProxyError('Unable to connect to proxy', FileNotFoundError(2, 'No such file or directory')))
INFO     - 2025-10-16 09:27:58 - [session:109] - [2025-10-16 09:27:28] 构建相对URL: https://dev.lgcopytrade.top/api + /sys/randomImage/1760578078370?_t=1760578078 -> https://dev.lgcopytrade.top/api/sys/randomImage/1760578078370?_t=1760578078
INFO     - 2025-10-16 09:27:58 - [session:109] - [2025-10-16 09:27:28] 构建相对URL: https://dev.lgcopytrade.top/api + /sys/randomImage/1760578078370?_t=1760578078 -> https://dev.lgcopytrade.top/api/sys/randomImage/1760578078370?_t=1760578078
INFO     - 2025-10-16 09:27:58 - [session:122] - [2025-10-16 09:27:58.370] GET 请求开始: https://dev.lgcopytrade.top/api/sys/randomImage/1760578078370?_t=1760578078
INFO     - 2025-10-16 09:27:58 - [session:122] - [2025-10-16 09:27:58.370] GET 请求开始: https://dev.lgcopytrade.top/api/sys/randomImage/1760578078370?_t=1760578078
INFO     - 2025-10-16 09:27:58 - [session:123] - [2025-10-16 09:27:58.370] 请求参数: args=(), kwargs_keys=['headers', 'allow_redirects']
INFO     - 2025-10-16 09:27:58 - [session:123] - [2025-10-16 09:27:58.370] 请求参数: args=(), kwargs_keys=['headers', 'allow_redirects']
ERROR    - 2025-10-16 09:27:58 - [session:171] - [2025-10-16 09:27:58.370] 网络连接异常（可能包含DNS解析失败）: HTTPSConnectionPool(host='dev.lgcopytrade.top', port=443): Max retries exceeded with url: /api/sys/randomImage/1760578078370?_t=1760578078 (Caused by ProxyError('Unable to connect to proxy', FileNotFoundError(2, 'No such file or directory'))) | URL: https://dev.lgcopytrade.top/api/sys/randomImage/1760578078370?_t=1760578078
urllib3.exceptions.ProxyError: ('Unable to connect to proxy', FileNotFoundError(2, 'No such file or directory'))

The above exception was the direct cause of the following exception:

Traceback (most recent call last):
  File "D:\pycharm_test\Community\lib\site-packages\requests\adapters.py", line 667, in send
    resp = conn.urlopen(
  File "D:\pycharm_test\Community\lib\site-packages\urllib3\connectionpool.py", line 843, in urlopen
    retries = retries.increment(
  File "D:\pycharm_test\Community\lib\site-packages\urllib3\util\retry.py", line 519, in increment
    raise MaxRetryError(_pool, url, reason) from reason  # type: ignore[arg-type]
urllib3.exceptions.MaxRetryError: HTTPSConnectionPool(host='dev.lgcopytrade.top', port=443): Max retries exceeded with url: /api/sys/randomImage/1760578078370?_t=1760578078 (Caused by ProxyError('Unable to connect to proxy', FileNotFoundError(2, 'No such file or directory')))

During handling of the above exception, another exception occurred:

Traceback (most recent call last):
  File "D:\pycharm_test\template_back\commons\session.py", line 135, in request
    response = super().request(method, full_url, *args, **kwargs)
  File "D:\pycharm_test\Community\lib\site-packages\requests\sessions.py", line 589, in request
    resp = self.send(prep, **send_kwargs)
  File "D:\pycharm_test\Community\lib\site-packages\requests\sessions.py", line 703, in send
    r = adapter.send(request, **kwargs)
  File "D:\pycharm_test\Community\lib\site-packages\requests\adapters.py", line 694, in send
    raise ProxyError(e, request=request)
requests.exceptions.ProxyError: HTTPSConnectionPool(host='dev.lgcopytrade.top', port=443): Max retries exceeded with url: /api/sys/randomImage/1760578078370?_t=1760578078 (Caused by ProxyError('Unable to connect to proxy', FileNotFoundError(2, 'No such file or directory')))
ERROR    - 2025-10-16 09:27:58 - [session:171] - [2025-10-16 09:27:58.370] 网络连接异常（可能包含DNS解析失败）: HTTPSConnectionPool(host='dev.lgcopytrade.top', port=443): Max retries exceeded with url: /api/sys/randomImage/1760578078370?_t=1760578078 (Caused by ProxyError('Unable to connect to proxy', FileNotFoundError(2, 'No such file or directory'))) | URL: https://dev.lgcopytrade.top/api/sys/randomImage/1760578078370?_t=1760578078
urllib3.exceptions.ProxyError: ('Unable to connect to proxy', FileNotFoundError(2, 'No such file or directory'))

The above exception was the direct cause of the following exception:

Traceback (most recent call last):
  File "D:\pycharm_test\Community\lib\site-packages\requests\adapters.py", line 667, in send
    resp = conn.urlopen(
  File "D:\pycharm_test\Community\lib\site-packages\urllib3\connectionpool.py", line 843, in urlopen
    retries = retries.increment(
  File "D:\pycharm_test\Community\lib\site-packages\urllib3\util\retry.py", line 519, in increment
    raise MaxRetryError(_pool, url, reason) from reason  # type: ignore[arg-type]
urllib3.exceptions.MaxRetryError: HTTPSConnectionPool(host='dev.lgcopytrade.top', port=443): Max retries exceeded with url: /api/sys/randomImage/1760578078370?_t=1760578078 (Caused by ProxyError('Unable to connect to proxy', FileNotFoundError(2, 'No such file or directory')))

During handling of the above exception, another exception occurred:

Traceback (most recent call last):
  File "D:\pycharm_test\template_back\commons\session.py", line 135, in request
    response = super().request(method, full_url, *args, **kwargs)
  File "D:\pycharm_test\Community\lib\site-packages\requests\sessions.py", line 589, in request
    resp = self.send(prep, **send_kwargs)
  File "D:\pycharm_test\Community\lib\site-packages\requests\sessions.py", line 703, in send
    r = adapter.send(request, **kwargs)
  File "D:\pycharm_test\Community\lib\site-packages\requests\adapters.py", line 694, in send
    raise ProxyError(e, request=request)
requests.exceptions.ProxyError: HTTPSConnectionPool(host='dev.lgcopytrade.top', port=443): Max retries exceeded with url: /api/sys/randomImage/1760578078370?_t=1760578078 (Caused by ProxyError('Unable to connect to proxy', FileNotFoundError(2, 'No such file or directory')))
INFO     - 2025-10-16 09:28:08 - [session:109] - [2025-10-16 09:27:28] 构建相对URL: https://dev.lgcopytrade.top/api + /sys/randomImage/1760578088393?_t=1760578088 -> https://dev.lgcopytrade.top/api/sys/randomImage/1760578088393?_t=1760578088
INFO     - 2025-10-16 09:28:08 - [session:109] - [2025-10-16 09:27:28] 构建相对URL: https://dev.lgcopytrade.top/api + /sys/randomImage/1760578088393?_t=1760578088 -> https://dev.lgcopytrade.top/api/sys/randomImage/1760578088393?_t=1760578088
INFO     - 2025-10-16 09:28:08 - [session:122] - [2025-10-16 09:28:08.393] GET 请求开始: https://dev.lgcopytrade.top/api/sys/randomImage/1760578088393?_t=1760578088
INFO     - 2025-10-16 09:28:08 - [session:122] - [2025-10-16 09:28:08.393] GET 请求开始: https://dev.lgcopytrade.top/api/sys/randomImage/1760578088393?_t=1760578088
INFO     - 2025-10-16 09:28:08 - [session:123] - [2025-10-16 09:28:08.393] 请求参数: args=(), kwargs_keys=['headers', 'allow_redirects']
INFO     - 2025-10-16 09:28:08 - [session:123] - [2025-10-16 09:28:08.393] 请求参数: args=(), kwargs_keys=['headers', 'allow_redirects']
ERROR    - 2025-10-16 09:28:08 - [session:171] - [2025-10-16 09:28:08.393] 网络连接异常（可能包含DNS解析失败）: HTTPSConnectionPool(host='dev.lgcopytrade.top', port=443): Max retries exceeded with url: /api/sys/randomImage/1760578088393?_t=1760578088 (Caused by ProxyError('Unable to connect to proxy', FileNotFoundError(2, 'No such file or directory'))) | URL: https://dev.lgcopytrade.top/api/sys/randomImage/1760578088393?_t=1760578088
urllib3.exceptions.ProxyError: ('Unable to connect to proxy', FileNotFoundError(2, 'No such file or directory'))

The above exception was the direct cause of the following exception:

Traceback (most recent call last):
  File "D:\pycharm_test\Community\lib\site-packages\requests\adapters.py", line 667, in send
    resp = conn.urlopen(
  File "D:\pycharm_test\Community\lib\site-packages\urllib3\connectionpool.py", line 843, in urlopen
    retries = retries.increment(
  File "D:\pycharm_test\Community\lib\site-packages\urllib3\util\retry.py", line 519, in increment
    raise MaxRetryError(_pool, url, reason) from reason  # type: ignore[arg-type]
urllib3.exceptions.MaxRetryError: HTTPSConnectionPool(host='dev.lgcopytrade.top', port=443): Max retries exceeded with url: /api/sys/randomImage/1760578088393?_t=1760578088 (Caused by ProxyError('Unable to connect to proxy', FileNotFoundError(2, 'No such file or directory')))

During handling of the above exception, another exception occurred:

Traceback (most recent call last):
  File "D:\pycharm_test\template_back\commons\session.py", line 135, in request
    response = super().request(method, full_url, *args, **kwargs)
  File "D:\pycharm_test\Community\lib\site-packages\requests\sessions.py", line 589, in request
    resp = self.send(prep, **send_kwargs)
  File "D:\pycharm_test\Community\lib\site-packages\requests\sessions.py", line 703, in send
    r = adapter.send(request, **kwargs)
  File "D:\pycharm_test\Community\lib\site-packages\requests\adapters.py", line 694, in send
    raise ProxyError(e, request=request)
requests.exceptions.ProxyError: HTTPSConnectionPool(host='dev.lgcopytrade.top', port=443): Max retries exceeded with url: /api/sys/randomImage/1760578088393?_t=1760578088 (Caused by ProxyError('Unable to connect to proxy', FileNotFoundError(2, 'No such file or directory')))
ERROR    - 2025-10-16 09:28:08 - [session:171] - [2025-10-16 09:28:08.393] 网络连接异常（可能包含DNS解析失败）: HTTPSConnectionPool(host='dev.lgcopytrade.top', port=443): Max retries exceeded with url: /api/sys/randomImage/1760578088393?_t=1760578088 (Caused by ProxyError('Unable to connect to proxy', FileNotFoundError(2, 'No such file or directory'))) | URL: https://dev.lgcopytrade.top/api/sys/randomImage/1760578088393?_t=1760578088
urllib3.exceptions.ProxyError: ('Unable to connect to proxy', FileNotFoundError(2, 'No such file or directory'))

The above exception was the direct cause of the following exception:

Traceback (most recent call last):
  File "D:\pycharm_test\Community\lib\site-packages\requests\adapters.py", line 667, in send
    resp = conn.urlopen(
  File "D:\pycharm_test\Community\lib\site-packages\urllib3\connectionpool.py", line 843, in urlopen
    retries = retries.increment(
  File "D:\pycharm_test\Community\lib\site-packages\urllib3\util\retry.py", line 519, in increment
    raise MaxRetryError(_pool, url, reason) from reason  # type: ignore[arg-type]
urllib3.exceptions.MaxRetryError: HTTPSConnectionPool(host='dev.lgcopytrade.top', port=443): Max retries exceeded with url: /api/sys/randomImage/1760578088393?_t=1760578088 (Caused by ProxyError('Unable to connect to proxy', FileNotFoundError(2, 'No such file or directory')))

During handling of the above exception, another exception occurred:

Traceback (most recent call last):
  File "D:\pycharm_test\template_back\commons\session.py", line 135, in request
    response = super().request(method, full_url, *args, **kwargs)
  File "D:\pycharm_test\Community\lib\site-packages\requests\sessions.py", line 589, in request
    resp = self.send(prep, **send_kwargs)
  File "D:\pycharm_test\Community\lib\site-packages\requests\sessions.py", line 703, in send
    r = adapter.send(request, **kwargs)
  File "D:\pycharm_test\Community\lib\site-packages\requests\adapters.py", line 694, in send
    raise ProxyError(e, request=request)
requests.exceptions.ProxyError: HTTPSConnectionPool(host='dev.lgcopytrade.top', port=443): Max retries exceeded with url: /api/sys/randomImage/1760578088393?_t=1760578088 (Caused by ProxyError('Unable to connect to proxy', FileNotFoundError(2, 'No such file or directory')))
INFO     - 2025-10-16 09:28:16 - [session:66] - [2025-10-16 09:28:16] 初始化环境会话: dev | Base URL: https://dev.lgcopytrade.top/api
INFO     - 2025-10-16 09:28:16 - [session:66] - [2025-10-16 09:28:16] 初始化环境会话: dev | Base URL: https://dev.lgcopytrade.top/api
INFO     - 2025-10-16 09:28:16 - [session:71] - [2025-10-16 09:28:16] 切换到Base URL: https://dev.lgcopytrade.top/api
INFO     - 2025-10-16 09:28:16 - [session:71] - [2025-10-16 09:28:16] 切换到Base URL: https://dev.lgcopytrade.top/api
INFO     - 2025-10-16 09:28:16 - [session:109] - [2025-10-16 09:28:16] 构建相对URL: https://dev.lgcopytrade.top/api + /sys/randomImage/1760578096809?_t=1760578096 -> https://dev.lgcopytrade.top/api/sys/randomImage/1760578096809?_t=1760578096
INFO     - 2025-10-16 09:28:16 - [session:109] - [2025-10-16 09:28:16] 构建相对URL: https://dev.lgcopytrade.top/api + /sys/randomImage/1760578096809?_t=1760578096 -> https://dev.lgcopytrade.top/api/sys/randomImage/1760578096809?_t=1760578096
INFO     - 2025-10-16 09:28:16 - [session:122] - [2025-10-16 09:28:16.809] GET 请求开始: https://dev.lgcopytrade.top/api/sys/randomImage/1760578096809?_t=1760578096
INFO     - 2025-10-16 09:28:16 - [session:122] - [2025-10-16 09:28:16.809] GET 请求开始: https://dev.lgcopytrade.top/api/sys/randomImage/1760578096809?_t=1760578096
INFO     - 2025-10-16 09:28:16 - [session:123] - [2025-10-16 09:28:16.809] 请求参数: args=(), kwargs_keys=['headers', 'allow_redirects']
INFO     - 2025-10-16 09:28:16 - [session:123] - [2025-10-16 09:28:16.809] 请求参数: args=(), kwargs_keys=['headers', 'allow_redirects']
ERROR    - 2025-10-16 09:28:16 - [session:171] - [2025-10-16 09:28:16.809] 网络连接异常（可能包含DNS解析失败）: HTTPSConnectionPool(host='dev.lgcopytrade.top', port=443): Max retries exceeded with url: /api/sys/randomImage/1760578096809?_t=1760578096 (Caused by ProxyError('Unable to connect to proxy', FileNotFoundError(2, 'No such file or directory'))) | URL: https://dev.lgcopytrade.top/api/sys/randomImage/1760578096809?_t=1760578096
urllib3.exceptions.ProxyError: ('Unable to connect to proxy', FileNotFoundError(2, 'No such file or directory'))

The above exception was the direct cause of the following exception:

Traceback (most recent call last):
  File "D:\pycharm_test\Community\lib\site-packages\requests\adapters.py", line 667, in send
    resp = conn.urlopen(
  File "D:\pycharm_test\Community\lib\site-packages\urllib3\connectionpool.py", line 843, in urlopen
    retries = retries.increment(
  File "D:\pycharm_test\Community\lib\site-packages\urllib3\util\retry.py", line 519, in increment
    raise MaxRetryError(_pool, url, reason) from reason  # type: ignore[arg-type]
urllib3.exceptions.MaxRetryError: HTTPSConnectionPool(host='dev.lgcopytrade.top', port=443): Max retries exceeded with url: /api/sys/randomImage/1760578096809?_t=1760578096 (Caused by ProxyError('Unable to connect to proxy', FileNotFoundError(2, 'No such file or directory')))

During handling of the above exception, another exception occurred:

Traceback (most recent call last):
  File "D:\pycharm_test\template_back\commons\session.py", line 135, in request
    response = super().request(method, full_url, *args, **kwargs)
  File "D:\pycharm_test\Community\lib\site-packages\requests\sessions.py", line 589, in request
    resp = self.send(prep, **send_kwargs)
  File "D:\pycharm_test\Community\lib\site-packages\requests\sessions.py", line 703, in send
    r = adapter.send(request, **kwargs)
  File "D:\pycharm_test\Community\lib\site-packages\requests\adapters.py", line 694, in send
    raise ProxyError(e, request=request)
requests.exceptions.ProxyError: HTTPSConnectionPool(host='dev.lgcopytrade.top', port=443): Max retries exceeded with url: /api/sys/randomImage/1760578096809?_t=1760578096 (Caused by ProxyError('Unable to connect to proxy', FileNotFoundError(2, 'No such file or directory')))
ERROR    - 2025-10-16 09:28:16 - [session:171] - [2025-10-16 09:28:16.809] 网络连接异常（可能包含DNS解析失败）: HTTPSConnectionPool(host='dev.lgcopytrade.top', port=443): Max retries exceeded with url: /api/sys/randomImage/1760578096809?_t=1760578096 (Caused by ProxyError('Unable to connect to proxy', FileNotFoundError(2, 'No such file or directory'))) | URL: https://dev.lgcopytrade.top/api/sys/randomImage/1760578096809?_t=1760578096
urllib3.exceptions.ProxyError: ('Unable to connect to proxy', FileNotFoundError(2, 'No such file or directory'))

The above exception was the direct cause of the following exception:

Traceback (most recent call last):
  File "D:\pycharm_test\Community\lib\site-packages\requests\adapters.py", line 667, in send
    resp = conn.urlopen(
  File "D:\pycharm_test\Community\lib\site-packages\urllib3\connectionpool.py", line 843, in urlopen
    retries = retries.increment(
  File "D:\pycharm_test\Community\lib\site-packages\urllib3\util\retry.py", line 519, in increment
    raise MaxRetryError(_pool, url, reason) from reason  # type: ignore[arg-type]
urllib3.exceptions.MaxRetryError: HTTPSConnectionPool(host='dev.lgcopytrade.top', port=443): Max retries exceeded with url: /api/sys/randomImage/1760578096809?_t=1760578096 (Caused by ProxyError('Unable to connect to proxy', FileNotFoundError(2, 'No such file or directory')))

During handling of the above exception, another exception occurred:

Traceback (most recent call last):
  File "D:\pycharm_test\template_back\commons\session.py", line 135, in request
    response = super().request(method, full_url, *args, **kwargs)
  File "D:\pycharm_test\Community\lib\site-packages\requests\sessions.py", line 589, in request
    resp = self.send(prep, **send_kwargs)
  File "D:\pycharm_test\Community\lib\site-packages\requests\sessions.py", line 703, in send
    r = adapter.send(request, **kwargs)
  File "D:\pycharm_test\Community\lib\site-packages\requests\adapters.py", line 694, in send
    raise ProxyError(e, request=request)
requests.exceptions.ProxyError: HTTPSConnectionPool(host='dev.lgcopytrade.top', port=443): Max retries exceeded with url: /api/sys/randomImage/1760578096809?_t=1760578096 (Caused by ProxyError('Unable to connect to proxy', FileNotFoundError(2, 'No such file or directory')))
INFO     - 2025-10-16 09:28:26 - [session:109] - [2025-10-16 09:28:16] 构建相对URL: https://dev.lgcopytrade.top/api + /sys/randomImage/1760578106834?_t=1760578106 -> https://dev.lgcopytrade.top/api/sys/randomImage/1760578106834?_t=1760578106
INFO     - 2025-10-16 09:28:26 - [session:109] - [2025-10-16 09:28:16] 构建相对URL: https://dev.lgcopytrade.top/api + /sys/randomImage/1760578106834?_t=1760578106 -> https://dev.lgcopytrade.top/api/sys/randomImage/1760578106834?_t=1760578106
INFO     - 2025-10-16 09:28:26 - [session:122] - [2025-10-16 09:28:26.834] GET 请求开始: https://dev.lgcopytrade.top/api/sys/randomImage/1760578106834?_t=1760578106
INFO     - 2025-10-16 09:28:26 - [session:122] - [2025-10-16 09:28:26.834] GET 请求开始: https://dev.lgcopytrade.top/api/sys/randomImage/1760578106834?_t=1760578106
INFO     - 2025-10-16 09:28:26 - [session:123] - [2025-10-16 09:28:26.834] 请求参数: args=(), kwargs_keys=['headers', 'allow_redirects']
INFO     - 2025-10-16 09:28:26 - [session:123] - [2025-10-16 09:28:26.834] 请求参数: args=(), kwargs_keys=['headers', 'allow_redirects']
ERROR    - 2025-10-16 09:28:26 - [session:171] - [2025-10-16 09:28:26.834] 网络连接异常（可能包含DNS解析失败）: HTTPSConnectionPool(host='dev.lgcopytrade.top', port=443): Max retries exceeded with url: /api/sys/randomImage/1760578106834?_t=1760578106 (Caused by ProxyError('Unable to connect to proxy', FileNotFoundError(2, 'No such file or directory'))) | URL: https://dev.lgcopytrade.top/api/sys/randomImage/1760578106834?_t=1760578106
urllib3.exceptions.ProxyError: ('Unable to connect to proxy', FileNotFoundError(2, 'No such file or directory'))

The above exception was the direct cause of the following exception:

Traceback (most recent call last):
  File "D:\pycharm_test\Community\lib\site-packages\requests\adapters.py", line 667, in send
    resp = conn.urlopen(
  File "D:\pycharm_test\Community\lib\site-packages\urllib3\connectionpool.py", line 843, in urlopen
    retries = retries.increment(
  File "D:\pycharm_test\Community\lib\site-packages\urllib3\util\retry.py", line 519, in increment
    raise MaxRetryError(_pool, url, reason) from reason  # type: ignore[arg-type]
urllib3.exceptions.MaxRetryError: HTTPSConnectionPool(host='dev.lgcopytrade.top', port=443): Max retries exceeded with url: /api/sys/randomImage/1760578106834?_t=1760578106 (Caused by ProxyError('Unable to connect to proxy', FileNotFoundError(2, 'No such file or directory')))

During handling of the above exception, another exception occurred:

Traceback (most recent call last):
  File "D:\pycharm_test\template_back\commons\session.py", line 135, in request
    response = super().request(method, full_url, *args, **kwargs)
  File "D:\pycharm_test\Community\lib\site-packages\requests\sessions.py", line 589, in request
    resp = self.send(prep, **send_kwargs)
  File "D:\pycharm_test\Community\lib\site-packages\requests\sessions.py", line 703, in send
    r = adapter.send(request, **kwargs)
  File "D:\pycharm_test\Community\lib\site-packages\requests\adapters.py", line 694, in send
    raise ProxyError(e, request=request)
requests.exceptions.ProxyError: HTTPSConnectionPool(host='dev.lgcopytrade.top', port=443): Max retries exceeded with url: /api/sys/randomImage/1760578106834?_t=1760578106 (Caused by ProxyError('Unable to connect to proxy', FileNotFoundError(2, 'No such file or directory')))
ERROR    - 2025-10-16 09:28:26 - [session:171] - [2025-10-16 09:28:26.834] 网络连接异常（可能包含DNS解析失败）: HTTPSConnectionPool(host='dev.lgcopytrade.top', port=443): Max retries exceeded with url: /api/sys/randomImage/1760578106834?_t=1760578106 (Caused by ProxyError('Unable to connect to proxy', FileNotFoundError(2, 'No such file or directory'))) | URL: https://dev.lgcopytrade.top/api/sys/randomImage/1760578106834?_t=1760578106
urllib3.exceptions.ProxyError: ('Unable to connect to proxy', FileNotFoundError(2, 'No such file or directory'))

The above exception was the direct cause of the following exception:

Traceback (most recent call last):
  File "D:\pycharm_test\Community\lib\site-packages\requests\adapters.py", line 667, in send
    resp = conn.urlopen(
  File "D:\pycharm_test\Community\lib\site-packages\urllib3\connectionpool.py", line 843, in urlopen
    retries = retries.increment(
  File "D:\pycharm_test\Community\lib\site-packages\urllib3\util\retry.py", line 519, in increment
    raise MaxRetryError(_pool, url, reason) from reason  # type: ignore[arg-type]
urllib3.exceptions.MaxRetryError: HTTPSConnectionPool(host='dev.lgcopytrade.top', port=443): Max retries exceeded with url: /api/sys/randomImage/1760578106834?_t=1760578106 (Caused by ProxyError('Unable to connect to proxy', FileNotFoundError(2, 'No such file or directory')))

During handling of the above exception, another exception occurred:

Traceback (most recent call last):
  File "D:\pycharm_test\template_back\commons\session.py", line 135, in request
    response = super().request(method, full_url, *args, **kwargs)
  File "D:\pycharm_test\Community\lib\site-packages\requests\sessions.py", line 589, in request
    resp = self.send(prep, **send_kwargs)
  File "D:\pycharm_test\Community\lib\site-packages\requests\sessions.py", line 703, in send
    r = adapter.send(request, **kwargs)
  File "D:\pycharm_test\Community\lib\site-packages\requests\adapters.py", line 694, in send
    raise ProxyError(e, request=request)
requests.exceptions.ProxyError: HTTPSConnectionPool(host='dev.lgcopytrade.top', port=443): Max retries exceeded with url: /api/sys/randomImage/1760578106834?_t=1760578106 (Caused by ProxyError('Unable to connect to proxy', FileNotFoundError(2, 'No such file or directory')))
INFO     - 2025-10-16 09:28:36 - [session:109] - [2025-10-16 09:28:16] 构建相对URL: https://dev.lgcopytrade.top/api + /sys/randomImage/1760578116854?_t=1760578116 -> https://dev.lgcopytrade.top/api/sys/randomImage/1760578116854?_t=1760578116
INFO     - 2025-10-16 09:28:36 - [session:109] - [2025-10-16 09:28:16] 构建相对URL: https://dev.lgcopytrade.top/api + /sys/randomImage/1760578116854?_t=1760578116 -> https://dev.lgcopytrade.top/api/sys/randomImage/1760578116854?_t=1760578116
INFO     - 2025-10-16 09:28:36 - [session:122] - [2025-10-16 09:28:36.854] GET 请求开始: https://dev.lgcopytrade.top/api/sys/randomImage/1760578116854?_t=1760578116
INFO     - 2025-10-16 09:28:36 - [session:122] - [2025-10-16 09:28:36.854] GET 请求开始: https://dev.lgcopytrade.top/api/sys/randomImage/1760578116854?_t=1760578116
INFO     - 2025-10-16 09:28:36 - [session:123] - [2025-10-16 09:28:36.854] 请求参数: args=(), kwargs_keys=['headers', 'allow_redirects']
INFO     - 2025-10-16 09:28:36 - [session:123] - [2025-10-16 09:28:36.854] 请求参数: args=(), kwargs_keys=['headers', 'allow_redirects']
ERROR    - 2025-10-16 09:28:36 - [session:171] - [2025-10-16 09:28:36.854] 网络连接异常（可能包含DNS解析失败）: HTTPSConnectionPool(host='dev.lgcopytrade.top', port=443): Max retries exceeded with url: /api/sys/randomImage/1760578116854?_t=1760578116 (Caused by ProxyError('Unable to connect to proxy', FileNotFoundError(2, 'No such file or directory'))) | URL: https://dev.lgcopytrade.top/api/sys/randomImage/1760578116854?_t=1760578116
urllib3.exceptions.ProxyError: ('Unable to connect to proxy', FileNotFoundError(2, 'No such file or directory'))

The above exception was the direct cause of the following exception:

Traceback (most recent call last):
  File "D:\pycharm_test\Community\lib\site-packages\requests\adapters.py", line 667, in send
    resp = conn.urlopen(
  File "D:\pycharm_test\Community\lib\site-packages\urllib3\connectionpool.py", line 843, in urlopen
    retries = retries.increment(
  File "D:\pycharm_test\Community\lib\site-packages\urllib3\util\retry.py", line 519, in increment
    raise MaxRetryError(_pool, url, reason) from reason  # type: ignore[arg-type]
urllib3.exceptions.MaxRetryError: HTTPSConnectionPool(host='dev.lgcopytrade.top', port=443): Max retries exceeded with url: /api/sys/randomImage/1760578116854?_t=1760578116 (Caused by ProxyError('Unable to connect to proxy', FileNotFoundError(2, 'No such file or directory')))

During handling of the above exception, another exception occurred:

Traceback (most recent call last):
  File "D:\pycharm_test\template_back\commons\session.py", line 135, in request
    response = super().request(method, full_url, *args, **kwargs)
  File "D:\pycharm_test\Community\lib\site-packages\requests\sessions.py", line 589, in request
    resp = self.send(prep, **send_kwargs)
  File "D:\pycharm_test\Community\lib\site-packages\requests\sessions.py", line 703, in send
    r = adapter.send(request, **kwargs)
  File "D:\pycharm_test\Community\lib\site-packages\requests\adapters.py", line 694, in send
    raise ProxyError(e, request=request)
requests.exceptions.ProxyError: HTTPSConnectionPool(host='dev.lgcopytrade.top', port=443): Max retries exceeded with url: /api/sys/randomImage/1760578116854?_t=1760578116 (Caused by ProxyError('Unable to connect to proxy', FileNotFoundError(2, 'No such file or directory')))
ERROR    - 2025-10-16 09:28:36 - [session:171] - [2025-10-16 09:28:36.854] 网络连接异常（可能包含DNS解析失败）: HTTPSConnectionPool(host='dev.lgcopytrade.top', port=443): Max retries exceeded with url: /api/sys/randomImage/1760578116854?_t=1760578116 (Caused by ProxyError('Unable to connect to proxy', FileNotFoundError(2, 'No such file or directory'))) | URL: https://dev.lgcopytrade.top/api/sys/randomImage/1760578116854?_t=1760578116
urllib3.exceptions.ProxyError: ('Unable to connect to proxy', FileNotFoundError(2, 'No such file or directory'))

The above exception was the direct cause of the following exception:

Traceback (most recent call last):
  File "D:\pycharm_test\Community\lib\site-packages\requests\adapters.py", line 667, in send
    resp = conn.urlopen(
  File "D:\pycharm_test\Community\lib\site-packages\urllib3\connectionpool.py", line 843, in urlopen
    retries = retries.increment(
  File "D:\pycharm_test\Community\lib\site-packages\urllib3\util\retry.py", line 519, in increment
    raise MaxRetryError(_pool, url, reason) from reason  # type: ignore[arg-type]
urllib3.exceptions.MaxRetryError: HTTPSConnectionPool(host='dev.lgcopytrade.top', port=443): Max retries exceeded with url: /api/sys/randomImage/1760578116854?_t=1760578116 (Caused by ProxyError('Unable to connect to proxy', FileNotFoundError(2, 'No such file or directory')))

During handling of the above exception, another exception occurred:

Traceback (most recent call last):
  File "D:\pycharm_test\template_back\commons\session.py", line 135, in request
    response = super().request(method, full_url, *args, **kwargs)
  File "D:\pycharm_test\Community\lib\site-packages\requests\sessions.py", line 589, in request
    resp = self.send(prep, **send_kwargs)
  File "D:\pycharm_test\Community\lib\site-packages\requests\sessions.py", line 703, in send
    r = adapter.send(request, **kwargs)
  File "D:\pycharm_test\Community\lib\site-packages\requests\adapters.py", line 694, in send
    raise ProxyError(e, request=request)
requests.exceptions.ProxyError: HTTPSConnectionPool(host='dev.lgcopytrade.top', port=443): Max retries exceeded with url: /api/sys/randomImage/1760578116854?_t=1760578116 (Caused by ProxyError('Unable to connect to proxy', FileNotFoundError(2, 'No such file or directory')))
INFO     - 2025-10-16 09:28:46 - [session:109] - [2025-10-16 09:28:16] 构建相对URL: https://dev.lgcopytrade.top/api + /sys/randomImage/1760578126871?_t=1760578126 -> https://dev.lgcopytrade.top/api/sys/randomImage/1760578126871?_t=1760578126
INFO     - 2025-10-16 09:28:46 - [session:109] - [2025-10-16 09:28:16] 构建相对URL: https://dev.lgcopytrade.top/api + /sys/randomImage/1760578126871?_t=1760578126 -> https://dev.lgcopytrade.top/api/sys/randomImage/1760578126871?_t=1760578126
INFO     - 2025-10-16 09:28:46 - [session:122] - [2025-10-16 09:28:46.871] GET 请求开始: https://dev.lgcopytrade.top/api/sys/randomImage/1760578126871?_t=1760578126
INFO     - 2025-10-16 09:28:46 - [session:122] - [2025-10-16 09:28:46.871] GET 请求开始: https://dev.lgcopytrade.top/api/sys/randomImage/1760578126871?_t=1760578126
INFO     - 2025-10-16 09:28:46 - [session:123] - [2025-10-16 09:28:46.871] 请求参数: args=(), kwargs_keys=['headers', 'allow_redirects']
INFO     - 2025-10-16 09:28:46 - [session:123] - [2025-10-16 09:28:46.871] 请求参数: args=(), kwargs_keys=['headers', 'allow_redirects']
ERROR    - 2025-10-16 09:28:46 - [session:171] - [2025-10-16 09:28:46.871] 网络连接异常（可能包含DNS解析失败）: HTTPSConnectionPool(host='dev.lgcopytrade.top', port=443): Max retries exceeded with url: /api/sys/randomImage/1760578126871?_t=1760578126 (Caused by ProxyError('Unable to connect to proxy', FileNotFoundError(2, 'No such file or directory'))) | URL: https://dev.lgcopytrade.top/api/sys/randomImage/1760578126871?_t=1760578126
urllib3.exceptions.ProxyError: ('Unable to connect to proxy', FileNotFoundError(2, 'No such file or directory'))

The above exception was the direct cause of the following exception:

Traceback (most recent call last):
  File "D:\pycharm_test\Community\lib\site-packages\requests\adapters.py", line 667, in send
    resp = conn.urlopen(
  File "D:\pycharm_test\Community\lib\site-packages\urllib3\connectionpool.py", line 843, in urlopen
    retries = retries.increment(
  File "D:\pycharm_test\Community\lib\site-packages\urllib3\util\retry.py", line 519, in increment
    raise MaxRetryError(_pool, url, reason) from reason  # type: ignore[arg-type]
urllib3.exceptions.MaxRetryError: HTTPSConnectionPool(host='dev.lgcopytrade.top', port=443): Max retries exceeded with url: /api/sys/randomImage/1760578126871?_t=1760578126 (Caused by ProxyError('Unable to connect to proxy', FileNotFoundError(2, 'No such file or directory')))

During handling of the above exception, another exception occurred:

Traceback (most recent call last):
  File "D:\pycharm_test\template_back\commons\session.py", line 135, in request
    response = super().request(method, full_url, *args, **kwargs)
  File "D:\pycharm_test\Community\lib\site-packages\requests\sessions.py", line 589, in request
    resp = self.send(prep, **send_kwargs)
  File "D:\pycharm_test\Community\lib\site-packages\requests\sessions.py", line 703, in send
    r = adapter.send(request, **kwargs)
  File "D:\pycharm_test\Community\lib\site-packages\requests\adapters.py", line 694, in send
    raise ProxyError(e, request=request)
requests.exceptions.ProxyError: HTTPSConnectionPool(host='dev.lgcopytrade.top', port=443): Max retries exceeded with url: /api/sys/randomImage/1760578126871?_t=1760578126 (Caused by ProxyError('Unable to connect to proxy', FileNotFoundError(2, 'No such file or directory')))
ERROR    - 2025-10-16 09:28:46 - [session:171] - [2025-10-16 09:28:46.871] 网络连接异常（可能包含DNS解析失败）: HTTPSConnectionPool(host='dev.lgcopytrade.top', port=443): Max retries exceeded with url: /api/sys/randomImage/1760578126871?_t=1760578126 (Caused by ProxyError('Unable to connect to proxy', FileNotFoundError(2, 'No such file or directory'))) | URL: https://dev.lgcopytrade.top/api/sys/randomImage/1760578126871?_t=1760578126
urllib3.exceptions.ProxyError: ('Unable to connect to proxy', FileNotFoundError(2, 'No such file or directory'))

The above exception was the direct cause of the following exception:

Traceback (most recent call last):
  File "D:\pycharm_test\Community\lib\site-packages\requests\adapters.py", line 667, in send
    resp = conn.urlopen(
  File "D:\pycharm_test\Community\lib\site-packages\urllib3\connectionpool.py", line 843, in urlopen
    retries = retries.increment(
  File "D:\pycharm_test\Community\lib\site-packages\urllib3\util\retry.py", line 519, in increment
    raise MaxRetryError(_pool, url, reason) from reason  # type: ignore[arg-type]
urllib3.exceptions.MaxRetryError: HTTPSConnectionPool(host='dev.lgcopytrade.top', port=443): Max retries exceeded with url: /api/sys/randomImage/1760578126871?_t=1760578126 (Caused by ProxyError('Unable to connect to proxy', FileNotFoundError(2, 'No such file or directory')))

During handling of the above exception, another exception occurred:

Traceback (most recent call last):
  File "D:\pycharm_test\template_back\commons\session.py", line 135, in request
    response = super().request(method, full_url, *args, **kwargs)
  File "D:\pycharm_test\Community\lib\site-packages\requests\sessions.py", line 589, in request
    resp = self.send(prep, **send_kwargs)
  File "D:\pycharm_test\Community\lib\site-packages\requests\sessions.py", line 703, in send
    r = adapter.send(request, **kwargs)
  File "D:\pycharm_test\Community\lib\site-packages\requests\adapters.py", line 694, in send
    raise ProxyError(e, request=request)
requests.exceptions.ProxyError: HTTPSConnectionPool(host='dev.lgcopytrade.top', port=443): Max retries exceeded with url: /api/sys/randomImage/1760578126871?_t=1760578126 (Caused by ProxyError('Unable to connect to proxy', FileNotFoundError(2, 'No such file or directory')))
INFO     - 2025-10-16 09:28:56 - [session:109] - [2025-10-16 09:28:16] 构建相对URL: https://dev.lgcopytrade.top/api + /sys/randomImage/1760578136901?_t=1760578136 -> https://dev.lgcopytrade.top/api/sys/randomImage/1760578136901?_t=1760578136
INFO     - 2025-10-16 09:28:56 - [session:109] - [2025-10-16 09:28:16] 构建相对URL: https://dev.lgcopytrade.top/api + /sys/randomImage/1760578136901?_t=1760578136 -> https://dev.lgcopytrade.top/api/sys/randomImage/1760578136901?_t=1760578136
INFO     - 2025-10-16 09:28:56 - [session:122] - [2025-10-16 09:28:56.901] GET 请求开始: https://dev.lgcopytrade.top/api/sys/randomImage/1760578136901?_t=1760578136
INFO     - 2025-10-16 09:28:56 - [session:122] - [2025-10-16 09:28:56.901] GET 请求开始: https://dev.lgcopytrade.top/api/sys/randomImage/1760578136901?_t=1760578136
INFO     - 2025-10-16 09:28:56 - [session:123] - [2025-10-16 09:28:56.901] 请求参数: args=(), kwargs_keys=['headers', 'allow_redirects']
INFO     - 2025-10-16 09:28:56 - [session:123] - [2025-10-16 09:28:56.901] 请求参数: args=(), kwargs_keys=['headers', 'allow_redirects']
ERROR    - 2025-10-16 09:28:56 - [session:171] - [2025-10-16 09:28:56.901] 网络连接异常（可能包含DNS解析失败）: HTTPSConnectionPool(host='dev.lgcopytrade.top', port=443): Max retries exceeded with url: /api/sys/randomImage/1760578136901?_t=1760578136 (Caused by ProxyError('Unable to connect to proxy', FileNotFoundError(2, 'No such file or directory'))) | URL: https://dev.lgcopytrade.top/api/sys/randomImage/1760578136901?_t=1760578136
urllib3.exceptions.ProxyError: ('Unable to connect to proxy', FileNotFoundError(2, 'No such file or directory'))

The above exception was the direct cause of the following exception:

Traceback (most recent call last):
  File "D:\pycharm_test\Community\lib\site-packages\requests\adapters.py", line 667, in send
    resp = conn.urlopen(
  File "D:\pycharm_test\Community\lib\site-packages\urllib3\connectionpool.py", line 843, in urlopen
    retries = retries.increment(
  File "D:\pycharm_test\Community\lib\site-packages\urllib3\util\retry.py", line 519, in increment
    raise MaxRetryError(_pool, url, reason) from reason  # type: ignore[arg-type]
urllib3.exceptions.MaxRetryError: HTTPSConnectionPool(host='dev.lgcopytrade.top', port=443): Max retries exceeded with url: /api/sys/randomImage/1760578136901?_t=1760578136 (Caused by ProxyError('Unable to connect to proxy', FileNotFoundError(2, 'No such file or directory')))

During handling of the above exception, another exception occurred:

Traceback (most recent call last):
  File "D:\pycharm_test\template_back\commons\session.py", line 135, in request
    response = super().request(method, full_url, *args, **kwargs)
  File "D:\pycharm_test\Community\lib\site-packages\requests\sessions.py", line 589, in request
    resp = self.send(prep, **send_kwargs)
  File "D:\pycharm_test\Community\lib\site-packages\requests\sessions.py", line 703, in send
    r = adapter.send(request, **kwargs)
  File "D:\pycharm_test\Community\lib\site-packages\requests\adapters.py", line 694, in send
    raise ProxyError(e, request=request)
requests.exceptions.ProxyError: HTTPSConnectionPool(host='dev.lgcopytrade.top', port=443): Max retries exceeded with url: /api/sys/randomImage/1760578136901?_t=1760578136 (Caused by ProxyError('Unable to connect to proxy', FileNotFoundError(2, 'No such file or directory')))
ERROR    - 2025-10-16 09:28:56 - [session:171] - [2025-10-16 09:28:56.901] 网络连接异常（可能包含DNS解析失败）: HTTPSConnectionPool(host='dev.lgcopytrade.top', port=443): Max retries exceeded with url: /api/sys/randomImage/1760578136901?_t=1760578136 (Caused by ProxyError('Unable to connect to proxy', FileNotFoundError(2, 'No such file or directory'))) | URL: https://dev.lgcopytrade.top/api/sys/randomImage/1760578136901?_t=1760578136
urllib3.exceptions.ProxyError: ('Unable to connect to proxy', FileNotFoundError(2, 'No such file or directory'))

The above exception was the direct cause of the following exception:

Traceback (most recent call last):
  File "D:\pycharm_test\Community\lib\site-packages\requests\adapters.py", line 667, in send
    resp = conn.urlopen(
  File "D:\pycharm_test\Community\lib\site-packages\urllib3\connectionpool.py", line 843, in urlopen
    retries = retries.increment(
  File "D:\pycharm_test\Community\lib\site-packages\urllib3\util\retry.py", line 519, in increment
    raise MaxRetryError(_pool, url, reason) from reason  # type: ignore[arg-type]
urllib3.exceptions.MaxRetryError: HTTPSConnectionPool(host='dev.lgcopytrade.top', port=443): Max retries exceeded with url: /api/sys/randomImage/1760578136901?_t=1760578136 (Caused by ProxyError('Unable to connect to proxy', FileNotFoundError(2, 'No such file or directory')))

During handling of the above exception, another exception occurred:

Traceback (most recent call last):
  File "D:\pycharm_test\template_back\commons\session.py", line 135, in request
    response = super().request(method, full_url, *args, **kwargs)
  File "D:\pycharm_test\Community\lib\site-packages\requests\sessions.py", line 589, in request
    resp = self.send(prep, **send_kwargs)
  File "D:\pycharm_test\Community\lib\site-packages\requests\sessions.py", line 703, in send
    r = adapter.send(request, **kwargs)
  File "D:\pycharm_test\Community\lib\site-packages\requests\adapters.py", line 694, in send
    raise ProxyError(e, request=request)
requests.exceptions.ProxyError: HTTPSConnectionPool(host='dev.lgcopytrade.top', port=443): Max retries exceeded with url: /api/sys/randomImage/1760578136901?_t=1760578136 (Caused by ProxyError('Unable to connect to proxy', FileNotFoundError(2, 'No such file or directory')))
